#
# There is insufficient memory for the Java Runtime Environment to continue.
# Native memory allocation (malloc) failed to allocate 1320816 bytes. Error detail: Chunk::new
# Possible reasons:
#   The system is out of physical RAM or swap space
#   This process is running with CompressedOops enabled, and the Java Heap may be blocking the growth of the native heap
# Possible solutions:
#   Reduce memory load on the system
#   Increase physical memory or swap space
#   Check if swap backing store is full
#   Decrease Java heap size (-Xmx/-Xms)
#   Decrease number of Java threads
#   Decrease Java thread stack sizes (-Xss)
#   Set larger code cache with -XX:ReservedCodeCacheSize=
#   JVM is running with Unscaled Compressed Oops mode in which the Java heap is
#     placed in the first 4GB address space. The Java Heap base address is the
#     maximum limit for the native heap growth. Please use -XX:HeapBaseMinAddress
#     to set the Java Heap base and to place the Java Heap above 4GB virtual address.
# This output file may be truncated or incomplete.
#
#  Out of Memory Error (arena.cpp:168), pid=34508, tid=25836
#
# JRE version: OpenJDK Runtime Environment Temurin-21.0.9+10 (21.0.9+10) (build 21.0.9+10-LTS)
# Java VM: OpenJDK 64-Bit Server VM Temurin-21.0.9+10 (21.0.9+10-LTS, mixed mode, sharing, tiered, compressed oops, compressed class ptrs, parallel gc, windows-amd64)
# No core dump will be written. Minidumps are not enabled by default on client versions of Windows
#

---------------  S U M M A R Y ------------

Command Line: --add-modules=ALL-SYSTEM --add-opens=java.base/java.util=ALL-UNNAMED --add-opens=java.base/java.lang=ALL-UNNAMED --add-opens=java.base/sun.nio.fs=ALL-UNNAMED -Declipse.application=org.eclipse.jdt.ls.core.id1 -Dosgi.bundles.defaultStartLevel=4 -Declipse.product=org.eclipse.jdt.ls.core.product -Djava.import.generatesMetadataFilesAtProjectRoot=false -DDetectVMInstallationsJob.disabled=true -Dfile.encoding=utf8 -XX:+UseParallelGC -XX:GCTimeRatio=4 -XX:AdaptiveSizePolicyWeight=90 -Dsun.zip.disableMemoryMapping=true -Xmx2G -Xms100m -Xlog:disable -javaagent:c:\Users\Deeksha Kharvi\.vscode\extensions\redhat.java-1.52.0-win32-x64\lombok\lombok-1.18.39-4050.jar -XX:+HeapDumpOnOutOfMemoryError -XX:HeapDumpPath=c:\Users\Deeksha Kharvi\AppData\Roaming\Code\User\workspaceStorage\c8007df1e31359e12aba15357e731800\redhat.java -Daether.dependencyCollector.impl=bf c:\Users\Deeksha Kharvi\.vscode\extensions\redhat.java-1.52.0-win32-x64\server\plugins\org.eclipse.equinox.launcher_1.7.100.v20251111-0406.jar -configuration c:\Users\Deeksha Kharvi\AppData\Roaming\Code\User\globalStorage\redhat.java\1.52.0\config_win -data c:\Users\Deeksha Kharvi\AppData\Roaming\Code\User\workspaceStorage\c8007df1e31359e12aba15357e731800\redhat.java\jdt_ws --pipe=\\.\pipe\lsp-57d3f96b00ed688678440f277eb2938c-sock

Host: AMD Ryzen 5 7520U with Radeon Graphics         , 8 cores, 7G,  Windows 11 , 64 bit Build 26100 (10.0.26100.7705)
Time: Fri Feb 20 12:42:12 2026 India Standard Time elapsed time: 68505.756499 seconds (0d 19h 1m 45s)

---------------  T H R E A D  ---------------

Current thread (0x0000020b681ddaf0):  JavaThread "C2 CompilerThread0" daemon [_thread_in_native, id=25836, stack(0x000000f79fc00000,0x000000f79fd00000) (1024K)]


Current CompileTask:
C2:68505756 33745   !   4       org.eclipse.jdt.internal.compiler.lookup.BinaryTypeBinding::cachePartsFrom2 (1809 bytes)

Stack: [0x000000f79fc00000,0x000000f79fd00000]
Native frames: (J=compiled Java code, j=interpreted, Vv=VM code, C=native code)
V  [jvm.dll+0x6d6e29]
V  [jvm.dll+0x8b4b76]
V  [jvm.dll+0x8b712e]
V  [jvm.dll+0x8b7813]
V  [jvm.dll+0x283d86]
V  [jvm.dll+0xc66ed]
V  [jvm.dll+0xc6c31]
V  [jvm.dll+0x3be501]
V  [jvm.dll+0x38ab92]
V  [jvm.dll+0x389fda]
V  [jvm.dll+0x24bfa0]
V  [jvm.dll+0x24b580]
V  [jvm.dll+0x1cb13e]
V  [jvm.dll+0x25b29d]
V  [jvm.dll+0x25982a]
V  [jvm.dll+0x3f7ea6]
V  [jvm.dll+0x85e9ad]
V  [jvm.dll+0x6d565d]
C  [ucrtbase.dll+0x37b0]
C  [KERNEL32.DLL+0x2e8d7]
C  [ntdll.dll+0x8c40c]


---------------  P R O C E S S  ---------------

Threads class SMR info:
_java_thread_list=0x0000020b7d42bd60, length=56, elements={
0x0000020b0e4824e0, 0x0000020b681c8400, 0x0000020b681c9b20, 0x0000020b681cf990,
0x0000020b681d03e0, 0x0000020b681d2430, 0x0000020b681da080, 0x0000020b681ddaf0,
0x0000020b681e1e00, 0x0000020b69d97020, 0x0000020b6e02f6d0, 0x0000020b6e7c5500,
0x0000020b6e76c0c0, 0x0000020b6e2e4f40, 0x0000020b6e1969e0, 0x0000020b6eb33940,
0x0000020b69d4ef60, 0x0000020b6ef736b0, 0x0000020b6ef811b0, 0x0000020b6f376490,
0x0000020b6f376b20, 0x0000020b6f375770, 0x0000020b6f3736a0, 0x0000020b6e800df0,
0x0000020b6e8000d0, 0x0000020b6e801480, 0x0000020b6e800760, 0x0000020b6e803be0,
0x0000020b6e802830, 0x0000020b6e804900, 0x0000020b6e804270, 0x0000020b6e801b10,
0x0000020b7da17100, 0x0000020b7da14310, 0x0000020b7da135f0, 0x0000020b7da19ef0,
0x0000020b7da17790, 0x0000020b7da16a70, 0x0000020b7da18b40, 0x0000020b706347a0,
0x0000020b70636f00, 0x0000020b70634110, 0x0000020b70639cf0, 0x0000020b70638fd0,
0x0000020b70639660, 0x0000020b6e8021a0, 0x0000020b6e805cb0, 0x0000020b6e806340,
0x0000020b6e807060, 0x0000020b72e5ab00, 0x0000020b72e59750, 0x0000020b7233a390,
0x0000020b72e590c0, 0x0000020b6f373d30, 0x0000020b7362c490, 0x0000020b7063a380
}

Java Threads: ( => current thread )
  0x0000020b0e4824e0 JavaThread "main"                              [_thread_blocked, id=26976, stack(0x000000f79f200000,0x000000f79f300000) (1024K)]
  0x0000020b681c8400 JavaThread "Reference Handler"          daemon [_thread_blocked, id=29424, stack(0x000000f79f600000,0x000000f79f700000) (1024K)]
  0x0000020b681c9b20 JavaThread "Finalizer"                  daemon [_thread_blocked, id=27260, stack(0x000000f79f700000,0x000000f79f800000) (1024K)]
  0x0000020b681cf990 JavaThread "Signal Dispatcher"          daemon [_thread_blocked, id=18428, stack(0x000000f79f800000,0x000000f79f900000) (1024K)]
  0x0000020b681d03e0 JavaThread "Attach Listener"            daemon [_thread_blocked, id=11352, stack(0x000000f79f900000,0x000000f79fa00000) (1024K)]
  0x0000020b681d2430 JavaThread "Service Thread"             daemon [_thread_blocked, id=3352, stack(0x000000f79fa00000,0x000000f79fb00000) (1024K)]
  0x0000020b681da080 JavaThread "Monitor Deflation Thread"   daemon [_thread_blocked, id=23120, stack(0x000000f79fb00000,0x000000f79fc00000) (1024K)]
=>0x0000020b681ddaf0 JavaThread "C2 CompilerThread0"         daemon [_thread_in_native, id=25836, stack(0x000000f79fc00000,0x000000f79fd00000) (1024K)]
  0x0000020b681e1e00 JavaThread "C1 CompilerThread0"         daemon [_thread_blocked, id=30300, stack(0x000000f79fd00000,0x000000f79fe00000) (1024K)]
  0x0000020b69d97020 JavaThread "Common-Cleaner"             daemon [_thread_blocked, id=14680, stack(0x000000f79ff00000,0x000000f7a0000000) (1024K)]
  0x0000020b6e02f6d0 JavaThread "Notification Thread"        daemon [_thread_blocked, id=30184, stack(0x000000f7a0000000,0x000000f7a0100000) (1024K)]
  0x0000020b6e7c5500 JavaThread "Active Thread: Equinox Container: b621cd18-371f-4001-8869-a5b4aa2d83b7"        [_thread_blocked, id=31060, stack(0x000000f7a0800000,0x000000f7a0900000) (1024K)]
  0x0000020b6e76c0c0 JavaThread "Refresh Thread: Equinox Container: b621cd18-371f-4001-8869-a5b4aa2d83b7" daemon [_thread_blocked, id=3940, stack(0x000000f7a0900000,0x000000f7a0a00000) (1024K)]
  0x0000020b6e2e4f40 JavaThread "Framework Event Dispatcher: Equinox Container: b621cd18-371f-4001-8869-a5b4aa2d83b7" daemon [_thread_blocked, id=18168, stack(0x000000f7a0a00000,0x000000f7a0b00000) (1024K)]
  0x0000020b6e1969e0 JavaThread "Start Level: Equinox Container: b621cd18-371f-4001-8869-a5b4aa2d83b7" daemon [_thread_blocked, id=21672, stack(0x000000f7a0b00000,0x000000f7a0c00000) (1024K)]
  0x0000020b6eb33940 JavaThread "Bundle File Closer"         daemon [_thread_blocked, id=35324, stack(0x000000f7a0d00000,0x000000f7a0e00000) (1024K)]
  0x0000020b69d4ef60 JavaThread "SCR Component Actor"        daemon [_thread_blocked, id=21188, stack(0x000000f79fe00000,0x000000f79ff00000) (1024K)]
  0x0000020b6ef736b0 JavaThread "Worker-JM"                         [_thread_blocked, id=17060, stack(0x000000f7a0f00000,0x000000f7a1000000) (1024K)]
  0x0000020b6ef811b0 JavaThread "JNA Cleaner"                daemon [_thread_blocked, id=34884, stack(0x000000f7a0c00000,0x000000f7a0d00000) (1024K)]
  0x0000020b6f376490 JavaThread "Java indexing"              daemon [_thread_blocked, id=35376, stack(0x000000f7a1300000,0x000000f7a1400000) (1024K)]
  0x0000020b6f376b20 JavaThread "Thread-1"                   daemon [_thread_in_native, id=29392, stack(0x000000f7a1900000,0x000000f7a1a00000) (1024K)]
  0x0000020b6f375770 JavaThread "Thread-2"                   daemon [_thread_in_native, id=7228, stack(0x000000f7a1a00000,0x000000f7a1b00000) (1024K)]
  0x0000020b6f3736a0 JavaThread "Thread-3"                   daemon [_thread_in_native, id=16532, stack(0x000000f7a1b00000,0x000000f7a1c00000) (1024K)]
  0x0000020b6e800df0 JavaThread "Thread-4"                   daemon [_thread_in_native, id=15028, stack(0x000000f7a1c00000,0x000000f7a1d00000) (1024K)]
  0x0000020b6e8000d0 JavaThread "Thread-5"                   daemon [_thread_in_native, id=10208, stack(0x000000f7a1d00000,0x000000f7a1e00000) (1024K)]
  0x0000020b6e801480 JavaThread "Thread-6"                   daemon [_thread_in_native, id=4828, stack(0x000000f7a1e00000,0x000000f7a1f00000) (1024K)]
  0x0000020b6e800760 JavaThread "Thread-7"                   daemon [_thread_in_native, id=28204, stack(0x000000f7a1f00000,0x000000f7a2000000) (1024K)]
  0x0000020b6e803be0 JavaThread "Thread-8"                   daemon [_thread_in_native, id=11752, stack(0x000000f7a2000000,0x000000f7a2100000) (1024K)]
  0x0000020b6e802830 JavaThread "Thread-9"                   daemon [_thread_in_native, id=2388, stack(0x000000f7a2100000,0x000000f7a2200000) (1024K)]
  0x0000020b6e804900 JavaThread "pool-2-thread-1"                   [_thread_blocked, id=18028, stack(0x000000f7a2200000,0x000000f7a2300000) (1024K)]
  0x0000020b6e804270 JavaThread "WorkspaceEventsHandler"            [_thread_blocked, id=15776, stack(0x000000f7a2300000,0x000000f7a2400000) (1024K)]
  0x0000020b6e801b10 JavaThread "pool-1-thread-1"                   [_thread_blocked, id=30312, stack(0x000000f7a2400000,0x000000f7a2500000) (1024K)]
  0x0000020b7da17100 JavaThread "Cleaner-0"                  daemon [_thread_blocked, id=34264, stack(0x000000f7a3a00000,0x000000f7a3b00000) (1024K)]
  0x0000020b7da14310 JavaThread "ForkJoinPool.commonPool-worker-79" daemon [_thread_blocked, id=26776, stack(0x000000f79ef00000,0x000000f79f000000) (1024K)]
  0x0000020b7da135f0 JavaThread "ForkJoinPool.commonPool-worker-80" daemon [_thread_blocked, id=26712, stack(0x000000f79f000000,0x000000f79f100000) (1024K)]
  0x0000020b7da19ef0 JavaThread "ForkJoinPool.commonPool-worker-81" daemon [_thread_blocked, id=7524, stack(0x000000f79f100000,0x000000f79f200000) (1024K)]
  0x0000020b7da17790 JavaThread "ForkJoinPool.commonPool-worker-82" daemon [_thread_blocked, id=32528, stack(0x000000f7a1000000,0x000000f7a1100000) (1024K)]
  0x0000020b7da16a70 JavaThread "Worker-25"                         [_thread_blocked, id=18368, stack(0x000000f7a0e00000,0x000000f7a0f00000) (1024K)]
  0x0000020b7da18b40 JavaThread "Compiler Source File Reader" daemon [_thread_blocked, id=17372, stack(0x000000f7a1100000,0x000000f7a1200000) (1024K)]
  0x0000020b706347a0 JavaThread "Compiler Source File Reader" daemon [_thread_blocked, id=32940, stack(0x000000f7a1400000,0x000000f7a1500000) (1024K)]
  0x0000020b70636f00 JavaThread "ForkJoinPool.commonPool-worker-83" daemon [_thread_blocked, id=18356, stack(0x000000f7a1500000,0x000000f7a1600000) (1024K)]
  0x0000020b70634110 JavaThread "ForkJoinPool.commonPool-worker-84" daemon [_thread_blocked, id=6840, stack(0x000000f7a1800000,0x000000f7a1900000) (1024K)]
  0x0000020b70639cf0 JavaThread "ForkJoinPool.commonPool-worker-85" daemon [_thread_blocked, id=32196, stack(0x000000f7a2500000,0x000000f7a2600000) (1024K)]
  0x0000020b70638fd0 JavaThread "Compiler Source File Reader" daemon [_thread_blocked, id=13248, stack(0x000000f7a2700000,0x000000f7a2800000) (1024K)]
  0x0000020b70639660 JavaThread "Compiler Source File Reader" daemon [_thread_blocked, id=17872, stack(0x000000f7a2600000,0x000000f7a2700000) (1024K)]
  0x0000020b6e8021a0 JavaThread "Compiler Source File Reader" daemon [_thread_blocked, id=31980, stack(0x000000f7a2800000,0x000000f7a2900000) (1024K)]
  0x0000020b6e805cb0 JavaThread "Compiler Source File Reader" daemon [_thread_blocked, id=29092, stack(0x000000f7a2a00000,0x000000f7a2b00000) (1024K)]
  0x0000020b6e806340 JavaThread "Worker-27"                         [_thread_blocked, id=19372, stack(0x000000f7a1600000,0x000000f7a1700000) (1024K)]
  0x0000020b6e807060 JavaThread "Worker-29"                         [_thread_blocked, id=10176, stack(0x000000f7a1200000,0x000000f7a1300000) (1024K)]
  0x0000020b72e5ab00 JavaThread "Worker-30: Java indexing... "        [_thread_blocked, id=29908, stack(0x000000f7a1700000,0x000000f7a1800000) (1024K)]
  0x0000020b72e59750 JavaThread "Worker-31: Building"               [_thread_in_vm, id=28724, stack(0x000000f7a2b00000,0x000000f7a2c00000) (1024K)]
  0x0000020b7233a390 JavaThread "LocalFile Deleter"          daemon [_thread_blocked, id=31160, stack(0x000000f7a3000000,0x000000f7a3100000) (1024K)]
  0x0000020b72e590c0 JavaThread "LocalFile Deleter"          daemon [_thread_blocked, id=29036, stack(0x000000f7a3300000,0x000000f7a3400000) (1024K)]
  0x0000020b6f373d30 JavaThread "Compiler Processing Task"   daemon [_thread_blocked, id=12372, stack(0x000000f7a3400000,0x000000f7a3500000) (1024K)]
  0x0000020b7362c490 JavaThread "Worker-32"                         [_thread_blocked, id=22092, stack(0x000000f7a4100000,0x000000f7a4200000) (1024K)]
  0x0000020b7063a380 JavaThread "pool-1-thread-7"                   [_thread_blocked, id=10036, stack(0x000000f7a2c00000,0x000000f7a2d00000) (1024K)]
Total: 56

Other Threads:
  0x0000020b0ea34a10 VMThread "VM Thread"                           [id=5564, stack(0x000000f79f500000,0x000000f79f600000) (1024K)] _threads_hazard_ptr=0x0000020b7d42bd60
  0x0000020b680dca00 WatcherThread "VM Periodic Task Thread"        [id=17656, stack(0x000000f79f400000,0x000000f79f500000) (1024K)]
  0x0000020b0e9b51c0 WorkerThread "GC Thread#0"                     [id=11116, stack(0x000000f79f300000,0x000000f79f400000) (1024K)]
  0x0000020b6e3d3920 WorkerThread "GC Thread#1"                     [id=17312, stack(0x000000f7a0200000,0x000000f7a0300000) (1024K)]
  0x0000020b6e2683d0 WorkerThread "GC Thread#2"                     [id=35336, stack(0x000000f7a0300000,0x000000f7a0400000) (1024K)]
  0x0000020b6e3d7070 WorkerThread "GC Thread#3"                     [id=9068, stack(0x000000f7a0400000,0x000000f7a0500000) (1024K)]
  0x0000020b6e5b21e0 WorkerThread "GC Thread#4"                     [id=24600, stack(0x000000f7a0500000,0x000000f7a0600000) (1024K)]
  0x0000020b6e5b2580 WorkerThread "GC Thread#5"                     [id=21040, stack(0x000000f7a0600000,0x000000f7a0700000) (1024K)]
  0x0000020b6e5b2920 WorkerThread "GC Thread#6"                     [id=31420, stack(0x000000f7a0700000,0x000000f7a0800000) (1024K)]
  0x0000020b6e7315e0 WorkerThread "GC Thread#7"                     [id=34252, stack(0x000000f7a0100000,0x000000f7a0200000) (1024K)]
Total: 10

Threads with active compile tasks:
C2 CompilerThread0  68505834 33745   !   4       org.eclipse.jdt.internal.compiler.lookup.BinaryTypeBinding::cachePartsFrom2 (1809 bytes)
Total: 1

VM state: synchronizing (normal execution)

VM Mutex/Monitor currently owned by a thread:  ([mutex/lock_event])
[0x00007ffdea11d570] Threads_lock - owner thread: 0x0000020b0ea34a10
[0x00007ffdea11d670] Heap_lock - owner thread: 0x0000020b72e59750
[0x00007ffdea11daf0] PSOldGenExpand_lock - owner thread: 0x0000020b72e59750

Heap address: 0x0000000080000000, size: 2048 MB, Compressed Oops mode: 32-bit

CDS archive(s) mapped at: [0x0000020b27000000-0x0000020b27ba0000-0x0000020b27ba0000), size 12189696, SharedBaseAddress: 0x0000020b27000000, ArchiveRelocationMode: 1.
Compressed class space mapped at: 0x0000020b28000000-0x0000020b68000000, reserved size: 1073741824
Narrow klass base: 0x0000020b27000000, Narrow klass shift: 0, Narrow klass range: 0x100000000

GC Precious Log:
 CardTable entry size: 512
 CPUs: 8 total, 8 available
 Memory: 7379M
 Large Page Support: Disabled
 NUMA Support: Disabled
 Compressed Oops: Enabled (32-bit)
 Alignments: Space 512K, Generation 512K, Heap 2M
 Heap Min Capacity: 100M
 Heap Initial Capacity: 100M
 Heap Max Capacity: 2G
 Pre-touch: Disabled
 Parallel Workers: 8

Heap:
 PSYoungGen      total 14848K, used 14630K [0x00000000d5580000, 0x00000000d7000000, 0x0000000100000000)
  eden space 10240K, 100% used [0x00000000d5580000,0x00000000d5f80000,0x00000000d5f80000)
  from space 4608K, 95% used [0x00000000d6b80000,0x00000000d6fc9b00,0x00000000d7000000)
  to   space 6656K, 0% used [0x00000000d6300000,0x00000000d6300000,0x00000000d6980000)
 ParOldGen       total 1323520K, used 1322809K [0x0000000080000000, 0x00000000d0c80000, 0x00000000d5580000)
  object space 1323520K, 99% used [0x0000000080000000,0x00000000d0bce6b0,0x00000000d0c80000)
 Metaspace       used 94886K, committed 96640K, reserved 1179648K
  class space    used 9314K, committed 10048K, reserved 1048576K

Card table byte_map: [0x0000020b22460000,0x0000020b22870000] _byte_map_base: 0x0000020b22060000

Marking Bits: (ParMarkBitMap*) 0x00007ffdea122460
 Begin Bits: [0x0000020b22b20000, 0x0000020b24b20000)
 End Bits:   [0x0000020b24b20000, 0x0000020b26b20000)

Polling page: 0x0000020b13250000

Metaspace:

Usage:
  Non-class:     83.57 MB used.
      Class:      9.10 MB used.
       Both:     92.66 MB used.

Virtual space:
  Non-class space:      128.00 MB reserved,      84.56 MB ( 66%) committed,  2 nodes.
      Class space:        1.00 GB reserved,       9.81 MB ( <1%) committed,  1 nodes.
             Both:        1.12 GB reserved,      94.38 MB (  8%) committed. 

Chunk freelists:
   Non-Class:  11.02 MB
       Class:  6.15 MB
        Both:  17.16 MB

MaxMetaspaceSize: unlimited
CompressedClassSpaceSize: 1.00 GB
Initial GC threshold: 21.00 MB
Current GC threshold: 156.25 MB
CDS: on
 - commit_granule_bytes: 65536.
 - commit_granule_words: 8192.
 - virtual_space_node_default_size: 8388608.
 - enlarge_chunks_in_place: 1.
 - use_allocation_guard: 0.


Internal statistics:

num_allocs_failed_limit: 13.
num_arena_births: 2456.
num_arena_deaths: 794.
num_vsnodes_births: 3.
num_vsnodes_deaths: 0.
num_space_committed: 1515.
num_space_uncommitted: 4.
num_chunks_returned_to_freelist: 1080.
num_chunks_taken_from_freelist: 8103.
num_chunk_merges: 319.
num_chunk_splits: 4422.
num_chunks_enlarged: 2222.
num_inconsistent_stats: 0.

CodeHeap 'non-profiled nmethods': size=120000Kb used=26539Kb max_used=27696Kb free=93460Kb
 bounds [0x0000020b1ad40000, 0x0000020b1c850000, 0x0000020b22270000]
CodeHeap 'profiled nmethods': size=120000Kb used=42833Kb max_used=48440Kb free=77166Kb
 bounds [0x0000020b13270000, 0x0000020b161e0000, 0x0000020b1a7a0000]
CodeHeap 'non-nmethods': size=5760Kb used=1499Kb max_used=1602Kb free=4260Kb
 bounds [0x0000020b1a7a0000, 0x0000020b1aa10000, 0x0000020b1ad40000]
CodeCache: size=245760Kb, used=70871Kb, max_used=77738Kb, free=174886Kb
 total_blobs=19143, nmethods=18328, adapters=717, full_count=0
Compilation: enabled, stopped_count=0, restarted_count=0

Compilation events (20 events):
Event: 68503.862 Thread 0x0000020b681e1e00 nmethod 33737 0x0000020b14dbc910 code [0x0000020b14dbcb60, 0x0000020b14dbd260]
Event: 68503.867 Thread 0x0000020b681e1e00 33738       3       java.util.stream.ReferencePipeline::mapToInt (26 bytes)
Event: 68503.867 Thread 0x0000020b681e1e00 nmethod 33738 0x0000020b150f5610 code [0x0000020b150f5800, 0x0000020b150f5c90]
Event: 68503.868 Thread 0x0000020b681e1e00 33739       3       java.util.stream.ReferencePipeline$4::<init> (15 bytes)
Event: 68503.868 Thread 0x0000020b681e1e00 nmethod 33739 0x0000020b1444d710 code [0x0000020b1444d8c0, 0x0000020b1444db00]
Event: 68503.868 Thread 0x0000020b681e1e00 33740       3       java.util.stream.ReferencePipeline$4::opWrapSink (10 bytes)
Event: 68503.868 Thread 0x0000020b681e1e00 nmethod 33740 0x0000020b13ef3f10 code [0x0000020b13ef4100, 0x0000020b13ef4628]
Event: 68504.043 Thread 0x0000020b681e1e00 33741       3       org.eclipse.jdt.internal.core.CompilationUnitStructureRequestor::enterConstructor (6 bytes)
Event: 68504.044 Thread 0x0000020b681e1e00 nmethod 33741 0x0000020b140f1e10 code [0x0000020b140f1fc0, 0x0000020b140f2180]
Event: 68504.044 Thread 0x0000020b681e1e00 33742       3       org.eclipse.jdt.internal.core.CompilationUnitStructureRequestor::exitConstructor (7 bytes)
Event: 68504.044 Thread 0x0000020b681e1e00 nmethod 33742 0x0000020b13ac8410 code [0x0000020b13ac85c0, 0x0000020b13ac8790]
Event: 68504.195 Thread 0x0000020b681e1e00 33743   !   3       org.eclipse.jdt.internal.compiler.ast.CompilationUnitDeclaration::traverse (283 bytes)
Event: 68504.198 Thread 0x0000020b681e1e00 nmethod 33743 0x0000020b14beb510 code [0x0000020b14beb820, 0x0000020b14becd10]
Event: 68504.208 Thread 0x0000020b681e1e00 33744       3       java.text.MessageFormat::applyPattern (422 bytes)
Event: 68504.225 Thread 0x0000020b681e1e00 nmethod 33744 0x0000020b15434810 code [0x0000020b15434ca0, 0x0000020b154376f8]
Event: 68504.254 Thread 0x0000020b681ddaf0 33745   !   4       org.eclipse.jdt.internal.compiler.lookup.BinaryTypeBinding::cachePartsFrom2 (1809 bytes)
Event: 68504.270 Thread 0x0000020b681e1e00 33746       3       org.eclipse.jdt.internal.compiler.lookup.Scope$$Lambda/0x0000020b2872e000::get (8 bytes)
Event: 68504.271 Thread 0x0000020b681e1e00 nmethod 33746 0x0000020b14486110 code [0x0000020b144862e0, 0x0000020b14486518]
Event: 68504.621 Thread 0x0000020b681e1e00 33749       3       org.eclipse.jdt.internal.compiler.problem.ProblemReporter::handle (45 bytes)
Event: 68504.622 Thread 0x0000020b681e1e00 nmethod 33749 0x0000020b14b9e310 code [0x0000020b14b9e4e0, 0x0000020b14b9e880]

GC Heap History (20 events):
Event: 68503.497 GC heap before
{Heap before GC invocations=5627 (full 11):
 PSYoungGen      total 11776K, used 11776K [0x00000000d5580000, 0x00000000d6880000, 0x0000000100000000)
  eden space 10752K, 100% used [0x00000000d5580000,0x00000000d6000000,0x00000000d6000000)
  from space 1024K, 100% used [0x00000000d6780000,0x00000000d6880000,0x00000000d6880000)
  to   space 2560K, 0% used [0x00000000d6380000,0x00000000d6380000,0x00000000d6600000)
 ParOldGen       total 1264128K, used 1263897K [0x0000000080000000, 0x00000000cd280000, 0x00000000d5580000)
  object space 1264128K, 99% used [0x0000000080000000,0x00000000cd246690,0x00000000cd280000)
 Metaspace       used 94850K, committed 96640K, reserved 1179648K
  class space    used 9312K, committed 10048K, reserved 1048576K
}
Event: 68503.519 GC heap after
{Heap after GC invocations=5627 (full 11):
 PSYoungGen      total 13312K, used 1080K [0x00000000d5580000, 0x00000000d6800000, 0x0000000100000000)
  eden space 10752K, 0% used [0x00000000d5580000,0x00000000d5580000,0x00000000d6000000)
  from space 2560K, 42% used [0x00000000d6380000,0x00000000d648e1d0,0x00000000d6600000)
  to   space 1536K, 0% used [0x00000000d6680000,0x00000000d6680000,0x00000000d6800000)
 ParOldGen       total 1265152K, used 1264785K [0x0000000080000000, 0x00000000cd380000, 0x00000000d5580000)
  object space 1265152K, 99% used [0x0000000080000000,0x00000000cd324420,0x00000000cd380000)
 Metaspace       used 94850K, committed 96640K, reserved 1179648K
  class space    used 9312K, committed 10048K, reserved 1048576K
}
Event: 68503.560 GC heap before
{Heap before GC invocations=5628 (full 11):
 PSYoungGen      total 13312K, used 11828K [0x00000000d5580000, 0x00000000d6800000, 0x0000000100000000)
  eden space 10752K, 99% used [0x00000000d5580000,0x00000000d5ffee78,0x00000000d6000000)
  from space 2560K, 42% used [0x00000000d6380000,0x00000000d648e1d0,0x00000000d6600000)
  to   space 1536K, 0% used [0x00000000d6680000,0x00000000d6680000,0x00000000d6800000)
 ParOldGen       total 1265152K, used 1264785K [0x0000000080000000, 0x00000000cd380000, 0x00000000d5580000)
  object space 1265152K, 99% used [0x0000000080000000,0x00000000cd324420,0x00000000cd380000)
 Metaspace       used 94854K, committed 96640K, reserved 1179648K
  class space    used 9312K, committed 10048K, reserved 1048576K
}
Event: 68503.565 GC heap after
{Heap after GC invocations=5628 (full 11):
 PSYoungGen      total 12288K, used 1530K [0x00000000d5580000, 0x00000000d6800000, 0x0000000100000000)
  eden space 10752K, 0% used [0x00000000d5580000,0x00000000d5580000,0x00000000d6000000)
  from space 1536K, 99% used [0x00000000d6680000,0x00000000d67fe920,0x00000000d6800000)
  to   space 3072K, 0% used [0x00000000d6200000,0x00000000d6200000,0x00000000d6500000)
 ParOldGen       total 1266176K, used 1265879K [0x0000000080000000, 0x00000000cd480000, 0x00000000d5580000)
  object space 1266176K, 99% used [0x0000000080000000,0x00000000cd435e30,0x00000000cd480000)
 Metaspace       used 94854K, committed 96640K, reserved 1179648K
  class space    used 9312K, committed 10048K, reserved 1048576K
}
Event: 68503.589 GC heap before
{Heap before GC invocations=5629 (full 11):
 PSYoungGen      total 12288K, used 12282K [0x00000000d5580000, 0x00000000d6800000, 0x0000000100000000)
  eden space 10752K, 100% used [0x00000000d5580000,0x00000000d6000000,0x00000000d6000000)
  from space 1536K, 99% used [0x00000000d6680000,0x00000000d67fe920,0x00000000d6800000)
  to   space 3072K, 0% used [0x00000000d6200000,0x00000000d6200000,0x00000000d6500000)
 ParOldGen       total 1266176K, used 1265879K [0x0000000080000000, 0x00000000cd480000, 0x00000000d5580000)
  object space 1266176K, 99% used [0x0000000080000000,0x00000000cd435e30,0x00000000cd480000)
 Metaspace       used 94879K, committed 96640K, reserved 1179648K
  class space    used 9314K, committed 10048K, reserved 1048576K
}
Event: 68503.595 GC heap after
{Heap after GC invocations=5629 (full 11):
 PSYoungGen      total 13824K, used 1440K [0x00000000d5580000, 0x00000000d6700000, 0x0000000100000000)
  eden space 10752K, 0% used [0x00000000d5580000,0x00000000d5580000,0x00000000d6000000)
  from space 3072K, 46% used [0x00000000d6200000,0x00000000d6368020,0x00000000d6500000)
  to   space 2048K, 0% used [0x00000000d6500000,0x00000000d6500000,0x00000000d6700000)
 ParOldGen       total 1267712K, used 1267393K [0x0000000080000000, 0x00000000cd600000, 0x00000000d5580000)
  object space 1267712K, 99% used [0x0000000080000000,0x00000000cd5b0560,0x00000000cd600000)
 Metaspace       used 94879K, committed 96640K, reserved 1179648K
  class space    used 9314K, committed 10048K, reserved 1048576K
}
Event: 68503.980 GC heap before
{Heap before GC invocations=5630 (full 11):
 PSYoungGen      total 13824K, used 12192K [0x00000000d5580000, 0x00000000d6700000, 0x0000000100000000)
  eden space 10752K, 100% used [0x00000000d5580000,0x00000000d6000000,0x00000000d6000000)
  from space 3072K, 46% used [0x00000000d6200000,0x00000000d6368020,0x00000000d6500000)
  to   space 2048K, 0% used [0x00000000d6500000,0x00000000d6500000,0x00000000d6700000)
 ParOldGen       total 1267712K, used 1267393K [0x0000000080000000, 0x00000000cd600000, 0x00000000d5580000)
  object space 1267712K, 99% used [0x0000000080000000,0x00000000cd5b0560,0x00000000cd600000)
 Metaspace       used 94884K, committed 96640K, reserved 1179648K
  class space    used 9314K, committed 10048K, reserved 1048576K
}
Event: 68503.985 GC heap after
{Heap after GC invocations=5630 (full 11):
 PSYoungGen      total 11264K, used 249K [0x00000000d5580000, 0x00000000d6580000, 0x0000000100000000)
  eden space 10752K, 0% used [0x00000000d5580000,0x00000000d5580000,0x00000000d6000000)
  from space 512K, 48% used [0x00000000d6500000,0x00000000d653e7e0,0x00000000d6580000)
  to   space 1024K, 0% used [0x00000000d6380000,0x00000000d6380000,0x00000000d6480000)
 ParOldGen       total 1269248K, used 1268756K [0x0000000080000000, 0x00000000cd780000, 0x00000000d5580000)
  object space 1269248K, 99% used [0x0000000080000000,0x00000000cd705020,0x00000000cd780000)
 Metaspace       used 94884K, committed 96640K, reserved 1179648K
  class space    used 9314K, committed 10048K, reserved 1048576K
}
Event: 68504.062 GC heap before
{Heap before GC invocations=5631 (full 11):
 PSYoungGen      total 11264K, used 11001K [0x00000000d5580000, 0x00000000d6580000, 0x0000000100000000)
  eden space 10752K, 100% used [0x00000000d5580000,0x00000000d6000000,0x00000000d6000000)
  from space 512K, 48% used [0x00000000d6500000,0x00000000d653e7e0,0x00000000d6580000)
  to   space 1024K, 0% used [0x00000000d6380000,0x00000000d6380000,0x00000000d6480000)
 ParOldGen       total 1269248K, used 1268756K [0x0000000080000000, 0x00000000cd780000, 0x00000000d5580000)
  object space 1269248K, 99% used [0x0000000080000000,0x00000000cd705020,0x00000000cd780000)
 Metaspace       used 94885K, committed 96640K, reserved 1179648K
  class space    used 9314K, committed 10048K, reserved 1048576K
}
Event: 68504.072 GC heap after
{Heap after GC invocations=5631 (full 11):
 PSYoungGen      total 11776K, used 997K [0x00000000d5580000, 0x00000000d7300000, 0x0000000100000000)
  eden space 10752K, 0% used [0x00000000d5580000,0x00000000d5580000,0x00000000d6000000)
  from space 1024K, 97% used [0x00000000d6380000,0x00000000d64794d8,0x00000000d6480000)
  to   space 9728K, 0% used [0x00000000d6980000,0x00000000d6980000,0x00000000d7300000)
 ParOldGen       total 1275904K, used 1275731K [0x0000000080000000, 0x00000000cde00000, 0x00000000d5580000)
  object space 1275904K, 99% used [0x0000000080000000,0x00000000cddd4cd8,0x00000000cde00000)
 Metaspace       used 94885K, committed 96640K, reserved 1179648K
  class space    used 9314K, committed 10048K, reserved 1048576K
}
Event: 68504.132 GC heap before
{Heap before GC invocations=5632 (full 11):
 PSYoungGen      total 11776K, used 11749K [0x00000000d5580000, 0x00000000d7300000, 0x0000000100000000)
  eden space 10752K, 100% used [0x00000000d5580000,0x00000000d6000000,0x00000000d6000000)
  from space 1024K, 97% used [0x00000000d6380000,0x00000000d64794d8,0x00000000d6480000)
  to   space 9728K, 0% used [0x00000000d6980000,0x00000000d6980000,0x00000000d7300000)
 ParOldGen       total 1275904K, used 1275731K [0x0000000080000000, 0x00000000cde00000, 0x00000000d5580000)
  object space 1275904K, 99% used [0x0000000080000000,0x00000000cddd4cd8,0x00000000cde00000)
 Metaspace       used 94885K, committed 96640K, reserved 1179648K
  class space    used 9314K, committed 10048K, reserved 1048576K
}
Event: 68504.148 GC heap after
{Heap after GC invocations=5632 (full 11):
 PSYoungGen      total 19968K, used 9520K [0x00000000d5580000, 0x00000000d7400000, 0x0000000100000000)
  eden space 10240K, 0% used [0x00000000d5580000,0x00000000d5580000,0x00000000d5f80000)
  from space 9728K, 97% used [0x00000000d6980000,0x00000000d72cc000,0x00000000d7300000)
  to   space 10240K, 0% used [0x00000000d5f80000,0x00000000d5f80000,0x00000000d6980000)
 ParOldGen       total 1276928K, used 1276754K [0x0000000080000000, 0x00000000cdf00000, 0x00000000d5580000)
  object space 1276928K, 99% used [0x0000000080000000,0x00000000cded49a0,0x00000000cdf00000)
 Metaspace       used 94885K, committed 96640K, reserved 1179648K
  class space    used 9314K, committed 10048K, reserved 1048576K
}
Event: 68504.210 GC heap before
{Heap before GC invocations=5633 (full 11):
 PSYoungGen      total 19968K, used 19760K [0x00000000d5580000, 0x00000000d7400000, 0x0000000100000000)
  eden space 10240K, 100% used [0x00000000d5580000,0x00000000d5f80000,0x00000000d5f80000)
  from space 9728K, 97% used [0x00000000d6980000,0x00000000d72cc000,0x00000000d7300000)
  to   space 10240K, 0% used [0x00000000d5f80000,0x00000000d5f80000,0x00000000d6980000)
 ParOldGen       total 1276928K, used 1276754K [0x0000000080000000, 0x00000000cdf00000, 0x00000000d5580000)
  object space 1276928K, 99% used [0x0000000080000000,0x00000000cded49a0,0x00000000cdf00000)
 Metaspace       used 94885K, committed 96640K, reserved 1179648K
  class space    used 9314K, committed 10048K, reserved 1048576K
}
Event: 68504.224 GC heap after
{Heap after GC invocations=5633 (full 11):
 PSYoungGen      total 16896K, used 6583K [0x00000000d5580000, 0x00000000d6e80000, 0x0000000100000000)
  eden space 10240K, 0% used [0x00000000d5580000,0x00000000d5580000,0x00000000d5f80000)
  from space 6656K, 98% used [0x00000000d5f80000,0x00000000d65edfe0,0x00000000d6600000)
  to   space 7680K, 0% used [0x00000000d6700000,0x00000000d6700000,0x00000000d6e80000)
 ParOldGen       total 1287168K, used 1286874K [0x0000000080000000, 0x00000000ce900000, 0x00000000d5580000)
  object space 1287168K, 99% used [0x0000000080000000,0x00000000ce8b69a0,0x00000000ce900000)
 Metaspace       used 94885K, committed 96640K, reserved 1179648K
  class space    used 9314K, committed 10048K, reserved 1048576K
}
Event: 68504.272 GC heap before
{Heap before GC invocations=5634 (full 11):
 PSYoungGen      total 16896K, used 16823K [0x00000000d5580000, 0x00000000d6e80000, 0x0000000100000000)
  eden space 10240K, 100% used [0x00000000d5580000,0x00000000d5f80000,0x00000000d5f80000)
  from space 6656K, 98% used [0x00000000d5f80000,0x00000000d65edfe0,0x00000000d6600000)
  to   space 7680K, 0% used [0x00000000d6700000,0x00000000d6700000,0x00000000d6e80000)
 ParOldGen       total 1287168K, used 1286874K [0x0000000080000000, 0x00000000ce900000, 0x00000000d5580000)
  object space 1287168K, 99% used [0x0000000080000000,0x00000000ce8b69a0,0x00000000ce900000)
 Metaspace       used 94885K, committed 96640K, reserved 1179648K
  class space    used 9314K, committed 10048K, reserved 1048576K
}
Event: 68504.282 GC heap after
{Heap after GC invocations=5634 (full 11):
 PSYoungGen      total 11776K, used 1216K [0x00000000d5580000, 0x00000000d6880000, 0x0000000100000000)
  eden space 10240K, 0% used [0x00000000d5580000,0x00000000d5580000,0x00000000d5f80000)
  from space 1536K, 79% used [0x00000000d6700000,0x00000000d6830000,0x00000000d6880000)
  to   space 3584K, 0% used [0x00000000d6180000,0x00000000d6180000,0x00000000d6500000)
 ParOldGen       total 1293312K, used 1293236K [0x0000000080000000, 0x00000000cef00000, 0x00000000d5580000)
  object space 1293312K, 99% used [0x0000000080000000,0x00000000ceeed3c8,0x00000000cef00000)
 Metaspace       used 94885K, committed 96640K, reserved 1179648K
  class space    used 9314K, committed 10048K, reserved 1048576K
}
Event: 68504.323 GC heap before
{Heap before GC invocations=5635 (full 11):
 PSYoungGen      total 11776K, used 11456K [0x00000000d5580000, 0x00000000d6880000, 0x0000000100000000)
  eden space 10240K, 100% used [0x00000000d5580000,0x00000000d5f80000,0x00000000d5f80000)
  from space 1536K, 79% used [0x00000000d6700000,0x00000000d6830000,0x00000000d6880000)
  to   space 3584K, 0% used [0x00000000d6180000,0x00000000d6180000,0x00000000d6500000)
 ParOldGen       total 1293312K, used 1293236K [0x0000000080000000, 0x00000000cef00000, 0x00000000d5580000)
  object space 1293312K, 99% used [0x0000000080000000,0x00000000ceeed3c8,0x00000000cef00000)
 Metaspace       used 94885K, committed 96640K, reserved 1179648K
  class space    used 9314K, committed 10048K, reserved 1048576K
}
Event: 68504.332 GC heap after
{Heap after GC invocations=5635 (full 11):
 PSYoungGen      total 13824K, used 3582K [0x00000000d5580000, 0x00000000d7780000, 0x0000000100000000)
  eden space 10240K, 0% used [0x00000000d5580000,0x00000000d5580000,0x00000000d5f80000)
  from space 3584K, 99% used [0x00000000d6180000,0x00000000d64ff970,0x00000000d6500000)
  to   space 12288K, 0% used [0x00000000d6b80000,0x00000000d6b80000,0x00000000d7780000)
 ParOldGen       total 1300480K, used 1300142K [0x0000000080000000, 0x00000000cf600000, 0x00000000d5580000)
  object space 1300480K, 99% used [0x0000000080000000,0x00000000cf5abae8,0x00000000cf600000)
 Metaspace       used 94885K, committed 96640K, reserved 1179648K
  class space    used 9314K, committed 10048K, reserved 1048576K
}
Event: 68504.590 GC heap before
{Heap before GC invocations=5636 (full 11):
 PSYoungGen      total 13824K, used 13822K [0x00000000d5580000, 0x00000000d7780000, 0x0000000100000000)
  eden space 10240K, 100% used [0x00000000d5580000,0x00000000d5f80000,0x00000000d5f80000)
  from space 3584K, 99% used [0x00000000d6180000,0x00000000d64ff970,0x00000000d6500000)
  to   space 12288K, 0% used [0x00000000d6b80000,0x00000000d6b80000,0x00000000d7780000)
 ParOldGen       total 1308672K, used 1307822K [0x0000000080000000, 0x00000000cfe00000, 0x00000000d5580000)
  object space 1308672K, 99% used [0x0000000080000000,0x00000000cfd2baf8,0x00000000cfe00000)
 Metaspace       used 94885K, committed 96640K, reserved 1179648K
  class space    used 9314K, committed 10048K, reserved 1048576K
}
Event: 68504.603 GC heap after
{Heap after GC invocations=5636 (full 11):
 PSYoungGen      total 14848K, used 4390K [0x00000000d5580000, 0x00000000d7000000, 0x0000000100000000)
  eden space 10240K, 0% used [0x00000000d5580000,0x00000000d5580000,0x00000000d5f80000)
  from space 4608K, 95% used [0x00000000d6b80000,0x00000000d6fc9b00,0x00000000d7000000)
  to   space 6656K, 0% used [0x00000000d6300000,0x00000000d6300000,0x00000000d6980000)
 ParOldGen       total 1311744K, used 1311289K [0x0000000080000000, 0x00000000d0100000, 0x00000000d5580000)
  object space 1311744K, 99% used [0x0000000080000000,0x00000000d008e6a0,0x00000000d0100000)
 Metaspace       used 94885K, committed 96640K, reserved 1179648K
  class space    used 9314K, committed 10048K, reserved 1048576K
}

Dll operation events (10 events):
Event: 0.031 Loaded shared library c:\Users\Deeksha Kharvi\.vscode\extensions\redhat.java-1.52.0-win32-x64\jre\21.0.9-win32-x86_64\bin\java.dll
Event: 0.145 Loaded shared library c:\Users\Deeksha Kharvi\.vscode\extensions\redhat.java-1.52.0-win32-x64\jre\21.0.9-win32-x86_64\bin\zip.dll
Event: 0.170 Loaded shared library C:\Users\Deeksha Kharvi\.vscode\extensions\redhat.java-1.52.0-win32-x64\jre\21.0.9-win32-x86_64\bin\instrument.dll
Event: 0.178 Loaded shared library C:\Users\Deeksha Kharvi\.vscode\extensions\redhat.java-1.52.0-win32-x64\jre\21.0.9-win32-x86_64\bin\net.dll
Event: 0.183 Loaded shared library C:\Users\Deeksha Kharvi\.vscode\extensions\redhat.java-1.52.0-win32-x64\jre\21.0.9-win32-x86_64\bin\nio.dll
Event: 0.188 Loaded shared library C:\Users\Deeksha Kharvi\.vscode\extensions\redhat.java-1.52.0-win32-x64\jre\21.0.9-win32-x86_64\bin\zip.dll
Event: 0.209 Loaded shared library C:\Users\Deeksha Kharvi\.vscode\extensions\redhat.java-1.52.0-win32-x64\jre\21.0.9-win32-x86_64\bin\jimage.dll
Event: 0.296 Loaded shared library c:\Users\Deeksha Kharvi\.vscode\extensions\redhat.java-1.52.0-win32-x64\jre\21.0.9-win32-x86_64\bin\verify.dll
Event: 2.063 Loaded shared library C:\Users\Deeksha Kharvi\AppData\Roaming\Code\User\globalStorage\redhat.java\1.52.0\config_win\org.eclipse.equinox.launcher\org.eclipse.equinox.launcher.win32.win32.x86_64_1.2.1500.v20260121-1430\eclipse_11919.dll
Event: 5.273 Loaded shared library C:\Users\Deeksha Kharvi\AppData\Local\Temp\jna--720421924\jna4746731860342725998.dll

Deoptimization events (20 events):
Event: 68495.629 Thread 0x0000020b70636f00 Uncommon trap: trap_request=0xffffffde fr.pc=0x0000020b1c535604 relative=0x0000000000006fe4
Event: 68495.629 Thread 0x0000020b70636f00 Uncommon trap: reason=class_check action=maybe_recompile pc=0x0000020b1c535604 method=org.eclipse.jdt.core.dom.DefaultBindingResolver.resolveConstructor(Lorg/eclipse/jdt/core/dom/ClassInstanceCreation;)Lorg/eclipse/jdt/core/dom/IMethodBinding; @ 10 c2
Event: 68495.629 Thread 0x0000020b70636f00 DEOPT PACKING pc=0x0000020b1c535604 sp=0x000000f7a15fe370
Event: 68495.629 Thread 0x0000020b70636f00 DEOPT UNPACKING pc=0x0000020b1a7f3aa2 sp=0x000000f7a15fe2b0 mode 2
Event: 68498.724 Thread 0x0000020b7da17790 Uncommon trap: trap_request=0xffffffde fr.pc=0x0000020b1b238d1c relative=0x0000000000002f5c
Event: 68498.724 Thread 0x0000020b7da17790 Uncommon trap: reason=class_check action=maybe_recompile pc=0x0000020b1b238d1c method=org.eclipse.jdt.core.dom.DefaultBindingResolver.resolveName(Lorg/eclipse/jdt/core/dom/Name;)Lorg/eclipse/jdt/core/dom/IBinding; @ 636 c2
Event: 68498.725 Thread 0x0000020b7da17790 DEOPT PACKING pc=0x0000020b1b238d1c sp=0x000000f7a10fd5f0
Event: 68498.725 Thread 0x0000020b7da17790 DEOPT UNPACKING pc=0x0000020b1a7f3aa2 sp=0x000000f7a10fd5a0 mode 2
Event: 68498.755 Thread 0x0000020b70636f00 Uncommon trap: trap_request=0xffffffde fr.pc=0x0000020b1b2384c0 relative=0x0000000000002700
Event: 68498.755 Thread 0x0000020b70636f00 Uncommon trap: reason=class_check action=maybe_recompile pc=0x0000020b1b2384c0 method=org.eclipse.jdt.core.dom.DefaultBindingResolver.resolveName(Lorg/eclipse/jdt/core/dom/Name;)Lorg/eclipse/jdt/core/dom/IBinding; @ 547 c2
Event: 68498.755 Thread 0x0000020b70636f00 DEOPT PACKING pc=0x0000020b1b2384c0 sp=0x000000f7a15fda30
Event: 68498.755 Thread 0x0000020b70636f00 DEOPT UNPACKING pc=0x0000020b1a7f3aa2 sp=0x000000f7a15fd9d8 mode 2
Event: 68498.757 Thread 0x0000020b70636f00 Uncommon trap: trap_request=0xffffffde fr.pc=0x0000020b1b2384c0 relative=0x0000000000002700
Event: 68498.757 Thread 0x0000020b70636f00 Uncommon trap: reason=class_check action=maybe_recompile pc=0x0000020b1b2384c0 method=org.eclipse.jdt.core.dom.DefaultBindingResolver.resolveName(Lorg/eclipse/jdt/core/dom/Name;)Lorg/eclipse/jdt/core/dom/IBinding; @ 547 c2
Event: 68498.757 Thread 0x0000020b70636f00 DEOPT PACKING pc=0x0000020b1b2384c0 sp=0x000000f7a15fd9f0
Event: 68498.757 Thread 0x0000020b70636f00 DEOPT UNPACKING pc=0x0000020b1a7f3aa2 sp=0x000000f7a15fd998 mode 2
Event: 68499.510 Thread 0x0000020b7da17790 Uncommon trap: trap_request=0xffffffde fr.pc=0x0000020b1aeeea8c relative=0x000000000000054c
Event: 68499.510 Thread 0x0000020b7da17790 Uncommon trap: reason=class_check action=maybe_recompile pc=0x0000020b1aeeea8c method=org.eclipse.jdt.internal.core.dom.rewrite.TokenScanner.readNext(Z)Lorg/eclipse/jdt/internal/compiler/parser/TerminalToken; @ 8 c2
Event: 68499.510 Thread 0x0000020b7da17790 DEOPT PACKING pc=0x0000020b1aeeea8c sp=0x000000f7a10fe4a0
Event: 68499.510 Thread 0x0000020b7da17790 DEOPT UNPACKING pc=0x0000020b1a7f3aa2 sp=0x000000f7a10fe440 mode 2

Classes loaded (20 events):
Event: 68412.305 Loading class jdk/internal/module/IllegalAccessLogger
Event: 68412.305 Loading class jdk/internal/module/IllegalAccessLogger done
Event: 68466.598 Loading class jdk/internal/module/IllegalAccessLogger
Event: 68466.598 Loading class jdk/internal/module/IllegalAccessLogger done
Event: 68471.511 Loading class jdk/internal/module/IllegalAccessLogger
Event: 68471.511 Loading class jdk/internal/module/IllegalAccessLogger done
Event: 68477.148 Loading class jdk/internal/module/IllegalAccessLogger
Event: 68477.148 Loading class jdk/internal/module/IllegalAccessLogger done
Event: 68479.026 Loading class jdk/internal/module/IllegalAccessLogger
Event: 68479.028 Loading class jdk/internal/module/IllegalAccessLogger done
Event: 68489.791 Loading class jdk/internal/module/IllegalAccessLogger
Event: 68489.791 Loading class jdk/internal/module/IllegalAccessLogger done
Event: 68490.494 Loading class java/lang/Throwable$WrappedPrintWriter
Event: 68490.510 Loading class java/lang/Throwable$PrintStreamOrWriter
Event: 68490.517 Loading class java/lang/Throwable$PrintStreamOrWriter done
Event: 68490.517 Loading class java/lang/Throwable$WrappedPrintWriter done
Event: 68502.156 Loading class jdk/internal/module/IllegalAccessLogger
Event: 68502.156 Loading class jdk/internal/module/IllegalAccessLogger done
Event: 68504.207 Loading class jdk/internal/module/IllegalAccessLogger
Event: 68504.207 Loading class jdk/internal/module/IllegalAccessLogger done

Classes unloaded (20 events):
Event: 68237.820 Thread 0x0000020b0ea34a10 Unloading class 0x0000020b282a4800 'org/apache/maven/shared/filtering/MavenReaderFilterRequest'
Event: 68237.820 Thread 0x0000020b0ea34a10 Unloading class 0x0000020b282a6200 'org/apache/maven/shared/filtering/MavenFileFilterRequest'
Event: 68237.820 Thread 0x0000020b0ea34a10 Unloading class 0x0000020b282a6000 'org/codehaus/plexus/interpolation/Interpolator'
Event: 68237.820 Thread 0x0000020b0ea34a10 Unloading class 0x0000020b28430dc8 'org/codehaus/plexus/interpolation/BasicInterpolator'
Event: 68237.820 Thread 0x0000020b0ea34a10 Unloading class 0x0000020b28430bc8 'org/codehaus/plexus/interpolation/ValueSource'
Event: 68237.820 Thread 0x0000020b0ea34a10 Unloading class 0x0000020b28430800 'org/apache/maven/shared/filtering/MavenResourcesExecution'
Event: 68237.820 Thread 0x0000020b0ea34a10 Unloading class 0x0000020b284314b0 'org/apache/maven/shared/filtering/AbstractMavenFilteringRequest'
Event: 68237.820 Thread 0x0000020b0ea34a10 Unloading class 0x0000020b28431250 'org/apache/maven/shared/filtering/MavenFilteringException'
Event: 68237.820 Thread 0x0000020b0ea34a10 Unloading class 0x0000020b28431000 'org/apache/maven/shared/filtering/DefaultMavenResourcesFiltering'
Event: 68237.820 Thread 0x0000020b0ea34a10 Unloading class 0x0000020b28514490 'org/apache/maven/shared/filtering/MavenResourcesFiltering'
Event: 68237.820 Thread 0x0000020b0ea34a10 Unloading class 0x0000020b28514200 'org/apache/maven/shared/filtering/DefaultMavenReaderFilter'
Event: 68237.820 Thread 0x0000020b0ea34a10 Unloading class 0x0000020b28514000 'org/apache/maven/shared/filtering/MavenReaderFilter'
Event: 68237.820 Thread 0x0000020b0ea34a10 Unloading class 0x0000020b28515c50 'org/apache/maven/shared/filtering/DefaultMavenFileFilter'
Event: 68237.820 Thread 0x0000020b0ea34a10 Unloading class 0x0000020b28515a00 'org/apache/maven/shared/filtering/BaseFilter'
Event: 68237.820 Thread 0x0000020b0ea34a10 Unloading class 0x0000020b28515800 'org/apache/maven/shared/filtering/MavenFileFilter'
Event: 68237.820 Thread 0x0000020b0ea34a10 Unloading class 0x0000020b285b8d98 'org/apache/maven/shared/filtering/DefaultFilterInfo'
Event: 68237.820 Thread 0x0000020b0ea34a10 Unloading class 0x0000020b285b8a88 'org/apache/maven/plugins/resources/TestResourcesMojo'
Event: 68237.820 Thread 0x0000020b0ea34a10 Unloading class 0x0000020b285b8800 'org/apache/maven/plugins/maven_resources_plugin/HelpMojo'
Event: 68237.820 Thread 0x0000020b0ea34a10 Unloading class 0x0000020b285f9310 'org/apache/maven/plugins/resources/CopyResourcesMojo'
Event: 68237.820 Thread 0x0000020b0ea34a10 Unloading class 0x0000020b285f9000 'org/apache/maven/plugins/resources/ResourcesMojo'

Classes redefined (0 events):
No events

Internal exceptions (20 events):
Event: 68415.301 Thread 0x0000020b70639cf0 Exception <a 'sun/nio/fs/WindowsException'{0x00000000d5bcf850}> (0x00000000d5bcf850) 
thrown [s\src\hotspot\share\prims\jni.cpp, line 520]
Event: 68415.301 Thread 0x0000020b70639cf0 Exception <a 'sun/nio/fs/WindowsException'{0x00000000d5bcff50}> (0x00000000d5bcff50) 
thrown [s\src\hotspot\share\prims\jni.cpp, line 520]
Event: 68466.383 Thread 0x0000020b6f376490 Exception <a 'sun/nio/fs/WindowsException'{0x00000000d57b3a88}> (0x00000000d57b3a88) 
thrown [s\src\hotspot\share\prims\jni.cpp, line 520]
Event: 68466.711 Thread 0x0000020b6f376490 Exception <a 'sun/nio/fs/WindowsException'{0x00000000d59358e8}> (0x00000000d59358e8) 
thrown [s\src\hotspot\share\prims\jni.cpp, line 520]
Event: 68471.321 Thread 0x0000020b6f376490 Exception <a 'sun/nio/fs/WindowsException'{0x00000000d57ef8e0}> (0x00000000d57ef8e0) 
thrown [s\src\hotspot\share\prims\jni.cpp, line 520]
Event: 68471.672 Thread 0x0000020b6f376490 Exception <a 'sun/nio/fs/WindowsException'{0x00000000d582c2d8}> (0x00000000d582c2d8) 
thrown [s\src\hotspot\share\prims\jni.cpp, line 520]
Event: 68476.992 Thread 0x0000020b6f376490 Exception <a 'sun/nio/fs/WindowsException'{0x00000000d55ff180}> (0x00000000d55ff180) 
thrown [s\src\hotspot\share\prims\jni.cpp, line 520]
Event: 68477.438 Thread 0x0000020b6f376490 Exception <a 'sun/nio/fs/WindowsException'{0x00000000d55fcdb8}> (0x00000000d55fcdb8) 
thrown [s\src\hotspot\share\prims\jni.cpp, line 520]
Event: 68489.573 Thread 0x0000020b6f376490 Exception <a 'sun/nio/fs/WindowsException'{0x00000000d5588938}> (0x00000000d5588938) 
thrown [s\src\hotspot\share\prims\jni.cpp, line 520]
Event: 68489.633 Thread 0x0000020b6e801b10 Implicit null exception at 0x0000020b1bb73783 to 0x0000020b1bb73e2c
Event: 68489.820 Thread 0x0000020b7da19ef0 Implicit null exception at 0x0000020b1c34b788 to 0x0000020b1c34bc6c
Event: 68489.820 Thread 0x0000020b7da19ef0 Implicit null exception at 0x0000020b1c148e4a to 0x0000020b1c149e34
Event: 68490.134 Thread 0x0000020b6f376490 Exception <a 'sun/nio/fs/WindowsException'{0x00000000d590c0e0}> (0x00000000d590c0e0) 
thrown [s\src\hotspot\share\prims\jni.cpp, line 520]
Event: 68490.375 Thread 0x0000020b7da14310 Implicit null exception at 0x0000020b1c4e525a to 0x0000020b1c4e52d4
Event: 68490.516 Thread 0x0000020b70634110 Exception <a 'sun/nio/fs/WindowsException'{0x00000000d5793e18}> (0x00000000d5793e18) 
thrown [s\src\hotspot\share\prims\jni.cpp, line 520]
Event: 68490.519 Thread 0x0000020b70634110 Exception <a 'sun/nio/fs/WindowsException'{0x00000000d5794538}> (0x00000000d5794538) 
thrown [s\src\hotspot\share\prims\jni.cpp, line 520]
Event: 68501.969 Thread 0x0000020b6f376490 Exception <a 'sun/nio/fs/WindowsException'{0x00000000d591b570}> (0x00000000d591b570) 
thrown [s\src\hotspot\share\prims\jni.cpp, line 520]
Event: 68502.290 Thread 0x0000020b6f376490 Exception <a 'sun/nio/fs/WindowsException'{0x00000000d5bec718}> (0x00000000d5bec718) 
thrown [s\src\hotspot\share\prims\jni.cpp, line 520]
Event: 68504.037 Thread 0x0000020b6f376490 Exception <a 'sun/nio/fs/WindowsException'{0x00000000d5687288}> (0x00000000d5687288) 
thrown [s\src\hotspot\share\prims\jni.cpp, line 520]
Event: 68504.427 Thread 0x0000020b6f376490 Exception <a 'sun/nio/fs/WindowsException'{0x00000000d59da9e8}> (0x00000000d59da9e8) 
thrown [s\src\hotspot\share\prims\jni.cpp, line 520]

ZGC Phase Switch (0 events):
No events

VM Operations (20 events):
Event: 68503.519 Executing VM operation: ParallelGCFailedAllocation (Allocation Failure) done
Event: 68503.545 Executing VM operation: ParallelGCFailedAllocation (Allocation Failure)
Event: 68503.565 Executing VM operation: ParallelGCFailedAllocation (Allocation Failure) done
Event: 68503.589 Executing VM operation: ParallelGCFailedAllocation (Allocation Failure)
Event: 68503.595 Executing VM operation: ParallelGCFailedAllocation (Allocation Failure) done
Event: 68503.980 Executing VM operation: ParallelGCFailedAllocation (Allocation Failure)
Event: 68503.985 Executing VM operation: ParallelGCFailedAllocation (Allocation Failure) done
Event: 68504.062 Executing VM operation: ParallelGCFailedAllocation (Allocation Failure)
Event: 68504.072 Executing VM operation: ParallelGCFailedAllocation (Allocation Failure) done
Event: 68504.132 Executing VM operation: ParallelGCFailedAllocation (Allocation Failure)
Event: 68504.148 Executing VM operation: ParallelGCFailedAllocation (Allocation Failure) done
Event: 68504.210 Executing VM operation: ParallelGCFailedAllocation (Allocation Failure)
Event: 68504.224 Executing VM operation: ParallelGCFailedAllocation (Allocation Failure) done
Event: 68504.272 Executing VM operation: ParallelGCFailedAllocation (Allocation Failure)
Event: 68504.282 Executing VM operation: ParallelGCFailedAllocation (Allocation Failure) done
Event: 68504.323 Executing VM operation: ParallelGCFailedAllocation (Allocation Failure)
Event: 68504.332 Executing VM operation: ParallelGCFailedAllocation (Allocation Failure) done
Event: 68504.587 Executing VM operation: ParallelGCFailedAllocation (Allocation Failure)
Event: 68504.603 Executing VM operation: ParallelGCFailedAllocation (Allocation Failure) done
Event: 68505.603 Executing VM operation: Cleanup

Memory protections (0 events):
No events

Nmethod flushes (20 events):
Event: 68399.453 Thread 0x0000020b0ea34a10 flushing  nmethod 0x0000020b16047310
Event: 68399.453 Thread 0x0000020b0ea34a10 flushing  nmethod 0x0000020b16055310
Event: 68399.453 Thread 0x0000020b0ea34a10 flushing  nmethod 0x0000020b1606b490
Event: 68399.453 Thread 0x0000020b0ea34a10 flushing  nmethod 0x0000020b1606c590
Event: 68399.453 Thread 0x0000020b0ea34a10 flushing  nmethod 0x0000020b160b4990
Event: 68399.453 Thread 0x0000020b0ea34a10 flushing  nmethod 0x0000020b160b9790
Event: 68399.453 Thread 0x0000020b0ea34a10 flushing  nmethod 0x0000020b160dac10
Event: 68399.453 Thread 0x0000020b0ea34a10 flushing  nmethod 0x0000020b160e2890
Event: 68399.453 Thread 0x0000020b0ea34a10 flushing  nmethod 0x0000020b16113c10
Event: 68399.453 Thread 0x0000020b0ea34a10 flushing  nmethod 0x0000020b16121010
Event: 68399.453 Thread 0x0000020b0ea34a10 flushing  nmethod 0x0000020b1612a890
Event: 68399.453 Thread 0x0000020b0ea34a10 flushing  nmethod 0x0000020b16164510
Event: 68399.453 Thread 0x0000020b0ea34a10 flushing  nmethod 0x0000020b16173f10
Event: 68399.453 Thread 0x0000020b0ea34a10 flushing  nmethod 0x0000020b16174310
Event: 68399.453 Thread 0x0000020b0ea34a10 flushing  nmethod 0x0000020b16177f10
Event: 68399.453 Thread 0x0000020b0ea34a10 flushing  nmethod 0x0000020b16181890
Event: 68399.453 Thread 0x0000020b0ea34a10 flushing  nmethod 0x0000020b16184290
Event: 68399.453 Thread 0x0000020b0ea34a10 flushing  nmethod 0x0000020b16199d90
Event: 68399.453 Thread 0x0000020b0ea34a10 flushing  nmethod 0x0000020b161b3510
Event: 68399.453 Thread 0x0000020b0ea34a10 flushing  nmethod 0x0000020b161b7110

Events (20 events):
Event: 68460.817 Thread 0x0000020b70636870 Thread exited: 0x0000020b70636870
Event: 68460.910 Thread 0x0000020b6f3743c0 Thread exited: 0x0000020b6f3743c0
Event: 68467.814 Thread 0x0000020b681ddaf0 Thread added: 0x0000020b71ed0f30
Event: 68470.392 Thread 0x0000020b71ed0f30 Thread exited: 0x0000020b71ed0f30
Event: 68473.503 Thread 0x0000020b681ddaf0 Thread added: 0x0000020b71ed3140
Event: 68474.398 Thread 0x0000020b71ed3140 Thread exited: 0x0000020b71ed3140
Event: 68480.847 Thread 0x0000020b681e1e00 Thread added: 0x0000020b71ed0f30
Event: 68481.763 Thread 0x0000020b71ed0f30 Thread exited: 0x0000020b71ed0f30
Event: 68484.685 Thread 0x0000020b681ddaf0 Thread added: 0x0000020b71ed0f30
Event: 68484.931 Thread 0x0000020b71ed0f30 Thread exited: 0x0000020b71ed0f30
Event: 68485.452 Thread 0x0000020b681ddaf0 Thread added: 0x0000020b71ed0f30
Event: 68486.891 Thread 0x0000020b71ed0f30 Thread exited: 0x0000020b71ed0f30
Event: 68489.839 Thread 0x0000020b681e1e00 Thread added: 0x0000020b71ed3140
Event: 68490.001 Thread 0x0000020b681e1e00 Thread added: 0x0000020b7e114e50
Event: 68493.367 Thread 0x0000020b7e114e50 Thread exited: 0x0000020b7e114e50
Event: 68493.367 Thread 0x0000020b71ed3140 Thread exited: 0x0000020b71ed3140
Event: 68498.786 Thread 0x0000020b681ddaf0 Thread added: 0x0000020b7e114e50
Event: 68498.786 Thread 0x0000020b681ddaf0 Thread added: 0x0000020b7e1139e0
Event: 68499.117 Thread 0x0000020b7e1139e0 Thread exited: 0x0000020b7e1139e0
Event: 68499.457 Thread 0x0000020b7e114e50 Thread exited: 0x0000020b7e114e50


Dynamic libraries:
0x00007ff636e00000 - 0x00007ff636e0e000 	c:\Users\Deeksha Kharvi\.vscode\extensions\redhat.java-1.52.0-win32-x64\jre\21.0.9-win32-x86_64\bin\java.exe
0x00007ffe8e340000 - 0x00007ffe8e5a8000 	C:\windows\SYSTEM32\ntdll.dll
0x00007ffe8d550000 - 0x00007ffe8d619000 	C:\windows\System32\KERNEL32.DLL
0x00007ffe8ace0000 - 0x00007ffe8b0d1000 	C:\windows\System32\KERNELBASE.dll
0x00007ffe87db0000 - 0x00007ffe87e4e000 	C:\windows\SYSTEM32\apphelp.dll
0x00007ffe8b2d0000 - 0x00007ffe8b41b000 	C:\windows\System32\ucrtbase.dll
0x00007ffe80770000 - 0x00007ffe80788000 	c:\Users\Deeksha Kharvi\.vscode\extensions\redhat.java-1.52.0-win32-x64\jre\21.0.9-win32-x86_64\bin\jli.dll
0x00007ffe7bfe0000 - 0x00007ffe7bffe000 	c:\Users\Deeksha Kharvi\.vscode\extensions\redhat.java-1.52.0-win32-x64\jre\21.0.9-win32-x86_64\bin\VCRUNTIME140.dll
0x00007ffe8c6d0000 - 0x00007ffe8c896000 	C:\windows\System32\USER32.dll
0x00007ffe8b210000 - 0x00007ffe8b237000 	C:\windows\System32\win32u.dll
0x00007ffe8d2c0000 - 0x00007ffe8d2eb000 	C:\windows\System32\GDI32.dll
0x00007ffe8b0e0000 - 0x00007ffe8b20b000 	C:\windows\System32\gdi32full.dll
0x00007ffe8c030000 - 0x00007ffe8c0d3000 	C:\windows\System32\msvcp_win.dll
0x00007ffe697a0000 - 0x00007ffe69a33000 	C:\windows\WinSxS\amd64_microsoft.windows.common-controls_6595b64144ccf1df_6.0.26100.7824_none_3e0870b2e3345462\COMCTL32.dll
0x00007ffe8d020000 - 0x00007ffe8d0c9000 	C:\windows\System32\msvcrt.dll
0x00007ffe8d1c0000 - 0x00007ffe8d1f1000 	C:\windows\System32\IMM32.DLL
0x00007ffe83d30000 - 0x00007ffe83d3c000 	c:\Users\Deeksha Kharvi\.vscode\extensions\redhat.java-1.52.0-win32-x64\jre\21.0.9-win32-x86_64\bin\vcruntime140_1.dll
0x00007ffe5db90000 - 0x00007ffe5dc1d000 	c:\Users\Deeksha Kharvi\.vscode\extensions\redhat.java-1.52.0-win32-x64\jre\21.0.9-win32-x86_64\bin\msvcp140.dll
0x00007ffde9460000 - 0x00007ffdea200000 	c:\Users\Deeksha Kharvi\.vscode\extensions\redhat.java-1.52.0-win32-x64\jre\21.0.9-win32-x86_64\bin\server\jvm.dll
0x00007ffe8d6a0000 - 0x00007ffe8d754000 	C:\windows\System32\ADVAPI32.dll
0x00007ffe8ce70000 - 0x00007ffe8cf16000 	C:\windows\System32\sechost.dll
0x00007ffe8c8b0000 - 0x00007ffe8c9c8000 	C:\windows\System32\RPCRT4.dll
0x00007ffe8c1c0000 - 0x00007ffe8c234000 	C:\windows\System32\WS2_32.dll
0x00007ffe82d80000 - 0x00007ffe82d8b000 	C:\windows\SYSTEM32\VERSION.dll
0x00007ffe8aa80000 - 0x00007ffe8aade000 	C:\windows\SYSTEM32\POWRPROF.dll
0x00007ffe80270000 - 0x00007ffe802a5000 	C:\windows\SYSTEM32\WINMM.dll
0x00007ffe8aa60000 - 0x00007ffe8aa74000 	C:\windows\SYSTEM32\UMPDC.dll
0x00007ffe899c0000 - 0x00007ffe899db000 	C:\windows\SYSTEM32\kernel.appcore.dll
0x00007ffe82da0000 - 0x00007ffe82daa000 	c:\Users\Deeksha Kharvi\.vscode\extensions\redhat.java-1.52.0-win32-x64\jre\21.0.9-win32-x86_64\bin\jimage.dll
0x00007ffe88ad0000 - 0x00007ffe88d12000 	C:\windows\SYSTEM32\DBGHELP.DLL
0x00007ffe8c240000 - 0x00007ffe8c5c6000 	C:\windows\System32\combase.dll
0x00007ffe8d0d0000 - 0x00007ffe8d1a7000 	C:\windows\System32\OLEAUT32.dll
0x00007ffe74110000 - 0x00007ffe7414b000 	C:\windows\SYSTEM32\dbgcore.DLL
0x00007ffe8bf80000 - 0x00007ffe8c025000 	C:\windows\System32\bcryptPrimitives.dll
0x00007ffe827f0000 - 0x00007ffe827ff000 	c:\Users\Deeksha Kharvi\.vscode\extensions\redhat.java-1.52.0-win32-x64\jre\21.0.9-win32-x86_64\bin\instrument.dll
0x00007ffe7b1e0000 - 0x00007ffe7b200000 	c:\Users\Deeksha Kharvi\.vscode\extensions\redhat.java-1.52.0-win32-x64\jre\21.0.9-win32-x86_64\bin\java.dll
0x00007ffe8db00000 - 0x00007ffe8e252000 	C:\windows\System32\SHELL32.dll
0x00007ffe8be10000 - 0x00007ffe8bf7a000 	C:\windows\System32\wintypes.dll
0x00007ffe8b5a0000 - 0x00007ffe8be03000 	C:\windows\System32\windows.storage.dll
0x00007ffe8c5d0000 - 0x00007ffe8c6c6000 	C:\windows\System32\SHCORE.dll
0x00007ffe8c150000 - 0x00007ffe8c1b7000 	C:\windows\System32\shlwapi.dll
0x00007ffe8ab40000 - 0x00007ffe8ab69000 	C:\windows\SYSTEM32\profapi.dll
0x00007ffe7b040000 - 0x00007ffe7b058000 	c:\Users\Deeksha Kharvi\.vscode\extensions\redhat.java-1.52.0-win32-x64\jre\21.0.9-win32-x86_64\bin\zip.dll
0x00007ffe81bd0000 - 0x00007ffe81be0000 	C:\Users\Deeksha Kharvi\.vscode\extensions\redhat.java-1.52.0-win32-x64\jre\21.0.9-win32-x86_64\bin\net.dll
0x00007ffe849d0000 - 0x00007ffe84af7000 	C:\windows\SYSTEM32\WINHTTP.dll
0x00007ffe89f30000 - 0x00007ffe89f9b000 	C:\windows\system32\mswsock.dll
0x00007ffe737c0000 - 0x00007ffe737d6000 	C:\Users\Deeksha Kharvi\.vscode\extensions\redhat.java-1.52.0-win32-x64\jre\21.0.9-win32-x86_64\bin\nio.dll
0x00007ffe81b60000 - 0x00007ffe81b70000 	c:\Users\Deeksha Kharvi\.vscode\extensions\redhat.java-1.52.0-win32-x64\jre\21.0.9-win32-x86_64\bin\verify.dll
0x00007ffe6cb50000 - 0x00007ffe6cb95000 	C:\Users\Deeksha Kharvi\AppData\Roaming\Code\User\globalStorage\redhat.java\1.52.0\config_win\org.eclipse.equinox.launcher\org.eclipse.equinox.launcher.win32.win32.x86_64_1.2.1500.v20260121-1430\eclipse_11919.dll
0x00007ffe8d760000 - 0x00007ffe8d8f7000 	C:\windows\System32\ole32.dll
0x00007ffe8a200000 - 0x00007ffe8a21b000 	C:\windows\SYSTEM32\CRYPTSP.dll
0x00007ffe89920000 - 0x00007ffe89959000 	C:\windows\system32\rsaenh.dll
0x00007ffe89fe0000 - 0x00007ffe8a00b000 	C:\windows\SYSTEM32\USERENV.dll
0x00007ffe8ab10000 - 0x00007ffe8ab3a000 	C:\windows\SYSTEM32\bcrypt.dll
0x00007ffe8a220000 - 0x00007ffe8a22c000 	C:\windows\SYSTEM32\CRYPTBASE.dll
0x00007ffe89410000 - 0x00007ffe89444000 	C:\windows\SYSTEM32\IPHLPAPI.DLL
0x00007ffe8c9d0000 - 0x00007ffe8c9da000 	C:\windows\System32\NSI.dll
0x00007ffe5c6d0000 - 0x00007ffe5c719000 	C:\Users\Deeksha Kharvi\AppData\Local\Temp\jna--720421924\jna4746731860342725998.dll
0x00007ffe8c140000 - 0x00007ffe8c148000 	C:\windows\System32\PSAPI.DLL
0x00007ffe84ba0000 - 0x00007ffe84bbe000 	C:\windows\SYSTEM32\dhcpcsvc6.DLL
0x00007ffe84b00000 - 0x00007ffe84b23000 	C:\windows\SYSTEM32\dhcpcsvc.DLL

JVMTI agents:
c:\Users\Deeksha Kharvi\.vscode\extensions\redhat.java-1.52.0-win32-x64\lombok\lombok-1.18.39-4050.jar path:c:\Users\Deeksha Kharvi\.vscode\extensions\redhat.java-1.52.0-win32-x64\jre\21.0.9-win32-x86_64\bin\instrument.dll, loaded, initialized, instrumentlib options:none

dbghelp: loaded successfully - version: 4.0.5 - missing functions: none
symbol engine: initialized successfully - sym options: 0x614 - pdb path: .;c:\Users\Deeksha Kharvi\.vscode\extensions\redhat.java-1.52.0-win32-x64\jre\21.0.9-win32-x86_64\bin;C:\windows\SYSTEM32;C:\windows\WinSxS\amd64_microsoft.windows.common-controls_6595b64144ccf1df_6.0.26100.7824_none_3e0870b2e3345462;c:\Users\Deeksha Kharvi\.vscode\extensions\redhat.java-1.52.0-win32-x64\jre\21.0.9-win32-x86_64\bin\server;C:\Users\Deeksha Kharvi\AppData\Roaming\Code\User\globalStorage\redhat.java\1.52.0\config_win\org.eclipse.equinox.launcher\org.eclipse.equinox.launcher.win32.win32.x86_64_1.2.1500.v20260121-1430;C:\Users\Deeksha Kharvi\AppData\Local\Temp\jna--720421924

VM Arguments:
jvm_args: --add-modules=ALL-SYSTEM --add-opens=java.base/java.util=ALL-UNNAMED --add-opens=java.base/java.lang=ALL-UNNAMED --add-opens=java.base/sun.nio.fs=ALL-UNNAMED -Declipse.application=org.eclipse.jdt.ls.core.id1 -Dosgi.bundles.defaultStartLevel=4 -Declipse.product=org.eclipse.jdt.ls.core.product -Djava.import.generatesMetadataFilesAtProjectRoot=false -DDetectVMInstallationsJob.disabled=true -Dfile.encoding=utf8 -XX:+UseParallelGC -XX:GCTimeRatio=4 -XX:AdaptiveSizePolicyWeight=90 -Dsun.zip.disableMemoryMapping=true -Xmx2G -Xms100m -Xlog:disable -javaagent:c:\Users\Deeksha Kharvi\.vscode\extensions\redhat.java-1.52.0-win32-x64\lombok\lombok-1.18.39-4050.jar -XX:+HeapDumpOnOutOfMemoryError -XX:HeapDumpPath=c:\Users\Deeksha Kharvi\AppData\Roaming\Code\User\workspaceStorage\c8007df1e31359e12aba15357e731800\redhat.java -Daether.dependencyCollector.impl=bf 
java_command: c:\Users\Deeksha Kharvi\.vscode\extensions\redhat.java-1.52.0-win32-x64\server\plugins\org.eclipse.equinox.launcher_1.7.100.v20251111-0406.jar -configuration c:\Users\Deeksha Kharvi\AppData\Roaming\Code\User\globalStorage\redhat.java\1.52.0\config_win -data c:\Users\Deeksha Kharvi\AppData\Roaming\Code\User\workspaceStorage\c8007df1e31359e12aba15357e731800\redhat.java\jdt_ws --pipe=\\.\pipe\lsp-57d3f96b00ed688678440f277eb2938c-sock
java_class_path (initial): c:\Users\Deeksha Kharvi\.vscode\extensions\redhat.java-1.52.0-win32-x64\server\plugins\org.eclipse.equinox.launcher_1.7.100.v20251111-0406.jar
Launcher Type: SUN_STANDARD

[Global flags]
    uintx AdaptiveSizePolicyWeight                 = 90                                        {product} {command line}
     intx CICompilerCount                          = 4                                         {product} {ergonomic}
    uintx GCTimeRatio                              = 4                                         {product} {command line}
     bool HeapDumpOnOutOfMemoryError               = true                                   {manageable} {command line}
    ccstr HeapDumpPath                             = c:\Users\Deeksha Kharvi\AppData\Roaming\Code\User\workspaceStorage\c8007df1e31359e12aba15357e731800\redhat.java         {manageable} {command line}
   size_t InitialHeapSize                          = 104857600                                 {product} {command line}
   size_t MaxHeapSize                              = 2147483648                                {product} {command line}
   size_t MaxNewSize                               = 715653120                                 {product} {ergonomic}
   size_t MinHeapDeltaBytes                        = 524288                                    {product} {ergonomic}
   size_t MinHeapSize                              = 104857600                                 {product} {command line}
   size_t NewSize                                  = 34603008                                  {product} {ergonomic}
    uintx NonNMethodCodeHeapSize                   = 5839372                                {pd product} {ergonomic}
    uintx NonProfiledCodeHeapSize                  = 122909434                              {pd product} {ergonomic}
   size_t OldSize                                  = 70254592                                  {product} {ergonomic}
    uintx ProfiledCodeHeapSize                     = 122909434                              {pd product} {ergonomic}
    uintx ReservedCodeCacheSize                    = 251658240                              {pd product} {ergonomic}
     bool SegmentedCodeCache                       = true                                      {product} {ergonomic}
   size_t SoftMaxHeapSize                          = 2147483648                             {manageable} {ergonomic}
     bool UseCompressedOops                        = true                           {product lp64_product} {ergonomic}
     bool UseLargePagesIndividualAllocation        = false                                  {pd product} {ergonomic}
     bool UseParallelGC                            = true                                      {product} {command line}

Logging:
Log output configuration:
 #0: stdout all=off uptime,level,tags foldmultilines=false
 #1: stderr all=off uptime,level,tags foldmultilines=false

Release file:
JAVA_VERSION="21.0.9" 
MODULES="java.base java.compiler java.datatransfer java.xml java.prefs java.desktop java.instrument java.logging java.management java.security.sasl java.naming java.rmi java.management.rmi java.net.http java.scripting java.security.jgss java.transaction.xa java.sql java.sql.rowset java.xml.crypto java.se java.smartcardio jdk.accessibility jdk.internal.jvmstat jdk.attach jdk.charsets jdk.internal.opt jdk.zipfs jdk.compiler jdk.crypto.ec jdk.crypto.cryptoki jdk.crypto.mscapi jdk.dynalink jdk.internal.ed jdk.editpad jdk.hotspot.agent jdk.httpserver jdk.internal.le jdk.internal.vm.ci jdk.internal.vm.compiler jdk.internal.vm.compiler.management jdk.jartool jdk.javadoc jdk.jcmd jdk.management jdk.management.agent jdk.jconsole jdk.jdeps jdk.jdwp.agent jdk.jdi jdk.jfr jdk.jshell jdk.jsobject jdk.jstatd jdk.localedata jdk.management.jfr jdk.naming.dns jdk.naming.rmi jdk.net jdk.nio.mapmode jdk.random jdk.sctp jdk.security.auth jdk.security.jgss jdk.unsupported jdk.unsupported.desktop jdk.xml.dom" 

Environment Variables:
PATH=C:\Program Files (x86)\VMware\VMware Workstation\bin\;C:\Program Files\Eclipse Adoptium\jdk-21.0.9.10-hotspot\bin;C:\windows\system32;C:\windows;C:\windows\System32\Wbem;C:\windows\System32\WindowsPowerShell\v1.0\;C:\windows\System32\OpenSSH\;C:\Program Files\dotnet\;C:\Program Files\MySQL\MySQL Server 8.0\bin;C:\Program Files\Apache\Maven\apache-maven-3.9.12-bin\bin;C:\Program Files\nodejs\;C:\Program Files\MySQL\MySQL Shell 8.0\bin\;C:\Users\Deeksha Kharvi\AppData\Local\Microsoft\WindowsApps;C:\Users\Deeksha Kharvi\AppData\Roaming\npm;C:\Users\Deeksha Kharvi\AppData\Local\Programs\Microsoft VS Code\bin
USERNAME=Deeksha Kharvi
OS=Windows_NT
PROCESSOR_IDENTIFIER=AMD64 Family 23 Model 160 Stepping 0, AuthenticAMD
TMP=C:\Users\DEEKSH~1\AppData\Local\Temp
TEMP=C:\Users\DEEKSH~1\AppData\Local\Temp




Periodic native trim disabled

---------------  S Y S T E M  ---------------

OS:
 Windows 11 , 64 bit Build 26100 (10.0.26100.7705)
OS uptime: 4 days 2:22 hours
Hyper-V role detected

CPU: total 8 (initial active 8) (8 cores per cpu, 2 threads per core) family 23 model 160 stepping 0 microcode 0x8a0000a, cx8, cmov, fxsr, ht, mmx, 3dnowpref, sse, sse2, sse3, ssse3, sse4a, sse4.1, sse4.2, popcnt, lzcnt, tsc, tscinvbit, avx, avx2, aes, clmul, bmi1, bmi2, adx, sha, fma, vzeroupper, clflush, clflushopt, hv, rdtscp, rdpid, f16c
Processor Information for processor 0
  Max Mhz: 2801, Current Mhz: 2801, Mhz Limit: 2801
Processor Information for processor 1
  Max Mhz: 2801, Current Mhz: 2483, Mhz Limit: 2801
Processor Information for processor 2
  Max Mhz: 2801, Current Mhz: 2483, Mhz Limit: 2801
Processor Information for processor 3
  Max Mhz: 2801, Current Mhz: 2801, Mhz Limit: 2801
Processor Information for processor 4
  Max Mhz: 2801, Current Mhz: 2483, Mhz Limit: 2801
Processor Information for processor 5
  Max Mhz: 2801, Current Mhz: 2483, Mhz Limit: 2801
Processor Information for processor 6
  Max Mhz: 2801, Current Mhz: 2801, Mhz Limit: 2801
Processor Information for processor 7
  Max Mhz: 2801, Current Mhz: 2483, Mhz Limit: 2801

Memory: 4k page, system-wide physical 7379M (583M free)
TotalPageFile size 29907M (AvailPageFile size 2M)
current process WorkingSet (physical memory assigned to process): 991M, peak: 1076M
current process commit charge ("private bytes"): 1746M, peak: 1806M

vm_info: OpenJDK 64-Bit Server VM (21.0.9+10-LTS) for windows-amd64 JRE (21.0.9+10-LTS), built on 2025-10-21T00:00:00Z by "admin" with unknown MS VC++:1942

END.
