#
# There is insufficient memory for the Java Runtime Environment to continue.
# Native memory allocation (malloc) failed to allocate 1048576 bytes. Error detail: AllocateHeap
# Possible reasons:
#   The system is out of physical RAM or swap space
#   This process is running with CompressedOops enabled, and the Java Heap may be blocking the growth of the native heap
# Possible solutions:
#   Reduce memory load on the system
#   Increase physical memory or swap space
#   Check if swap backing store is full
#   Decrease Java heap size (-Xmx/-Xms)
#   Decrease number of Java threads
#   Decrease Java thread stack sizes (-Xss)
#   Set larger code cache with -XX:ReservedCodeCacheSize=
#   JVM is running with Unscaled Compressed Oops mode in which the Java heap is
#     placed in the first 4GB address space. The Java Heap base address is the
#     maximum limit for the native heap growth. Please use -XX:HeapBaseMinAddress
#     to set the Java Heap base and to place the Java Heap above 4GB virtual address.
# This output file may be truncated or incomplete.
#
#  Out of Memory Error (allocation.cpp:44), pid=32412, tid=31364
#
# JRE version: OpenJDK Runtime Environment Temurin-21.0.9+10 (21.0.9+10) (build 21.0.9+10-LTS)
# Java VM: OpenJDK 64-Bit Server VM Temurin-21.0.9+10 (21.0.9+10-LTS, mixed mode, sharing, tiered, compressed oops, compressed class ptrs, parallel gc, windows-amd64)
# No core dump will be written. Minidumps are not enabled by default on client versions of Windows
#

---------------  S U M M A R Y ------------

Command Line: --add-modules=ALL-SYSTEM --add-opens=java.base/java.util=ALL-UNNAMED --add-opens=java.base/java.lang=ALL-UNNAMED --add-opens=java.base/sun.nio.fs=ALL-UNNAMED -Declipse.application=org.eclipse.jdt.ls.core.id1 -Dosgi.bundles.defaultStartLevel=4 -Declipse.product=org.eclipse.jdt.ls.core.product -Djava.import.generatesMetadataFilesAtProjectRoot=false -DDetectVMInstallationsJob.disabled=true -Dfile.encoding=utf8 -XX:+UseParallelGC -XX:GCTimeRatio=4 -XX:AdaptiveSizePolicyWeight=90 -Dsun.zip.disableMemoryMapping=true -Xmx2G -Xms100m -Xlog:disable -javaagent:c:\Users\Deeksha Kharvi\.vscode\extensions\redhat.java-1.52.0-win32-x64\lombok\lombok-1.18.39-4050.jar -XX:+HeapDumpOnOutOfMemoryError -XX:HeapDumpPath=c:\Users\Deeksha Kharvi\AppData\Roaming\Code\User\workspaceStorage\c8007df1e31359e12aba15357e731800\redhat.java -Daether.dependencyCollector.impl=bf c:\Users\Deeksha Kharvi\.vscode\extensions\redhat.java-1.52.0-win32-x64\server\plugins\org.eclipse.equinox.launcher_1.7.100.v20251111-0406.jar -configuration c:\Users\Deeksha Kharvi\AppData\Roaming\Code\User\globalStorage\redhat.java\1.52.0\config_win -data c:\Users\Deeksha Kharvi\AppData\Roaming\Code\User\workspaceStorage\c8007df1e31359e12aba15357e731800\redhat.java\jdt_ws --pipe=\\.\pipe\lsp-0bc1d73d4d6fe0064603e6bce7c96d15-sock

Host: AMD Ryzen 5 7520U with Radeon Graphics         , 8 cores, 7G,  Windows 11 , 64 bit Build 26100 (10.0.26100.7705)
Time: Fri Feb 20 15:03:36 2026 India Standard Time elapsed time: 1421.635418 seconds (0d 0h 23m 41s)

---------------  T H R E A D  ---------------

Current thread (0x0000027216b61380):  JavaThread "Attach Listener" daemon [_thread_in_vm, id=31364, stack(0x000000eec1d00000,0x000000eec1e00000) (1024K)]

Stack: [0x000000eec1d00000,0x000000eec1e00000]
Native frames: (J=compiled Java code, j=interpreted, Vv=VM code, C=native code)
V  [jvm.dll+0x6d6e29]
V  [jvm.dll+0x8b4b76]
V  [jvm.dll+0x8b712e]
V  [jvm.dll+0x8b7813]
V  [jvm.dll+0x283d86]
V  [jvm.dll+0xc1277]
V  [jvm.dll+0x6d76d9]
V  [jvm.dll+0x133466]
V  [jvm.dll+0x3f7ea6]
V  [jvm.dll+0x85e9ad]
V  [jvm.dll+0x6d565d]
C  [ucrtbase.dll+0x37b0]
C  [KERNEL32.DLL+0x2e8d7]
C  [ntdll.dll+0x8c40c]


---------------  P R O C E S S  ---------------

Threads class SMR info:
_java_thread_list=0x000002727799c550, length=58, elements={
0x0000027216bed3e0, 0x0000027216b59fa0, 0x0000027216b5e030, 0x0000027216b60930,
0x0000027216b61380, 0x0000027216b63330, 0x0000027216b69f70, 0x0000027216b8cdc0,
0x0000027274012d10, 0x0000027274261920, 0x0000027274384730, 0x0000027274d8a480,
0x000002727487d2d0, 0x00000272748ee970, 0x0000027274921d20, 0x0000027274e52170,
0x00000272750a9120, 0x0000027275486a00, 0x0000027275226840, 0x0000027275697b30,
0x000002727569a290, 0x00000272774ab5c0, 0x00000272774aa210, 0x00000272774abc50,
0x00000272774ad000, 0x00000272774aa8a0, 0x00000272774ac2e0, 0x00000272774aaf30,
0x00000272774ac970, 0x00000272774a9b80, 0x00000272774afdf0, 0x00000272774add20,
0x0000027275b9c670, 0x0000027276ed2580, 0x0000027276ed7ad0, 0x0000027276ed7440,
0x0000027276ed8160, 0x0000027278336620, 0x0000027275b965e0, 0x0000027275b96c70,
0x0000027275b93e80, 0x0000027275b94510, 0x00000272756981c0, 0x000002727569a920,
0x0000027275699570, 0x0000027275698850, 0x00000272756974a0, 0x0000027275b9bfe0,
0x0000027275b9cd00, 0x0000027275b9e0b0, 0x0000027275b9b2c0, 0x0000027278333830,
0x0000027278333ec0, 0x0000027278334550, 0x0000027278335270, 0x00000272743e34c0,
0x00000272743e7cf0, 0x0000027279d2ca80
}

Java Threads: ( => current thread )
  0x0000027216bed3e0 JavaThread "main"                              [_thread_blocked, id=17316, stack(0x000000eec1600000,0x000000eec1700000) (1024K)]
  0x0000027216b59fa0 JavaThread "Reference Handler"          daemon [_thread_blocked, id=26332, stack(0x000000eec1a00000,0x000000eec1b00000) (1024K)]
  0x0000027216b5e030 JavaThread "Finalizer"                  daemon [_thread_blocked, id=18360, stack(0x000000eec1b00000,0x000000eec1c00000) (1024K)]
  0x0000027216b60930 JavaThread "Signal Dispatcher"          daemon [_thread_blocked, id=9008, stack(0x000000eec1c00000,0x000000eec1d00000) (1024K)]
=>0x0000027216b61380 JavaThread "Attach Listener"            daemon [_thread_in_vm, id=31364, stack(0x000000eec1d00000,0x000000eec1e00000) (1024K)]
  0x0000027216b63330 JavaThread "Service Thread"             daemon [_thread_blocked, id=24848, stack(0x000000eec1e00000,0x000000eec1f00000) (1024K)]
  0x0000027216b69f70 JavaThread "Monitor Deflation Thread"   daemon [_thread_blocked, id=32936, stack(0x000000eec1f00000,0x000000eec2000000) (1024K)]
  0x0000027216b8cdc0 JavaThread "C2 CompilerThread0"         daemon [_thread_blocked, id=15636, stack(0x000000eec2000000,0x000000eec2100000) (1024K)]
  0x0000027274012d10 JavaThread "C1 CompilerThread0"         daemon [_thread_blocked, id=27316, stack(0x000000eec2100000,0x000000eec2200000) (1024K)]
  0x0000027274261920 JavaThread "Common-Cleaner"             daemon [_thread_blocked, id=18736, stack(0x000000eec2200000,0x000000eec2300000) (1024K)]
  0x0000027274384730 JavaThread "Notification Thread"        daemon [_thread_blocked, id=7872, stack(0x000000eec2300000,0x000000eec2400000) (1024K)]
  0x0000027274d8a480 JavaThread "Active Thread: Equinox Container: fa8fe07e-56ad-4d0c-97c7-a3e7152e0449"        [_thread_blocked, id=17888, stack(0x000000eec2c00000,0x000000eec2d00000) (1024K)]
  0x000002727487d2d0 JavaThread "Refresh Thread: Equinox Container: fa8fe07e-56ad-4d0c-97c7-a3e7152e0449" daemon [_thread_blocked, id=14500, stack(0x000000eec2e00000,0x000000eec2f00000) (1024K)]
  0x00000272748ee970 JavaThread "Framework Event Dispatcher: Equinox Container: fa8fe07e-56ad-4d0c-97c7-a3e7152e0449" daemon [_thread_blocked, id=23368, stack(0x000000eec2f00000,0x000000eec3000000) (1024K)]
  0x0000027274921d20 JavaThread "Start Level: Equinox Container: fa8fe07e-56ad-4d0c-97c7-a3e7152e0449" daemon [_thread_blocked, id=14008, stack(0x000000eec3000000,0x000000eec3100000) (1024K)]
  0x0000027274e52170 JavaThread "Bundle File Closer"         daemon [_thread_blocked, id=27348, stack(0x000000eec2500000,0x000000eec2600000) (1024K)]
  0x00000272750a9120 JavaThread "SCR Component Actor"        daemon [_thread_blocked, id=32476, stack(0x000000eec2400000,0x000000eec2500000) (1024K)]
  0x0000027275486a00 JavaThread "Worker-JM"                         [_thread_blocked, id=13256, stack(0x000000eec3200000,0x000000eec3300000) (1024K)]
  0x0000027275226840 JavaThread "JNA Cleaner"                daemon [_thread_blocked, id=11068, stack(0x000000eec3100000,0x000000eec3200000) (1024K)]
  0x0000027275697b30 JavaThread "Java indexing"              daemon [_thread_blocked, id=13408, stack(0x000000eec3800000,0x000000eec3900000) (1024K)]
  0x000002727569a290 JavaThread "Thread-1"                   daemon [_thread_in_native, id=12656, stack(0x000000eec3d00000,0x000000eec3e00000) (1024K)]
  0x00000272774ab5c0 JavaThread "Thread-2"                   daemon [_thread_in_native, id=17312, stack(0x000000eec3e00000,0x000000eec3f00000) (1024K)]
  0x00000272774aa210 JavaThread "Thread-3"                   daemon [_thread_in_native, id=19380, stack(0x000000eec3f00000,0x000000eec4000000) (1024K)]
  0x00000272774abc50 JavaThread "Thread-4"                   daemon [_thread_in_native, id=27232, stack(0x000000eec4000000,0x000000eec4100000) (1024K)]
  0x00000272774ad000 JavaThread "Thread-5"                   daemon [_thread_in_native, id=13400, stack(0x000000eec4100000,0x000000eec4200000) (1024K)]
  0x00000272774aa8a0 JavaThread "Thread-6"                   daemon [_thread_in_native, id=9188, stack(0x000000eec4200000,0x000000eec4300000) (1024K)]
  0x00000272774ac2e0 JavaThread "Thread-7"                   daemon [_thread_in_native, id=8348, stack(0x000000eec4300000,0x000000eec4400000) (1024K)]
  0x00000272774aaf30 JavaThread "Thread-8"                   daemon [_thread_in_native, id=26776, stack(0x000000eec4400000,0x000000eec4500000) (1024K)]
  0x00000272774ac970 JavaThread "Thread-9"                   daemon [_thread_in_native, id=5756, stack(0x000000eec4500000,0x000000eec4600000) (1024K)]
  0x00000272774a9b80 JavaThread "pool-2-thread-1"                   [_thread_blocked, id=34340, stack(0x000000eec4600000,0x000000eec4700000) (1024K)]
  0x00000272774afdf0 JavaThread "WorkspaceEventsHandler"            [_thread_blocked, id=30860, stack(0x000000eec4700000,0x000000eec4800000) (1024K)]
  0x00000272774add20 JavaThread "pool-1-thread-1"                   [_thread_blocked, id=11180, stack(0x000000eec4800000,0x000000eec4900000) (1024K)]
  0x0000027275b9c670 JavaThread "Cleaner-0"                  daemon [_thread_blocked, id=6336, stack(0x000000eec1500000,0x000000eec1600000) (1024K)]
  0x0000027276ed2580 JavaThread "ForkJoinPool.commonPool-worker-13" daemon [_thread_blocked, id=15184, stack(0x000000eec3300000,0x000000eec3400000) (1024K)]
  0x0000027276ed7ad0 JavaThread "ForkJoinPool.commonPool-worker-14" daemon [_thread_blocked, id=5740, stack(0x000000eec1400000,0x000000eec1500000) (1024K)]
  0x0000027276ed7440 JavaThread "ForkJoinPool.commonPool-worker-16" daemon [_thread_blocked, id=12856, stack(0x000000eec3600000,0x000000eec3700000) (1024K)]
  0x0000027276ed8160 JavaThread "ForkJoinPool.commonPool-worker-18" daemon [_thread_blocked, id=26412, stack(0x000000eec3a00000,0x000000eec3b00000) (1024K)]
  0x0000027278336620 JavaThread "Compiler Source File Reader" daemon [_thread_blocked, id=18300, stack(0x000000eec4900000,0x000000eec4a00000) (1024K)]
  0x0000027275b965e0 JavaThread "LocalFile Deleter"          daemon [_thread_blocked, id=15944, stack(0x000000eec4c00000,0x000000eec4d00000) (1024K)]
  0x0000027275b96c70 JavaThread "LocalFile Deleter"          daemon [_thread_blocked, id=30220, stack(0x000000eec4d00000,0x000000eec4e00000) (1024K)]
  0x0000027275b93e80 JavaThread "LocalFile Deleter"          daemon [_thread_blocked, id=25532, stack(0x000000eec4e00000,0x000000eec4f00000) (1024K)]
  0x0000027275b94510 JavaThread "LocalFile Deleter"          daemon [_thread_blocked, id=32424, stack(0x000000eec4f00000,0x000000eec5000000) (1024K)]
  0x00000272756981c0 JavaThread "LocalFile Deleter"          daemon [_thread_blocked, id=5840, stack(0x000000eec5000000,0x000000eec5100000) (1024K)]
  0x000002727569a920 JavaThread "LocalFile Deleter"          daemon [_thread_blocked, id=28504, stack(0x000000eec5100000,0x000000eec5200000) (1024K)]
  0x0000027275699570 JavaThread "Compiler Source File Reader" daemon [_thread_blocked, id=6100, stack(0x000000eec5200000,0x000000eec5300000) (1024K)]
  0x0000027275698850 JavaThread "Compiler Source File Reader" daemon [_thread_blocked, id=25856, stack(0x000000eec5300000,0x000000eec5400000) (1024K)]
  0x00000272756974a0 JavaThread "Compiler Source File Reader" daemon [_thread_blocked, id=27372, stack(0x000000eec5400000,0x000000eec5500000) (1024K)]
  0x0000027275b9bfe0 JavaThread "Compiler Source File Reader" daemon [_thread_blocked, id=29192, stack(0x000000eec5500000,0x000000eec5600000) (1024K)]
  0x0000027275b9cd00 JavaThread "Compiler Source File Reader" daemon [_thread_blocked, id=18920, stack(0x000000eec5600000,0x000000eec5700000) (1024K)]
  0x0000027275b9e0b0 JavaThread "Compiler Class File Writer" daemon [_thread_blocked, id=34244, stack(0x000000eec5800000,0x000000eec5900000) (1024K)]
  0x0000027275b9b2c0 JavaThread "Compiler Class File Writer" daemon [_thread_blocked, id=23456, stack(0x000000eec5900000,0x000000eec5a00000) (1024K)]
  0x0000027278333830 JavaThread "Compiler Class File Writer" daemon [_thread_blocked, id=24332, stack(0x000000eec5a00000,0x000000eec5b00000) (1024K)]
  0x0000027278333ec0 JavaThread "Compiler Class File Writer" daemon [_thread_blocked, id=9664, stack(0x000000eec5b00000,0x000000eec5c00000) (1024K)]
  0x0000027278334550 JavaThread "Compiler Class File Writer" daemon [_thread_blocked, id=35784, stack(0x000000eec5c00000,0x000000eec5d00000) (1024K)]
  0x0000027278335270 JavaThread "Compiler Class File Writer" daemon [_thread_blocked, id=32916, stack(0x000000eec5d00000,0x000000eec5e00000) (1024K)]
  0x00000272743e34c0 JavaThread "Worker-12"                         [_thread_blocked, id=14724, stack(0x000000eec5e00000,0x000000eec5f00000) (1024K)]
  0x00000272743e7cf0 JavaThread "Worker-13"                         [_thread_blocked, id=3468, stack(0x000000eec5f00000,0x000000eec6000000) (1024K)]
  0x0000027279d2ca80 JavaThread "ForkJoinPool.commonPool-worker-19" daemon [_thread_blocked, id=13416, stack(0x000000eec3700000,0x000000eec3800000) (1024K)]
Total: 58

Other Threads:
  0x0000027216b53550 VMThread "VM Thread"                           [id=1704, stack(0x000000eec1900000,0x000000eec1a00000) (1024K)]
  0x0000027216a6ca00 WatcherThread "VM Periodic Task Thread"        [id=15880, stack(0x000000eec1800000,0x000000eec1900000) (1024K)]
  0x0000027216bfd7a0 WorkerThread "GC Thread#0"                     [id=31892, stack(0x000000eec1700000,0x000000eec1800000) (1024K)]
  0x0000027274bf9a90 WorkerThread "GC Thread#1"                     [id=34748, stack(0x000000eec2600000,0x000000eec2700000) (1024K)]
  0x0000027274be0e70 WorkerThread "GC Thread#2"                     [id=17292, stack(0x000000eec2700000,0x000000eec2800000) (1024K)]
  0x0000027274be1210 WorkerThread "GC Thread#3"                     [id=8724, stack(0x000000eec2800000,0x000000eec2900000) (1024K)]
  0x000002727499a1e0 WorkerThread "GC Thread#4"                     [id=16848, stack(0x000000eec2900000,0x000000eec2a00000) (1024K)]
  0x0000027274d037a0 WorkerThread "GC Thread#5"                     [id=10528, stack(0x000000eec2a00000,0x000000eec2b00000) (1024K)]
  0x0000027274d02920 WorkerThread "GC Thread#6"                     [id=33896, stack(0x000000eec2b00000,0x000000eec2c00000) (1024K)]
  0x0000027274d03ee0 WorkerThread "GC Thread#7"                     [id=34396, stack(0x000000eec2d00000,0x000000eec2e00000) (1024K)]
Total: 10

Threads with active compile tasks:
Total: 0

VM state: not at safepoint (normal execution)

VM Mutex/Monitor currently owned by a thread: None

Heap address: 0x0000000080000000, size: 2048 MB, Compressed Oops mode: 32-bit

CDS archive(s) mapped at: [0x000002722e000000-0x000002722eba0000-0x000002722eba0000), size 12189696, SharedBaseAddress: 0x000002722e000000, ArchiveRelocationMode: 1.
Compressed class space mapped at: 0x000002722f000000-0x000002726f000000, reserved size: 1073741824
Narrow klass base: 0x000002722e000000, Narrow klass shift: 0, Narrow klass range: 0x100000000

GC Precious Log:
 CardTable entry size: 512
 CPUs: 8 total, 8 available
 Memory: 7379M
 Large Page Support: Disabled
 NUMA Support: Disabled
 Compressed Oops: Enabled (32-bit)
 Alignments: Space 512K, Generation 512K, Heap 2M
 Heap Min Capacity: 100M
 Heap Initial Capacity: 100M
 Heap Max Capacity: 2G
 Pre-touch: Disabled
 Parallel Workers: 8

Heap:
 PSYoungGen      total 5120K, used 3151K [0x00000000d5580000, 0x00000000d5c00000, 0x0000000100000000)
  eden space 4096K, 59% used [0x00000000d5580000,0x00000000d57dc560,0x00000000d5980000)
  from space 1024K, 71% used [0x00000000d5a80000,0x00000000d5b376f8,0x00000000d5b80000)
  to   space 512K, 0% used [0x00000000d5b80000,0x00000000d5b80000,0x00000000d5c00000)
 ParOldGen       total 1235968K, used 1235657K [0x0000000080000000, 0x00000000cb700000, 0x00000000d5580000)
  object space 1235968K, 99% used [0x0000000080000000,0x00000000cb6b2478,0x00000000cb700000)
 Metaspace       used 96604K, committed 98816K, reserved 1179648K
  class space    used 9770K, committed 10752K, reserved 1048576K

Card table byte_map: [0x0000027216580000,0x0000027216990000] _byte_map_base: 0x0000027216180000

Marking Bits: (ParMarkBitMap*) 0x00007ffdea122460
 Begin Bits: [0x0000027229090000, 0x000002722b090000)
 End Bits:   [0x000002722b090000, 0x000002722d090000)

Polling page: 0x0000027214a30000

Metaspace:

Usage:
  Non-class:     84.80 MB used.
      Class:      9.54 MB used.
       Both:     94.34 MB used.

Virtual space:
  Non-class space:      128.00 MB reserved,      86.00 MB ( 67%) committed,  2 nodes.
      Class space:        1.00 GB reserved,      10.50 MB (  1%) committed,  1 nodes.
             Both:        1.12 GB reserved,      96.50 MB (  8%) committed. 

Chunk freelists:
   Non-Class:  9.73 MB
       Class:  5.37 MB
        Both:  15.10 MB

MaxMetaspaceSize: unlimited
CompressedClassSpaceSize: 1.00 GB
Initial GC threshold: 21.00 MB
Current GC threshold: 150.25 MB
CDS: on
 - commit_granule_bytes: 65536.
 - commit_granule_words: 8192.
 - virtual_space_node_default_size: 8388608.
 - enlarge_chunks_in_place: 1.
 - use_allocation_guard: 0.


Internal statistics:

num_allocs_failed_limit: 9.
num_arena_births: 1846.
num_arena_deaths: 18.
num_vsnodes_births: 3.
num_vsnodes_deaths: 0.
num_space_committed: 1544.
num_space_uncommitted: 0.
num_chunks_returned_to_freelist: 27.
num_chunks_taken_from_freelist: 6690.
num_chunk_merges: 13.
num_chunk_splits: 4015.
num_chunks_enlarged: 2174.
num_inconsistent_stats: 0.

CodeHeap 'non-profiled nmethods': size=120000Kb used=27651Kb max_used=27651Kb free=92348Kb
 bounds [0x00000272218b0000, 0x00000272233c0000, 0x0000027228de0000]
CodeHeap 'profiled nmethods': size=120000Kb used=53361Kb max_used=53361Kb free=66638Kb
 bounds [0x0000027219de0000, 0x000002721d200000, 0x0000027221310000]
CodeHeap 'non-nmethods': size=5760Kb used=1528Kb max_used=1616Kb free=4232Kb
 bounds [0x0000027221310000, 0x0000027221580000, 0x00000272218b0000]
CodeCache: size=245760Kb, used=82540Kb, max_used=82628Kb, free=163218Kb
 total_blobs=22718, nmethods=21878, adapters=741, full_count=0
Compilation: enabled, stopped_count=0, restarted_count=0

Compilation events (20 events):
Event: 1378.984 Thread 0x0000027274012d10 nmethod 26238 0x00000272233ad510 code [0x00000272233ad6a0, 0x00000272233ad770]
Event: 1378.984 Thread 0x0000027274012d10 26239       1       javax.xml.parsers.DocumentBuilderFactory::isIgnoringElementContentWhitespace (5 bytes)
Event: 1378.984 Thread 0x0000027274012d10 nmethod 26239 0x00000272233ad810 code [0x00000272233ad9a0, 0x00000272233ada70]
Event: 1378.984 Thread 0x0000027274012d10 26240       1       javax.xml.parsers.DocumentBuilderFactory::isExpandEntityReferences (5 bytes)
Event: 1378.984 Thread 0x0000027274012d10 nmethod 26240 0x00000272233adb10 code [0x00000272233adca0, 0x00000272233add70]
Event: 1378.984 Thread 0x0000027274012d10 26241       1       javax.xml.parsers.DocumentBuilderFactory::isIgnoringComments (5 bytes)
Event: 1378.984 Thread 0x0000027274012d10 nmethod 26241 0x00000272233ade10 code [0x00000272233adfa0, 0x00000272233ae070]
Event: 1378.984 Thread 0x0000027274012d10 26242       1       javax.xml.parsers.DocumentBuilderFactory::isCoalescing (5 bytes)
Event: 1378.984 Thread 0x0000027274012d10 nmethod 26242 0x00000272233ae110 code [0x00000272233ae2a0, 0x00000272233ae370]
Event: 1378.984 Thread 0x0000027274012d10 26243       1       com.sun.org.apache.xerces.internal.jaxp.DocumentBuilderFactoryImpl::isXIncludeAware (5 bytes)
Event: 1378.984 Thread 0x0000027274012d10 nmethod 26243 0x00000272233ae410 code [0x00000272233ae5a0, 0x00000272233ae670]
Event: 1378.984 Thread 0x0000027274012d10 26244       1       com.sun.org.apache.xerces.internal.jaxp.DocumentBuilderFactoryImpl::getSchema (5 bytes)
Event: 1378.984 Thread 0x0000027274012d10 nmethod 26244 0x00000272233ae710 code [0x00000272233ae8a0, 0x00000272233ae968]
Event: 1378.990 Thread 0x0000027274012d10 26246       3       org.eclipse.core.internal.resources.ProjectDescription::getBuildSpec (60 bytes)
Event: 1378.991 Thread 0x0000027274012d10 nmethod 26246 0x000002721d1fbe10 code [0x000002721d1fc0a0, 0x000002721d1fcdb8]
Event: 1379.006 Thread 0x0000027216b8cdc0 nmethod 26237 0x00000272233aea10 code [0x00000272233aece0, 0x00000272233afb70]
Event: 1379.006 Thread 0x0000027216b8cdc0 26245       4       com.sun.org.apache.xerces.internal.impl.XMLDocumentScannerImpl::next (10 bytes)
Event: 1379.007 Thread 0x0000027216b8cdc0 nmethod 26245 0x00000272233b0990 code [0x00000272233b0b20, 0x00000272233b0bd8]
Event: 1416.481 Thread 0x0000027274012d10 26247       3       sun.nio.fs.NativeBuffer$Deallocator::run (11 bytes)
Event: 1416.481 Thread 0x0000027274012d10 nmethod 26247 0x000002721d1fd210 code [0x000002721d1fd3e0, 0x000002721d1fd700]

GC Heap History (20 events):
Event: 1292.407 GC heap before
{Heap before GC invocations=1689 (full 5):
 PSYoungGen      total 9216K, used 9057K [0x00000000d5580000, 0x00000000d6200000, 0x0000000100000000)
  eden space 5632K, 99% used [0x00000000d5580000,0x00000000d5afffa0,0x00000000d5b00000)
  from space 3584K, 95% used [0x00000000d5b00000,0x00000000d5e58830,0x00000000d5e80000)
  to   space 3584K, 0% used [0x00000000d5e80000,0x00000000d5e80000,0x00000000d6200000)
 ParOldGen       total 1224192K, used 1223728K [0x0000000080000000, 0x00000000cab80000, 0x00000000d5580000)
  object space 1224192K, 99% used [0x0000000080000000,0x00000000cab0c248,0x00000000cab80000)
 Metaspace       used 96583K, committed 98816K, reserved 1179648K
  class space    used 9770K, committed 10752K, reserved 1048576K
}
Event: 1292.413 GC heap after
{Heap after GC invocations=1689 (full 5):
 PSYoungGen      total 8192K, used 3570K [0x00000000d5580000, 0x00000000d6400000, 0x0000000100000000)
  eden space 4608K, 0% used [0x00000000d5580000,0x00000000d5580000,0x00000000d5a00000)
  from space 3584K, 99% used [0x00000000d5e80000,0x00000000d61fc8e0,0x00000000d6200000)
  to   space 4608K, 0% used [0x00000000d5a00000,0x00000000d5a00000,0x00000000d5e80000)
 ParOldGen       total 1224192K, used 1224171K [0x0000000080000000, 0x00000000cab80000, 0x00000000d5580000)
  object space 1224192K, 99% used [0x0000000080000000,0x00000000cab7aee8,0x00000000cab80000)
 Metaspace       used 96583K, committed 98816K, reserved 1179648K
  class space    used 9770K, committed 10752K, reserved 1048576K
}
Event: 1295.799 GC heap before
{Heap before GC invocations=1690 (full 5):
 PSYoungGen      total 8192K, used 8178K [0x00000000d5580000, 0x00000000d6400000, 0x0000000100000000)
  eden space 4608K, 99% used [0x00000000d5580000,0x00000000d59fff78,0x00000000d5a00000)
  from space 3584K, 99% used [0x00000000d5e80000,0x00000000d61fc8e0,0x00000000d6200000)
  to   space 4608K, 0% used [0x00000000d5a00000,0x00000000d5a00000,0x00000000d5e80000)
 ParOldGen       total 1224192K, used 1224171K [0x0000000080000000, 0x00000000cab80000, 0x00000000d5580000)
  object space 1224192K, 99% used [0x0000000080000000,0x00000000cab7aee8,0x00000000cab80000)
 Metaspace       used 96584K, committed 98816K, reserved 1179648K
  class space    used 9770K, committed 10752K, reserved 1048576K
}
Event: 1295.804 GC heap after
{Heap after GC invocations=1690 (full 5):
 PSYoungGen      total 6144K, used 1282K [0x00000000d5580000, 0x00000000d5f00000, 0x0000000100000000)
  eden space 4608K, 0% used [0x00000000d5580000,0x00000000d5580000,0x00000000d5a00000)
  from space 1536K, 83% used [0x00000000d5a00000,0x00000000d5b40830,0x00000000d5b80000)
  to   space 2560K, 0% used [0x00000000d5c80000,0x00000000d5c80000,0x00000000d5f00000)
 ParOldGen       total 1224704K, used 1224435K [0x0000000080000000, 0x00000000cac00000, 0x00000000d5580000)
  object space 1224704K, 99% used [0x0000000080000000,0x00000000cabbcee8,0x00000000cac00000)
 Metaspace       used 96584K, committed 98816K, reserved 1179648K
  class space    used 9770K, committed 10752K, reserved 1048576K
}
Event: 1295.831 GC heap before
{Heap before GC invocations=1691 (full 5):
 PSYoungGen      total 6144K, used 5890K [0x00000000d5580000, 0x00000000d5f00000, 0x0000000100000000)
  eden space 4608K, 100% used [0x00000000d5580000,0x00000000d5a00000,0x00000000d5a00000)
  from space 1536K, 83% used [0x00000000d5a00000,0x00000000d5b40830,0x00000000d5b80000)
  to   space 2560K, 0% used [0x00000000d5c80000,0x00000000d5c80000,0x00000000d5f00000)
 ParOldGen       total 1224704K, used 1224435K [0x0000000080000000, 0x00000000cac00000, 0x00000000d5580000)
  object space 1224704K, 99% used [0x0000000080000000,0x00000000cabbcee8,0x00000000cac00000)
 Metaspace       used 96586K, committed 98816K, reserved 1179648K
  class space    used 9770K, committed 10752K, reserved 1048576K
}
Event: 1295.834 GC heap after
{Heap after GC invocations=1691 (full 5):
 PSYoungGen      total 5120K, used 308K [0x00000000d5580000, 0x00000000d5d00000, 0x0000000100000000)
  eden space 4608K, 0% used [0x00000000d5580000,0x00000000d5580000,0x00000000d5a00000)
  from space 512K, 60% used [0x00000000d5c80000,0x00000000d5ccd200,0x00000000d5d00000)
  to   space 1024K, 0% used [0x00000000d5b00000,0x00000000d5b00000,0x00000000d5c00000)
 ParOldGen       total 1224704K, used 1224507K [0x0000000080000000, 0x00000000cac00000, 0x00000000d5580000)
  object space 1224704K, 99% used [0x0000000080000000,0x00000000cabceee8,0x00000000cac00000)
 Metaspace       used 96586K, committed 98816K, reserved 1179648K
  class space    used 9770K, committed 10752K, reserved 1048576K
}
Event: 1295.848 GC heap before
{Heap before GC invocations=1692 (full 5):
 PSYoungGen      total 5120K, used 4897K [0x00000000d5580000, 0x00000000d5d00000, 0x0000000100000000)
  eden space 4608K, 99% used [0x00000000d5580000,0x00000000d59fb4f8,0x00000000d5a00000)
  from space 512K, 60% used [0x00000000d5c80000,0x00000000d5ccd200,0x00000000d5d00000)
  to   space 1024K, 0% used [0x00000000d5b00000,0x00000000d5b00000,0x00000000d5c00000)
 ParOldGen       total 1224704K, used 1224507K [0x0000000080000000, 0x00000000cac00000, 0x00000000d5580000)
  object space 1224704K, 99% used [0x0000000080000000,0x00000000cabceee8,0x00000000cac00000)
 Metaspace       used 96586K, committed 98816K, reserved 1179648K
  class space    used 9770K, committed 10752K, reserved 1048576K
}
Event: 1295.851 GC heap after
{Heap after GC invocations=1692 (full 5):
 PSYoungGen      total 5632K, used 1012K [0x00000000d5580000, 0x00000000d6200000, 0x0000000100000000)
  eden space 4608K, 0% used [0x00000000d5580000,0x00000000d5580000,0x00000000d5a00000)
  from space 1024K, 98% used [0x00000000d5b00000,0x00000000d5bfd158,0x00000000d5c00000)
  to   space 4096K, 0% used [0x00000000d5e00000,0x00000000d5e00000,0x00000000d6200000)
 ParOldGen       total 1227264K, used 1226995K [0x0000000080000000, 0x00000000cae80000, 0x00000000d5580000)
  object space 1227264K, 99% used [0x0000000080000000,0x00000000cae3ce08,0x00000000cae80000)
 Metaspace       used 96586K, committed 98816K, reserved 1179648K
  class space    used 9770K, committed 10752K, reserved 1048576K
}
Event: 1295.872 GC heap before
{Heap before GC invocations=1693 (full 5):
 PSYoungGen      total 5632K, used 5620K [0x00000000d5580000, 0x00000000d6200000, 0x0000000100000000)
  eden space 4608K, 100% used [0x00000000d5580000,0x00000000d5a00000,0x00000000d5a00000)
  from space 1024K, 98% used [0x00000000d5b00000,0x00000000d5bfd158,0x00000000d5c00000)
  to   space 4096K, 0% used [0x00000000d5e00000,0x00000000d5e00000,0x00000000d6200000)
 ParOldGen       total 1227264K, used 1226995K [0x0000000080000000, 0x00000000cae80000, 0x00000000d5580000)
  object space 1227264K, 99% used [0x0000000080000000,0x00000000cae3ce08,0x00000000cae80000)
 Metaspace       used 96586K, committed 98816K, reserved 1179648K
  class space    used 9770K, committed 10752K, reserved 1048576K
}
Event: 1295.875 GC heap after
{Heap after GC invocations=1693 (full 5):
 PSYoungGen      total 8192K, used 3978K [0x00000000d5580000, 0x00000000d6300000, 0x0000000100000000)
  eden space 4096K, 0% used [0x00000000d5580000,0x00000000d5580000,0x00000000d5980000)
  from space 4096K, 97% used [0x00000000d5e00000,0x00000000d61e28b8,0x00000000d6200000)
  to   space 4608K, 0% used [0x00000000d5980000,0x00000000d5980000,0x00000000d5e00000)
 ParOldGen       total 1228288K, used 1228017K [0x0000000080000000, 0x00000000caf80000, 0x00000000d5580000)
  object space 1228288K, 99% used [0x0000000080000000,0x00000000caf3c600,0x00000000caf80000)
 Metaspace       used 96586K, committed 98816K, reserved 1179648K
  class space    used 9770K, committed 10752K, reserved 1048576K
}
Event: 1295.919 GC heap before
{Heap before GC invocations=1694 (full 5):
 PSYoungGen      total 8192K, used 8074K [0x00000000d5580000, 0x00000000d6300000, 0x0000000100000000)
  eden space 4096K, 100% used [0x00000000d5580000,0x00000000d5980000,0x00000000d5980000)
  from space 4096K, 97% used [0x00000000d5e00000,0x00000000d61e28b8,0x00000000d6200000)
  to   space 4608K, 0% used [0x00000000d5980000,0x00000000d5980000,0x00000000d5e00000)
 ParOldGen       total 1228288K, used 1228017K [0x0000000080000000, 0x00000000caf80000, 0x00000000d5580000)
  object space 1228288K, 99% used [0x0000000080000000,0x00000000caf3c600,0x00000000caf80000)
 Metaspace       used 96591K, committed 98816K, reserved 1179648K
  class space    used 9770K, committed 10752K, reserved 1048576K
}
Event: 1295.923 GC heap after
{Heap after GC invocations=1694 (full 5):
 PSYoungGen      total 5632K, used 1280K [0x00000000d5580000, 0x00000000d5e80000, 0x0000000100000000)
  eden space 4096K, 0% used [0x00000000d5580000,0x00000000d5580000,0x00000000d5980000)
  from space 1536K, 83% used [0x00000000d5980000,0x00000000d5ac0000,0x00000000d5b00000)
  to   space 2560K, 0% used [0x00000000d5c00000,0x00000000d5c00000,0x00000000d5e80000)
 ParOldGen       total 1231872K, used 1231803K [0x0000000080000000, 0x00000000cb300000, 0x00000000d5580000)
  object space 1231872K, 99% used [0x0000000080000000,0x00000000cb2eed58,0x00000000cb300000)
 Metaspace       used 96591K, committed 98816K, reserved 1179648K
  class space    used 9770K, committed 10752K, reserved 1048576K
}
Event: 1295.935 GC heap before
{Heap before GC invocations=1695 (full 5):
 PSYoungGen      total 5632K, used 5376K [0x00000000d5580000, 0x00000000d5e80000, 0x0000000100000000)
  eden space 4096K, 100% used [0x00000000d5580000,0x00000000d5980000,0x00000000d5980000)
  from space 1536K, 83% used [0x00000000d5980000,0x00000000d5ac0000,0x00000000d5b00000)
  to   space 2560K, 0% used [0x00000000d5c00000,0x00000000d5c00000,0x00000000d5e80000)
 ParOldGen       total 1231872K, used 1231803K [0x0000000080000000, 0x00000000cb300000, 0x00000000d5580000)
  object space 1231872K, 99% used [0x0000000080000000,0x00000000cb2eed58,0x00000000cb300000)
 Metaspace       used 96591K, committed 98816K, reserved 1179648K
  class space    used 9770K, committed 10752K, reserved 1048576K
}
Event: 1295.938 GC heap after
{Heap after GC invocations=1695 (full 5):
 PSYoungGen      total 5120K, used 837K [0x00000000d5580000, 0x00000000d5d00000, 0x0000000100000000)
  eden space 4096K, 0% used [0x00000000d5580000,0x00000000d5580000,0x00000000d5980000)
  from space 1024K, 81% used [0x00000000d5c00000,0x00000000d5cd14d8,0x00000000d5d00000)
  to   space 1536K, 0% used [0x00000000d5a00000,0x00000000d5a00000,0x00000000d5b80000)
 ParOldGen       total 1233408K, used 1232966K [0x0000000080000000, 0x00000000cb480000, 0x00000000d5580000)
  object space 1233408K, 99% used [0x0000000080000000,0x00000000cb411aa8,0x00000000cb480000)
 Metaspace       used 96591K, committed 98816K, reserved 1179648K
  class space    used 9770K, committed 10752K, reserved 1048576K
}
Event: 1295.951 GC heap before
{Heap before GC invocations=1696 (full 5):
 PSYoungGen      total 5120K, used 4933K [0x00000000d5580000, 0x00000000d5d00000, 0x0000000100000000)
  eden space 4096K, 100% used [0x00000000d5580000,0x00000000d5980000,0x00000000d5980000)
  from space 1024K, 81% used [0x00000000d5c00000,0x00000000d5cd14d8,0x00000000d5d00000)
  to   space 1536K, 0% used [0x00000000d5a00000,0x00000000d5a00000,0x00000000d5b80000)
 ParOldGen       total 1233408K, used 1232966K [0x0000000080000000, 0x00000000cb480000, 0x00000000d5580000)
  object space 1233408K, 99% used [0x0000000080000000,0x00000000cb411aa8,0x00000000cb480000)
 Metaspace       used 96591K, committed 98816K, reserved 1179648K
  class space    used 9770K, committed 10752K, reserved 1048576K
}
Event: 1295.956 GC heap after
{Heap after GC invocations=1696 (full 5):
 PSYoungGen      total 5632K, used 512K [0x00000000d5580000, 0x00000000d5c80000, 0x0000000100000000)
  eden space 4096K, 0% used [0x00000000d5580000,0x00000000d5580000,0x00000000d5980000)
  from space 1536K, 33% used [0x00000000d5a00000,0x00000000d5a80000,0x00000000d5b80000)
  to   space 1024K, 0% used [0x00000000d5b80000,0x00000000d5b80000,0x00000000d5c80000)
 ParOldGen       total 1233920K, used 1233422K [0x0000000080000000, 0x00000000cb500000, 0x00000000d5580000)
  object space 1233920K, 99% used [0x0000000080000000,0x00000000cb483ac8,0x00000000cb500000)
 Metaspace       used 96591K, committed 98816K, reserved 1179648K
  class space    used 9770K, committed 10752K, reserved 1048576K
}
Event: 1296.423 GC heap before
{Heap before GC invocations=1697 (full 5):
 PSYoungGen      total 5632K, used 4287K [0x00000000d5580000, 0x00000000d5c80000, 0x0000000100000000)
  eden space 4096K, 92% used [0x00000000d5580000,0x00000000d592fff0,0x00000000d5980000)
  from space 1536K, 33% used [0x00000000d5a00000,0x00000000d5a80000,0x00000000d5b80000)
  to   space 1024K, 0% used [0x00000000d5b80000,0x00000000d5b80000,0x00000000d5c80000)
 ParOldGen       total 1233920K, used 1233422K [0x0000000080000000, 0x00000000cb500000, 0x00000000d5580000)
  object space 1233920K, 99% used [0x0000000080000000,0x00000000cb483ac8,0x00000000cb500000)
 Metaspace       used 96591K, committed 98816K, reserved 1179648K
  class space    used 9770K, committed 10752K, reserved 1048576K
}
Event: 1296.428 GC heap after
{Heap after GC invocations=1697 (full 5):
 PSYoungGen      total 5120K, used 785K [0x00000000d5580000, 0x00000000d5c80000, 0x0000000100000000)
  eden space 4096K, 0% used [0x00000000d5580000,0x00000000d5580000,0x00000000d5980000)
  from space 1024K, 76% used [0x00000000d5b80000,0x00000000d5c447f0,0x00000000d5c80000)
  to   space 1024K, 0% used [0x00000000d5a80000,0x00000000d5a80000,0x00000000d5b80000)
 ParOldGen       total 1235968K, used 1235413K [0x0000000080000000, 0x00000000cb700000, 0x00000000d5580000)
  object space 1235968K, 99% used [0x0000000080000000,0x00000000cb675468,0x00000000cb700000)
 Metaspace       used 96591K, committed 98816K, reserved 1179648K
  class space    used 9770K, committed 10752K, reserved 1048576K
}
Event: 1378.791 GC heap before
{Heap before GC invocations=1698 (full 5):
 PSYoungGen      total 5120K, used 4881K [0x00000000d5580000, 0x00000000d5c80000, 0x0000000100000000)
  eden space 4096K, 100% used [0x00000000d5580000,0x00000000d5980000,0x00000000d5980000)
  from space 1024K, 76% used [0x00000000d5b80000,0x00000000d5c447f0,0x00000000d5c80000)
  to   space 1024K, 0% used [0x00000000d5a80000,0x00000000d5a80000,0x00000000d5b80000)
 ParOldGen       total 1235968K, used 1235413K [0x0000000080000000, 0x00000000cb700000, 0x00000000d5580000)
  object space 1235968K, 99% used [0x0000000080000000,0x00000000cb675468,0x00000000cb700000)
 Metaspace       used 96595K, committed 98816K, reserved 1179648K
  class space    used 9770K, committed 10752K, reserved 1048576K
}
Event: 1378.796 GC heap after
{Heap after GC invocations=1698 (full 5):
 PSYoungGen      total 5120K, used 733K [0x00000000d5580000, 0x00000000d5c00000, 0x0000000100000000)
  eden space 4096K, 0% used [0x00000000d5580000,0x00000000d5580000,0x00000000d5980000)
  from space 1024K, 71% used [0x00000000d5a80000,0x00000000d5b376f8,0x00000000d5b80000)
  to   space 512K, 0% used [0x00000000d5b80000,0x00000000d5b80000,0x00000000d5c00000)
 ParOldGen       total 1235968K, used 1235657K [0x0000000080000000, 0x00000000cb700000, 0x00000000d5580000)
  object space 1235968K, 99% used [0x0000000080000000,0x00000000cb6b2478,0x00000000cb700000)
 Metaspace       used 96595K, committed 98816K, reserved 1179648K
  class space    used 9770K, committed 10752K, reserved 1048576K
}

Dll operation events (12 events):
Event: 0.023 Loaded shared library c:\Users\Deeksha Kharvi\.vscode\extensions\redhat.java-1.52.0-win32-x64\jre\21.0.9-win32-x86_64\bin\java.dll
Event: 0.161 Loaded shared library c:\Users\Deeksha Kharvi\.vscode\extensions\redhat.java-1.52.0-win32-x64\jre\21.0.9-win32-x86_64\bin\zip.dll
Event: 0.207 Loaded shared library C:\Users\Deeksha Kharvi\.vscode\extensions\redhat.java-1.52.0-win32-x64\jre\21.0.9-win32-x86_64\bin\instrument.dll
Event: 0.226 Loaded shared library C:\Users\Deeksha Kharvi\.vscode\extensions\redhat.java-1.52.0-win32-x64\jre\21.0.9-win32-x86_64\bin\net.dll
Event: 0.232 Loaded shared library C:\Users\Deeksha Kharvi\.vscode\extensions\redhat.java-1.52.0-win32-x64\jre\21.0.9-win32-x86_64\bin\nio.dll
Event: 0.257 Loaded shared library C:\Users\Deeksha Kharvi\.vscode\extensions\redhat.java-1.52.0-win32-x64\jre\21.0.9-win32-x86_64\bin\zip.dll
Event: 0.324 Loaded shared library C:\Users\Deeksha Kharvi\.vscode\extensions\redhat.java-1.52.0-win32-x64\jre\21.0.9-win32-x86_64\bin\jimage.dll
Event: 0.641 Loaded shared library c:\Users\Deeksha Kharvi\.vscode\extensions\redhat.java-1.52.0-win32-x64\jre\21.0.9-win32-x86_64\bin\verify.dll
Event: 3.135 Loaded shared library C:\Users\Deeksha Kharvi\AppData\Roaming\Code\User\globalStorage\redhat.java\1.52.0\config_win\org.eclipse.equinox.launcher\org.eclipse.equinox.launcher.win32.win32.x86_64_1.2.1500.v20260121-1430\eclipse_11919.dll
Event: 6.099 Loaded shared library C:\Users\Deeksha Kharvi\AppData\Local\Temp\jna--720421924\jna16904795286659529736.dll
Event: 11.971 Loaded shared library C:\Users\Deeksha Kharvi\.vscode\extensions\redhat.java-1.52.0-win32-x64\jre\21.0.9-win32-x86_64\bin\sunmscapi.dll
Event: 12.429 Loaded shared library C:\Users\Deeksha Kharvi\.vscode\extensions\redhat.java-1.52.0-win32-x64\jre\21.0.9-win32-x86_64\bin\extnet.dll

Deoptimization events (20 events):
Event: 1378.787 Thread 0x0000027279d2a9b0 Uncommon trap: trap_request=0xffffff45 fr.pc=0x00000272220ed834 relative=0x0000000000000094
Event: 1378.787 Thread 0x0000027279d2a9b0 Uncommon trap: reason=unstable_if action=reinterpret pc=0x00000272220ed834 method=java.util.concurrent.ForkJoinPool$WorkQueue.nextLocalTask(I)Ljava/util/concurrent/ForkJoinTask; @ 30 c2
Event: 1378.787 Thread 0x0000027279d2a9b0 DEOPT PACKING pc=0x00000272220ed834 sp=0x000000eec35ff1f0
Event: 1378.787 Thread 0x0000027279d2a9b0 DEOPT UNPACKING pc=0x0000027221363aa2 sp=0x000000eec35ff158 mode 2
Event: 1378.788 Thread 0x0000027279d2b6d0 Uncommon trap: trap_request=0xffffffc6 fr.pc=0x000002722207a77c relative=0x000000000000005c
Event: 1378.788 Thread 0x0000027279d2b6d0 Uncommon trap: reason=bimorphic_or_optimized_type_check action=maybe_recompile pc=0x000002722207a77c method=java.util.stream.Nodes.flatten(Ljava/util/stream/Node;Ljava/util/function/IntFunction;)Ljava/util/stream/Node; @ 1 c2
Event: 1378.788 Thread 0x0000027279d2b6d0 DEOPT PACKING pc=0x000002722207a77c sp=0x000000eec34ff0f0
Event: 1378.788 Thread 0x0000027279d2b6d0 DEOPT UNPACKING pc=0x0000027221363aa2 sp=0x000000eec34ff068 mode 2
Event: 1378.824 Thread 0x00000272743e7cf0 Uncommon trap: trap_request=0xffffffc6 fr.pc=0x000002722312010c relative=0x0000000000001bac
Event: 1378.824 Thread 0x00000272743e7cf0 Uncommon trap: reason=bimorphic_or_optimized_type_check action=maybe_recompile pc=0x000002722312010c method=org.eclipse.core.internal.dtree.AbstractDataTreeNode.assembleWith([Lorg/eclipse/core/internal/dtree/AbstractDataTreeNode;[Lorg/eclipse/core/interna
Event: 1378.824 Thread 0x00000272743e7cf0 DEOPT PACKING pc=0x000002722312010c sp=0x000000eec5ffe640
Event: 1378.824 Thread 0x00000272743e7cf0 DEOPT UNPACKING pc=0x0000027221363aa2 sp=0x000000eec5ffe610 mode 2
Event: 1378.824 Thread 0x00000272743e7cf0 Uncommon trap: trap_request=0xffffffc6 fr.pc=0x000002722312010c relative=0x0000000000001bac
Event: 1378.824 Thread 0x00000272743e7cf0 Uncommon trap: reason=bimorphic_or_optimized_type_check action=maybe_recompile pc=0x000002722312010c method=org.eclipse.core.internal.dtree.AbstractDataTreeNode.assembleWith([Lorg/eclipse/core/internal/dtree/AbstractDataTreeNode;[Lorg/eclipse/core/interna
Event: 1378.824 Thread 0x00000272743e7cf0 DEOPT PACKING pc=0x000002722312010c sp=0x000000eec5ffe6c0
Event: 1378.824 Thread 0x00000272743e7cf0 DEOPT UNPACKING pc=0x0000027221363aa2 sp=0x000000eec5ffe690 mode 2
Event: 1378.824 Thread 0x00000272743e7cf0 Uncommon trap: trap_request=0xffffffc6 fr.pc=0x000002722312010c relative=0x0000000000001bac
Event: 1378.824 Thread 0x00000272743e7cf0 Uncommon trap: reason=bimorphic_or_optimized_type_check action=maybe_recompile pc=0x000002722312010c method=org.eclipse.core.internal.dtree.AbstractDataTreeNode.assembleWith([Lorg/eclipse/core/internal/dtree/AbstractDataTreeNode;[Lorg/eclipse/core/interna
Event: 1378.824 Thread 0x00000272743e7cf0 DEOPT PACKING pc=0x000002722312010c sp=0x000000eec5ffea50
Event: 1378.824 Thread 0x00000272743e7cf0 DEOPT UNPACKING pc=0x0000027221363aa2 sp=0x000000eec5ffea20 mode 2

Classes loaded (20 events):
Event: 1225.145 Loading class com/sun/org/apache/xerces/internal/xni/parser/XMLParseException
Event: 1225.148 Loading class com/sun/org/apache/xerces/internal/xni/parser/XMLParseException done
Event: 1230.832 Loading class javax/xml/transform/TransformerConfigurationException
Event: 1230.833 Loading class javax/xml/transform/TransformerConfigurationException done
Event: 1233.482 Loading class jdk/internal/module/IllegalAccessLogger
Event: 1233.482 Loading class jdk/internal/module/IllegalAccessLogger done
Event: 1233.983 Loading class jdk/internal/module/IllegalAccessLogger
Event: 1233.983 Loading class jdk/internal/module/IllegalAccessLogger done
Event: 1251.391 Loading class java/io/BufferedReader$1
Event: 1251.391 Loading class java/io/BufferedReader$1 done
Event: 1252.064 Loading class jdk/internal/module/IllegalAccessLogger
Event: 1252.064 Loading class jdk/internal/module/IllegalAccessLogger done
Event: 1252.322 Loading class jdk/internal/module/IllegalAccessLogger
Event: 1252.323 Loading class jdk/internal/module/IllegalAccessLogger done
Event: 1266.603 Loading class jdk/internal/module/IllegalAccessLogger
Event: 1266.603 Loading class jdk/internal/module/IllegalAccessLogger done
Event: 1271.520 Loading class jdk/internal/module/IllegalAccessLogger
Event: 1271.520 Loading class jdk/internal/module/IllegalAccessLogger done
Event: 1275.560 Loading class jdk/internal/module/IllegalAccessLogger
Event: 1275.560 Loading class jdk/internal/module/IllegalAccessLogger done

Classes unloaded (9 events):
Event: 7.568 Thread 0x0000027216b53550 Unloading class 0x000002722f1aac00 'java/lang/invoke/LambdaForm$MH+0x000002722f1aac00'
Event: 7.568 Thread 0x0000027216b53550 Unloading class 0x000002722f1aa800 'java/lang/invoke/LambdaForm$MH+0x000002722f1aa800'
Event: 7.568 Thread 0x0000027216b53550 Unloading class 0x000002722f1aa400 'java/lang/invoke/LambdaForm$MH+0x000002722f1aa400'
Event: 7.568 Thread 0x0000027216b53550 Unloading class 0x000002722f1aa000 'java/lang/invoke/LambdaForm$MH+0x000002722f1aa000'
Event: 7.568 Thread 0x0000027216b53550 Unloading class 0x000002722f1a9c00 'java/lang/invoke/LambdaForm$BMH+0x000002722f1a9c00'
Event: 7.568 Thread 0x0000027216b53550 Unloading class 0x000002722f1a9800 'java/lang/invoke/LambdaForm$DMH+0x000002722f1a9800'
Event: 7.568 Thread 0x0000027216b53550 Unloading class 0x000002722f1a8400 'java/lang/invoke/LambdaForm$DMH+0x000002722f1a8400'
Event: 54.203 Thread 0x0000027216b53550 Unloading class 0x000002722f754c00 'java/lang/invoke/LambdaForm$DMH+0x000002722f754c00'
Event: 54.203 Thread 0x0000027216b53550 Unloading class 0x000002722f754800 'java/lang/invoke/LambdaForm$DMH+0x000002722f754800'

Classes redefined (0 events):
No events

Internal exceptions (20 events):
Event: 1266.780 Thread 0x0000027276ed2580 Implicit null exception at 0x000002722285d7c2 to 0x000002722285dfe4
Event: 1266.782 Thread 0x0000027276ed2580 Implicit null exception at 0x00000272227c8620 to 0x00000272227c8df0
Event: 1266.925 Thread 0x0000027275697b30 Exception <a 'sun/nio/fs/WindowsException'{0x00000000d55ffbc0}> (0x00000000d55ffbc0) 
thrown [s\src\hotspot\share\prims\jni.cpp, line 520]
Event: 1271.320 Thread 0x0000027275697b30 Exception <a 'sun/nio/fs/WindowsException'{0x00000000d58b0e38}> (0x00000000d58b0e38) 
thrown [s\src\hotspot\share\prims\jni.cpp, line 520]
Event: 1271.862 Thread 0x0000027275697b30 Exception <a 'sun/nio/fs/WindowsException'{0x00000000d5bb41d0}> (0x00000000d5bb41d0) 
thrown [s\src\hotspot\share\prims\jni.cpp, line 520]
Event: 1275.338 Thread 0x0000027276ed3fc0 Implicit null exception at 0x0000027222bc5c1d to 0x0000027222bc8edc
Event: 1275.370 Thread 0x0000027275697b30 Exception <a 'sun/nio/fs/WindowsException'{0x00000000d56a18f8}> (0x00000000d56a18f8) 
thrown [s\src\hotspot\share\prims\jni.cpp, line 520]
Event: 1275.815 Thread 0x0000027275697b30 Exception <a 'sun/nio/fs/WindowsException'{0x00000000d566a840}> (0x00000000d566a840) 
thrown [s\src\hotspot\share\prims\jni.cpp, line 520]
Event: 1378.778 Thread 0x00000272743e7cf0 Exception <a 'sun/nio/fs/WindowsException'{0x00000000d59308e0}> (0x00000000d59308e0) 
thrown [s\src\hotspot\share\prims\jni.cpp, line 520]
Event: 1378.779 Thread 0x00000272743e7cf0 Exception <a 'sun/nio/fs/WindowsException'{0x00000000d5931290}> (0x00000000d5931290) 
thrown [s\src\hotspot\share\prims\jni.cpp, line 520]
Event: 1378.780 Thread 0x00000272743e7cf0 Exception <a 'sun/nio/fs/WindowsException'{0x00000000d59331a8}> (0x00000000d59331a8) 
thrown [s\src\hotspot\share\prims\jni.cpp, line 520]
Event: 1378.780 Thread 0x00000272743e7cf0 Exception <a 'sun/nio/fs/WindowsException'{0x00000000d5933b58}> (0x00000000d5933b58) 
thrown [s\src\hotspot\share\prims\jni.cpp, line 520]
Event: 1378.781 Thread 0x00000272743e7cf0 Exception <a 'sun/nio/fs/WindowsException'{0x00000000d59353b0}> (0x00000000d59353b0) 
thrown [s\src\hotspot\share\prims\jni.cpp, line 520]
Event: 1378.781 Thread 0x00000272743e7cf0 Exception <a 'sun/nio/fs/WindowsException'{0x00000000d5935fa8}> (0x00000000d5935fa8) 
thrown [s\src\hotspot\share\prims\jni.cpp, line 520]
Event: 1378.782 Thread 0x00000272743e7cf0 Exception <a 'sun/nio/fs/WindowsException'{0x00000000d593aa90}> (0x00000000d593aa90) 
thrown [s\src\hotspot\share\prims\jni.cpp, line 520]
Event: 1378.782 Thread 0x00000272743e7cf0 Exception <a 'sun/nio/fs/WindowsException'{0x00000000d593b440}> (0x00000000d593b440) 
thrown [s\src\hotspot\share\prims\jni.cpp, line 520]
Event: 1378.784 Thread 0x00000272743e7cf0 Exception <a 'sun/nio/fs/WindowsException'{0x00000000d59452b0}> (0x00000000d59452b0) 
thrown [s\src\hotspot\share\prims\jni.cpp, line 520]
Event: 1378.784 Thread 0x00000272743e7cf0 Exception <a 'sun/nio/fs/WindowsException'{0x00000000d5945c60}> (0x00000000d5945c60) 
thrown [s\src\hotspot\share\prims\jni.cpp, line 520]
Event: 1378.785 Thread 0x00000272743e7cf0 Exception <a 'sun/nio/fs/WindowsException'{0x00000000d5947730}> (0x00000000d5947730) 
thrown [s\src\hotspot\share\prims\jni.cpp, line 520]
Event: 1378.785 Thread 0x00000272743e7cf0 Exception <a 'sun/nio/fs/WindowsException'{0x00000000d59480e0}> (0x00000000d59480e0) 
thrown [s\src\hotspot\share\prims\jni.cpp, line 520]

ZGC Phase Switch (0 events):
No events

VM Operations (20 events):
Event: 1295.935 Executing VM operation: ParallelGCFailedAllocation (Allocation Failure)
Event: 1295.938 Executing VM operation: ParallelGCFailedAllocation (Allocation Failure) done
Event: 1295.951 Executing VM operation: ParallelGCFailedAllocation (Allocation Failure)
Event: 1295.956 Executing VM operation: ParallelGCFailedAllocation (Allocation Failure) done
Event: 1296.423 Executing VM operation: ParallelGCFailedAllocation (Allocation Failure)
Event: 1296.428 Executing VM operation: ParallelGCFailedAllocation (Allocation Failure) done
Event: 1297.443 Executing VM operation: Cleanup
Event: 1297.443 Executing VM operation: Cleanup done
Event: 1323.344 Executing VM operation: HandshakeAllThreads (HandshakeForDeflation)
Event: 1323.344 Executing VM operation: HandshakeAllThreads (HandshakeForDeflation) done
Event: 1323.344 Executing VM operation: RendezvousGCThreads
Event: 1323.344 Executing VM operation: RendezvousGCThreads done
Event: 1378.791 Executing VM operation: ParallelGCFailedAllocation (Allocation Failure)
Event: 1378.796 Executing VM operation: ParallelGCFailedAllocation (Allocation Failure) done
Event: 1379.805 Executing VM operation: Cleanup
Event: 1379.806 Executing VM operation: Cleanup done
Event: 1383.383 Executing VM operation: HandshakeAllThreads (HandshakeForDeflation)
Event: 1383.383 Executing VM operation: HandshakeAllThreads (HandshakeForDeflation) done
Event: 1383.383 Executing VM operation: RendezvousGCThreads
Event: 1383.383 Executing VM operation: RendezvousGCThreads done

Memory protections (0 events):
No events

Nmethod flushes (20 events):
Event: 237.627 Thread 0x0000027216b53550 flushing  nmethod 0x000002721bf6a310
Event: 237.627 Thread 0x0000027216b53550 flushing  nmethod 0x000002721c00d590
Event: 237.627 Thread 0x0000027216b53550 flushing  nmethod 0x000002721c049210
Event: 237.627 Thread 0x0000027216b53550 flushing  nmethod 0x000002721c05ce90
Event: 237.627 Thread 0x0000027216b53550 flushing  nmethod 0x000002721c06b010
Event: 237.627 Thread 0x0000027216b53550 flushing  nmethod 0x000002721c06b510
Event: 237.627 Thread 0x0000027216b53550 flushing  nmethod 0x000002721c091290
Event: 237.627 Thread 0x0000027216b53550 flushing  nmethod 0x000002721c091f90
Event: 237.627 Thread 0x0000027216b53550 flushing  nmethod 0x000002721c0e4490
Event: 237.627 Thread 0x0000027216b53550 flushing  nmethod 0x000002721c115d90
Event: 237.627 Thread 0x0000027216b53550 flushing  nmethod 0x000002721c143390
Event: 237.627 Thread 0x0000027216b53550 flushing  nmethod 0x000002721c144390
Event: 237.627 Thread 0x0000027216b53550 flushing  nmethod 0x000002721c202890
Event: 237.627 Thread 0x0000027216b53550 flushing  nmethod 0x000002721c205a10
Event: 237.627 Thread 0x0000027216b53550 flushing  nmethod 0x000002721c206510
Event: 237.627 Thread 0x0000027216b53550 flushing  nmethod 0x000002721c212a10
Event: 237.627 Thread 0x0000027216b53550 flushing  nmethod 0x000002721c21b810
Event: 237.627 Thread 0x0000027216b53550 flushing  nmethod 0x000002721c21ce90
Event: 237.627 Thread 0x0000027216b53550 flushing  nmethod 0x000002721c232a90
Event: 237.627 Thread 0x0000027216b53550 flushing  nmethod 0x000002721c235d10

Events (20 events):
Event: 1336.571 Thread 0x0000027278334be0 Thread exited: 0x0000027278334be0
Event: 1336.708 Thread 0x00000272743e62b0 Thread exited: 0x00000272743e62b0
Event: 1356.466 Thread 0x0000027276ed4650 Thread exited: 0x0000027276ed4650
Event: 1371.594 Thread 0x0000027275b95f50 Thread exited: 0x0000027275b95f50
Event: 1378.770 Thread 0x00000272743e7cf0 Thread added: 0x0000027279d2b6d0
Event: 1378.771 Thread 0x0000027279d2b6d0 Thread exited: 0x0000027279d2b6d0
Event: 1378.786 Thread 0x00000272743e7cf0 Thread added: 0x0000027279d2b6d0
Event: 1378.787 Thread 0x0000027279d2b6d0 Thread added: 0x0000027279d2a9b0
Event: 1378.787 Thread 0x0000027279d2b6d0 Thread added: 0x0000027279d29c90
Event: 1378.787 Thread 0x0000027279d2a9b0 Thread added: 0x0000027279d2d110
Event: 1378.788 Thread 0x0000027279d2b6d0 Thread added: 0x0000027279d2a320
Event: 1378.788 Thread 0x0000027279d29c90 Thread added: 0x0000027279d2b040
Event: 1378.788 Thread 0x0000027279d2b040 Thread exited: 0x0000027279d2b040
Event: 1378.788 Thread 0x0000027279d2a320 Thread exited: 0x0000027279d2a320
Event: 1378.788 Thread 0x0000027279d2b6d0 Thread exited: 0x0000027279d2b6d0
Event: 1378.788 Thread 0x0000027279d29c90 Thread exited: 0x0000027279d29c90
Event: 1378.788 Thread 0x0000027279d2d110 Thread exited: 0x0000027279d2d110
Event: 1378.788 Thread 0x0000027279d2a9b0 Thread exited: 0x0000027279d2a9b0
Event: 1380.502 Thread 0x0000027275b958c0 Thread exited: 0x0000027275b958c0
Event: 1416.486 Thread 0x0000027276ed3fc0 Thread exited: 0x0000027276ed3fc0


Dynamic libraries:
0x00007ff636e00000 - 0x00007ff636e0e000 	c:\Users\Deeksha Kharvi\.vscode\extensions\redhat.java-1.52.0-win32-x64\jre\21.0.9-win32-x86_64\bin\java.exe
0x00007ffe8e340000 - 0x00007ffe8e5a8000 	C:\windows\SYSTEM32\ntdll.dll
0x00007ffe8d550000 - 0x00007ffe8d619000 	C:\windows\System32\KERNEL32.DLL
0x00007ffe8ace0000 - 0x00007ffe8b0d1000 	C:\windows\System32\KERNELBASE.dll
0x00007ffe87db0000 - 0x00007ffe87e4e000 	C:\windows\SYSTEM32\apphelp.dll
0x00007ffe8b2d0000 - 0x00007ffe8b41b000 	C:\windows\System32\ucrtbase.dll
0x00007ffe80770000 - 0x00007ffe8078e000 	c:\Users\Deeksha Kharvi\.vscode\extensions\redhat.java-1.52.0-win32-x64\jre\21.0.9-win32-x86_64\bin\VCRUNTIME140.dll
0x00007ffe7bfe0000 - 0x00007ffe7bff8000 	c:\Users\Deeksha Kharvi\.vscode\extensions\redhat.java-1.52.0-win32-x64\jre\21.0.9-win32-x86_64\bin\jli.dll
0x00007ffe8c6d0000 - 0x00007ffe8c896000 	C:\windows\System32\USER32.dll
0x00007ffe8b210000 - 0x00007ffe8b237000 	C:\windows\System32\win32u.dll
0x00007ffe697a0000 - 0x00007ffe69a33000 	C:\windows\WinSxS\amd64_microsoft.windows.common-controls_6595b64144ccf1df_6.0.26100.7824_none_3e0870b2e3345462\COMCTL32.dll
0x00007ffe8d2c0000 - 0x00007ffe8d2eb000 	C:\windows\System32\GDI32.dll
0x00007ffe8d020000 - 0x00007ffe8d0c9000 	C:\windows\System32\msvcrt.dll
0x00007ffe8b0e0000 - 0x00007ffe8b20b000 	C:\windows\System32\gdi32full.dll
0x00007ffe8c030000 - 0x00007ffe8c0d3000 	C:\windows\System32\msvcp_win.dll
0x00007ffe8d1c0000 - 0x00007ffe8d1f1000 	C:\windows\System32\IMM32.DLL
0x00007ffe83d30000 - 0x00007ffe83d3c000 	c:\Users\Deeksha Kharvi\.vscode\extensions\redhat.java-1.52.0-win32-x64\jre\21.0.9-win32-x86_64\bin\vcruntime140_1.dll
0x00007ffe5db90000 - 0x00007ffe5dc1d000 	c:\Users\Deeksha Kharvi\.vscode\extensions\redhat.java-1.52.0-win32-x64\jre\21.0.9-win32-x86_64\bin\msvcp140.dll
0x00007ffde9460000 - 0x00007ffdea200000 	c:\Users\Deeksha Kharvi\.vscode\extensions\redhat.java-1.52.0-win32-x64\jre\21.0.9-win32-x86_64\bin\server\jvm.dll
0x00007ffe8d6a0000 - 0x00007ffe8d754000 	C:\windows\System32\ADVAPI32.dll
0x00007ffe8ce70000 - 0x00007ffe8cf16000 	C:\windows\System32\sechost.dll
0x00007ffe8c8b0000 - 0x00007ffe8c9c8000 	C:\windows\System32\RPCRT4.dll
0x00007ffe8c1c0000 - 0x00007ffe8c234000 	C:\windows\System32\WS2_32.dll
0x00007ffe8aa80000 - 0x00007ffe8aade000 	C:\windows\SYSTEM32\POWRPROF.dll
0x00007ffe80270000 - 0x00007ffe802a5000 	C:\windows\SYSTEM32\WINMM.dll
0x00007ffe82d80000 - 0x00007ffe82d8b000 	C:\windows\SYSTEM32\VERSION.dll
0x00007ffe8aa60000 - 0x00007ffe8aa74000 	C:\windows\SYSTEM32\UMPDC.dll
0x00007ffe899c0000 - 0x00007ffe899db000 	C:\windows\SYSTEM32\kernel.appcore.dll
0x00007ffe82da0000 - 0x00007ffe82daa000 	c:\Users\Deeksha Kharvi\.vscode\extensions\redhat.java-1.52.0-win32-x64\jre\21.0.9-win32-x86_64\bin\jimage.dll
0x00007ffe88ad0000 - 0x00007ffe88d12000 	C:\windows\SYSTEM32\DBGHELP.DLL
0x00007ffe8c240000 - 0x00007ffe8c5c6000 	C:\windows\System32\combase.dll
0x00007ffe8d0d0000 - 0x00007ffe8d1a7000 	C:\windows\System32\OLEAUT32.dll
0x00007ffe74110000 - 0x00007ffe7414b000 	C:\windows\SYSTEM32\dbgcore.DLL
0x00007ffe8bf80000 - 0x00007ffe8c025000 	C:\windows\System32\bcryptPrimitives.dll
0x00007ffe827f0000 - 0x00007ffe827ff000 	c:\Users\Deeksha Kharvi\.vscode\extensions\redhat.java-1.52.0-win32-x64\jre\21.0.9-win32-x86_64\bin\instrument.dll
0x00007ffe7b1e0000 - 0x00007ffe7b200000 	c:\Users\Deeksha Kharvi\.vscode\extensions\redhat.java-1.52.0-win32-x64\jre\21.0.9-win32-x86_64\bin\java.dll
0x00007ffe8db00000 - 0x00007ffe8e252000 	C:\windows\System32\SHELL32.dll
0x00007ffe8be10000 - 0x00007ffe8bf7a000 	C:\windows\System32\wintypes.dll
0x00007ffe8b5a0000 - 0x00007ffe8be03000 	C:\windows\System32\windows.storage.dll
0x00007ffe8c5d0000 - 0x00007ffe8c6c6000 	C:\windows\System32\SHCORE.dll
0x00007ffe8c150000 - 0x00007ffe8c1b7000 	C:\windows\System32\shlwapi.dll
0x00007ffe8ab40000 - 0x00007ffe8ab69000 	C:\windows\SYSTEM32\profapi.dll
0x00007ffe7b070000 - 0x00007ffe7b088000 	c:\Users\Deeksha Kharvi\.vscode\extensions\redhat.java-1.52.0-win32-x64\jre\21.0.9-win32-x86_64\bin\zip.dll
0x00007ffe81bd0000 - 0x00007ffe81be0000 	C:\Users\Deeksha Kharvi\.vscode\extensions\redhat.java-1.52.0-win32-x64\jre\21.0.9-win32-x86_64\bin\net.dll
0x00007ffe849d0000 - 0x00007ffe84af7000 	C:\windows\SYSTEM32\WINHTTP.dll
0x00007ffe89f30000 - 0x00007ffe89f9b000 	C:\windows\system32\mswsock.dll
0x00007ffe7b050000 - 0x00007ffe7b066000 	C:\Users\Deeksha Kharvi\.vscode\extensions\redhat.java-1.52.0-win32-x64\jre\21.0.9-win32-x86_64\bin\nio.dll
0x00007ffe81b60000 - 0x00007ffe81b70000 	c:\Users\Deeksha Kharvi\.vscode\extensions\redhat.java-1.52.0-win32-x64\jre\21.0.9-win32-x86_64\bin\verify.dll
0x00007ffe5c6d0000 - 0x00007ffe5c715000 	C:\Users\Deeksha Kharvi\AppData\Roaming\Code\User\globalStorage\redhat.java\1.52.0\config_win\org.eclipse.equinox.launcher\org.eclipse.equinox.launcher.win32.win32.x86_64_1.2.1500.v20260121-1430\eclipse_11919.dll
0x00007ffe8d760000 - 0x00007ffe8d8f7000 	C:\windows\System32\ole32.dll
0x00007ffe8a200000 - 0x00007ffe8a21b000 	C:\windows\SYSTEM32\CRYPTSP.dll
0x00007ffe89920000 - 0x00007ffe89959000 	C:\windows\system32\rsaenh.dll
0x00007ffe89fe0000 - 0x00007ffe8a00b000 	C:\windows\SYSTEM32\USERENV.dll
0x00007ffe8ab10000 - 0x00007ffe8ab3a000 	C:\windows\SYSTEM32\bcrypt.dll
0x00007ffe8a220000 - 0x00007ffe8a22c000 	C:\windows\SYSTEM32\CRYPTBASE.dll
0x00007ffe89410000 - 0x00007ffe89444000 	C:\windows\SYSTEM32\IPHLPAPI.DLL
0x00007ffe8c9d0000 - 0x00007ffe8c9da000 	C:\windows\System32\NSI.dll
0x00007ffe596d0000 - 0x00007ffe59719000 	C:\Users\Deeksha Kharvi\AppData\Local\Temp\jna--720421924\jna16904795286659529736.dll
0x00007ffe8c140000 - 0x00007ffe8c148000 	C:\windows\System32\PSAPI.DLL
0x00007ffe84ba0000 - 0x00007ffe84bbe000 	C:\windows\SYSTEM32\dhcpcsvc6.DLL
0x00007ffe84b00000 - 0x00007ffe84b23000 	C:\windows\SYSTEM32\dhcpcsvc.DLL
0x00007ffe7c670000 - 0x00007ffe7c67e000 	C:\Users\Deeksha Kharvi\.vscode\extensions\redhat.java-1.52.0-win32-x64\jre\21.0.9-win32-x86_64\bin\sunmscapi.dll
0x00007ffe8b420000 - 0x00007ffe8b597000 	C:\windows\System32\CRYPT32.dll
0x00007ffe8a420000 - 0x00007ffe8a450000 	C:\windows\SYSTEM32\ncrypt.dll
0x00007ffe8a3d0000 - 0x00007ffe8a40f000 	C:\windows\SYSTEM32\NTASN1.dll
0x00007ffe894b0000 - 0x00007ffe895dc000 	C:\windows\SYSTEM32\DNSAPI.dll
0x00007ffe82d90000 - 0x00007ffe82d9b000 	C:\Windows\System32\rasadhlp.dll
0x00007ffe84cf0000 - 0x00007ffe84d76000 	C:\windows\System32\fwpuclnt.dll
0x00007ffe7b520000 - 0x00007ffe7b529000 	C:\Users\Deeksha Kharvi\.vscode\extensions\redhat.java-1.52.0-win32-x64\jre\21.0.9-win32-x86_64\bin\extnet.dll

JVMTI agents:
c:\Users\Deeksha Kharvi\.vscode\extensions\redhat.java-1.52.0-win32-x64\lombok\lombok-1.18.39-4050.jar path:c:\Users\Deeksha Kharvi\.vscode\extensions\redhat.java-1.52.0-win32-x64\jre\21.0.9-win32-x86_64\bin\instrument.dll, loaded, initialized, instrumentlib options:none

dbghelp: loaded successfully - version: 4.0.5 - missing functions: none
symbol engine: initialized successfully - sym options: 0x614 - pdb path: .;c:\Users\Deeksha Kharvi\.vscode\extensions\redhat.java-1.52.0-win32-x64\jre\21.0.9-win32-x86_64\bin;C:\windows\SYSTEM32;C:\windows\WinSxS\amd64_microsoft.windows.common-controls_6595b64144ccf1df_6.0.26100.7824_none_3e0870b2e3345462;c:\Users\Deeksha Kharvi\.vscode\extensions\redhat.java-1.52.0-win32-x64\jre\21.0.9-win32-x86_64\bin\server;C:\Users\Deeksha Kharvi\AppData\Roaming\Code\User\globalStorage\redhat.java\1.52.0\config_win\org.eclipse.equinox.launcher\org.eclipse.equinox.launcher.win32.win32.x86_64_1.2.1500.v20260121-1430;C:\Users\Deeksha Kharvi\AppData\Local\Temp\jna--720421924

VM Arguments:
jvm_args: --add-modules=ALL-SYSTEM --add-opens=java.base/java.util=ALL-UNNAMED --add-opens=java.base/java.lang=ALL-UNNAMED --add-opens=java.base/sun.nio.fs=ALL-UNNAMED -Declipse.application=org.eclipse.jdt.ls.core.id1 -Dosgi.bundles.defaultStartLevel=4 -Declipse.product=org.eclipse.jdt.ls.core.product -Djava.import.generatesMetadataFilesAtProjectRoot=false -DDetectVMInstallationsJob.disabled=true -Dfile.encoding=utf8 -XX:+UseParallelGC -XX:GCTimeRatio=4 -XX:AdaptiveSizePolicyWeight=90 -Dsun.zip.disableMemoryMapping=true -Xmx2G -Xms100m -Xlog:disable -javaagent:c:\Users\Deeksha Kharvi\.vscode\extensions\redhat.java-1.52.0-win32-x64\lombok\lombok-1.18.39-4050.jar -XX:+HeapDumpOnOutOfMemoryError -XX:HeapDumpPath=c:\Users\Deeksha Kharvi\AppData\Roaming\Code\User\workspaceStorage\c8007df1e31359e12aba15357e731800\redhat.java -Daether.dependencyCollector.impl=bf 
java_command: c:\Users\Deeksha Kharvi\.vscode\extensions\redhat.java-1.52.0-win32-x64\server\plugins\org.eclipse.equinox.launcher_1.7.100.v20251111-0406.jar -configuration c:\Users\Deeksha Kharvi\AppData\Roaming\Code\User\globalStorage\redhat.java\1.52.0\config_win -data c:\Users\Deeksha Kharvi\AppData\Roaming\Code\User\workspaceStorage\c8007df1e31359e12aba15357e731800\redhat.java\jdt_ws --pipe=\\.\pipe\lsp-0bc1d73d4d6fe0064603e6bce7c96d15-sock
java_class_path (initial): c:\Users\Deeksha Kharvi\.vscode\extensions\redhat.java-1.52.0-win32-x64\server\plugins\org.eclipse.equinox.launcher_1.7.100.v20251111-0406.jar
Launcher Type: SUN_STANDARD

[Global flags]
    uintx AdaptiveSizePolicyWeight                 = 90                                        {product} {command line}
     intx CICompilerCount                          = 4                                         {product} {ergonomic}
    uintx GCTimeRatio                              = 4                                         {product} {command line}
     bool HeapDumpOnOutOfMemoryError               = true                                   {manageable} {command line}
    ccstr HeapDumpPath                             = c:\Users\Deeksha Kharvi\AppData\Roaming\Code\User\workspaceStorage\c8007df1e31359e12aba15357e731800\redhat.java         {manageable} {command line}
   size_t InitialHeapSize                          = 104857600                                 {product} {command line}
   size_t MaxHeapSize                              = 2147483648                                {product} {command line}
   size_t MaxNewSize                               = 715653120                                 {product} {ergonomic}
   size_t MinHeapDeltaBytes                        = 524288                                    {product} {ergonomic}
   size_t MinHeapSize                              = 104857600                                 {product} {command line}
   size_t NewSize                                  = 34603008                                  {product} {ergonomic}
    uintx NonNMethodCodeHeapSize                   = 5839372                                {pd product} {ergonomic}
    uintx NonProfiledCodeHeapSize                  = 122909434                              {pd product} {ergonomic}
   size_t OldSize                                  = 70254592                                  {product} {ergonomic}
    uintx ProfiledCodeHeapSize                     = 122909434                              {pd product} {ergonomic}
    uintx ReservedCodeCacheSize                    = 251658240                              {pd product} {ergonomic}
     bool SegmentedCodeCache                       = true                                      {product} {ergonomic}
   size_t SoftMaxHeapSize                          = 2147483648                             {manageable} {ergonomic}
     bool UseCompressedOops                        = true                           {product lp64_product} {ergonomic}
     bool UseLargePagesIndividualAllocation        = false                                  {pd product} {ergonomic}
     bool UseParallelGC                            = true                                      {product} {command line}

Logging:
Log output configuration:
 #0: stdout all=off uptime,level,tags foldmultilines=false
 #1: stderr all=off uptime,level,tags foldmultilines=false

Release file:
JAVA_VERSION="21.0.9" 
MODULES="java.base java.compiler java.datatransfer java.xml java.prefs java.desktop java.instrument java.logging java.management java.security.sasl java.naming java.rmi java.management.rmi java.net.http java.scripting java.security.jgss java.transaction.xa java.sql java.sql.rowset java.xml.crypto java.se java.smartcardio jdk.accessibility jdk.internal.jvmstat jdk.attach jdk.charsets jdk.internal.opt jdk.zipfs jdk.compiler jdk.crypto.ec jdk.crypto.cryptoki jdk.crypto.mscapi jdk.dynalink jdk.internal.ed jdk.editpad jdk.hotspot.agent jdk.httpserver jdk.internal.le jdk.internal.vm.ci jdk.internal.vm.compiler jdk.internal.vm.compiler.management jdk.jartool jdk.javadoc jdk.jcmd jdk.management jdk.management.agent jdk.jconsole jdk.jdeps jdk.jdwp.agent jdk.jdi jdk.jfr jdk.jshell jdk.jsobject jdk.jstatd jdk.localedata jdk.management.jfr jdk.naming.dns jdk.naming.rmi jdk.net jdk.nio.mapmode jdk.random jdk.sctp jdk.security.auth jdk.security.jgss jdk.unsupported jdk.unsupported.desktop jdk.xml.dom" 

Environment Variables:
PATH=C:\Program Files (x86)\VMware\VMware Workstation\bin\;C:\Program Files\Eclipse Adoptium\jdk-21.0.9.10-hotspot\bin;C:\windows\system32;C:\windows;C:\windows\System32\Wbem;C:\windows\System32\WindowsPowerShell\v1.0\;C:\windows\System32\OpenSSH\;C:\Program Files\dotnet\;C:\Program Files\MySQL\MySQL Server 8.0\bin;C:\Program Files\Apache\Maven\apache-maven-3.9.12-bin\bin;C:\Program Files\nodejs\;C:\Program Files\MySQL\MySQL Shell 8.0\bin\;C:\Users\Deeksha Kharvi\AppData\Local\Microsoft\WindowsApps;C:\Users\Deeksha Kharvi\AppData\Roaming\npm;C:\Users\Deeksha Kharvi\AppData\Local\Programs\Microsoft VS Code\bin
USERNAME=Deeksha Kharvi
OS=Windows_NT
PROCESSOR_IDENTIFIER=AMD64 Family 23 Model 160 Stepping 0, AuthenticAMD
TMP=C:\Users\DEEKSH~1\AppData\Local\Temp
TEMP=C:\Users\DEEKSH~1\AppData\Local\Temp




Periodic native trim disabled

---------------  S Y S T E M  ---------------

OS:
 Windows 11 , 64 bit Build 26100 (10.0.26100.7705)
OS uptime: 4 days 4:44 hours
Hyper-V role detected

CPU: total 8 (initial active 8) (8 cores per cpu, 2 threads per core) family 23 model 160 stepping 0 microcode 0x8a0000a, cx8, cmov, fxsr, ht, mmx, 3dnowpref, sse, sse2, sse3, ssse3, sse4a, sse4.1, sse4.2, popcnt, lzcnt, tsc, tscinvbit, avx, avx2, aes, clmul, bmi1, bmi2, adx, sha, fma, vzeroupper, clflush, clflushopt, hv, rdtscp, rdpid, f16c
Processor Information for processor 0
  Max Mhz: 2801, Current Mhz: 2801, Mhz Limit: 2801
Processor Information for processor 1
  Max Mhz: 2801, Current Mhz: 2483, Mhz Limit: 2801
Processor Information for processor 2
  Max Mhz: 2801, Current Mhz: 2801, Mhz Limit: 2801
Processor Information for processor 3
  Max Mhz: 2801, Current Mhz: 2483, Mhz Limit: 2801
Processor Information for processor 4
  Max Mhz: 2801, Current Mhz: 2801, Mhz Limit: 2801
Processor Information for processor 5
  Max Mhz: 2801, Current Mhz: 2483, Mhz Limit: 2801
Processor Information for processor 6
  Max Mhz: 2801, Current Mhz: 2483, Mhz Limit: 2801
Processor Information for processor 7
  Max Mhz: 2801, Current Mhz: 2483, Mhz Limit: 2801

Memory: 4k page, system-wide physical 7379M (646M free)
TotalPageFile size 29907M (AvailPageFile size 11M)
current process WorkingSet (physical memory assigned to process): 232M, peak: 729M
current process commit charge ("private bytes"): 1592M, peak: 1603M

vm_info: OpenJDK 64-Bit Server VM (21.0.9+10-LTS) for windows-amd64 JRE (21.0.9+10-LTS), built on 2025-10-21T00:00:00Z by "admin" with unknown MS VC++:1942

END.
