#
# There is insufficient memory for the Java Runtime Environment to continue.
# Native memory allocation (malloc) failed to allocate 1633936 bytes. Error detail: Chunk::new
# Possible reasons:
#   The system is out of physical RAM or swap space
#   This process is running with CompressedOops enabled, and the Java Heap may be blocking the growth of the native heap
# Possible solutions:
#   Reduce memory load on the system
#   Increase physical memory or swap space
#   Check if swap backing store is full
#   Decrease Java heap size (-Xmx/-Xms)
#   Decrease number of Java threads
#   Decrease Java thread stack sizes (-Xss)
#   Set larger code cache with -XX:ReservedCodeCacheSize=
#   JVM is running with Unscaled Compressed Oops mode in which the Java heap is
#     placed in the first 4GB address space. The Java Heap base address is the
#     maximum limit for the native heap growth. Please use -XX:HeapBaseMinAddress
#     to set the Java Heap base and to place the Java Heap above 4GB virtual address.
# This output file may be truncated or incomplete.
#
#  Out of Memory Error (arena.cpp:168), pid=33540, tid=7808
#
# JRE version: OpenJDK Runtime Environment Temurin-21.0.9+10 (21.0.9+10) (build 21.0.9+10-LTS)
# Java VM: OpenJDK 64-Bit Server VM Temurin-21.0.9+10 (21.0.9+10-LTS, mixed mode, sharing, tiered, compressed oops, compressed class ptrs, parallel gc, windows-amd64)
# No core dump will be written. Minidumps are not enabled by default on client versions of Windows
#

---------------  S U M M A R Y ------------

Command Line: --add-modules=ALL-SYSTEM --add-opens=java.base/java.util=ALL-UNNAMED --add-opens=java.base/java.lang=ALL-UNNAMED --add-opens=java.base/sun.nio.fs=ALL-UNNAMED -Declipse.application=org.eclipse.jdt.ls.core.id1 -Dosgi.bundles.defaultStartLevel=4 -Declipse.product=org.eclipse.jdt.ls.core.product -Djava.import.generatesMetadataFilesAtProjectRoot=false -DDetectVMInstallationsJob.disabled=true -Dfile.encoding=utf8 -XX:+UseParallelGC -XX:GCTimeRatio=4 -XX:AdaptiveSizePolicyWeight=90 -Dsun.zip.disableMemoryMapping=true -Xmx2G -Xms100m -Xlog:disable -javaagent:c:\Users\Deeksha Kharvi\.vscode\extensions\redhat.java-1.52.0-win32-x64\lombok\lombok-1.18.39-4050.jar -XX:+HeapDumpOnOutOfMemoryError -XX:HeapDumpPath=c:\Users\Deeksha Kharvi\AppData\Roaming\Code\User\workspaceStorage\c8007df1e31359e12aba15357e731800\redhat.java -Daether.dependencyCollector.impl=bf c:\Users\Deeksha Kharvi\.vscode\extensions\redhat.java-1.52.0-win32-x64\server\plugins\org.eclipse.equinox.launcher_1.7.100.v20251111-0406.jar -configuration c:\Users\Deeksha Kharvi\AppData\Roaming\Code\User\globalStorage\redhat.java\1.52.0\config_win -data c:\Users\Deeksha Kharvi\AppData\Roaming\Code\User\workspaceStorage\c8007df1e31359e12aba15357e731800\redhat.java\jdt_ws --pipe=\\.\pipe\lsp-d888437946eb7ac0d7e93dff6777accd-sock

Host: AMD Ryzen 5 7520U with Radeon Graphics         , 8 cores, 7G,  Windows 11 , 64 bit Build 26100 (10.0.26100.7705)
Time: Thu Feb 19 17:40:29 2026 India Standard Time elapsed time: 2899.486585 seconds (0d 0h 48m 19s)

---------------  T H R E A D  ---------------

Current thread (0x000001f144c79010):  JavaThread "C2 CompilerThread1" daemon [_thread_in_native, id=7808, stack(0x000000b7d4100000,0x000000b7d4200000) (1024K)]


Current CompileTask:
C2:2899486 21627   !   4       org.eclipse.jdt.internal.compiler.lookup.BinaryTypeBinding::cachePartsFrom2 (1809 bytes)

Stack: [0x000000b7d4100000,0x000000b7d4200000]
Native frames: (J=compiled Java code, j=interpreted, Vv=VM code, C=native code)
V  [jvm.dll+0x6d6e29]
V  [jvm.dll+0x8b4b76]
V  [jvm.dll+0x8b712e]
V  [jvm.dll+0x8b7813]
V  [jvm.dll+0x283d86]
V  [jvm.dll+0xc66ed]
V  [jvm.dll+0xc6c31]
V  [jvm.dll+0x3be501]
V  [jvm.dll+0x38ab92]
V  [jvm.dll+0x389fda]
V  [jvm.dll+0x24bfa0]
V  [jvm.dll+0x24b580]
V  [jvm.dll+0x1cb13e]
V  [jvm.dll+0x25b29d]
V  [jvm.dll+0x25982a]
V  [jvm.dll+0x3f7ea6]
V  [jvm.dll+0x85e9ad]
V  [jvm.dll+0x6d565d]
C  [ucrtbase.dll+0x37b0]
C  [KERNEL32.DLL+0x2e8d7]
C  [ntdll.dll+0x8c40c]


---------------  P R O C E S S  ---------------

Threads class SMR info:
_java_thread_list=0x000001f1438a3500, length=53, elements={
0x000001f1626ecf30, 0x000001f16279d910, 0x000001f16279e360, 0x000001f16265f440,
0x000001f16265ffd0, 0x000001f162662ec0, 0x000001f162664fe0, 0x000001f16266ab10,
0x000001f16268b300, 0x000001f17ab9cee0, 0x000001f17ac94810, 0x000001f17f65ebb0,
0x000001f17f4ca7a0, 0x000001f1410782b0, 0x000001f17ac997f0, 0x000001f17f18c460,
0x000001f14194c420, 0x000001f17f311560, 0x000001f17acc0f10, 0x000001f1415f9920,
0x000001f1415f9fb0, 0x000001f1415fb360, 0x000001f1415fb9f0, 0x000001f1415fc080,
0x000001f1442a6e80, 0x000001f1442a9c70, 0x000001f1442a8f50, 0x000001f1442aa300,
0x000001f1442a7510, 0x000001f1442aa990, 0x000001f1442a95e0, 0x000001f1442ab020,
0x000001f1442a8230, 0x000001f1442a7ba0, 0x000001f1427b7440, 0x000001f1442abd40,
0x000001f1442ad780, 0x000001f1442ae4a0, 0x000001f1442aca60, 0x000001f1432875a0,
0x000001f1432882c0, 0x000001f143285b60, 0x000001f143288950, 0x000001f143287c30,
0x000001f1432861f0, 0x000001f143289d00, 0x000001f14328d180, 0x000001f14328caf0,
0x000001f14328a390, 0x000001f144c1fd50, 0x000001f144c203e0, 0x000001f144c1dc80,
0x000001f144c79010
}

Java Threads: ( => current thread )
  0x000001f1626ecf30 JavaThread "main"                              [_thread_blocked, id=22656, stack(0x000000b7d0c00000,0x000000b7d0d00000) (1024K)]
  0x000001f16279d910 JavaThread "Reference Handler"          daemon [_thread_blocked, id=332, stack(0x000000b7d1000000,0x000000b7d1100000) (1024K)]
  0x000001f16279e360 JavaThread "Finalizer"                  daemon [_thread_blocked, id=24920, stack(0x000000b7d1100000,0x000000b7d1200000) (1024K)]
  0x000001f16265f440 JavaThread "Signal Dispatcher"          daemon [_thread_blocked, id=30232, stack(0x000000b7d1200000,0x000000b7d1300000) (1024K)]
  0x000001f16265ffd0 JavaThread "Attach Listener"            daemon [_thread_blocked, id=26760, stack(0x000000b7d1300000,0x000000b7d1400000) (1024K)]
  0x000001f162662ec0 JavaThread "Service Thread"             daemon [_thread_blocked, id=30412, stack(0x000000b7d1400000,0x000000b7d1500000) (1024K)]
  0x000001f162664fe0 JavaThread "Monitor Deflation Thread"   daemon [_thread_blocked, id=31664, stack(0x000000b7d1500000,0x000000b7d1600000) (1024K)]
  0x000001f16266ab10 JavaThread "C2 CompilerThread0"         daemon [_thread_blocked, id=31304, stack(0x000000b7d1600000,0x000000b7d1700000) (1024K)]
  0x000001f16268b300 JavaThread "C1 CompilerThread0"         daemon [_thread_blocked, id=34804, stack(0x000000b7d1700000,0x000000b7d1800000) (1024K)]
  0x000001f17ab9cee0 JavaThread "Common-Cleaner"             daemon [_thread_blocked, id=34028, stack(0x000000b7d1900000,0x000000b7d1a00000) (1024K)]
  0x000001f17ac94810 JavaThread "Notification Thread"        daemon [_thread_blocked, id=3360, stack(0x000000b7d1800000,0x000000b7d1900000) (1024K)]
  0x000001f17f65ebb0 JavaThread "Active Thread: Equinox Container: a8c60460-d69a-4ad9-a9eb-c32fffcc0b5c"        [_thread_blocked, id=34784, stack(0x000000b7d2100000,0x000000b7d2200000) (1024K)]
  0x000001f17f4ca7a0 JavaThread "Refresh Thread: Equinox Container: a8c60460-d69a-4ad9-a9eb-c32fffcc0b5c" daemon [_thread_blocked, id=10320, stack(0x000000b7d2300000,0x000000b7d2400000) (1024K)]
  0x000001f1410782b0 JavaThread "Framework Event Dispatcher: Equinox Container: a8c60460-d69a-4ad9-a9eb-c32fffcc0b5c" daemon [_thread_blocked, id=35252, stack(0x000000b7d2400000,0x000000b7d2500000) (1024K)]
  0x000001f17ac997f0 JavaThread "Start Level: Equinox Container: a8c60460-d69a-4ad9-a9eb-c32fffcc0b5c" daemon [_thread_blocked, id=23304, stack(0x000000b7d1a00000,0x000000b7d1b00000) (1024K)]
  0x000001f17f18c460 JavaThread "Bundle File Closer"         daemon [_thread_blocked, id=9128, stack(0x000000b7d2600000,0x000000b7d2700000) (1024K)]
  0x000001f14194c420 JavaThread "SCR Component Actor"        daemon [_thread_blocked, id=30736, stack(0x000000b7d2500000,0x000000b7d2600000) (1024K)]
  0x000001f17f311560 JavaThread "Worker-JM"                         [_thread_blocked, id=17644, stack(0x000000b7d2800000,0x000000b7d2900000) (1024K)]
  0x000001f17acc0f10 JavaThread "JNA Cleaner"                daemon [_thread_blocked, id=20240, stack(0x000000b7d2900000,0x000000b7d2a00000) (1024K)]
  0x000001f1415f9920 JavaThread "Java indexing"              daemon [_thread_blocked, id=18696, stack(0x000000b7d2c00000,0x000000b7d2d00000) (1024K)]
  0x000001f1415f9fb0 JavaThread "Worker-2"                          [_thread_blocked, id=22156, stack(0x000000b7d2d00000,0x000000b7d2e00000) (1024K)]
  0x000001f1415fb360 JavaThread "Worker-4"                          [_thread_blocked, id=25112, stack(0x000000b7d3100000,0x000000b7d3200000) (1024K)]
  0x000001f1415fb9f0 JavaThread "Thread-1"                   daemon [_thread_in_native, id=19928, stack(0x000000b7d3200000,0x000000b7d3300000) (1024K)]
  0x000001f1415fc080 JavaThread "Thread-2"                   daemon [_thread_in_native, id=28988, stack(0x000000b7d3300000,0x000000b7d3400000) (1024K)]
  0x000001f1442a6e80 JavaThread "Thread-3"                   daemon [_thread_in_native, id=35460, stack(0x000000b7d3400000,0x000000b7d3500000) (1024K)]
  0x000001f1442a9c70 JavaThread "Thread-4"                   daemon [_thread_in_native, id=32376, stack(0x000000b7d3500000,0x000000b7d3600000) (1024K)]
  0x000001f1442a8f50 JavaThread "Thread-5"                   daemon [_thread_in_native, id=31124, stack(0x000000b7d3600000,0x000000b7d3700000) (1024K)]
  0x000001f1442aa300 JavaThread "Thread-6"                   daemon [_thread_in_native, id=19940, stack(0x000000b7d3700000,0x000000b7d3800000) (1024K)]
  0x000001f1442a7510 JavaThread "Thread-7"                   daemon [_thread_in_native, id=28428, stack(0x000000b7d3800000,0x000000b7d3900000) (1024K)]
  0x000001f1442aa990 JavaThread "Thread-8"                   daemon [_thread_in_native, id=5880, stack(0x000000b7d3900000,0x000000b7d3a00000) (1024K)]
  0x000001f1442a95e0 JavaThread "Thread-9"                   daemon [_thread_in_native, id=30016, stack(0x000000b7d3a00000,0x000000b7d3b00000) (1024K)]
  0x000001f1442ab020 JavaThread "pool-2-thread-1"                   [_thread_blocked, id=16768, stack(0x000000b7d3b00000,0x000000b7d3c00000) (1024K)]
  0x000001f1442a8230 JavaThread "WorkspaceEventsHandler"            [_thread_blocked, id=35348, stack(0x000000b7d3c00000,0x000000b7d3d00000) (1024K)]
  0x000001f1442a7ba0 JavaThread "pool-1-thread-1"                   [_thread_blocked, id=10344, stack(0x000000b7d3d00000,0x000000b7d3e00000) (1024K)]
  0x000001f1427b7440 JavaThread "Cleaner-0"                  daemon [_thread_blocked, id=11448, stack(0x000000b7d4600000,0x000000b7d4700000) (1024K)]
  0x000001f1442abd40 JavaThread "ForkJoinPool.commonPool-worker-12" daemon [_thread_blocked, id=20468, stack(0x000000b7d0b00000,0x000000b7d0c00000) (1024K)]
  0x000001f1442ad780 JavaThread "ForkJoinPool.commonPool-worker-13" daemon [_thread_blocked, id=1916, stack(0x000000b7d2700000,0x000000b7d2800000) (1024K)]
  0x000001f1442ae4a0 JavaThread "ForkJoinPool.commonPool-worker-17" daemon [_thread_blocked, id=27560, stack(0x000000b7d0900000,0x000000b7d0a00000) (1024K)]
  0x000001f1442aca60 JavaThread "ForkJoinPool.commonPool-worker-18" daemon [_thread_blocked, id=20460, stack(0x000000b7d2e00000,0x000000b7d2f00000) (1024K)]
  0x000001f1432875a0 JavaThread "Compiler Source File Reader" daemon [_thread_blocked, id=34800, stack(0x000000b7d2a00000,0x000000b7d2b00000) (1024K)]
  0x000001f1432882c0 JavaThread "ForkJoinPool.commonPool-worker-20" daemon [_thread_blocked, id=6356, stack(0x000000b7d0a00000,0x000000b7d0b00000) (1024K)]
  0x000001f143285b60 JavaThread "ForkJoinPool.commonPool-worker-19" daemon [_thread_blocked, id=4384, stack(0x000000b7d3f00000,0x000000b7d4000000) (1024K)]
  0x000001f143288950 JavaThread "Compiler Source File Reader" daemon [_thread_blocked, id=27484, stack(0x000000b7d2f00000,0x000000b7d3000000) (1024K)]
  0x000001f143287c30 JavaThread "Compiler Processing Task"   daemon [_thread_blocked, id=30092, stack(0x000000b7d3000000,0x000000b7d3100000) (1024K)]
  0x000001f1432861f0 JavaThread "Worker-6"                          [_thread_blocked, id=30668, stack(0x000000b7d3e00000,0x000000b7d3f00000) (1024K)]
  0x000001f143289d00 JavaThread "Worker-7: Validate documents"        [_thread_blocked, id=34600, stack(0x000000b7d4000000,0x000000b7d4100000) (1024K)]
  0x000001f14328d180 JavaThread "Compiler Source File Reader" daemon [_thread_blocked, id=23672, stack(0x000000b7d2b00000,0x000000b7d2c00000) (1024K)]
  0x000001f14328caf0 JavaThread "ForkJoinPool.commonPool-worker-21" daemon [_thread_blocked, id=34916, stack(0x000000b7d4200000,0x000000b7d4300000) (1024K)]
  0x000001f14328a390 JavaThread "Compiler Source File Reader" daemon [_thread_blocked, id=23536, stack(0x000000b7d4300000,0x000000b7d4400000) (1024K)]
  0x000001f144c1fd50 JavaThread "Worker-8: Building"                [_thread_blocked, id=29020, stack(0x000000b7d4800000,0x000000b7d4900000) (1024K)]
  0x000001f144c203e0 JavaThread "Compiler Source File Reader" daemon [_thread_blocked, id=10036, stack(0x000000b7d4900000,0x000000b7d4a00000) (1024K)]
  0x000001f144c1dc80 JavaThread "Compiler Source File Reader" daemon [_thread_blocked, id=26924, stack(0x000000b7d4a00000,0x000000b7d4b00000) (1024K)]
=>0x000001f144c79010 JavaThread "C2 CompilerThread1"         daemon [_thread_in_native, id=7808, stack(0x000000b7d4100000,0x000000b7d4200000) (1024K)]
Total: 53

Other Threads:
  0x000001f1626536a0 VMThread "VM Thread"                           [id=24984, stack(0x000000b7d0f00000,0x000000b7d1000000) (1024K)]
  0x000001f16256ca00 WatcherThread "VM Periodic Task Thread"        [id=31704, stack(0x000000b7d0e00000,0x000000b7d0f00000) (1024K)]
  0x000001f1626fd190 WorkerThread "GC Thread#0"                     [id=29252, stack(0x000000b7d0d00000,0x000000b7d0e00000) (1024K)]
  0x000001f1410200e0 WorkerThread "GC Thread#1"                     [id=31332, stack(0x000000b7d1b00000,0x000000b7d1c00000) (1024K)]
  0x000001f17f597670 WorkerThread "GC Thread#2"                     [id=32648, stack(0x000000b7d1c00000,0x000000b7d1d00000) (1024K)]
  0x000001f17f66cfe0 WorkerThread "GC Thread#3"                     [id=12996, stack(0x000000b7d1d00000,0x000000b7d1e00000) (1024K)]
  0x000001f17f66b680 WorkerThread "GC Thread#4"                     [id=26436, stack(0x000000b7d1e00000,0x000000b7d1f00000) (1024K)]
  0x000001f17f66c8a0 WorkerThread "GC Thread#5"                     [id=35408, stack(0x000000b7d1f00000,0x000000b7d2000000) (1024K)]
  0x000001f17f66cc40 WorkerThread "GC Thread#6"                     [id=23732, stack(0x000000b7d2000000,0x000000b7d2100000) (1024K)]
  0x000001f17f66ba20 WorkerThread "GC Thread#7"                     [id=26128, stack(0x000000b7d2200000,0x000000b7d2300000) (1024K)]
Total: 10

Threads with active compile tasks:
C2 CompilerThread0  2899548 21658   !   4       org.eclipse.jdt.internal.compiler.classfmt.ClassFileReader::read (134 bytes)
C2 CompilerThread1  2899549 21627   !   4       org.eclipse.jdt.internal.compiler.lookup.BinaryTypeBinding::cachePartsFrom2 (1809 bytes)
Total: 2

VM state: at safepoint (normal execution)

VM Mutex/Monitor currently owned by a thread:  ([mutex/lock_event])
[0x00007ffde26bd570] Threads_lock - owner thread: 0x000001f1626536a0
[0x00007ffde26bd670] Heap_lock - owner thread: 0x000001f143287c30
[0x00007ffde26bdaf0] PSOldGenExpand_lock - owner thread: 0x000001f1626fd190

Heap address: 0x0000000080000000, size: 2048 MB, Compressed Oops mode: 32-bit

CDS archive(s) mapped at: [0x000001f100000000-0x000001f100ba0000-0x000001f100ba0000), size 12189696, SharedBaseAddress: 0x000001f100000000, ArchiveRelocationMode: 1.
Compressed class space mapped at: 0x000001f101000000-0x000001f141000000, reserved size: 1073741824
Narrow klass base: 0x000001f100000000, Narrow klass shift: 0, Narrow klass range: 0x100000000

GC Precious Log:
 CardTable entry size: 512
 CPUs: 8 total, 8 available
 Memory: 7379M
 Large Page Support: Disabled
 NUMA Support: Disabled
 Compressed Oops: Enabled (32-bit)
 Alignments: Space 512K, Generation 512K, Heap 2M
 Heap Min Capacity: 100M
 Heap Initial Capacity: 100M
 Heap Max Capacity: 2G
 Pre-touch: Disabled
 Parallel Workers: 8

Heap:
 PSYoungGen      total 9216K, used 9213K [0x00000000d5580000, 0x00000000d6280000, 0x0000000100000000)
  eden space 6144K, 100% used [0x00000000d5580000,0x00000000d5b80000,0x00000000d5b80000)
  from space 3072K, 99% used [0x00000000d5f80000,0x00000000d627f4a8,0x00000000d6280000)
  to   space 3584K, 34% used [0x00000000d5c00000,0x00000000d5d394d8,0x00000000d5f80000)
 ParOldGen       total 711680K, used 711672K [0x0000000080000000, 0x00000000ab700000, 0x00000000d5580000)
  object space 711680K, 99% used [0x0000000080000000,0x00000000ab6fe2a0,0x00000000ab700000)
 Metaspace       used 92040K, committed 93760K, reserved 1179648K
  class space    used 9589K, committed 10304K, reserved 1048576K

Card table byte_map: [0x000001f162080000,0x000001f162490000] _byte_map_base: 0x000001f161c80000

Marking Bits: (ParMarkBitMap*) 0x00007ffde26c2460
 Begin Bits: [0x000001f174b90000, 0x000001f176b90000)
 End Bits:   [0x000001f176b90000, 0x000001f178b90000)

Polling page: 0x000001f160460000

Metaspace:

Usage:
  Non-class:     80.52 MB used.
      Class:      9.37 MB used.
       Both:     89.88 MB used.

Virtual space:
  Non-class space:      128.00 MB reserved,      81.50 MB ( 64%) committed,  2 nodes.
      Class space:        1.00 GB reserved,      10.06 MB ( <1%) committed,  1 nodes.
             Both:        1.12 GB reserved,      91.56 MB (  8%) committed. 

Chunk freelists:
   Non-Class:  14.28 MB
       Class:  5.98 MB
        Both:  20.27 MB

MaxMetaspaceSize: unlimited
CompressedClassSpaceSize: 1.00 GB
Initial GC threshold: 21.00 MB
Current GC threshold: 128.75 MB
CDS: on
 - commit_granule_bytes: 65536.
 - commit_granule_words: 8192.
 - virtual_space_node_default_size: 8388608.
 - enlarge_chunks_in_place: 1.
 - use_allocation_guard: 0.


Internal statistics:

num_allocs_failed_limit: 13.
num_arena_births: 1800.
num_arena_deaths: 452.
num_vsnodes_births: 3.
num_vsnodes_deaths: 0.
num_space_committed: 1465.
num_space_uncommitted: 0.
num_chunks_returned_to_freelist: 565.
num_chunks_taken_from_freelist: 6540.
num_chunk_merges: 169.
num_chunk_splits: 3775.
num_chunks_enlarged: 2051.
num_inconsistent_stats: 0.

CodeHeap 'non-profiled nmethods': size=120000Kb used=18752Kb max_used=18752Kb free=101247Kb
 bounds [0x000001f16d3b0000, 0x000001f16e610000, 0x000001f1748e0000]
CodeHeap 'profiled nmethods': size=120000Kb used=49671Kb max_used=49671Kb free=70328Kb
 bounds [0x000001f1658e0000, 0x000001f168970000, 0x000001f16ce10000]
CodeHeap 'non-nmethods': size=5760Kb used=1532Kb max_used=1596Kb free=4227Kb
 bounds [0x000001f16ce10000, 0x000001f16d080000, 0x000001f16d3b0000]
CodeCache: size=245760Kb, used=69955Kb, max_used=70019Kb, free=175802Kb
 total_blobs=20701, nmethods=19846, adapters=754, full_count=0
Compilation: enabled, stopped_count=0, restarted_count=0

Compilation events (20 events):
Event: 2894.402 Thread 0x000001f16268b300 nmethod 21653 0x000001f16895e490 code [0x000001f16895e6c0, 0x000001f16895ed58]
Event: 2894.403 Thread 0x000001f16266ab10 21654       4       jdk.internal.org.objectweb.asm.MethodWriter::visitFieldInsn (258 bytes)
Event: 2894.410 Thread 0x000001f16266ab10 nmethod 21654 0x000001f16e5ff410 code [0x000001f16e5ff620, 0x000001f16e5ffb40]
Event: 2894.410 Thread 0x000001f16266ab10 21655       4       jdk.internal.org.objectweb.asm.SymbolTable::addConstantFieldref (10 bytes)
Event: 2894.411 Thread 0x000001f16266ab10 nmethod 21655 0x000001f16e600010 code [0x000001f16e6001a0, 0x000001f16e600260]
Event: 2896.456 Thread 0x000001f16268b300 21656       3       com.google.gson.JsonPrimitive::isNumber (8 bytes)
Event: 2896.457 Thread 0x000001f16268b300 nmethod 21656 0x000001f16895f090 code [0x000001f16895f240, 0x000001f16895f448]
Event: 2896.463 Thread 0x000001f16268b300 21657       3       org.eclipse.jdt.internal.core.builder.ClasspathJrt::getModule (9 bytes)
Event: 2896.464 Thread 0x000001f16268b300 nmethod 21657 0x000001f16895f510 code [0x000001f16895f6e0, 0x000001f16895f9a8]
Event: 2896.466 Thread 0x000001f16266ab10 21658   !   4       org.eclipse.jdt.internal.compiler.classfmt.ClassFileReader::read (134 bytes)
Event: 2898.475 Thread 0x000001f16268b300 21659       3       java.util.concurrent.ForkJoinPool::execute (29 bytes)
Event: 2898.475 Thread 0x000001f16268b300 nmethod 21659 0x000001f16895fb10 code [0x000001f16895fce0, 0x000001f1689600e0]
Event: 2898.475 Thread 0x000001f16268b300 21660       3       java.util.concurrent.CompletableFuture$Completion::exec (8 bytes)
Event: 2898.475 Thread 0x000001f16268b300 nmethod 21660 0x000001f168960210 code [0x000001f1689603c0, 0x000001f1689605a0]
Event: 2898.475 Thread 0x000001f16268b300 21661       3       java.util.Formatter$FormatSpecifier::leadingSign (80 bytes)
Event: 2898.476 Thread 0x000001f16268b300 nmethod 21661 0x000001f168960690 code [0x000001f1689608c0, 0x000001f168960f90]
Event: 2898.476 Thread 0x000001f16268b300 21662       3       java.util.Formatter$FormatSpecifier::trailingSign (26 bytes)
Event: 2898.476 Thread 0x000001f16268b300 nmethod 21662 0x000001f168961210 code [0x000001f1689613e0, 0x000001f1689616b8]
Event: 2898.481 Thread 0x000001f16268b300 21667       3       sun.nio.cs.StreamEncoder::ensureOpen (18 bytes)
Event: 2898.481 Thread 0x000001f16268b300 nmethod 21667 0x000001f168961810 code [0x000001f1689619c0, 0x000001f168961bc8]

GC Heap History (20 events):
Event: 2892.136 GC heap after
{Heap after GC invocations=909 (full 4):
 PSYoungGen      total 4608K, used 1536K [0x00000000d5580000, 0x00000000d5e80000, 0x0000000100000000)
  eden space 3072K, 0% used [0x00000000d5580000,0x00000000d5580000,0x00000000d5880000)
  from space 1536K, 100% used [0x00000000d5880000,0x00000000d5a00000,0x00000000d5a00000)
  to   space 3072K, 0% used [0x00000000d5b80000,0x00000000d5b80000,0x00000000d5e80000)
 ParOldGen       total 683008K, used 682825K [0x0000000080000000, 0x00000000a9b00000, 0x00000000d5580000)
  object space 683008K, 99% used [0x0000000080000000,0x00000000a9ad2720,0x00000000a9b00000)
 Metaspace       used 91967K, committed 93696K, reserved 1179648K
  class space    used 9584K, committed 10304K, reserved 1048576K
}
Event: 2892.144 GC heap before
{Heap before GC invocations=910 (full 4):
 PSYoungGen      total 4608K, used 4608K [0x00000000d5580000, 0x00000000d5e80000, 0x0000000100000000)
  eden space 3072K, 100% used [0x00000000d5580000,0x00000000d5880000,0x00000000d5880000)
  from space 1536K, 100% used [0x00000000d5880000,0x00000000d5a00000,0x00000000d5a00000)
  to   space 3072K, 0% used [0x00000000d5b80000,0x00000000d5b80000,0x00000000d5e80000)
 ParOldGen       total 683008K, used 682825K [0x0000000080000000, 0x00000000a9b00000, 0x00000000d5580000)
  object space 683008K, 99% used [0x0000000080000000,0x00000000a9ad2720,0x00000000a9b00000)
 Metaspace       used 91967K, committed 93696K, reserved 1179648K
  class space    used 9584K, committed 10304K, reserved 1048576K
}
Event: 2892.148 GC heap after
{Heap after GC invocations=910 (full 4):
 PSYoungGen      total 6144K, used 2688K [0x00000000d5580000, 0x00000000d5f80000, 0x0000000100000000)
  eden space 3072K, 0% used [0x00000000d5580000,0x00000000d5580000,0x00000000d5880000)
  from space 3072K, 87% used [0x00000000d5b80000,0x00000000d5e20000,0x00000000d5e80000)
  to   space 3072K, 0% used [0x00000000d5880000,0x00000000d5880000,0x00000000d5b80000)
 ParOldGen       total 684544K, used 684361K [0x0000000080000000, 0x00000000a9c80000, 0x00000000d5580000)
  object space 684544K, 99% used [0x0000000080000000,0x00000000a9c52720,0x00000000a9c80000)
 Metaspace       used 91967K, committed 93696K, reserved 1179648K
  class space    used 9584K, committed 10304K, reserved 1048576K
}
Event: 2892.155 GC heap before
{Heap before GC invocations=911 (full 4):
 PSYoungGen      total 6144K, used 5760K [0x00000000d5580000, 0x00000000d5f80000, 0x0000000100000000)
  eden space 3072K, 100% used [0x00000000d5580000,0x00000000d5880000,0x00000000d5880000)
  from space 3072K, 87% used [0x00000000d5b80000,0x00000000d5e20000,0x00000000d5e80000)
  to   space 3072K, 0% used [0x00000000d5880000,0x00000000d5880000,0x00000000d5b80000)
 ParOldGen       total 684544K, used 684361K [0x0000000080000000, 0x00000000a9c80000, 0x00000000d5580000)
  object space 684544K, 99% used [0x0000000080000000,0x00000000a9c52720,0x00000000a9c80000)
 Metaspace       used 91967K, committed 93696K, reserved 1179648K
  class space    used 9584K, committed 10304K, reserved 1048576K
}
Event: 2892.160 GC heap after
{Heap after GC invocations=911 (full 4):
 PSYoungGen      total 6144K, used 2176K [0x00000000d5580000, 0x00000000d5e80000, 0x0000000100000000)
  eden space 3072K, 0% used [0x00000000d5580000,0x00000000d5580000,0x00000000d5880000)
  from space 3072K, 70% used [0x00000000d5880000,0x00000000d5aa0000,0x00000000d5b80000)
  to   space 2560K, 0% used [0x00000000d5c00000,0x00000000d5c00000,0x00000000d5e80000)
 ParOldGen       total 687104K, used 686937K [0x0000000080000000, 0x00000000a9f00000, 0x00000000d5580000)
  object space 687104K, 99% used [0x0000000080000000,0x00000000a9ed6720,0x00000000a9f00000)
 Metaspace       used 91967K, committed 93696K, reserved 1179648K
  class space    used 9584K, committed 10304K, reserved 1048576K
}
Event: 2892.169 GC heap before
{Heap before GC invocations=912 (full 4):
 PSYoungGen      total 6144K, used 5248K [0x00000000d5580000, 0x00000000d5e80000, 0x0000000100000000)
  eden space 3072K, 100% used [0x00000000d5580000,0x00000000d5880000,0x00000000d5880000)
  from space 3072K, 70% used [0x00000000d5880000,0x00000000d5aa0000,0x00000000d5b80000)
  to   space 2560K, 0% used [0x00000000d5c00000,0x00000000d5c00000,0x00000000d5e80000)
 ParOldGen       total 687104K, used 686937K [0x0000000080000000, 0x00000000a9f00000, 0x00000000d5580000)
  object space 687104K, 99% used [0x0000000080000000,0x00000000a9ed6720,0x00000000a9f00000)
 Metaspace       used 91969K, committed 93696K, reserved 1179648K
  class space    used 9584K, committed 10304K, reserved 1048576K
}
Event: 2892.176 GC heap after
{Heap after GC invocations=912 (full 4):
 PSYoungGen      total 6656K, used 2322K [0x00000000d5580000, 0x00000000d5e80000, 0x0000000100000000)
  eden space 4096K, 0% used [0x00000000d5580000,0x00000000d5580000,0x00000000d5980000)
  from space 2560K, 90% used [0x00000000d5c00000,0x00000000d5e44ab0,0x00000000d5e80000)
  to   space 2560K, 0% used [0x00000000d5980000,0x00000000d5980000,0x00000000d5c00000)
 ParOldGen       total 689152K, used 688998K [0x0000000080000000, 0x00000000aa100000, 0x00000000d5580000)
  object space 689152K, 99% used [0x0000000080000000,0x00000000aa0d9a30,0x00000000aa100000)
 Metaspace       used 91969K, committed 93696K, reserved 1179648K
  class space    used 9584K, committed 10304K, reserved 1048576K
}
Event: 2892.183 GC heap before
{Heap before GC invocations=913 (full 4):
 PSYoungGen      total 6656K, used 6418K [0x00000000d5580000, 0x00000000d5e80000, 0x0000000100000000)
  eden space 4096K, 100% used [0x00000000d5580000,0x00000000d5980000,0x00000000d5980000)
  from space 2560K, 90% used [0x00000000d5c00000,0x00000000d5e44ab0,0x00000000d5e80000)
  to   space 2560K, 0% used [0x00000000d5980000,0x00000000d5980000,0x00000000d5c00000)
 ParOldGen       total 689152K, used 688998K [0x0000000080000000, 0x00000000aa100000, 0x00000000d5580000)
  object space 689152K, 99% used [0x0000000080000000,0x00000000aa0d9a30,0x00000000aa100000)
 Metaspace       used 91973K, committed 93696K, reserved 1179648K
  class space    used 9585K, committed 10304K, reserved 1048576K
}
Event: 2892.188 GC heap after
{Heap after GC invocations=913 (full 4):
 PSYoungGen      total 6656K, used 2560K [0x00000000d5580000, 0x00000000d6580000, 0x0000000100000000)
  eden space 4096K, 0% used [0x00000000d5580000,0x00000000d5580000,0x00000000d5980000)
  from space 2560K, 100% used [0x00000000d5980000,0x00000000d5c00000,0x00000000d5c00000)
  to   space 5632K, 0% used [0x00000000d6000000,0x00000000d6000000,0x00000000d6580000)
 ParOldGen       total 691200K, used 691175K [0x0000000080000000, 0x00000000aa300000, 0x00000000d5580000)
  object space 691200K, 99% used [0x0000000080000000,0x00000000aa2f9f90,0x00000000aa300000)
 Metaspace       used 91973K, committed 93696K, reserved 1179648K
  class space    used 9585K, committed 10304K, reserved 1048576K
}
Event: 2892.198 GC heap before
{Heap before GC invocations=914 (full 4):
 PSYoungGen      total 6656K, used 6656K [0x00000000d5580000, 0x00000000d6580000, 0x0000000100000000)
  eden space 4096K, 100% used [0x00000000d5580000,0x00000000d5980000,0x00000000d5980000)
  from space 2560K, 100% used [0x00000000d5980000,0x00000000d5c00000,0x00000000d5c00000)
  to   space 5632K, 0% used [0x00000000d6000000,0x00000000d6000000,0x00000000d6580000)
 ParOldGen       total 691200K, used 691175K [0x0000000080000000, 0x00000000aa300000, 0x00000000d5580000)
  object space 691200K, 99% used [0x0000000080000000,0x00000000aa2f9f90,0x00000000aa300000)
 Metaspace       used 91973K, committed 93696K, reserved 1179648K
  class space    used 9585K, committed 10304K, reserved 1048576K
}
Event: 2892.204 GC heap after
{Heap after GC invocations=914 (full 4):
 PSYoungGen      total 8192K, used 2912K [0x00000000d5580000, 0x00000000d6300000, 0x0000000100000000)
  eden space 5120K, 0% used [0x00000000d5580000,0x00000000d5580000,0x00000000d5a80000)
  from space 3072K, 94% used [0x00000000d6000000,0x00000000d62d8000,0x00000000d6300000)
  to   space 3584K, 0% used [0x00000000d5c00000,0x00000000d5c00000,0x00000000d5f80000)
 ParOldGen       total 693760K, used 693635K [0x0000000080000000, 0x00000000aa580000, 0x00000000d5580000)
  object space 693760K, 99% used [0x0000000080000000,0x00000000aa560fa0,0x00000000aa580000)
 Metaspace       used 91973K, committed 93696K, reserved 1179648K
  class space    used 9585K, committed 10304K, reserved 1048576K
}
Event: 2892.245 GC heap before
{Heap before GC invocations=915 (full 4):
 PSYoungGen      total 8192K, used 8032K [0x00000000d5580000, 0x00000000d6300000, 0x0000000100000000)
  eden space 5120K, 100% used [0x00000000d5580000,0x00000000d5a80000,0x00000000d5a80000)
  from space 3072K, 94% used [0x00000000d6000000,0x00000000d62d8000,0x00000000d6300000)
  to   space 3584K, 0% used [0x00000000d5c00000,0x00000000d5c00000,0x00000000d5f80000)
 ParOldGen       total 693760K, used 693635K [0x0000000080000000, 0x00000000aa580000, 0x00000000d5580000)
  object space 693760K, 99% used [0x0000000080000000,0x00000000aa560fa0,0x00000000aa580000)
 Metaspace       used 91981K, committed 93696K, reserved 1179648K
  class space    used 9585K, committed 10304K, reserved 1048576K
}
Event: 2892.250 GC heap after
{Heap after GC invocations=915 (full 4):
 PSYoungGen      total 9728K, used 3096K [0x00000000d5580000, 0x00000000d6280000, 0x0000000100000000)
  eden space 6144K, 0% used [0x00000000d5580000,0x00000000d5580000,0x00000000d5b80000)
  from space 3584K, 86% used [0x00000000d5c00000,0x00000000d5f06000,0x00000000d5f80000)
  to   space 3072K, 0% used [0x00000000d5f80000,0x00000000d5f80000,0x00000000d6280000)
 ParOldGen       total 696832K, used 696427K [0x0000000080000000, 0x00000000aa880000, 0x00000000d5580000)
  object space 696832K, 99% used [0x0000000080000000,0x00000000aa81afa0,0x00000000aa880000)
 Metaspace       used 91981K, committed 93696K, reserved 1179648K
  class space    used 9585K, committed 10304K, reserved 1048576K
}
Event: 2892.360 GC heap before
{Heap before GC invocations=916 (full 4):
 PSYoungGen      total 9728K, used 9221K [0x00000000d5580000, 0x00000000d6280000, 0x0000000100000000)
  eden space 6144K, 99% used [0x00000000d5580000,0x00000000d5b7b7a8,0x00000000d5b80000)
  from space 3584K, 86% used [0x00000000d5c00000,0x00000000d5f06000,0x00000000d5f80000)
  to   space 3072K, 0% used [0x00000000d5f80000,0x00000000d5f80000,0x00000000d6280000)
 ParOldGen       total 696832K, used 696427K [0x0000000080000000, 0x00000000aa880000, 0x00000000d5580000)
  object space 696832K, 99% used [0x0000000080000000,0x00000000aa81afa0,0x00000000aa880000)
 Metaspace       used 91987K, committed 93696K, reserved 1179648K
  class space    used 9585K, committed 10304K, reserved 1048576K
}
Event: 2894.371 GC heap after
{Heap after GC invocations=916 (full 4):
 PSYoungGen      total 9216K, used 3067K [0x00000000d5580000, 0x00000000d6280000, 0x0000000100000000)
  eden space 6144K, 0% used [0x00000000d5580000,0x00000000d5580000,0x00000000d5b80000)
  from space 3072K, 99% used [0x00000000d5f80000,0x00000000d627ee40,0x00000000d6280000)
  to   space 3584K, 0% used [0x00000000d5c00000,0x00000000d5c00000,0x00000000d5f80000)
 ParOldGen       total 700416K, used 700359K [0x0000000080000000, 0x00000000aac00000, 0x00000000d5580000)
  object space 700416K, 99% used [0x0000000080000000,0x00000000aabf1d48,0x00000000aac00000)
 Metaspace       used 91987K, committed 93696K, reserved 1179648K
  class space    used 9585K, committed 10304K, reserved 1048576K
}
Event: 2894.421 GC heap before
{Heap before GC invocations=917 (full 4):
 PSYoungGen      total 9216K, used 9211K [0x00000000d5580000, 0x00000000d6280000, 0x0000000100000000)
  eden space 6144K, 100% used [0x00000000d5580000,0x00000000d5b80000,0x00000000d5b80000)
  from space 3072K, 99% used [0x00000000d5f80000,0x00000000d627ee40,0x00000000d6280000)
  to   space 3584K, 0% used [0x00000000d5c00000,0x00000000d5c00000,0x00000000d5f80000)
 ParOldGen       total 700416K, used 700359K [0x0000000080000000, 0x00000000aac00000, 0x00000000d5580000)
  object space 700416K, 99% used [0x0000000080000000,0x00000000aabf1d48,0x00000000aac00000)
 Metaspace       used 92036K, committed 93760K, reserved 1179648K
  class space    used 9589K, committed 10304K, reserved 1048576K
}
Event: 2896.430 GC heap after
{Heap after GC invocations=917 (full 4):
 PSYoungGen      total 9728K, used 3562K [0x00000000d5580000, 0x00000000d6280000, 0x0000000100000000)
  eden space 6144K, 0% used [0x00000000d5580000,0x00000000d5580000,0x00000000d5b80000)
  from space 3584K, 99% used [0x00000000d5c00000,0x00000000d5f7aaa8,0x00000000d5f80000)
  to   space 3072K, 0% used [0x00000000d5f80000,0x00000000d5f80000,0x00000000d6280000)
 ParOldGen       total 705536K, used 704598K [0x0000000080000000, 0x00000000ab100000, 0x00000000d5580000)
  object space 705536K, 99% used [0x0000000080000000,0x00000000ab015bc0,0x00000000ab100000)
 Metaspace       used 92036K, committed 93760K, reserved 1179648K
  class space    used 9589K, committed 10304K, reserved 1048576K
}
Event: 2896.467 GC heap before
{Heap before GC invocations=918 (full 4):
 PSYoungGen      total 9728K, used 9706K [0x00000000d5580000, 0x00000000d6280000, 0x0000000100000000)
  eden space 6144K, 100% used [0x00000000d5580000,0x00000000d5b80000,0x00000000d5b80000)
  from space 3584K, 99% used [0x00000000d5c00000,0x00000000d5f7aaa8,0x00000000d5f80000)
  to   space 3072K, 0% used [0x00000000d5f80000,0x00000000d5f80000,0x00000000d6280000)
 ParOldGen       total 705536K, used 704598K [0x0000000080000000, 0x00000000ab100000, 0x00000000d5580000)
  object space 705536K, 99% used [0x0000000080000000,0x00000000ab015bc0,0x00000000ab100000)
 Metaspace       used 92036K, committed 93760K, reserved 1179648K
  class space    used 9589K, committed 10304K, reserved 1048576K
}
Event: 2898.473 GC heap after
{Heap after GC invocations=918 (full 4):
 PSYoungGen      total 9216K, used 3069K [0x00000000d5580000, 0x00000000d6280000, 0x0000000100000000)
  eden space 6144K, 0% used [0x00000000d5580000,0x00000000d5580000,0x00000000d5b80000)
  from space 3072K, 99% used [0x00000000d5f80000,0x00000000d627f4a8,0x00000000d6280000)
  to   space 3584K, 0% used [0x00000000d5c00000,0x00000000d5c00000,0x00000000d5f80000)
 ParOldGen       total 710656K, used 710614K [0x0000000080000000, 0x00000000ab600000, 0x00000000d5580000)
  object space 710656K, 99% used [0x0000000080000000,0x00000000ab5f5838,0x00000000ab600000)
 Metaspace       used 92036K, committed 93760K, reserved 1179648K
  class space    used 9589K, committed 10304K, reserved 1048576K
}
Event: 2898.487 GC heap before
{Heap before GC invocations=919 (full 4):
 PSYoungGen      total 9216K, used 9213K [0x00000000d5580000, 0x00000000d6280000, 0x0000000100000000)
  eden space 6144K, 100% used [0x00000000d5580000,0x00000000d5b80000,0x00000000d5b80000)
  from space 3072K, 99% used [0x00000000d5f80000,0x00000000d627f4a8,0x00000000d6280000)
  to   space 3584K, 0% used [0x00000000d5c00000,0x00000000d5c00000,0x00000000d5f80000)
 ParOldGen       total 710656K, used 710614K [0x0000000080000000, 0x00000000ab600000, 0x00000000d5580000)
  object space 710656K, 99% used [0x0000000080000000,0x00000000ab5f5838,0x00000000ab600000)
 Metaspace       used 92040K, committed 93760K, reserved 1179648K
  class space    used 9589K, committed 10304K, reserved 1048576K
}

Dll operation events (12 events):
Event: 0.034 Loaded shared library c:\Users\Deeksha Kharvi\.vscode\extensions\redhat.java-1.52.0-win32-x64\jre\21.0.9-win32-x86_64\bin\java.dll
Event: 0.232 Loaded shared library c:\Users\Deeksha Kharvi\.vscode\extensions\redhat.java-1.52.0-win32-x64\jre\21.0.9-win32-x86_64\bin\zip.dll
Event: 0.281 Loaded shared library C:\Users\Deeksha Kharvi\.vscode\extensions\redhat.java-1.52.0-win32-x64\jre\21.0.9-win32-x86_64\bin\instrument.dll
Event: 0.324 Loaded shared library C:\Users\Deeksha Kharvi\.vscode\extensions\redhat.java-1.52.0-win32-x64\jre\21.0.9-win32-x86_64\bin\net.dll
Event: 0.331 Loaded shared library C:\Users\Deeksha Kharvi\.vscode\extensions\redhat.java-1.52.0-win32-x64\jre\21.0.9-win32-x86_64\bin\nio.dll
Event: 0.339 Loaded shared library C:\Users\Deeksha Kharvi\.vscode\extensions\redhat.java-1.52.0-win32-x64\jre\21.0.9-win32-x86_64\bin\zip.dll
Event: 0.392 Loaded shared library C:\Users\Deeksha Kharvi\.vscode\extensions\redhat.java-1.52.0-win32-x64\jre\21.0.9-win32-x86_64\bin\jimage.dll
Event: 0.693 Loaded shared library c:\Users\Deeksha Kharvi\.vscode\extensions\redhat.java-1.52.0-win32-x64\jre\21.0.9-win32-x86_64\bin\verify.dll
Event: 5.711 Loaded shared library C:\Users\Deeksha Kharvi\AppData\Roaming\Code\User\globalStorage\redhat.java\1.52.0\config_win\org.eclipse.equinox.launcher\org.eclipse.equinox.launcher.win32.win32.x86_64_1.2.1500.v20260121-1430\eclipse_11919.dll
Event: 8.094 Loaded shared library C:\Users\Deeksha Kharvi\AppData\Local\Temp\jna--720421924\jna14334996242745892626.dll
Event: 2803.063 Loaded shared library C:\Users\Deeksha Kharvi\.vscode\extensions\redhat.java-1.52.0-win32-x64\jre\21.0.9-win32-x86_64\bin\extnet.dll
Event: 2803.275 Loaded shared library C:\Users\Deeksha Kharvi\.vscode\extensions\redhat.java-1.52.0-win32-x64\jre\21.0.9-win32-x86_64\bin\sunmscapi.dll

Deoptimization events (20 events):
Event: 2888.549 Thread 0x000001f1442aca60 Uncommon trap: trap_request=0xffffffc6 fr.pc=0x000001f16e0a9ee4 relative=0x0000000000000444
Event: 2888.549 Thread 0x000001f1442aca60 Uncommon trap: reason=bimorphic_or_optimized_type_check action=maybe_recompile pc=0x000001f16e0a9ee4 method=lombok.eclipse.handlers.EclipseHandlerUtil.typeMatches(Ljava/lang/String;Llombok/eclipse/EclipseNode;Lorg/eclipse/jdt/internal/compiler/ast/TypeRef
Event: 2888.549 Thread 0x000001f1442aca60 DEOPT PACKING pc=0x000001f16e0a9ee4 sp=0x000000b7d2efd2e0
Event: 2888.549 Thread 0x000001f1442aca60 DEOPT UNPACKING pc=0x000001f16ce63aa2 sp=0x000000b7d2efd280 mode 2
Event: 2888.549 Thread 0x000001f1442aca60 Uncommon trap: trap_request=0xffffffc6 fr.pc=0x000001f16e0a9ee4 relative=0x0000000000000444
Event: 2888.549 Thread 0x000001f1442aca60 Uncommon trap: reason=bimorphic_or_optimized_type_check action=maybe_recompile pc=0x000001f16e0a9ee4 method=lombok.eclipse.handlers.EclipseHandlerUtil.typeMatches(Ljava/lang/String;Llombok/eclipse/EclipseNode;Lorg/eclipse/jdt/internal/compiler/ast/TypeRef
Event: 2888.549 Thread 0x000001f1442aca60 DEOPT PACKING pc=0x000001f16e0a9ee4 sp=0x000000b7d2efd2e0
Event: 2888.549 Thread 0x000001f1442aca60 DEOPT UNPACKING pc=0x000001f16ce63aa2 sp=0x000000b7d2efd280 mode 2
Event: 2891.136 Thread 0x000001f143289d00 DEOPT PACKING pc=0x000001f1688c1b09 sp=0x000000b7d40fed90
Event: 2891.136 Thread 0x000001f143289d00 DEOPT UNPACKING pc=0x000001f16ce64242 sp=0x000000b7d40fe2b0 mode 0
Event: 2891.153 Thread 0x000001f1442aca60 DEOPT PACKING pc=0x000001f1688c1b09 sp=0x000000b7d2efddd0
Event: 2891.153 Thread 0x000001f1442aca60 DEOPT UNPACKING pc=0x000001f16ce64242 sp=0x000000b7d2efd2f0 mode 0
Event: 2891.229 Thread 0x000001f1442ad780 DEOPT PACKING pc=0x000001f1688c1b09 sp=0x000000b7d27fed40
Event: 2891.229 Thread 0x000001f1442ad780 DEOPT UNPACKING pc=0x000001f16ce64242 sp=0x000000b7d27fe260 mode 0
Event: 2891.229 Thread 0x000001f1442ad780 DEOPT PACKING pc=0x000001f1688c1b09 sp=0x000000b7d27fed40
Event: 2891.229 Thread 0x000001f1442ad780 DEOPT UNPACKING pc=0x000001f16ce64242 sp=0x000000b7d27fe260 mode 0
Event: 2891.229 Thread 0x000001f1442ad780 DEOPT PACKING pc=0x000001f1688c1b09 sp=0x000000b7d27fed40
Event: 2891.229 Thread 0x000001f1442ad780 DEOPT UNPACKING pc=0x000001f16ce64242 sp=0x000000b7d27fe260 mode 0
Event: 2891.238 Thread 0x000001f1442aca60 DEOPT PACKING pc=0x000001f1688c1b09 sp=0x000000b7d2efdc70
Event: 2891.238 Thread 0x000001f1442aca60 DEOPT UNPACKING pc=0x000001f16ce64242 sp=0x000000b7d2efd190 mode 0

Classes loaded (20 events):
Event: 2813.231 Loading class org/xml/sax/SAXNotSupportedException
Event: 2813.231 Loading class org/xml/sax/SAXNotSupportedException done
Event: 2813.237 Loading class com/sun/org/apache/xerces/internal/util/URI
Event: 2813.239 Loading class com/sun/org/apache/xerces/internal/util/URI done
Event: 2813.243 Loading class com/sun/org/apache/xerces/internal/xni/XNIException
Event: 2813.244 Loading class com/sun/org/apache/xerces/internal/xni/XNIException done
Event: 2813.253 Loading class com/sun/org/apache/xerces/internal/xni/parser/XMLParseException
Event: 2813.253 Loading class com/sun/org/apache/xerces/internal/xni/parser/XMLParseException done
Event: 2813.330 Loading class java/io/ObjectOutputStream$BlockDataOutputStream
Event: 2813.331 Loading class java/io/ObjectOutputStream$BlockDataOutputStream done
Event: 2813.331 Loading class java/io/ObjectOutputStream$HandleTable
Event: 2813.332 Loading class java/io/ObjectOutputStream$HandleTable done
Event: 2813.332 Loading class java/io/ObjectOutputStream$ReplaceTable
Event: 2813.332 Loading class java/io/ObjectOutputStream$ReplaceTable done
Event: 2813.356 Loading class java/util/concurrent/LinkedBlockingQueue$Itr
Event: 2813.356 Loading class java/util/concurrent/LinkedBlockingQueue$Itr done
Event: 2859.208 Loading class jdk/internal/module/IllegalAccessLogger
Event: 2859.216 Loading class jdk/internal/module/IllegalAccessLogger done
Event: 2898.477 Loading class jdk/internal/module/IllegalAccessLogger
Event: 2898.477 Loading class jdk/internal/module/IllegalAccessLogger done

Classes unloaded (20 events):
Event: 2617.682 Thread 0x000001f1626536a0 Unloading class 0x000001f101018800 'java/lang/invoke/LambdaForm$MH+0x000001f101018800'
Event: 2617.682 Thread 0x000001f1626536a0 Unloading class 0x000001f101014800 'java/lang/invoke/LambdaForm$MH+0x000001f101014800'
Event: 2617.682 Thread 0x000001f1626536a0 Unloading class 0x000001f10100d800 'java/lang/invoke/LambdaForm$MH+0x000001f10100d800'
Event: 2617.683 Thread 0x000001f1626536a0 Unloading class 0x000001f10100d400 'java/lang/invoke/LambdaForm$MH+0x000001f10100d400'
Event: 2617.683 Thread 0x000001f1626536a0 Unloading class 0x000001f10100d000 'java/lang/invoke/LambdaForm$MH+0x000001f10100d000'
Event: 2617.683 Thread 0x000001f1626536a0 Unloading class 0x000001f10100cc00 'java/lang/invoke/LambdaForm$MH+0x000001f10100cc00'
Event: 2617.683 Thread 0x000001f1626536a0 Unloading class 0x000001f10100c800 'java/lang/invoke/LambdaForm$BMH+0x000001f10100c800'
Event: 2617.683 Thread 0x000001f1626536a0 Unloading class 0x000001f10100c000 'java/lang/invoke/LambdaForm$DMH+0x000001f10100c000'
Event: 2617.683 Thread 0x000001f1626536a0 Unloading class 0x000001f101008c00 'java/lang/invoke/LambdaForm$MH+0x000001f101008c00'
Event: 2617.683 Thread 0x000001f1626536a0 Unloading class 0x000001f101008800 'java/lang/invoke/LambdaForm$MH+0x000001f101008800'
Event: 2617.683 Thread 0x000001f1626536a0 Unloading class 0x000001f101008400 'java/lang/invoke/LambdaForm$MH+0x000001f101008400'
Event: 2617.683 Thread 0x000001f1626536a0 Unloading class 0x000001f101007000 'java/lang/invoke/LambdaForm$MH+0x000001f101007000'
Event: 2617.683 Thread 0x000001f1626536a0 Unloading class 0x000001f101006c00 'java/lang/invoke/LambdaForm$MH+0x000001f101006c00'
Event: 2617.683 Thread 0x000001f1626536a0 Unloading class 0x000001f101006800 'java/lang/invoke/LambdaForm$MH+0x000001f101006800'
Event: 2617.683 Thread 0x000001f1626536a0 Unloading class 0x000001f101006400 'java/lang/invoke/LambdaForm$MH+0x000001f101006400'
Event: 2617.683 Thread 0x000001f1626536a0 Unloading class 0x000001f101005c00 'java/lang/invoke/LambdaForm$BMH+0x000001f101005c00'
Event: 2617.683 Thread 0x000001f1626536a0 Unloading class 0x000001f101004800 'java/lang/invoke/LambdaForm$DMH+0x000001f101004800'
Event: 2617.683 Thread 0x000001f1626536a0 Unloading class 0x000001f101002400 'java/lang/invoke/LambdaForm$MH+0x000001f101002400'
Event: 2617.683 Thread 0x000001f1626536a0 Unloading class 0x000001f101002000 'java/lang/invoke/LambdaForm$MH+0x000001f101002000'
Event: 2617.683 Thread 0x000001f1626536a0 Unloading class 0x000001f101001800 'java/lang/invoke/LambdaForm$MH+0x000001f101001800'

Classes redefined (0 events):
No events

Internal exceptions (20 events):
Event: 2813.338 Thread 0x000001f1415f9fb0 Exception <a 'java/lang/NoSuchMethodError'{0x00000000d5713828}: static [Lorg/eclipse/jdt/core/IClasspathEntry;.<clinit>()V> (0x00000000d5713828) 
thrown [s\src\hotspot\share\prims\jni.cpp, line 1111]
Event: 2813.340 Thread 0x000001f1415f9fb0 Exception <a 'java/lang/NoSuchMethodError'{0x00000000d5720348}: static [Lorg/eclipse/jdt/core/IAccessRule;.<clinit>()V> (0x00000000d5720348) 
thrown [s\src\hotspot\share\prims\jni.cpp, line 1111]
Event: 2813.341 Thread 0x000001f1415f9fb0 Exception <a 'java/lang/NoSuchMethodError'{0x00000000d5720d10}: static [Lorg/eclipse/jdt/core/IClasspathAttribute;.<clinit>()V> (0x00000000d5720d10) 
thrown [s\src\hotspot\share\prims\jni.cpp, line 1111]
Event: 2813.356 Thread 0x000001f1442ad780 Exception <a 'sun/nio/fs/WindowsException'{0x00000000d578a5c0}> (0x00000000d578a5c0) 
thrown [s\src\hotspot\share\prims\jni.cpp, line 520]
Event: 2813.357 Thread 0x000001f1442ad780 Exception <a 'sun/nio/fs/WindowsException'{0x00000000d578af88}> (0x00000000d578af88) 
thrown [s\src\hotspot\share\prims\jni.cpp, line 520]
Event: 2813.357 Thread 0x000001f1442ad780 Exception <a 'sun/nio/fs/WindowsException'{0x00000000d578bf78}> (0x00000000d578bf78) 
thrown [s\src\hotspot\share\prims\jni.cpp, line 520]
Event: 2813.358 Thread 0x000001f1442ad780 Exception <a 'sun/nio/fs/WindowsException'{0x00000000d578c940}> (0x00000000d578c940) 
thrown [s\src\hotspot\share\prims\jni.cpp, line 520]
Event: 2813.359 Thread 0x000001f1442ad780 Exception <a 'sun/nio/fs/WindowsException'{0x00000000d578e340}> (0x00000000d578e340) 
thrown [s\src\hotspot\share\prims\jni.cpp, line 520]
Event: 2813.359 Thread 0x000001f1442ad780 Exception <a 'sun/nio/fs/WindowsException'{0x00000000d578efa0}> (0x00000000d578efa0) 
thrown [s\src\hotspot\share\prims\jni.cpp, line 520]
Event: 2813.383 Thread 0x000001f1442ad780 Exception <a 'sun/nio/fs/WindowsException'{0x00000000d57af438}> (0x00000000d57af438) 
thrown [s\src\hotspot\share\prims\jni.cpp, line 520]
Event: 2813.383 Thread 0x000001f1442ad780 Exception <a 'sun/nio/fs/WindowsException'{0x00000000d57afe00}> (0x00000000d57afe00) 
thrown [s\src\hotspot\share\prims\jni.cpp, line 520]
Event: 2814.293 Thread 0x000001f1415fb360 Exception <a 'java/lang/NoSuchMethodError'{0x00000000d59822d0}: 'int java.lang.invoke.DirectMethodHandle$Holder.invokeSpecial(java.lang.Object, java.lang.Object, java.lang.Object, java.lang.Object, java.lang.Object, java.lang.Object)'> (0x00000000d59822d0) 
thrown [s\src\hotspot\share\interpreter\linkResolver.cpp, line 773]
Event: 2814.427 Thread 0x000001f1415fb360 Exception <a 'sun/nio/fs/WindowsException'{0x00000000d57a4e10}> (0x00000000d57a4e10) 
thrown [s\src\hotspot\share\prims\jni.cpp, line 520]
Event: 2814.427 Thread 0x000001f1415fb360 Exception <a 'sun/nio/fs/WindowsException'{0x00000000d57a5780}> (0x00000000d57a5780) 
thrown [s\src\hotspot\share\prims\jni.cpp, line 520]
Event: 2814.462 Thread 0x000001f1415fb360 Exception <a 'sun/nio/fs/WindowsException'{0x00000000d581ff40}> (0x00000000d581ff40) 
thrown [s\src\hotspot\share\prims\jni.cpp, line 520]
Event: 2814.463 Thread 0x000001f1415fb360 Exception <a 'sun/nio/fs/WindowsException'{0x00000000d5820b80}> (0x00000000d5820b80) 
thrown [s\src\hotspot\share\prims\jni.cpp, line 520]
Event: 2839.873 Thread 0x000001f1442aca60 Implicit null exception at 0x000001f16df8b28b to 0x000001f16df8b994
Event: 2858.758 Thread 0x000001f1415f9920 Exception <a 'sun/nio/fs/WindowsException'{0x00000000d55c5a58}> (0x00000000d55c5a58) 
thrown [s\src\hotspot\share\prims\jni.cpp, line 520]
Event: 2859.218 Thread 0x000001f1415f9920 Exception <a 'sun/nio/fs/WindowsException'{0x00000000d5686208}> (0x00000000d5686208) 
thrown [s\src\hotspot\share\prims\jni.cpp, line 520]
Event: 2892.088 Thread 0x000001f1415f9920 Exception <a 'sun/nio/fs/WindowsException'{0x00000000d55db428}> (0x00000000d55db428) 
thrown [s\src\hotspot\share\prims\jni.cpp, line 520]

ZGC Phase Switch (0 events):
No events

VM Operations (20 events):
Event: 2892.136 Executing VM operation: ParallelGCFailedAllocation (Allocation Failure) done
Event: 2892.143 Executing VM operation: ParallelGCFailedAllocation (Allocation Failure)
Event: 2892.148 Executing VM operation: ParallelGCFailedAllocation (Allocation Failure) done
Event: 2892.155 Executing VM operation: ParallelGCFailedAllocation (Allocation Failure)
Event: 2892.160 Executing VM operation: ParallelGCFailedAllocation (Allocation Failure) done
Event: 2892.169 Executing VM operation: ParallelGCFailedAllocation (Allocation Failure)
Event: 2892.176 Executing VM operation: ParallelGCFailedAllocation (Allocation Failure) done
Event: 2892.183 Executing VM operation: ParallelGCFailedAllocation (Allocation Failure)
Event: 2892.189 Executing VM operation: ParallelGCFailedAllocation (Allocation Failure) done
Event: 2892.198 Executing VM operation: ParallelGCFailedAllocation (Allocation Failure)
Event: 2892.204 Executing VM operation: ParallelGCFailedAllocation (Allocation Failure) done
Event: 2892.245 Executing VM operation: ParallelGCFailedAllocation (Allocation Failure)
Event: 2892.250 Executing VM operation: ParallelGCFailedAllocation (Allocation Failure) done
Event: 2892.360 Executing VM operation: ParallelGCFailedAllocation (Allocation Failure)
Event: 2894.371 Executing VM operation: ParallelGCFailedAllocation (Allocation Failure) done
Event: 2894.421 Executing VM operation: ParallelGCFailedAllocation (Allocation Failure)
Event: 2896.430 Executing VM operation: ParallelGCFailedAllocation (Allocation Failure) done
Event: 2896.467 Executing VM operation: ParallelGCFailedAllocation (Allocation Failure)
Event: 2898.473 Executing VM operation: ParallelGCFailedAllocation (Allocation Failure) done
Event: 2898.486 Executing VM operation: ParallelGCFailedAllocation (Allocation Failure)

Memory protections (0 events):
No events

Nmethod flushes (20 events):
Event: 2617.981 Thread 0x000001f1626536a0 flushing  nmethod 0x000001f1668dd890
Event: 2617.982 Thread 0x000001f1626536a0 flushing  nmethod 0x000001f1668e0390
Event: 2617.982 Thread 0x000001f1626536a0 flushing  nmethod 0x000001f1668e0a10
Event: 2617.982 Thread 0x000001f1626536a0 flushing  nmethod 0x000001f1668e1610
Event: 2617.982 Thread 0x000001f1626536a0 flushing  nmethod 0x000001f1668ee990
Event: 2617.982 Thread 0x000001f1626536a0 flushing  nmethod 0x000001f1668f8410
Event: 2617.982 Thread 0x000001f1626536a0 flushing  nmethod 0x000001f1668f8e10
Event: 2617.982 Thread 0x000001f1626536a0 flushing  nmethod 0x000001f1668f9310
Event: 2617.982 Thread 0x000001f1626536a0 flushing  nmethod 0x000001f1668f9d90
Event: 2617.982 Thread 0x000001f1626536a0 flushing  nmethod 0x000001f1668fe090
Event: 2617.982 Thread 0x000001f1626536a0 flushing  nmethod 0x000001f166912310
Event: 2617.982 Thread 0x000001f1626536a0 flushing  nmethod 0x000001f166913010
Event: 2617.982 Thread 0x000001f1626536a0 flushing  nmethod 0x000001f166978910
Event: 2617.982 Thread 0x000001f1626536a0 flushing  nmethod 0x000001f1669eaf90
Event: 2617.982 Thread 0x000001f1626536a0 flushing  nmethod 0x000001f166a26010
Event: 2617.982 Thread 0x000001f1626536a0 flushing  nmethod 0x000001f166a9bf10
Event: 2617.982 Thread 0x000001f1626536a0 flushing osr nmethod 0x000001f166aa4a10
Event: 2617.982 Thread 0x000001f1626536a0 flushing  nmethod 0x000001f167ba1810
Event: 2617.982 Thread 0x000001f1626536a0 flushing  nmethod 0x000001f167ba2d90
Event: 2617.982 Thread 0x000001f1626536a0 flushing  nmethod 0x000001f167c25290

Events (20 events):
Event: 2810.183 Thread 0x000001f1439353e0 Thread exited: 0x000001f1439353e0
Event: 2839.649 Thread 0x000001f16268b300 Thread added: 0x000001f144c19dc0
Event: 2840.351 Thread 0x000001f144c19dc0 Thread exited: 0x000001f144c19dc0
Event: 2857.458 Thread 0x000001f16266ab10 Thread added: 0x000001f143c6d180
Event: 2857.458 Thread 0x000001f16266ab10 Thread added: 0x000001f143087fc0
Event: 2858.705 Thread 0x000001f143087fc0 Thread exited: 0x000001f143087fc0
Event: 2858.747 Thread 0x000001f143c6d180 Thread exited: 0x000001f143c6d180
Event: 2858.924 Thread 0x000001f16266ab10 Thread added: 0x000001f17abade10
Event: 2859.014 Thread 0x000001f16268b300 Thread added: 0x000001f144c8e8e0
Event: 2860.858 Thread 0x000001f144c8e8e0 Thread exited: 0x000001f144c8e8e0
Event: 2861.478 Thread 0x000001f17abade10 Thread exited: 0x000001f17abade10
Event: 2881.589 Thread 0x000001f16266ab10 Thread added: 0x000001f143c6d180
Event: 2883.195 Thread 0x000001f143c6d180 Thread exited: 0x000001f143c6d180
Event: 2883.488 Thread 0x000001f16268b300 Thread added: 0x000001f14d9ca690
Event: 2888.421 Thread 0x000001f14d9ca690 Thread exited: 0x000001f14d9ca690
Event: 2891.198 Thread 0x000001f16266ab10 Thread added: 0x000001f143935ab0
Event: 2891.401 Thread 0x000001f143935ab0 Thread exited: 0x000001f143935ab0
Event: 2892.113 Thread 0x000001f16268b300 Thread added: 0x000001f144c79010
Event: 2892.168 Thread 0x000001f16268b300 Thread added: 0x000001f144c8c6d0
Event: 2894.372 Thread 0x000001f144c8c6d0 Thread exited: 0x000001f144c8c6d0


Dynamic libraries:
0x00007ff636e00000 - 0x00007ff636e0e000 	c:\Users\Deeksha Kharvi\.vscode\extensions\redhat.java-1.52.0-win32-x64\jre\21.0.9-win32-x86_64\bin\java.exe
0x00007ffe8e340000 - 0x00007ffe8e5a8000 	C:\windows\SYSTEM32\ntdll.dll
0x00007ffe8d550000 - 0x00007ffe8d619000 	C:\windows\System32\KERNEL32.DLL
0x00007ffe8ace0000 - 0x00007ffe8b0d1000 	C:\windows\System32\KERNELBASE.dll
0x00007ffe87db0000 - 0x00007ffe87e4e000 	C:\windows\SYSTEM32\apphelp.dll
0x00007ffe8b2d0000 - 0x00007ffe8b41b000 	C:\windows\System32\ucrtbase.dll
0x00007ffe7bfe0000 - 0x00007ffe7bffe000 	c:\Users\Deeksha Kharvi\.vscode\extensions\redhat.java-1.52.0-win32-x64\jre\21.0.9-win32-x86_64\bin\VCRUNTIME140.dll
0x00007ffe80770000 - 0x00007ffe80788000 	c:\Users\Deeksha Kharvi\.vscode\extensions\redhat.java-1.52.0-win32-x64\jre\21.0.9-win32-x86_64\bin\jli.dll
0x00007ffe8c6d0000 - 0x00007ffe8c896000 	C:\windows\System32\USER32.dll
0x00007ffe8b210000 - 0x00007ffe8b237000 	C:\windows\System32\win32u.dll
0x00007ffe8d2c0000 - 0x00007ffe8d2eb000 	C:\windows\System32\GDI32.dll
0x00007ffe8b0e0000 - 0x00007ffe8b20b000 	C:\windows\System32\gdi32full.dll
0x00007ffe8c030000 - 0x00007ffe8c0d3000 	C:\windows\System32\msvcp_win.dll
0x00007ffe697a0000 - 0x00007ffe69a33000 	C:\windows\WinSxS\amd64_microsoft.windows.common-controls_6595b64144ccf1df_6.0.26100.7824_none_3e0870b2e3345462\COMCTL32.dll
0x00007ffe8d020000 - 0x00007ffe8d0c9000 	C:\windows\System32\msvcrt.dll
0x00007ffe8d1c0000 - 0x00007ffe8d1f1000 	C:\windows\System32\IMM32.DLL
0x00007ffe83d30000 - 0x00007ffe83d3c000 	c:\Users\Deeksha Kharvi\.vscode\extensions\redhat.java-1.52.0-win32-x64\jre\21.0.9-win32-x86_64\bin\vcruntime140_1.dll
0x00007ffe5db90000 - 0x00007ffe5dc1d000 	c:\Users\Deeksha Kharvi\.vscode\extensions\redhat.java-1.52.0-win32-x64\jre\21.0.9-win32-x86_64\bin\msvcp140.dll
0x00007ffde1a00000 - 0x00007ffde27a0000 	c:\Users\Deeksha Kharvi\.vscode\extensions\redhat.java-1.52.0-win32-x64\jre\21.0.9-win32-x86_64\bin\server\jvm.dll
0x00007ffe8d6a0000 - 0x00007ffe8d754000 	C:\windows\System32\ADVAPI32.dll
0x00007ffe8ce70000 - 0x00007ffe8cf16000 	C:\windows\System32\sechost.dll
0x00007ffe8c8b0000 - 0x00007ffe8c9c8000 	C:\windows\System32\RPCRT4.dll
0x00007ffe8c1c0000 - 0x00007ffe8c234000 	C:\windows\System32\WS2_32.dll
0x00007ffe82d80000 - 0x00007ffe82d8b000 	C:\windows\SYSTEM32\VERSION.dll
0x00007ffe8aa80000 - 0x00007ffe8aade000 	C:\windows\SYSTEM32\POWRPROF.dll
0x00007ffe80270000 - 0x00007ffe802a5000 	C:\windows\SYSTEM32\WINMM.dll
0x00007ffe8aa60000 - 0x00007ffe8aa74000 	C:\windows\SYSTEM32\UMPDC.dll
0x00007ffe899c0000 - 0x00007ffe899db000 	C:\windows\SYSTEM32\kernel.appcore.dll
0x00007ffe82da0000 - 0x00007ffe82daa000 	c:\Users\Deeksha Kharvi\.vscode\extensions\redhat.java-1.52.0-win32-x64\jre\21.0.9-win32-x86_64\bin\jimage.dll
0x00007ffe88ad0000 - 0x00007ffe88d12000 	C:\windows\SYSTEM32\DBGHELP.DLL
0x00007ffe8c240000 - 0x00007ffe8c5c6000 	C:\windows\System32\combase.dll
0x00007ffe8d0d0000 - 0x00007ffe8d1a7000 	C:\windows\System32\OLEAUT32.dll
0x00007ffe74110000 - 0x00007ffe7414b000 	C:\windows\SYSTEM32\dbgcore.DLL
0x00007ffe8bf80000 - 0x00007ffe8c025000 	C:\windows\System32\bcryptPrimitives.dll
0x00007ffe827f0000 - 0x00007ffe827ff000 	c:\Users\Deeksha Kharvi\.vscode\extensions\redhat.java-1.52.0-win32-x64\jre\21.0.9-win32-x86_64\bin\instrument.dll
0x00007ffe7b1e0000 - 0x00007ffe7b200000 	c:\Users\Deeksha Kharvi\.vscode\extensions\redhat.java-1.52.0-win32-x64\jre\21.0.9-win32-x86_64\bin\java.dll
0x00007ffe8db00000 - 0x00007ffe8e252000 	C:\windows\System32\SHELL32.dll
0x00007ffe8be10000 - 0x00007ffe8bf7a000 	C:\windows\System32\wintypes.dll
0x00007ffe8b5a0000 - 0x00007ffe8be03000 	C:\windows\System32\windows.storage.dll
0x00007ffe8c5d0000 - 0x00007ffe8c6c6000 	C:\windows\System32\SHCORE.dll
0x00007ffe8c150000 - 0x00007ffe8c1b7000 	C:\windows\System32\shlwapi.dll
0x00007ffe8ab40000 - 0x00007ffe8ab69000 	C:\windows\SYSTEM32\profapi.dll
0x00007ffe7b030000 - 0x00007ffe7b048000 	c:\Users\Deeksha Kharvi\.vscode\extensions\redhat.java-1.52.0-win32-x64\jre\21.0.9-win32-x86_64\bin\zip.dll
0x00007ffe81bd0000 - 0x00007ffe81be0000 	C:\Users\Deeksha Kharvi\.vscode\extensions\redhat.java-1.52.0-win32-x64\jre\21.0.9-win32-x86_64\bin\net.dll
0x00007ffe849d0000 - 0x00007ffe84af7000 	C:\windows\SYSTEM32\WINHTTP.dll
0x00007ffe89f30000 - 0x00007ffe89f9b000 	C:\windows\system32\mswsock.dll
0x00007ffe737c0000 - 0x00007ffe737d6000 	C:\Users\Deeksha Kharvi\.vscode\extensions\redhat.java-1.52.0-win32-x64\jre\21.0.9-win32-x86_64\bin\nio.dll
0x00007ffe81b60000 - 0x00007ffe81b70000 	c:\Users\Deeksha Kharvi\.vscode\extensions\redhat.java-1.52.0-win32-x64\jre\21.0.9-win32-x86_64\bin\verify.dll
0x00007ffe5bc80000 - 0x00007ffe5bcc5000 	C:\Users\Deeksha Kharvi\AppData\Roaming\Code\User\globalStorage\redhat.java\1.52.0\config_win\org.eclipse.equinox.launcher\org.eclipse.equinox.launcher.win32.win32.x86_64_1.2.1500.v20260121-1430\eclipse_11919.dll
0x00007ffe8d760000 - 0x00007ffe8d8f7000 	C:\windows\System32\ole32.dll
0x00007ffe8a200000 - 0x00007ffe8a21b000 	C:\windows\SYSTEM32\CRYPTSP.dll
0x00007ffe89920000 - 0x00007ffe89959000 	C:\windows\system32\rsaenh.dll
0x00007ffe89fe0000 - 0x00007ffe8a00b000 	C:\windows\SYSTEM32\USERENV.dll
0x00007ffe8ab10000 - 0x00007ffe8ab3a000 	C:\windows\SYSTEM32\bcrypt.dll
0x00007ffe8a220000 - 0x00007ffe8a22c000 	C:\windows\SYSTEM32\CRYPTBASE.dll
0x00007ffe89410000 - 0x00007ffe89444000 	C:\windows\SYSTEM32\IPHLPAPI.DLL
0x00007ffe8c9d0000 - 0x00007ffe8c9da000 	C:\windows\System32\NSI.dll
0x00007ffe5b0d0000 - 0x00007ffe5b119000 	C:\Users\Deeksha Kharvi\AppData\Local\Temp\jna--720421924\jna14334996242745892626.dll
0x00007ffe8c140000 - 0x00007ffe8c148000 	C:\windows\System32\PSAPI.DLL
0x00007ffe84ba0000 - 0x00007ffe84bbe000 	C:\windows\SYSTEM32\dhcpcsvc6.DLL
0x00007ffe84b00000 - 0x00007ffe84b23000 	C:\windows\SYSTEM32\dhcpcsvc.DLL
0x00007ffe894b0000 - 0x00007ffe895dc000 	C:\windows\SYSTEM32\DNSAPI.dll
0x00007ffe82d90000 - 0x00007ffe82d9b000 	C:\Windows\System32\rasadhlp.dll
0x00007ffe84cf0000 - 0x00007ffe84d76000 	C:\windows\System32\fwpuclnt.dll
0x00007ffe807a0000 - 0x00007ffe807a9000 	C:\Users\Deeksha Kharvi\.vscode\extensions\redhat.java-1.52.0-win32-x64\jre\21.0.9-win32-x86_64\bin\extnet.dll
0x00007ffe806e0000 - 0x00007ffe806ee000 	C:\Users\Deeksha Kharvi\.vscode\extensions\redhat.java-1.52.0-win32-x64\jre\21.0.9-win32-x86_64\bin\sunmscapi.dll
0x00007ffe8b420000 - 0x00007ffe8b597000 	C:\windows\System32\CRYPT32.dll
0x00007ffe8a420000 - 0x00007ffe8a450000 	C:\windows\SYSTEM32\ncrypt.dll
0x00007ffe8a3d0000 - 0x00007ffe8a40f000 	C:\windows\SYSTEM32\NTASN1.dll

JVMTI agents:
c:\Users\Deeksha Kharvi\.vscode\extensions\redhat.java-1.52.0-win32-x64\lombok\lombok-1.18.39-4050.jar path:c:\Users\Deeksha Kharvi\.vscode\extensions\redhat.java-1.52.0-win32-x64\jre\21.0.9-win32-x86_64\bin\instrument.dll, loaded, initialized, instrumentlib options:none

dbghelp: loaded successfully - version: 4.0.5 - missing functions: none
symbol engine: initialized successfully - sym options: 0x614 - pdb path: .;c:\Users\Deeksha Kharvi\.vscode\extensions\redhat.java-1.52.0-win32-x64\jre\21.0.9-win32-x86_64\bin;C:\windows\SYSTEM32;C:\windows\WinSxS\amd64_microsoft.windows.common-controls_6595b64144ccf1df_6.0.26100.7824_none_3e0870b2e3345462;c:\Users\Deeksha Kharvi\.vscode\extensions\redhat.java-1.52.0-win32-x64\jre\21.0.9-win32-x86_64\bin\server;C:\Users\Deeksha Kharvi\AppData\Roaming\Code\User\globalStorage\redhat.java\1.52.0\config_win\org.eclipse.equinox.launcher\org.eclipse.equinox.launcher.win32.win32.x86_64_1.2.1500.v20260121-1430;C:\Users\Deeksha Kharvi\AppData\Local\Temp\jna--720421924

VM Arguments:
jvm_args: --add-modules=ALL-SYSTEM --add-opens=java.base/java.util=ALL-UNNAMED --add-opens=java.base/java.lang=ALL-UNNAMED --add-opens=java.base/sun.nio.fs=ALL-UNNAMED -Declipse.application=org.eclipse.jdt.ls.core.id1 -Dosgi.bundles.defaultStartLevel=4 -Declipse.product=org.eclipse.jdt.ls.core.product -Djava.import.generatesMetadataFilesAtProjectRoot=false -DDetectVMInstallationsJob.disabled=true -Dfile.encoding=utf8 -XX:+UseParallelGC -XX:GCTimeRatio=4 -XX:AdaptiveSizePolicyWeight=90 -Dsun.zip.disableMemoryMapping=true -Xmx2G -Xms100m -Xlog:disable -javaagent:c:\Users\Deeksha Kharvi\.vscode\extensions\redhat.java-1.52.0-win32-x64\lombok\lombok-1.18.39-4050.jar -XX:+HeapDumpOnOutOfMemoryError -XX:HeapDumpPath=c:\Users\Deeksha Kharvi\AppData\Roaming\Code\User\workspaceStorage\c8007df1e31359e12aba15357e731800\redhat.java -Daether.dependencyCollector.impl=bf 
java_command: c:\Users\Deeksha Kharvi\.vscode\extensions\redhat.java-1.52.0-win32-x64\server\plugins\org.eclipse.equinox.launcher_1.7.100.v20251111-0406.jar -configuration c:\Users\Deeksha Kharvi\AppData\Roaming\Code\User\globalStorage\redhat.java\1.52.0\config_win -data c:\Users\Deeksha Kharvi\AppData\Roaming\Code\User\workspaceStorage\c8007df1e31359e12aba15357e731800\redhat.java\jdt_ws --pipe=\\.\pipe\lsp-d888437946eb7ac0d7e93dff6777accd-sock
java_class_path (initial): c:\Users\Deeksha Kharvi\.vscode\extensions\redhat.java-1.52.0-win32-x64\server\plugins\org.eclipse.equinox.launcher_1.7.100.v20251111-0406.jar
Launcher Type: SUN_STANDARD

[Global flags]
    uintx AdaptiveSizePolicyWeight                 = 90                                        {product} {command line}
     intx CICompilerCount                          = 4                                         {product} {ergonomic}
    uintx GCTimeRatio                              = 4                                         {product} {command line}
     bool HeapDumpOnOutOfMemoryError               = true                                   {manageable} {command line}
    ccstr HeapDumpPath                             = c:\Users\Deeksha Kharvi\AppData\Roaming\Code\User\workspaceStorage\c8007df1e31359e12aba15357e731800\redhat.java         {manageable} {command line}
   size_t InitialHeapSize                          = 104857600                                 {product} {command line}
   size_t MaxHeapSize                              = 2147483648                                {product} {command line}
   size_t MaxNewSize                               = 715653120                                 {product} {ergonomic}
   size_t MinHeapDeltaBytes                        = 524288                                    {product} {ergonomic}
   size_t MinHeapSize                              = 104857600                                 {product} {command line}
   size_t NewSize                                  = 34603008                                  {product} {ergonomic}
    uintx NonNMethodCodeHeapSize                   = 5839372                                {pd product} {ergonomic}
    uintx NonProfiledCodeHeapSize                  = 122909434                              {pd product} {ergonomic}
   size_t OldSize                                  = 70254592                                  {product} {ergonomic}
    uintx ProfiledCodeHeapSize                     = 122909434                              {pd product} {ergonomic}
    uintx ReservedCodeCacheSize                    = 251658240                              {pd product} {ergonomic}
     bool SegmentedCodeCache                       = true                                      {product} {ergonomic}
   size_t SoftMaxHeapSize                          = 2147483648                             {manageable} {ergonomic}
     bool UseCompressedOops                        = true                           {product lp64_product} {ergonomic}
     bool UseLargePagesIndividualAllocation        = false                                  {pd product} {ergonomic}
     bool UseParallelGC                            = true                                      {product} {command line}

Logging:
Log output configuration:
 #0: stdout all=off uptime,level,tags foldmultilines=false
 #1: stderr all=off uptime,level,tags foldmultilines=false

Release file:
JAVA_VERSION="21.0.9" 
MODULES="java.base java.compiler java.datatransfer java.xml java.prefs java.desktop java.instrument java.logging java.management java.security.sasl java.naming java.rmi java.management.rmi java.net.http java.scripting java.security.jgss java.transaction.xa java.sql java.sql.rowset java.xml.crypto java.se java.smartcardio jdk.accessibility jdk.internal.jvmstat jdk.attach jdk.charsets jdk.internal.opt jdk.zipfs jdk.compiler jdk.crypto.ec jdk.crypto.cryptoki jdk.crypto.mscapi jdk.dynalink jdk.internal.ed jdk.editpad jdk.hotspot.agent jdk.httpserver jdk.internal.le jdk.internal.vm.ci jdk.internal.vm.compiler jdk.internal.vm.compiler.management jdk.jartool jdk.javadoc jdk.jcmd jdk.management jdk.management.agent jdk.jconsole jdk.jdeps jdk.jdwp.agent jdk.jdi jdk.jfr jdk.jshell jdk.jsobject jdk.jstatd jdk.localedata jdk.management.jfr jdk.naming.dns jdk.naming.rmi jdk.net jdk.nio.mapmode jdk.random jdk.sctp jdk.security.auth jdk.security.jgss jdk.unsupported jdk.unsupported.desktop jdk.xml.dom" 

Environment Variables:
PATH=C:\Program Files (x86)\VMware\VMware Workstation\bin\;C:\Program Files\Eclipse Adoptium\jdk-21.0.9.10-hotspot\bin;C:\windows\system32;C:\windows;C:\windows\System32\Wbem;C:\windows\System32\WindowsPowerShell\v1.0\;C:\windows\System32\OpenSSH\;C:\Program Files\dotnet\;C:\Program Files\MySQL\MySQL Server 8.0\bin;C:\Program Files\Apache\Maven\apache-maven-3.9.12-bin\bin;C:\Program Files\nodejs\;C:\Program Files\MySQL\MySQL Shell 8.0\bin\;C:\Users\Deeksha Kharvi\AppData\Local\Microsoft\WindowsApps;C:\Users\Deeksha Kharvi\AppData\Roaming\npm;C:\Users\Deeksha Kharvi\AppData\Local\Programs\Microsoft VS Code\bin
USERNAME=Deeksha Kharvi
OS=Windows_NT
PROCESSOR_IDENTIFIER=AMD64 Family 23 Model 160 Stepping 0, AuthenticAMD
TMP=C:\Users\DEEKSH~1\AppData\Local\Temp
TEMP=C:\Users\DEEKSH~1\AppData\Local\Temp




Periodic native trim disabled

---------------  S Y S T E M  ---------------

OS:
 Windows 11 , 64 bit Build 26100 (10.0.26100.7705)
OS uptime: 3 days 7:21 hours
Hyper-V role detected

CPU: total 8 (initial active 8) (8 cores per cpu, 2 threads per core) family 23 model 160 stepping 0 microcode 0x8a0000a, cx8, cmov, fxsr, ht, mmx, 3dnowpref, sse, sse2, sse3, ssse3, sse4a, sse4.1, sse4.2, popcnt, lzcnt, tsc, tscinvbit, avx, avx2, aes, clmul, bmi1, bmi2, adx, sha, fma, vzeroupper, clflush, clflushopt, hv, rdtscp, rdpid, f16c
Processor Information for processor 0
  Max Mhz: 2801, Current Mhz: 2801, Mhz Limit: 2801
Processor Information for processor 1
  Max Mhz: 2801, Current Mhz: 2483, Mhz Limit: 2801
Processor Information for processor 2
  Max Mhz: 2801, Current Mhz: 2801, Mhz Limit: 2801
Processor Information for processor 3
  Max Mhz: 2801, Current Mhz: 2801, Mhz Limit: 2801
Processor Information for processor 4
  Max Mhz: 2801, Current Mhz: 2483, Mhz Limit: 2801
Processor Information for processor 5
  Max Mhz: 2801, Current Mhz: 2483, Mhz Limit: 2801
Processor Information for processor 6
  Max Mhz: 2801, Current Mhz: 2483, Mhz Limit: 2801
Processor Information for processor 7
  Max Mhz: 2801, Current Mhz: 2483, Mhz Limit: 2801

Memory: 4k page, system-wide physical 7379M (636M free)
TotalPageFile size 29907M (AvailPageFile size 4M)
current process WorkingSet (physical memory assigned to process): 488M, peak: 583M
current process commit charge ("private bytes"): 1091M, peak: 1101M

vm_info: OpenJDK 64-Bit Server VM (21.0.9+10-LTS) for windows-amd64 JRE (21.0.9+10-LTS), built on 2025-10-21T00:00:00Z by "admin" with unknown MS VC++:1942

END.
