#
# There is insufficient memory for the Java Runtime Environment to continue.
# Native memory allocation (malloc) failed to allocate 1376512 bytes. Error detail: Chunk::new
# Possible reasons:
#   The system is out of physical RAM or swap space
#   This process is running with CompressedOops enabled, and the Java Heap may be blocking the growth of the native heap
# Possible solutions:
#   Reduce memory load on the system
#   Increase physical memory or swap space
#   Check if swap backing store is full
#   Decrease Java heap size (-Xmx/-Xms)
#   Decrease number of Java threads
#   Decrease Java thread stack sizes (-Xss)
#   Set larger code cache with -XX:ReservedCodeCacheSize=
#   JVM is running with Unscaled Compressed Oops mode in which the Java heap is
#     placed in the first 4GB address space. The Java Heap base address is the
#     maximum limit for the native heap growth. Please use -XX:HeapBaseMinAddress
#     to set the Java Heap base and to place the Java Heap above 4GB virtual address.
# This output file may be truncated or incomplete.
#
#  Out of Memory Error (arena.cpp:168), pid=17512, tid=18916
#
# JRE version: OpenJDK Runtime Environment Temurin-21.0.9+10 (21.0.9+10) (build 21.0.9+10-LTS)
# Java VM: OpenJDK 64-Bit Server VM Temurin-21.0.9+10 (21.0.9+10-LTS, mixed mode, sharing, tiered, compressed oops, compressed class ptrs, parallel gc, windows-amd64)
# No core dump will be written. Minidumps are not enabled by default on client versions of Windows
#

---------------  S U M M A R Y ------------

Command Line: --add-modules=ALL-SYSTEM --add-opens=java.base/java.util=ALL-UNNAMED --add-opens=java.base/java.lang=ALL-UNNAMED --add-opens=java.base/sun.nio.fs=ALL-UNNAMED -Declipse.application=org.eclipse.jdt.ls.core.id1 -Dosgi.bundles.defaultStartLevel=4 -Declipse.product=org.eclipse.jdt.ls.core.product -Djava.import.generatesMetadataFilesAtProjectRoot=false -DDetectVMInstallationsJob.disabled=true -Dfile.encoding=utf8 -XX:+UseParallelGC -XX:GCTimeRatio=4 -XX:AdaptiveSizePolicyWeight=90 -Dsun.zip.disableMemoryMapping=true -Xmx2G -Xms100m -Xlog:disable -javaagent:c:\Users\Deeksha Kharvi\.vscode\extensions\redhat.java-1.52.0-win32-x64\lombok\lombok-1.18.39-4050.jar -XX:+HeapDumpOnOutOfMemoryError -XX:HeapDumpPath=c:\Users\Deeksha Kharvi\AppData\Roaming\Code\User\workspaceStorage\c8007df1e31359e12aba15357e731800\redhat.java -Daether.dependencyCollector.impl=bf c:\Users\Deeksha Kharvi\.vscode\extensions\redhat.java-1.52.0-win32-x64\server\plugins\org.eclipse.equinox.launcher_1.7.100.v20251111-0406.jar -configuration c:\Users\Deeksha Kharvi\AppData\Roaming\Code\User\globalStorage\redhat.java\1.52.0\config_win -data c:\Users\Deeksha Kharvi\AppData\Roaming\Code\User\workspaceStorage\c8007df1e31359e12aba15357e731800\redhat.java\jdt_ws --pipe=\\.\pipe\lsp-f1dc2c608d390da87041fa4b8e9d7e0c-sock

Host: AMD Ryzen 5 7520U with Radeon Graphics         , 8 cores, 7G,  Windows 11 , 64 bit Build 26100 (10.0.26100.7705)
Time: Fri Feb 20 14:39:11 2026 India Standard Time elapsed time: 6985.901703 seconds (0d 1h 56m 25s)

---------------  T H R E A D  ---------------

Current thread (0x000001e8dbe5baf0):  JavaThread "C2 CompilerThread1" daemon [_thread_in_native, id=18916, stack(0x000000b94d600000,0x000000b94d700000) (1024K)]


Current CompileTask:
C2:6985901 31449 % !   4       org.eclipse.jdt.internal.codeassist.CompletionEngine::acceptTypes @ 410 (986 bytes)

Stack: [0x000000b94d600000,0x000000b94d700000]
Native frames: (J=compiled Java code, j=interpreted, Vv=VM code, C=native code)
V  [jvm.dll+0x6d6e29]
V  [jvm.dll+0x8b4b76]
V  [jvm.dll+0x8b712e]
V  [jvm.dll+0x8b7813]
V  [jvm.dll+0x283d86]
V  [jvm.dll+0xc66ed]
V  [jvm.dll+0xc6c31]
V  [jvm.dll+0x3be53b]
V  [jvm.dll+0x1e3d59]
V  [jvm.dll+0x24c0f3]
V  [jvm.dll+0x24b580]
V  [jvm.dll+0x1cb13e]
V  [jvm.dll+0x25b29d]
V  [jvm.dll+0x25982a]
V  [jvm.dll+0x3f7ea6]
V  [jvm.dll+0x85e9ad]
V  [jvm.dll+0x6d565d]
C  [ucrtbase.dll+0x37b0]
C  [KERNEL32.DLL+0x2e8d7]
C  [ntdll.dll+0x8c40c]


---------------  P R O C E S S  ---------------

Threads class SMR info:
_java_thread_list=0x000001e8db734210, length=50, elements={
0x000001e8f7fb3f00, 0x000001e8fa36e920, 0x000001e8fdd2cb80, 0x000001e8fdd30f30,
0x000001e8fdd51990, 0x000001e8fdd523e0, 0x000001e8fdd52e30, 0x000001e8fdd55c70,
0x000001e8ff62c9f0, 0x000001e8ff817880, 0x000001e8ff9628e0, 0x000001e8d88e35e0,
0x000001e8d8a97310, 0x000001e8d8817340, 0x000001e8d8810a80, 0x000001e8d8d20d90,
0x000001e8d8d857e0, 0x000001e8d90671a0, 0x000001e8d903d380, 0x000001e8d9e60a50,
0x000001e8d9e610e0, 0x000001e8d9e61e00, 0x000001e8d9e603c0, 0x000001e8d9e65fa0,
0x000001e8d9e65910, 0x000001e8d9e67350, 0x000001e8d9e65280, 0x000001e8d9e66630,
0x000001e8d9e66cc0, 0x000001e8d9e64bf0, 0x000001e8daa84650, 0x000001e8daa83930,
0x000001e8dc0ae940, 0x000001e8daa86db0, 0x000001e8d9e62490, 0x000001e8d99cbb00,
0x000001e8d99c9a30, 0x000001e8d99c8680, 0x000001e8d99cc190, 0x000001e8d99c8d10,
0x000001e8d99cc820, 0x000001e8d99cf610, 0x000001e8d99cceb0, 0x000001e8dc0ab4c0,
0x000001e8dc0aae30, 0x000001e8dc0acf00, 0x000001e8dc0abb50, 0x000001e8dc0ac1e0,
0x000001e8dbe5baf0, 0x000001e8dc0b10a0
}

Java Threads: ( => current thread )
  0x000001e8f7fb3f00 JavaThread "main"                              [_thread_blocked, id=18204, stack(0x000000b94a300000,0x000000b94a400000) (1024K)]
  0x000001e8fa36e920 JavaThread "Reference Handler"          daemon [_thread_blocked, id=1524, stack(0x000000b94a700000,0x000000b94a800000) (1024K)]
  0x000001e8fdd2cb80 JavaThread "Finalizer"                  daemon [_thread_blocked, id=1620, stack(0x000000b94a800000,0x000000b94a900000) (1024K)]
  0x000001e8fdd30f30 JavaThread "Signal Dispatcher"          daemon [_thread_blocked, id=23448, stack(0x000000b94a900000,0x000000b94aa00000) (1024K)]
  0x000001e8fdd51990 JavaThread "Attach Listener"            daemon [_thread_blocked, id=6444, stack(0x000000b94aa00000,0x000000b94ab00000) (1024K)]
  0x000001e8fdd523e0 JavaThread "Service Thread"             daemon [_thread_blocked, id=26704, stack(0x000000b94ab00000,0x000000b94ac00000) (1024K)]
  0x000001e8fdd52e30 JavaThread "Monitor Deflation Thread"   daemon [_thread_blocked, id=27872, stack(0x000000b94ac00000,0x000000b94ad00000) (1024K)]
  0x000001e8fdd55c70 JavaThread "C2 CompilerThread0"         daemon [_thread_blocked, id=22084, stack(0x000000b94ad00000,0x000000b94ae00000) (1024K)]
  0x000001e8ff62c9f0 JavaThread "C1 CompilerThread0"         daemon [_thread_blocked, id=14992, stack(0x000000b94ae00000,0x000000b94af00000) (1024K)]
  0x000001e8ff817880 JavaThread "Common-Cleaner"             daemon [_thread_blocked, id=17680, stack(0x000000b94b000000,0x000000b94b100000) (1024K)]
  0x000001e8ff9628e0 JavaThread "Notification Thread"        daemon [_thread_blocked, id=32896, stack(0x000000b94af00000,0x000000b94b000000) (1024K)]
  0x000001e8d88e35e0 JavaThread "Active Thread: Equinox Container: 945295bc-2f93-4107-928e-094c971d960f"        [_thread_blocked, id=34576, stack(0x000000b94b900000,0x000000b94ba00000) (1024K)]
  0x000001e8d8a97310 JavaThread "Refresh Thread: Equinox Container: 945295bc-2f93-4107-928e-094c971d960f" daemon [_thread_blocked, id=1572, stack(0x000000b94ba00000,0x000000b94bb00000) (1024K)]
  0x000001e8d8817340 JavaThread "Framework Event Dispatcher: Equinox Container: 945295bc-2f93-4107-928e-094c971d960f" daemon [_thread_blocked, id=5820, stack(0x000000b94bb00000,0x000000b94bc00000) (1024K)]
  0x000001e8d8810a80 JavaThread "Start Level: Equinox Container: 945295bc-2f93-4107-928e-094c971d960f" daemon [_thread_blocked, id=21764, stack(0x000000b94bc00000,0x000000b94bd00000) (1024K)]
  0x000001e8d8d20d90 JavaThread "Bundle File Closer"         daemon [_thread_blocked, id=35776, stack(0x000000b94be00000,0x000000b94bf00000) (1024K)]
  0x000001e8d8d857e0 JavaThread "SCR Component Actor"        daemon [_thread_blocked, id=4068, stack(0x000000b94bd00000,0x000000b94be00000) (1024K)]
  0x000001e8d90671a0 JavaThread "Worker-JM"                         [_thread_blocked, id=18456, stack(0x000000b94c000000,0x000000b94c100000) (1024K)]
  0x000001e8d903d380 JavaThread "JNA Cleaner"                daemon [_thread_blocked, id=22308, stack(0x000000b94b100000,0x000000b94b200000) (1024K)]
  0x000001e8d9e60a50 JavaThread "Java indexing"              daemon [_thread_blocked, id=9520, stack(0x000000b94c600000,0x000000b94c700000) (1024K)]
  0x000001e8d9e610e0 JavaThread "Thread-1"                   daemon [_thread_in_native, id=12232, stack(0x000000b94cc00000,0x000000b94cd00000) (1024K)]
  0x000001e8d9e61e00 JavaThread "Thread-2"                   daemon [_thread_in_native, id=28740, stack(0x000000b94cd00000,0x000000b94ce00000) (1024K)]
  0x000001e8d9e603c0 JavaThread "Thread-3"                   daemon [_thread_in_native, id=27056, stack(0x000000b94ce00000,0x000000b94cf00000) (1024K)]
  0x000001e8d9e65fa0 JavaThread "Thread-4"                   daemon [_thread_in_native, id=35068, stack(0x000000b94cf00000,0x000000b94d000000) (1024K)]
  0x000001e8d9e65910 JavaThread "Thread-5"                   daemon [_thread_in_native, id=21184, stack(0x000000b94d000000,0x000000b94d100000) (1024K)]
  0x000001e8d9e67350 JavaThread "Thread-6"                   daemon [_thread_in_native, id=34436, stack(0x000000b94d100000,0x000000b94d200000) (1024K)]
  0x000001e8d9e65280 JavaThread "Thread-7"                   daemon [_thread_in_native, id=29836, stack(0x000000b94d200000,0x000000b94d300000) (1024K)]
  0x000001e8d9e66630 JavaThread "Thread-8"                   daemon [_thread_in_native, id=26468, stack(0x000000b94d300000,0x000000b94d400000) (1024K)]
  0x000001e8d9e66cc0 JavaThread "Thread-9"                   daemon [_thread_in_native, id=31552, stack(0x000000b94d400000,0x000000b94d500000) (1024K)]
  0x000001e8d9e64bf0 JavaThread "pool-2-thread-1"                   [_thread_blocked, id=20152, stack(0x000000b94d500000,0x000000b94d600000) (1024K)]
  0x000001e8daa84650 JavaThread "WorkspaceEventsHandler"            [_thread_blocked, id=9176, stack(0x000000b94d700000,0x000000b94d800000) (1024K)]
  0x000001e8daa83930 JavaThread "pool-1-thread-1"                   [_thread_blocked, id=10172, stack(0x000000b94d800000,0x000000b94d900000) (1024K)]
  0x000001e8dc0ae940 JavaThread "Cleaner-0"                  daemon [_thread_blocked, id=32860, stack(0x000000b94e000000,0x000000b94e100000) (1024K)]
  0x000001e8daa86db0 JavaThread "Worker-18"                         [_thread_blocked, id=33312, stack(0x000000b94a000000,0x000000b94a100000) (1024K)]
  0x000001e8d9e62490 JavaThread "Worker-23"                         [_thread_blocked, id=31652, stack(0x000000b94db00000,0x000000b94dc00000) (1024K)]
  0x000001e8d99cbb00 JavaThread "ForkJoinPool.commonPool-worker-34" daemon [_thread_blocked, id=22648, stack(0x000000b94a100000,0x000000b94a200000) (1024K)]
  0x000001e8d99c9a30 JavaThread "ForkJoinPool.commonPool-worker-35" daemon [_thread_blocked, id=30672, stack(0x000000b94a200000,0x000000b94a300000) (1024K)]
  0x000001e8d99c8680 JavaThread "ForkJoinPool.commonPool-worker-36" daemon [_thread_blocked, id=6532, stack(0x000000b94bf00000,0x000000b94c000000) (1024K)]
  0x000001e8d99cc190 JavaThread "ForkJoinPool.commonPool-worker-37" daemon [_thread_blocked, id=35108, stack(0x000000b94c100000,0x000000b94c200000) (1024K)]
  0x000001e8d99c8d10 JavaThread "Compiler Source File Reader" daemon [_thread_blocked, id=13648, stack(0x000000b94c200000,0x000000b94c300000) (1024K)]
  0x000001e8d99cc820 JavaThread "Worker-24"                         [_thread_blocked, id=27712, stack(0x000000b94c300000,0x000000b94c400000) (1024K)]
  0x000001e8d99cf610 JavaThread "Compiler Processing Task"   daemon [_thread_blocked, id=19500, stack(0x000000b94c400000,0x000000b94c500000) (1024K)]
  0x000001e8d99cceb0 JavaThread "ForkJoinPool.commonPool-worker-38" daemon [_thread_blocked, id=30264, stack(0x000000b94c500000,0x000000b94c600000) (1024K)]
  0x000001e8dc0ab4c0 JavaThread "ForkJoinPool.commonPool-worker-39" daemon [_thread_blocked, id=32212, stack(0x000000b94c700000,0x000000b94c800000) (1024K)]
  0x000001e8dc0aae30 JavaThread "ForkJoinPool.commonPool-worker-40" daemon [_thread_blocked, id=25972, stack(0x000000b94c800000,0x000000b94c900000) (1024K)]
  0x000001e8dc0acf00 JavaThread "Compiler Source File Reader" daemon [_thread_blocked, id=11904, stack(0x000000b94ca00000,0x000000b94cb00000) (1024K)]
  0x000001e8dc0abb50 JavaThread "Worker-25: Building"               [_thread_blocked, id=22312, stack(0x000000b94c900000,0x000000b94ca00000) (1024K)]
  0x000001e8dc0ac1e0 JavaThread "pool-1-thread-6"                   [_thread_blocked, id=34092, stack(0x000000b94cb00000,0x000000b94cc00000) (1024K)]
=>0x000001e8dbe5baf0 JavaThread "C2 CompilerThread1"         daemon [_thread_in_native, id=18916, stack(0x000000b94d600000,0x000000b94d700000) (1024K)]
  0x000001e8dc0b10a0 JavaThread "Compiler Source File Reader" daemon [_thread_blocked, id=2592, stack(0x000000b94d900000,0x000000b94da00000) (1024K)]
Total: 50

Other Threads:
  0x000001e8fdd231b0 VMThread "VM Thread"                           [id=27588, stack(0x000000b94a600000,0x000000b94a700000) (1024K)]
  0x000001e8fdc3ca00 WatcherThread "VM Periodic Task Thread"        [id=10484, stack(0x000000b94a500000,0x000000b94a600000) (1024K)]
  0x000001e8fa2d7220 WorkerThread "GC Thread#0"                     [id=34788, stack(0x000000b94a400000,0x000000b94a500000) (1024K)]
  0x000001e8d85d4150 WorkerThread "GC Thread#1"                     [id=17296, stack(0x000000b94b300000,0x000000b94b400000) (1024K)]
  0x000001e8d86ae520 WorkerThread "GC Thread#2"                     [id=23244, stack(0x000000b94b400000,0x000000b94b500000) (1024K)]
  0x000001e8d8675040 WorkerThread "GC Thread#3"                     [id=2864, stack(0x000000b94b500000,0x000000b94b600000) (1024K)]
  0x000001e8d82c4810 WorkerThread "GC Thread#4"                     [id=3848, stack(0x000000b94b600000,0x000000b94b700000) (1024K)]
  0x000001e8d82c4bb0 WorkerThread "GC Thread#5"                     [id=13812, stack(0x000000b94b700000,0x000000b94b800000) (1024K)]
  0x000001e8d85c3df0 WorkerThread "GC Thread#6"                     [id=8576, stack(0x000000b94b800000,0x000000b94b900000) (1024K)]
  0x000001e8d86fb090 WorkerThread "GC Thread#7"                     [id=35144, stack(0x000000b94b200000,0x000000b94b300000) (1024K)]
Total: 10

Threads with active compile tasks:
C2 CompilerThread0  6985961 31462 %     4       org.eclipse.jdt.internal.compiler.parser.Scanner::checkTaskTag @ 70 (937 bytes)
C2 CompilerThread1  6985961 31449 % !   4       org.eclipse.jdt.internal.codeassist.CompletionEngine::acceptTypes @ 410 (986 bytes)
Total: 2

VM state: at safepoint (normal execution)

VM Mutex/Monitor currently owned by a thread:  ([mutex/lock_event])
[0x00007ffdea11d570] Threads_lock - owner thread: 0x000001e8fdd231b0
[0x00007ffdea11d670] Heap_lock - owner thread: 0x000001e8d99cf610
[0x00007ffdea11daf0] PSOldGenExpand_lock - owner thread: 0x000001e8d8675040

Heap address: 0x0000000080000000, size: 2048 MB, Compressed Oops mode: 32-bit

CDS archive(s) mapped at: [0x000001e893000000-0x000001e893ba0000-0x000001e893ba0000), size 12189696, SharedBaseAddress: 0x000001e893000000, ArchiveRelocationMode: 1.
Compressed class space mapped at: 0x000001e894000000-0x000001e8d4000000, reserved size: 1073741824
Narrow klass base: 0x000001e893000000, Narrow klass shift: 0, Narrow klass range: 0x100000000

GC Precious Log:
 CardTable entry size: 512
 CPUs: 8 total, 8 available
 Memory: 7379M
 Large Page Support: Disabled
 NUMA Support: Disabled
 Compressed Oops: Enabled (32-bit)
 Alignments: Space 512K, Generation 512K, Heap 2M
 Heap Min Capacity: 100M
 Heap Initial Capacity: 100M
 Heap Max Capacity: 2G
 Pre-touch: Disabled
 Parallel Workers: 8

Heap:
 PSYoungGen      total 14848K, used 14269K [0x00000000d5580000, 0x00000000d6f00000, 0x0000000100000000)
  eden space 9728K, 100% used [0x00000000d5580000,0x00000000d5f00000,0x00000000d5f00000)
  from space 5120K, 88% used [0x00000000d5f00000,0x00000000d636f780,0x00000000d6400000)
  to   space 7168K, 9% used [0x00000000d6800000,0x00000000d68af148,0x00000000d6f00000)
 ParOldGen       total 1017856K, used 1017854K [0x0000000080000000, 0x00000000be200000, 0x00000000d5580000)
  object space 1017856K, 99% used [0x0000000080000000,0x00000000be1ffbf0,0x00000000be200000)
 Metaspace       used 100359K, committed 102336K, reserved 1179648K
  class space    used 10152K, committed 11008K, reserved 1048576K

Card table byte_map: [0x000001e8f9c50000,0x000001e8fa060000] _byte_map_base: 0x000001e8f9850000

Marking Bits: (ParMarkBitMap*) 0x00007ffdea122460
 Begin Bits: [0x000001e88f000000, 0x000001e891000000)
 End Bits:   [0x000001e891000000, 0x000001e893000000)

Polling page: 0x000001e8f8470000

Metaspace:

Usage:
  Non-class:     88.09 MB used.
      Class:      9.91 MB used.
       Both:     98.01 MB used.

Virtual space:
  Non-class space:      128.00 MB reserved,      89.19 MB ( 70%) committed,  2 nodes.
      Class space:        1.00 GB reserved,      10.75 MB (  1%) committed,  1 nodes.
             Both:        1.12 GB reserved,      99.94 MB (  9%) committed. 

Chunk freelists:
   Non-Class:  6.81 MB
       Class:  5.20 MB
        Both:  12.02 MB

MaxMetaspaceSize: unlimited
CompressedClassSpaceSize: 1.00 GB
Initial GC threshold: 21.00 MB
Current GC threshold: 165.75 MB
CDS: on
 - commit_granule_bytes: 65536.
 - commit_granule_words: 8192.
 - virtual_space_node_default_size: 8388608.
 - enlarge_chunks_in_place: 1.
 - use_allocation_guard: 0.


Internal statistics:

num_allocs_failed_limit: 9.
num_arena_births: 1968.
num_arena_deaths: 36.
num_vsnodes_births: 3.
num_vsnodes_deaths: 0.
num_space_committed: 1605.
num_space_uncommitted: 5.
num_chunks_returned_to_freelist: 87.
num_chunks_taken_from_freelist: 7234.
num_chunk_merges: 23.
num_chunk_splits: 4249.
num_chunks_enlarged: 2228.
num_inconsistent_stats: 0.

CodeHeap 'non-profiled nmethods': size=120000Kb used=24556Kb max_used=27011Kb free=95443Kb
 bounds [0x000001e887ad0000, 0x000001e889550000, 0x000001e88f000000]
CodeHeap 'profiled nmethods': size=120000Kb used=40357Kb max_used=54381Kb free=79642Kb
 bounds [0x000001e880000000, 0x000001e883560000, 0x000001e887530000]
CodeHeap 'non-nmethods': size=5760Kb used=1538Kb max_used=1600Kb free=4221Kb
 bounds [0x000001e887530000, 0x000001e8877a0000, 0x000001e887ad0000]
CodeCache: size=245760Kb, used=66451Kb, max_used=82992Kb, free=179306Kb
 total_blobs=18808, nmethods=17952, adapters=754, full_count=0
Compilation: enabled, stopped_count=0, restarted_count=0

Compilation events (20 events):
Event: 6984.795 Thread 0x000001e8fdd55c70 nmethod 31440 0x000001e887ccba90 code [0x000001e887ccbc60, 0x000001e887ccc190]
Event: 6984.795 Thread 0x000001e8fdd55c70 31454       4       org.eclipse.jdt.internal.core.util.LRUCache::privateAdd (20 bytes)
Event: 6984.803 Thread 0x000001e8fdd55c70 nmethod 31454 0x000001e888d9be90 code [0x000001e888d9c040, 0x000001e888d9c260]
Event: 6984.803 Thread 0x000001e8fdd55c70 31428       4       org.eclipse.jdt.core.dom.VariableDeclarationFragment::internalInitializerProperty (4 bytes)
Event: 6984.803 Thread 0x000001e8fdd55c70 nmethod 31428 0x000001e888225d90 code [0x000001e888225f20, 0x000001e888225fb0]
Event: 6984.819 Thread 0x000001e8fdd55c70 31455       4       org.eclipse.jdt.internal.compiler.util.Util::scanTypeArgumentSignature (62 bytes)
Event: 6984.830 Thread 0x000001e8fdd55c70 nmethod 31455 0x000001e887d11990 code [0x000001e887d11bc0, 0x000001e887d122a0]
Event: 6984.843 Thread 0x000001e8fdd55c70 31456       4       org.eclipse.jdt.internal.compiler.util.Util::scanTypeArgumentSignatures (73 bytes)
Event: 6984.852 Thread 0x000001e8ff62c9f0 31457       3       org.eclipse.jdt.internal.core.ClassFileInfo::generateStandardAnnotationsInfos (152 bytes)
Event: 6984.854 Thread 0x000001e8ff62c9f0 nmethod 31457 0x000001e880d56690 code [0x000001e880d568c0, 0x000001e880d56e00]
Event: 6984.855 Thread 0x000001e8fdd55c70 nmethod 31456 0x000001e88820ce90 code [0x000001e88820d0c0, 0x000001e88820da08]
Event: 6984.884 Thread 0x000001e8fdd55c70 31461       4       org.eclipse.jdt.internal.compiler.parser.Parser::persistLineSeparatorPositions (28 bytes)
Event: 6984.884 Thread 0x000001e8ff62c9f0 31458       3       java.lang.invoke.VarHandleGuards::guard_LLL_L (98 bytes)
Event: 6984.888 Thread 0x000001e8fdd55c70 nmethod 31461 0x000001e887c6da10 code [0x000001e887c6dbc0, 0x000001e887c6de70]
Event: 6984.888 Thread 0x000001e8fdd55c70 31462 %     4       org.eclipse.jdt.internal.compiler.parser.Scanner::checkTaskTag @ 70 (937 bytes)
Event: 6984.895 Thread 0x000001e8ff62c9f0 nmethod 31458 0x000001e88253c590 code [0x000001e88253c900, 0x000001e88253e518]
Event: 6984.895 Thread 0x000001e8ff62c9f0 31460       3       org.eclipse.jdt.internal.compiler.parser.Parser::endParse (293 bytes)
Event: 6984.897 Thread 0x000001e8ff62c9f0 nmethod 31460 0x000001e88201c290 code [0x000001e88201c660, 0x000001e88201ddf0]
Event: 6984.897 Thread 0x000001e8ff62c9f0 31459       3       java.lang.invoke.VarHandleReferences$FieldInstanceReadWrite::compareAndExchange (48 bytes)
Event: 6984.899 Thread 0x000001e8ff62c9f0 nmethod 31459 0x000001e881009210 code [0x000001e881009480, 0x000001e881009e20]

GC Heap History (20 events):
Event: 6983.482 GC heap after
{Heap after GC invocations=3571 (full 8):
 PSYoungGen      total 7168K, used 762K [0x00000000d5580000, 0x00000000d5f80000, 0x0000000100000000)
  eden space 6144K, 0% used [0x00000000d5580000,0x00000000d5580000,0x00000000d5b80000)
  from space 1024K, 74% used [0x00000000d5e80000,0x00000000d5f3eaf8,0x00000000d5f80000)
  to   space 1024K, 0% used [0x00000000d5d80000,0x00000000d5d80000,0x00000000d5e80000)
 ParOldGen       total 989184K, used 988690K [0x0000000080000000, 0x00000000bc600000, 0x00000000d5580000)
  object space 989184K, 99% used [0x0000000080000000,0x00000000bc584960,0x00000000bc600000)
 Metaspace       used 100345K, committed 102336K, reserved 1179648K
  class space    used 10152K, committed 11008K, reserved 1048576K
}
Event: 6983.502 GC heap before
{Heap before GC invocations=3572 (full 8):
 PSYoungGen      total 7168K, used 6906K [0x00000000d5580000, 0x00000000d5f80000, 0x0000000100000000)
  eden space 6144K, 100% used [0x00000000d5580000,0x00000000d5b80000,0x00000000d5b80000)
  from space 1024K, 74% used [0x00000000d5e80000,0x00000000d5f3eaf8,0x00000000d5f80000)
  to   space 1024K, 0% used [0x00000000d5d80000,0x00000000d5d80000,0x00000000d5e80000)
 ParOldGen       total 989184K, used 988690K [0x0000000080000000, 0x00000000bc600000, 0x00000000d5580000)
  object space 989184K, 99% used [0x0000000080000000,0x00000000bc584960,0x00000000bc600000)
 Metaspace       used 100345K, committed 102336K, reserved 1179648K
  class space    used 10152K, committed 11008K, reserved 1048576K
}
Event: 6983.508 GC heap after
{Heap after GC invocations=3572 (full 8):
 PSYoungGen      total 7168K, used 960K [0x00000000d5580000, 0x00000000d5f00000, 0x0000000100000000)
  eden space 6144K, 0% used [0x00000000d5580000,0x00000000d5580000,0x00000000d5b80000)
  from space 1024K, 93% used [0x00000000d5d80000,0x00000000d5e70000,0x00000000d5e80000)
  to   space 512K, 0% used [0x00000000d5e80000,0x00000000d5e80000,0x00000000d5f00000)
 ParOldGen       total 989696K, used 989397K [0x0000000080000000, 0x00000000bc680000, 0x00000000d5580000)
  object space 989696K, 99% used [0x0000000080000000,0x00000000bc635458,0x00000000bc680000)
 Metaspace       used 100345K, committed 102336K, reserved 1179648K
  class space    used 10152K, committed 11008K, reserved 1048576K
}
Event: 6983.514 GC heap before
{Heap before GC invocations=3573 (full 8):
 PSYoungGen      total 7168K, used 7104K [0x00000000d5580000, 0x00000000d5f00000, 0x0000000100000000)
  eden space 6144K, 100% used [0x00000000d5580000,0x00000000d5b80000,0x00000000d5b80000)
  from space 1024K, 93% used [0x00000000d5d80000,0x00000000d5e70000,0x00000000d5e80000)
  to   space 512K, 0% used [0x00000000d5e80000,0x00000000d5e80000,0x00000000d5f00000)
 ParOldGen       total 989696K, used 989397K [0x0000000080000000, 0x00000000bc680000, 0x00000000d5580000)
  object space 989696K, 99% used [0x0000000080000000,0x00000000bc635458,0x00000000bc680000)
 Metaspace       used 100345K, committed 102336K, reserved 1179648K
  class space    used 10152K, committed 11008K, reserved 1048576K
}
Event: 6983.519 GC heap after
{Heap after GC invocations=3573 (full 8):
 PSYoungGen      total 6144K, used 489K [0x00000000d5580000, 0x00000000d6400000, 0x0000000100000000)
  eden space 5632K, 0% used [0x00000000d5580000,0x00000000d5580000,0x00000000d5b00000)
  from space 512K, 95% used [0x00000000d5e80000,0x00000000d5efa470,0x00000000d5f00000)
  to   space 3584K, 0% used [0x00000000d5b00000,0x00000000d5b00000,0x00000000d5e80000)
 ParOldGen       total 992256K, used 991836K [0x0000000080000000, 0x00000000bc900000, 0x00000000d5580000)
  object space 992256K, 99% used [0x0000000080000000,0x00000000bc8973c8,0x00000000bc900000)
 Metaspace       used 100345K, committed 102336K, reserved 1179648K
  class space    used 10152K, committed 11008K, reserved 1048576K
}
Event: 6983.530 GC heap before
{Heap before GC invocations=3574 (full 8):
 PSYoungGen      total 6144K, used 6121K [0x00000000d5580000, 0x00000000d6400000, 0x0000000100000000)
  eden space 5632K, 99% used [0x00000000d5580000,0x00000000d5afffe8,0x00000000d5b00000)
  from space 512K, 95% used [0x00000000d5e80000,0x00000000d5efa470,0x00000000d5f00000)
  to   space 3584K, 0% used [0x00000000d5b00000,0x00000000d5b00000,0x00000000d5e80000)
 ParOldGen       total 992256K, used 991836K [0x0000000080000000, 0x00000000bc900000, 0x00000000d5580000)
  object space 992256K, 99% used [0x0000000080000000,0x00000000bc8973c8,0x00000000bc900000)
 Metaspace       used 100349K, committed 102336K, reserved 1179648K
  class space    used 10152K, committed 11008K, reserved 1048576K
}
Event: 6983.535 GC heap after
{Heap after GC invocations=3574 (full 8):
 PSYoungGen      total 9216K, used 3296K [0x00000000d5580000, 0x00000000d6380000, 0x0000000100000000)
  eden space 5632K, 0% used [0x00000000d5580000,0x00000000d5580000,0x00000000d5b00000)
  from space 3584K, 91% used [0x00000000d5b00000,0x00000000d5e38000,0x00000000d5e80000)
  to   space 3584K, 0% used [0x00000000d6000000,0x00000000d6000000,0x00000000d6380000)
 ParOldGen       total 992768K, used 992350K [0x0000000080000000, 0x00000000bc980000, 0x00000000d5580000)
  object space 992768K, 99% used [0x0000000080000000,0x00000000bc917838,0x00000000bc980000)
 Metaspace       used 100349K, committed 102336K, reserved 1179648K
  class space    used 10152K, committed 11008K, reserved 1048576K
}
Event: 6983.542 GC heap before
{Heap before GC invocations=3575 (full 8):
 PSYoungGen      total 9216K, used 8864K [0x00000000d5580000, 0x00000000d6380000, 0x0000000100000000)
  eden space 5632K, 98% used [0x00000000d5580000,0x00000000d5af0128,0x00000000d5b00000)
  from space 3584K, 91% used [0x00000000d5b00000,0x00000000d5e38000,0x00000000d5e80000)
  to   space 3584K, 0% used [0x00000000d6000000,0x00000000d6000000,0x00000000d6380000)
 ParOldGen       total 992768K, used 992350K [0x0000000080000000, 0x00000000bc980000, 0x00000000d5580000)
  object space 992768K, 99% used [0x0000000080000000,0x00000000bc917838,0x00000000bc980000)
 Metaspace       used 100357K, committed 102336K, reserved 1179648K
  class space    used 10152K, committed 11008K, reserved 1048576K
}
Event: 6983.548 GC heap after
{Heap after GC invocations=3575 (full 8):
 PSYoungGen      total 9216K, used 1729K [0x00000000d5580000, 0x00000000d6200000, 0x0000000100000000)
  eden space 7168K, 0% used [0x00000000d5580000,0x00000000d5580000,0x00000000d5c80000)
  from space 2048K, 84% used [0x00000000d6000000,0x00000000d61b05e0,0x00000000d6200000)
  to   space 2560K, 0% used [0x00000000d5d00000,0x00000000d5d00000,0x00000000d5f80000)
 ParOldGen       total 995840K, used 995410K [0x0000000080000000, 0x00000000bcc80000, 0x00000000d5580000)
  object space 995840K, 99% used [0x0000000080000000,0x00000000bcc14b90,0x00000000bcc80000)
 Metaspace       used 100357K, committed 102336K, reserved 1179648K
  class space    used 10152K, committed 11008K, reserved 1048576K
}
Event: 6983.564 GC heap before
{Heap before GC invocations=3576 (full 8):
 PSYoungGen      total 9216K, used 8897K [0x00000000d5580000, 0x00000000d6200000, 0x0000000100000000)
  eden space 7168K, 100% used [0x00000000d5580000,0x00000000d5c80000,0x00000000d5c80000)
  from space 2048K, 84% used [0x00000000d6000000,0x00000000d61b05e0,0x00000000d6200000)
  to   space 2560K, 0% used [0x00000000d5d00000,0x00000000d5d00000,0x00000000d5f80000)
 ParOldGen       total 995840K, used 995410K [0x0000000080000000, 0x00000000bcc80000, 0x00000000d5580000)
  object space 995840K, 99% used [0x0000000080000000,0x00000000bcc14b90,0x00000000bcc80000)
 Metaspace       used 100357K, committed 102336K, reserved 1179648K
  class space    used 10152K, committed 11008K, reserved 1048576K
}
Event: 6983.570 GC heap after
{Heap after GC invocations=3576 (full 8):
 PSYoungGen      total 10240K, used 2555K [0x00000000d5580000, 0x00000000d6a00000, 0x0000000100000000)
  eden space 7680K, 0% used [0x00000000d5580000,0x00000000d5580000,0x00000000d5d00000)
  from space 2560K, 99% used [0x00000000d5d00000,0x00000000d5f7ef08,0x00000000d5f80000)
  to   space 6144K, 0% used [0x00000000d6400000,0x00000000d6400000,0x00000000d6a00000)
 ParOldGen       total 998400K, used 998009K [0x0000000080000000, 0x00000000bcf00000, 0x00000000d5580000)
  object space 998400K, 99% used [0x0000000080000000,0x00000000bce9e4f8,0x00000000bcf00000)
 Metaspace       used 100357K, committed 102336K, reserved 1179648K
  class space    used 10152K, committed 11008K, reserved 1048576K
}
Event: 6983.638 GC heap before
{Heap before GC invocations=3577 (full 8):
 PSYoungGen      total 10240K, used 10235K [0x00000000d5580000, 0x00000000d6a00000, 0x0000000100000000)
  eden space 7680K, 100% used [0x00000000d5580000,0x00000000d5d00000,0x00000000d5d00000)
  from space 2560K, 99% used [0x00000000d5d00000,0x00000000d5f7ef08,0x00000000d5f80000)
  to   space 6144K, 0% used [0x00000000d6400000,0x00000000d6400000,0x00000000d6a00000)
 ParOldGen       total 998400K, used 998009K [0x0000000080000000, 0x00000000bcf00000, 0x00000000d5580000)
  object space 998400K, 99% used [0x0000000080000000,0x00000000bce9e4f8,0x00000000bcf00000)
 Metaspace       used 100357K, committed 102336K, reserved 1179648K
  class space    used 10152K, committed 11008K, reserved 1048576K
}
Event: 6983.649 GC heap after
{Heap after GC invocations=3577 (full 8):
 PSYoungGen      total 14336K, used 4692K [0x00000000d5580000, 0x00000000d6900000, 0x0000000100000000)
  eden space 9216K, 0% used [0x00000000d5580000,0x00000000d5580000,0x00000000d5e80000)
  from space 5120K, 91% used [0x00000000d6400000,0x00000000d6895000,0x00000000d6900000)
  to   space 5120K, 0% used [0x00000000d5f00000,0x00000000d5f00000,0x00000000d6400000)
 ParOldGen       total 1000960K, used 1000560K [0x0000000080000000, 0x00000000bd180000, 0x00000000d5580000)
  object space 1000960K, 99% used [0x0000000080000000,0x00000000bd11c000,0x00000000bd180000)
 Metaspace       used 100357K, committed 102336K, reserved 1179648K
  class space    used 10152K, committed 11008K, reserved 1048576K
}
Event: 6983.684 GC heap before
{Heap before GC invocations=3578 (full 8):
 PSYoungGen      total 14336K, used 13908K [0x00000000d5580000, 0x00000000d6900000, 0x0000000100000000)
  eden space 9216K, 100% used [0x00000000d5580000,0x00000000d5e80000,0x00000000d5e80000)
  from space 5120K, 91% used [0x00000000d6400000,0x00000000d6895000,0x00000000d6900000)
  to   space 5120K, 0% used [0x00000000d5f00000,0x00000000d5f00000,0x00000000d6400000)
 ParOldGen       total 1000960K, used 1000560K [0x0000000080000000, 0x00000000bd180000, 0x00000000d5580000)
  object space 1000960K, 99% used [0x0000000080000000,0x00000000bd11c000,0x00000000bd180000)
 Metaspace       used 100357K, committed 102336K, reserved 1179648K
  class space    used 10152K, committed 11008K, reserved 1048576K
}
Event: 6983.694 GC heap after
{Heap after GC invocations=3578 (full 8):
 PSYoungGen      total 14848K, used 4352K [0x00000000d5580000, 0x00000000d6980000, 0x0000000100000000)
  eden space 9728K, 0% used [0x00000000d5580000,0x00000000d5580000,0x00000000d5f00000)
  from space 5120K, 85% used [0x00000000d5f00000,0x00000000d6340020,0x00000000d6400000)
  to   space 4608K, 0% used [0x00000000d6500000,0x00000000d6500000,0x00000000d6980000)
 ParOldGen       total 1005568K, used 1005180K [0x0000000080000000, 0x00000000bd600000, 0x00000000d5580000)
  object space 1005568K, 99% used [0x0000000080000000,0x00000000bd59f000,0x00000000bd600000)
 Metaspace       used 100357K, committed 102336K, reserved 1179648K
  class space    used 10152K, committed 11008K, reserved 1048576K
}
Event: 6983.723 GC heap before
{Heap before GC invocations=3579 (full 8):
 PSYoungGen      total 14848K, used 14049K [0x00000000d5580000, 0x00000000d6980000, 0x0000000100000000)
  eden space 9728K, 99% used [0x00000000d5580000,0x00000000d5ef8748,0x00000000d5f00000)
  from space 5120K, 85% used [0x00000000d5f00000,0x00000000d6340020,0x00000000d6400000)
  to   space 4608K, 0% used [0x00000000d6500000,0x00000000d6500000,0x00000000d6980000)
 ParOldGen       total 1005568K, used 1005180K [0x0000000080000000, 0x00000000bd600000, 0x00000000d5580000)
  object space 1005568K, 99% used [0x0000000080000000,0x00000000bd59f000,0x00000000bd600000)
 Metaspace       used 100357K, committed 102336K, reserved 1179648K
  class space    used 10152K, committed 11008K, reserved 1048576K
}
Event: 6984.762 GC heap after
{Heap after GC invocations=3579 (full 8):
 PSYoungGen      total 14336K, used 4602K [0x00000000d5580000, 0x00000000d6980000, 0x0000000100000000)
  eden space 9728K, 0% used [0x00000000d5580000,0x00000000d5580000,0x00000000d5f00000)
  from space 4608K, 99% used [0x00000000d6500000,0x00000000d697e8b8,0x00000000d6980000)
  to   space 5120K, 0% used [0x00000000d5f00000,0x00000000d5f00000,0x00000000d6400000)
 ParOldGen       total 1012736K, used 1012328K [0x0000000080000000, 0x00000000bdd00000, 0x00000000d5580000)
  object space 1012736K, 99% used [0x0000000080000000,0x00000000bdc9a358,0x00000000bdd00000)
 Metaspace       used 100357K, committed 102336K, reserved 1179648K
  class space    used 10152K, committed 11008K, reserved 1048576K
}
Event: 6984.868 GC heap before
{Heap before GC invocations=3580 (full 8):
 PSYoungGen      total 14336K, used 14330K [0x00000000d5580000, 0x00000000d6980000, 0x0000000100000000)
  eden space 9728K, 100% used [0x00000000d5580000,0x00000000d5f00000,0x00000000d5f00000)
  from space 4608K, 99% used [0x00000000d6500000,0x00000000d697e8b8,0x00000000d6980000)
  to   space 5120K, 0% used [0x00000000d5f00000,0x00000000d5f00000,0x00000000d6400000)
 ParOldGen       total 1012736K, used 1012328K [0x0000000080000000, 0x00000000bdd00000, 0x00000000d5580000)
  object space 1012736K, 99% used [0x0000000080000000,0x00000000bdc9a358,0x00000000bdd00000)
 Metaspace       used 100357K, committed 102336K, reserved 1179648K
  class space    used 10152K, committed 11008K, reserved 1048576K
}
Event: 6984.876 GC heap after
{Heap after GC invocations=3580 (full 8):
 PSYoungGen      total 14848K, used 4541K [0x00000000d5580000, 0x00000000d6f00000, 0x0000000100000000)
  eden space 9728K, 0% used [0x00000000d5580000,0x00000000d5580000,0x00000000d5f00000)
  from space 5120K, 88% used [0x00000000d5f00000,0x00000000d636f780,0x00000000d6400000)
  to   space 7168K, 0% used [0x00000000d6800000,0x00000000d6800000,0x00000000d6f00000)
 ParOldGen       total 1017344K, used 1016919K [0x0000000080000000, 0x00000000be180000, 0x00000000d5580000)
  object space 1017344K, 99% used [0x0000000080000000,0x00000000be115d78,0x00000000be180000)
 Metaspace       used 100357K, committed 102336K, reserved 1179648K
  class space    used 10152K, committed 11008K, reserved 1048576K
}
Event: 6985.890 GC heap before
{Heap before GC invocations=3581 (full 8):
 PSYoungGen      total 14848K, used 14269K [0x00000000d5580000, 0x00000000d6f00000, 0x0000000100000000)
  eden space 9728K, 100% used [0x00000000d5580000,0x00000000d5f00000,0x00000000d5f00000)
  from space 5120K, 88% used [0x00000000d5f00000,0x00000000d636f780,0x00000000d6400000)
  to   space 7168K, 0% used [0x00000000d6800000,0x00000000d6800000,0x00000000d6f00000)
 ParOldGen       total 1017856K, used 1017346K [0x0000000080000000, 0x00000000be200000, 0x00000000d5580000)
  object space 1017856K, 99% used [0x0000000080000000,0x00000000be1809f8,0x00000000be200000)
 Metaspace       used 100359K, committed 102336K, reserved 1179648K
  class space    used 10152K, committed 11008K, reserved 1048576K
}

Dll operation events (12 events):
Event: 0.042 Loaded shared library c:\Users\Deeksha Kharvi\.vscode\extensions\redhat.java-1.52.0-win32-x64\jre\21.0.9-win32-x86_64\bin\java.dll
Event: 0.208 Loaded shared library c:\Users\Deeksha Kharvi\.vscode\extensions\redhat.java-1.52.0-win32-x64\jre\21.0.9-win32-x86_64\bin\zip.dll
Event: 0.259 Loaded shared library C:\Users\Deeksha Kharvi\.vscode\extensions\redhat.java-1.52.0-win32-x64\jre\21.0.9-win32-x86_64\bin\instrument.dll
Event: 0.272 Loaded shared library C:\Users\Deeksha Kharvi\.vscode\extensions\redhat.java-1.52.0-win32-x64\jre\21.0.9-win32-x86_64\bin\net.dll
Event: 0.282 Loaded shared library C:\Users\Deeksha Kharvi\.vscode\extensions\redhat.java-1.52.0-win32-x64\jre\21.0.9-win32-x86_64\bin\nio.dll
Event: 0.289 Loaded shared library C:\Users\Deeksha Kharvi\.vscode\extensions\redhat.java-1.52.0-win32-x64\jre\21.0.9-win32-x86_64\bin\zip.dll
Event: 0.339 Loaded shared library C:\Users\Deeksha Kharvi\.vscode\extensions\redhat.java-1.52.0-win32-x64\jre\21.0.9-win32-x86_64\bin\jimage.dll
Event: 0.563 Loaded shared library c:\Users\Deeksha Kharvi\.vscode\extensions\redhat.java-1.52.0-win32-x64\jre\21.0.9-win32-x86_64\bin\verify.dll
Event: 2.710 Loaded shared library C:\Users\Deeksha Kharvi\AppData\Roaming\Code\User\globalStorage\redhat.java\1.52.0\config_win\org.eclipse.equinox.launcher\org.eclipse.equinox.launcher.win32.win32.x86_64_1.2.1500.v20260121-1430\eclipse_11919.dll
Event: 4.586 Loaded shared library C:\Users\Deeksha Kharvi\AppData\Local\Temp\jna--720421924\jna14532112966208415841.dll
Event: 890.139 Loaded shared library C:\Users\Deeksha Kharvi\.vscode\extensions\redhat.java-1.52.0-win32-x64\jre\21.0.9-win32-x86_64\bin\sunmscapi.dll
Event: 890.745 Loaded shared library C:\Users\Deeksha Kharvi\.vscode\extensions\redhat.java-1.52.0-win32-x64\jre\21.0.9-win32-x86_64\bin\extnet.dll

Deoptimization events (20 events):
Event: 6982.958 Thread 0x000001e8daa83930 DEOPT PACKING pc=0x000001e887e52854 sp=0x000000b94d8fd660
Event: 6982.958 Thread 0x000001e8daa83930 DEOPT UNPACKING pc=0x000001e887583aa2 sp=0x000000b94d8fd620 mode 2
Event: 6982.981 Thread 0x000001e8d99cc820 Uncommon trap: trap_request=0xffffff6e fr.pc=0x000001e888b2bec4 relative=0x0000000000000224
Event: 6982.981 Thread 0x000001e8d99cc820 Uncommon trap: reason=loop_limit_check action=maybe_recompile pc=0x000001e888b2bec4 method=java.util.DualPivotQuicksort.insertionSort([III)V @ 35 c2
Event: 6982.981 Thread 0x000001e8d99cc820 DEOPT PACKING pc=0x000001e888b2bec4 sp=0x000000b94c3fe1c0
Event: 6982.981 Thread 0x000001e8d99cc820 DEOPT UNPACKING pc=0x000001e887583aa2 sp=0x000000b94c3fe138 mode 2
Event: 6983.447 Thread 0x000001e8d99cbb00 Uncommon trap: trap_request=0xffffff45 fr.pc=0x000001e887df0fc4 relative=0x0000000000003504
Event: 6983.447 Thread 0x000001e8d99cbb00 Uncommon trap: reason=unstable_if action=reinterpret pc=0x000001e887df0fc4 method=org.eclipse.jdt.core.dom.DefaultBindingResolver.resolveName(Lorg/eclipse/jdt/core/dom/Name;)Lorg/eclipse/jdt/core/dom/IBinding; @ 199 c2
Event: 6983.447 Thread 0x000001e8d99cbb00 DEOPT PACKING pc=0x000001e887df0fc4 sp=0x000000b94a1fe0e0
Event: 6983.447 Thread 0x000001e8d99cbb00 DEOPT UNPACKING pc=0x000001e887583aa2 sp=0x000000b94a1fe090 mode 2
Event: 6983.521 Thread 0x000001e8d9e60a50 Uncommon trap: trap_request=0xffffff45 fr.pc=0x000001e8891e626c relative=0x00000000000001cc
Event: 6983.521 Thread 0x000001e8d9e60a50 Uncommon trap: reason=unstable_if action=reinterpret pc=0x000001e8891e626c method=org.eclipse.jdt.internal.core.search.indexing.ReadWriteMonitor.exitRead()V @ 11 c2
Event: 6983.521 Thread 0x000001e8d9e60a50 DEOPT PACKING pc=0x000001e8891e626c sp=0x000000b94c6ff480
Event: 6983.521 Thread 0x000001e8d9e60a50 DEOPT UNPACKING pc=0x000001e887583aa2 sp=0x000000b94c6ff430 mode 2
Event: 6983.554 Thread 0x000001e8d99cceb0 DEOPT PACKING pc=0x000001e880140c9c sp=0x000000b94c5fdf90
Event: 6983.554 Thread 0x000001e8d99cceb0 DEOPT UNPACKING pc=0x000001e887584242 sp=0x000000b94c5fd640 mode 0
Event: 6983.609 Thread 0x000001e8d99cceb0 Uncommon trap: trap_request=0xffffff45 fr.pc=0x000001e887be399c relative=0x000000000000013c
Event: 6983.609 Thread 0x000001e8d99cceb0 Uncommon trap: reason=unstable_if action=reinterpret pc=0x000001e887be399c method=org.eclipse.jdt.internal.core.manipulation.dom.ASTResolving.isWriteAccess(Lorg/eclipse/jdt/core/dom/Name;)Z @ 14 c2
Event: 6983.609 Thread 0x000001e8d99cceb0 DEOPT PACKING pc=0x000001e887be399c sp=0x000000b94c5fe9a0
Event: 6983.609 Thread 0x000001e8d99cceb0 DEOPT UNPACKING pc=0x000001e887583aa2 sp=0x000000b94c5fe928 mode 2

Classes loaded (20 events):
Event: 1338.019 Loading class jdk/internal/module/IllegalAccessLogger
Event: 1338.019 Loading class jdk/internal/module/IllegalAccessLogger done
Event: 1340.729 Loading class jdk/internal/module/IllegalAccessLogger
Event: 1340.729 Loading class jdk/internal/module/IllegalAccessLogger done
Event: 1449.856 Loading class jdk/internal/module/IllegalAccessLogger
Event: 1449.856 Loading class jdk/internal/module/IllegalAccessLogger done
Event: 1452.583 Loading class jdk/internal/module/IllegalAccessLogger
Event: 1452.583 Loading class jdk/internal/module/IllegalAccessLogger done
Event: 1455.060 Loading class jdk/internal/module/IllegalAccessLogger
Event: 1455.060 Loading class jdk/internal/module/IllegalAccessLogger done
Event: 1457.513 Loading class jdk/internal/module/IllegalAccessLogger
Event: 1457.513 Loading class jdk/internal/module/IllegalAccessLogger done
Event: 1474.633 Loading class jdk/internal/module/IllegalAccessLogger
Event: 1474.633 Loading class jdk/internal/module/IllegalAccessLogger done
Event: 6977.667 Loading class jdk/internal/module/IllegalAccessLogger
Event: 6977.673 Loading class jdk/internal/module/IllegalAccessLogger done
Event: 6980.386 Loading class jdk/internal/module/IllegalAccessLogger
Event: 6980.386 Loading class jdk/internal/module/IllegalAccessLogger done
Event: 6984.883 Loading class jdk/internal/module/IllegalAccessLogger
Event: 6984.883 Loading class jdk/internal/module/IllegalAccessLogger done

Classes unloaded (20 events):
Event: 1101.067 Thread 0x000001e8fdd231b0 Unloading class 0x000001e894838518 'org/apache/maven/shared/filtering/MavenReaderFilterRequest'
Event: 1101.067 Thread 0x000001e8fdd231b0 Unloading class 0x000001e894838200 'org/apache/maven/shared/filtering/MavenFileFilterRequest'
Event: 1101.067 Thread 0x000001e8fdd231b0 Unloading class 0x000001e894838000 'org/codehaus/plexus/interpolation/Interpolator'
Event: 1101.067 Thread 0x000001e8fdd231b0 Unloading class 0x000001e894833d38 'org/codehaus/plexus/interpolation/BasicInterpolator'
Event: 1101.067 Thread 0x000001e8fdd231b0 Unloading class 0x000001e894832dd0 'org/codehaus/plexus/interpolation/ValueSource'
Event: 1101.067 Thread 0x000001e8fdd231b0 Unloading class 0x000001e894833400 'org/apache/maven/shared/filtering/MavenResourcesExecution'
Event: 1101.067 Thread 0x000001e8fdd231b0 Unloading class 0x000001e894833a60 'org/apache/maven/shared/filtering/AbstractMavenFilteringRequest'
Event: 1101.067 Thread 0x000001e8fdd231b0 Unloading class 0x000001e894833800 'org/apache/maven/shared/filtering/MavenFilteringException'
Event: 1101.067 Thread 0x000001e8fdd231b0 Unloading class 0x000001e894832b80 'org/apache/maven/shared/filtering/DefaultMavenResourcesFiltering'
Event: 1101.067 Thread 0x000001e8fdd231b0 Unloading class 0x000001e894832980 'org/apache/maven/shared/filtering/MavenResourcesFiltering'
Event: 1101.067 Thread 0x000001e8fdd231b0 Unloading class 0x000001e8948326f0 'org/apache/maven/shared/filtering/DefaultMavenReaderFilter'
Event: 1101.067 Thread 0x000001e8fdd231b0 Unloading class 0x000001e8948324f0 'org/apache/maven/shared/filtering/MavenReaderFilter'
Event: 1101.067 Thread 0x000001e8fdd231b0 Unloading class 0x000001e894832250 'org/apache/maven/shared/filtering/DefaultMavenFileFilter'
Event: 1101.068 Thread 0x000001e8fdd231b0 Unloading class 0x000001e894832000 'org/apache/maven/shared/filtering/BaseFilter'
Event: 1101.068 Thread 0x000001e8fdd231b0 Unloading class 0x000001e894831db8 'org/apache/maven/shared/filtering/MavenFileFilter'
Event: 1101.068 Thread 0x000001e8fdd231b0 Unloading class 0x000001e894831bb8 'org/apache/maven/shared/filtering/DefaultFilterInfo'
Event: 1101.068 Thread 0x000001e8fdd231b0 Unloading class 0x000001e8948318a8 'org/apache/maven/plugins/resources/TestResourcesMojo'
Event: 1101.068 Thread 0x000001e8fdd231b0 Unloading class 0x000001e894831620 'org/apache/maven/plugins/maven_resources_plugin/HelpMojo'
Event: 1101.068 Thread 0x000001e8fdd231b0 Unloading class 0x000001e894831310 'org/apache/maven/plugins/resources/CopyResourcesMojo'
Event: 1101.068 Thread 0x000001e8fdd231b0 Unloading class 0x000001e894831000 'org/apache/maven/plugins/resources/ResourcesMojo'

Classes redefined (0 events):
No events

Internal exceptions (20 events):
Event: 1473.593 Thread 0x000001e8dc0acf00 Exception <a 'java/lang/ArrayIndexOutOfBoundsException'{0x00000000d58ff2a8}> (0x00000000d58ff2a8) 
thrown [s\src\hotspot\share\runtime\sharedRuntime.cpp, line 625]
Event: 1474.419 Thread 0x000001e8d9e60a50 Exception <a 'sun/nio/fs/WindowsException'{0x00000000d58d37f8}> (0x00000000d58d37f8) 
thrown [s\src\hotspot\share\prims\jni.cpp, line 520]
Event: 1474.746 Thread 0x000001e8d9e60a50 Exception <a 'sun/nio/fs/WindowsException'{0x00000000d5639758}> (0x00000000d5639758) 
thrown [s\src\hotspot\share\prims\jni.cpp, line 520]
Event: 1637.786 Thread 0x000001e8daa86db0 Exception <a 'sun/nio/fs/WindowsException'{0x00000000d56ee4d0}> (0x00000000d56ee4d0) 
thrown [s\src\hotspot\share\prims\jni.cpp, line 520]
Event: 1637.787 Thread 0x000001e8daa86db0 Exception <a 'sun/nio/fs/WindowsException'{0x00000000d56eee80}> (0x00000000d56eee80) 
thrown [s\src\hotspot\share\prims\jni.cpp, line 520]
Event: 1637.789 Thread 0x000001e8daa86db0 Exception <a 'sun/nio/fs/WindowsException'{0x00000000d56f0b50}> (0x00000000d56f0b50) 
thrown [s\src\hotspot\share\prims\jni.cpp, line 520]
Event: 1637.789 Thread 0x000001e8daa86db0 Exception <a 'sun/nio/fs/WindowsException'{0x00000000d56f1500}> (0x00000000d56f1500) 
thrown [s\src\hotspot\share\prims\jni.cpp, line 520]
Event: 1637.790 Thread 0x000001e8daa86db0 Exception <a 'sun/nio/fs/WindowsException'{0x00000000d56f2fa8}> (0x00000000d56f2fa8) 
thrown [s\src\hotspot\share\prims\jni.cpp, line 520]
Event: 1637.791 Thread 0x000001e8daa86db0 Exception <a 'sun/nio/fs/WindowsException'{0x00000000d56f3958}> (0x00000000d56f3958) 
thrown [s\src\hotspot\share\prims\jni.cpp, line 520]
Event: 1637.792 Thread 0x000001e8daa86db0 Exception <a 'sun/nio/fs/WindowsException'{0x00000000d56f81c0}> (0x00000000d56f81c0) 
thrown [s\src\hotspot\share\prims\jni.cpp, line 520]
Event: 1637.792 Thread 0x000001e8daa86db0 Exception <a 'sun/nio/fs/WindowsException'{0x00000000d56f8b70}> (0x00000000d56f8b70) 
thrown [s\src\hotspot\share\prims\jni.cpp, line 520]
Event: 1637.793 Thread 0x000001e8daa86db0 Exception <a 'sun/nio/fs/WindowsException'{0x00000000d5702cd0}> (0x00000000d5702cd0) 
thrown [s\src\hotspot\share\prims\jni.cpp, line 520]
Event: 1637.794 Thread 0x000001e8daa86db0 Exception <a 'sun/nio/fs/WindowsException'{0x00000000d5703680}> (0x00000000d5703680) 
thrown [s\src\hotspot\share\prims\jni.cpp, line 520]
Event: 1637.794 Thread 0x000001e8daa86db0 Exception <a 'sun/nio/fs/WindowsException'{0x00000000d5704ed8}> (0x00000000d5704ed8) 
thrown [s\src\hotspot\share\prims\jni.cpp, line 520]
Event: 1637.794 Thread 0x000001e8daa86db0 Exception <a 'sun/nio/fs/WindowsException'{0x00000000d5705888}> (0x00000000d5705888) 
thrown [s\src\hotspot\share\prims\jni.cpp, line 520]
Event: 6976.921 Thread 0x000001e8d9e60a50 Exception <a 'sun/nio/fs/WindowsException'{0x00000000d597acd0}> (0x00000000d597acd0) 
thrown [s\src\hotspot\share\prims\jni.cpp, line 520]
Event: 6977.434 Thread 0x000001e8d9e60a50 Exception <a 'sun/nio/fs/WindowsException'{0x00000000d56635b0}> (0x00000000d56635b0) 
thrown [s\src\hotspot\share\prims\jni.cpp, line 520]
Event: 6980.100 Thread 0x000001e8d9e60a50 Exception <a 'sun/nio/fs/WindowsException'{0x00000000d55eca90}> (0x00000000d55eca90) 
thrown [s\src\hotspot\share\prims\jni.cpp, line 520]
Event: 6980.792 Thread 0x000001e8d9e60a50 Exception <a 'sun/nio/fs/WindowsException'{0x00000000d5639998}> (0x00000000d5639998) 
thrown [s\src\hotspot\share\prims\jni.cpp, line 520]
Event: 6983.537 Thread 0x000001e8d9e60a50 Exception <a 'sun/nio/fs/WindowsException'{0x00000000d5587bf8}> (0x00000000d5587bf8) 
thrown [s\src\hotspot\share\prims\jni.cpp, line 520]

ZGC Phase Switch (0 events):
No events

VM Operations (20 events):
Event: 6983.508 Executing VM operation: ParallelGCFailedAllocation (Allocation Failure) done
Event: 6983.514 Executing VM operation: ParallelGCFailedAllocation (Allocation Failure)
Event: 6983.519 Executing VM operation: ParallelGCFailedAllocation (Allocation Failure) done
Event: 6983.530 Executing VM operation: ParallelGCFailedAllocation (Allocation Failure)
Event: 6983.535 Executing VM operation: ParallelGCFailedAllocation (Allocation Failure) done
Event: 6983.542 Executing VM operation: ParallelGCFailedAllocation (Allocation Failure)
Event: 6983.549 Executing VM operation: ParallelGCFailedAllocation (Allocation Failure) done
Event: 6983.563 Executing VM operation: ParallelGCFailedAllocation (Allocation Failure)
Event: 6983.570 Executing VM operation: ParallelGCFailedAllocation (Allocation Failure) done
Event: 6983.638 Executing VM operation: ParallelGCFailedAllocation (Allocation Failure)
Event: 6983.649 Executing VM operation: ParallelGCFailedAllocation (Allocation Failure) done
Event: 6983.683 Executing VM operation: ParallelGCFailedAllocation (Allocation Failure)
Event: 6983.695 Executing VM operation: ParallelGCFailedAllocation (Allocation Failure) done
Event: 6983.723 Executing VM operation: ParallelGCFailedAllocation (Allocation Failure)
Event: 6984.762 Executing VM operation: ParallelGCFailedAllocation (Allocation Failure) done
Event: 6984.867 Executing VM operation: ParallelGCFailedAllocation (Allocation Failure)
Event: 6984.876 Executing VM operation: ParallelGCFailedAllocation (Allocation Failure) done
Event: 6984.983 Executing VM operation: ParallelGCFailedAllocation (Allocation Failure)
Event: 6984.984 Executing VM operation: ParallelGCFailedAllocation (Allocation Failure) done
Event: 6985.890 Executing VM operation: ParallelGCSystemGC (GCLocker Initiated GC)

Memory protections (0 events):
No events

Nmethod flushes (20 events):
Event: 1340.508 Thread 0x000001e8fdd231b0 flushing  nmethod 0x000001e883492c90
Event: 1340.508 Thread 0x000001e8fdd231b0 flushing  nmethod 0x000001e88349e490
Event: 1340.508 Thread 0x000001e8fdd231b0 flushing  nmethod 0x000001e8834ac290
Event: 1340.508 Thread 0x000001e8fdd231b0 flushing  nmethod 0x000001e8834b9490
Event: 1340.508 Thread 0x000001e8fdd231b0 flushing  nmethod 0x000001e8834be190
Event: 1340.508 Thread 0x000001e8fdd231b0 flushing  nmethod 0x000001e8834c4690
Event: 1340.508 Thread 0x000001e8fdd231b0 flushing  nmethod 0x000001e8834c4d10
Event: 1340.508 Thread 0x000001e8fdd231b0 flushing  nmethod 0x000001e8834c8990
Event: 1340.508 Thread 0x000001e8fdd231b0 flushing  nmethod 0x000001e8834cf690
Event: 1340.508 Thread 0x000001e8fdd231b0 flushing  nmethod 0x000001e8834d2e90
Event: 1340.508 Thread 0x000001e8fdd231b0 flushing  nmethod 0x000001e8834ded10
Event: 1340.508 Thread 0x000001e8fdd231b0 flushing  nmethod 0x000001e8834ea610
Event: 1340.508 Thread 0x000001e8fdd231b0 flushing  nmethod 0x000001e8834f2010
Event: 1340.508 Thread 0x000001e8fdd231b0 flushing  nmethod 0x000001e8834f3e10
Event: 1340.508 Thread 0x000001e8fdd231b0 flushing  nmethod 0x000001e88350e090
Event: 1340.508 Thread 0x000001e8fdd231b0 flushing  nmethod 0x000001e883511110
Event: 1340.508 Thread 0x000001e8fdd231b0 flushing  nmethod 0x000001e883512510
Event: 1340.508 Thread 0x000001e8fdd231b0 flushing  nmethod 0x000001e883516110
Event: 1340.508 Thread 0x000001e8fdd231b0 flushing  nmethod 0x000001e883516e10
Event: 1340.508 Thread 0x000001e8fdd231b0 flushing  nmethod 0x000001e88351a410

Events (20 events):
Event: 6392.659 Thread 0x000001e8d99cf610 Thread exited: 0x000001e8d99cf610
Event: 6492.752 Thread 0x000001e8d99c8680 Thread exited: 0x000001e8d99c8680
Event: 6552.761 Thread 0x000001e8d99cc820 Thread exited: 0x000001e8d99cc820
Event: 6958.359 Thread 0x000001e8daa83930 Thread added: 0x000001e8d99cbb00
Event: 6975.272 Thread 0x000001e8d99cbb00 Thread added: 0x000001e8d99c9a30
Event: 6975.987 Thread 0x000001e8daa83930 Thread added: 0x000001e8d99c8680
Event: 6975.990 Thread 0x000001e8d99c8680 Thread added: 0x000001e8d99cc190
Event: 6977.330 Thread 0x000001e8daa86db0 Thread added: 0x000001e8d99c8d10
Event: 6977.440 Thread 0x000001e8d9e62490 Thread added: 0x000001e8d99cc820
Event: 6977.682 Thread 0x000001e8daa86db0 Thread added: 0x000001e8d99cf610
Event: 6979.088 Thread 0x000001e8d99c9a30 Thread added: 0x000001e8d99cceb0
Event: 6979.090 Thread 0x000001e8d99cceb0 Thread added: 0x000001e8dc0ab4c0
Event: 6979.092 Thread 0x000001e8dc0ab4c0 Thread added: 0x000001e8dc0aae30
Event: 6979.129 Thread 0x000001e8fdd55c70 Thread added: 0x000001e8dbe5d630
Event: 6980.312 Thread 0x000001e8d9e62490 Thread added: 0x000001e8dc0acf00
Event: 6980.357 Thread 0x000001e8dbe5d630 Thread exited: 0x000001e8dbe5d630
Event: 6980.807 Thread 0x000001e8daa86db0 Thread added: 0x000001e8dc0abb50
Event: 6983.395 Thread 0x000001e8daa83930 Thread added: 0x000001e8dc0ac1e0
Event: 6983.557 Thread 0x000001e8ff62c9f0 Thread added: 0x000001e8dbe5baf0
Event: 6983.697 Thread 0x000001e8dc0abb50 Thread added: 0x000001e8dc0b10a0


Dynamic libraries:
0x00007ff636e00000 - 0x00007ff636e0e000 	c:\Users\Deeksha Kharvi\.vscode\extensions\redhat.java-1.52.0-win32-x64\jre\21.0.9-win32-x86_64\bin\java.exe
0x00007ffe8e340000 - 0x00007ffe8e5a8000 	C:\windows\SYSTEM32\ntdll.dll
0x00007ffe8d550000 - 0x00007ffe8d619000 	C:\windows\System32\KERNEL32.DLL
0x00007ffe8ace0000 - 0x00007ffe8b0d1000 	C:\windows\System32\KERNELBASE.dll
0x00007ffe87db0000 - 0x00007ffe87e4e000 	C:\windows\SYSTEM32\apphelp.dll
0x00007ffe8b2d0000 - 0x00007ffe8b41b000 	C:\windows\System32\ucrtbase.dll
0x00007ffe80770000 - 0x00007ffe80788000 	c:\Users\Deeksha Kharvi\.vscode\extensions\redhat.java-1.52.0-win32-x64\jre\21.0.9-win32-x86_64\bin\jli.dll
0x00007ffe8c6d0000 - 0x00007ffe8c896000 	C:\windows\System32\USER32.dll
0x00007ffe8b210000 - 0x00007ffe8b237000 	C:\windows\System32\win32u.dll
0x00007ffe8d2c0000 - 0x00007ffe8d2eb000 	C:\windows\System32\GDI32.dll
0x00007ffe8b0e0000 - 0x00007ffe8b20b000 	C:\windows\System32\gdi32full.dll
0x00007ffe8c030000 - 0x00007ffe8c0d3000 	C:\windows\System32\msvcp_win.dll
0x00007ffe7bfe0000 - 0x00007ffe7bffe000 	c:\Users\Deeksha Kharvi\.vscode\extensions\redhat.java-1.52.0-win32-x64\jre\21.0.9-win32-x86_64\bin\VCRUNTIME140.dll
0x00007ffe697a0000 - 0x00007ffe69a33000 	C:\windows\WinSxS\amd64_microsoft.windows.common-controls_6595b64144ccf1df_6.0.26100.7824_none_3e0870b2e3345462\COMCTL32.dll
0x00007ffe8d020000 - 0x00007ffe8d0c9000 	C:\windows\System32\msvcrt.dll
0x00007ffe8d1c0000 - 0x00007ffe8d1f1000 	C:\windows\System32\IMM32.DLL
0x00007ffe83d30000 - 0x00007ffe83d3c000 	c:\Users\Deeksha Kharvi\.vscode\extensions\redhat.java-1.52.0-win32-x64\jre\21.0.9-win32-x86_64\bin\vcruntime140_1.dll
0x00007ffe5db90000 - 0x00007ffe5dc1d000 	c:\Users\Deeksha Kharvi\.vscode\extensions\redhat.java-1.52.0-win32-x64\jre\21.0.9-win32-x86_64\bin\msvcp140.dll
0x00007ffde9460000 - 0x00007ffdea200000 	c:\Users\Deeksha Kharvi\.vscode\extensions\redhat.java-1.52.0-win32-x64\jre\21.0.9-win32-x86_64\bin\server\jvm.dll
0x00007ffe8d6a0000 - 0x00007ffe8d754000 	C:\windows\System32\ADVAPI32.dll
0x00007ffe8ce70000 - 0x00007ffe8cf16000 	C:\windows\System32\sechost.dll
0x00007ffe8c8b0000 - 0x00007ffe8c9c8000 	C:\windows\System32\RPCRT4.dll
0x00007ffe8c1c0000 - 0x00007ffe8c234000 	C:\windows\System32\WS2_32.dll
0x00007ffe8aa80000 - 0x00007ffe8aade000 	C:\windows\SYSTEM32\POWRPROF.dll
0x00007ffe80270000 - 0x00007ffe802a5000 	C:\windows\SYSTEM32\WINMM.dll
0x00007ffe82d80000 - 0x00007ffe82d8b000 	C:\windows\SYSTEM32\VERSION.dll
0x00007ffe8aa60000 - 0x00007ffe8aa74000 	C:\windows\SYSTEM32\UMPDC.dll
0x00007ffe899c0000 - 0x00007ffe899db000 	C:\windows\SYSTEM32\kernel.appcore.dll
0x00007ffe82da0000 - 0x00007ffe82daa000 	c:\Users\Deeksha Kharvi\.vscode\extensions\redhat.java-1.52.0-win32-x64\jre\21.0.9-win32-x86_64\bin\jimage.dll
0x00007ffe88ad0000 - 0x00007ffe88d12000 	C:\windows\SYSTEM32\DBGHELP.DLL
0x00007ffe8c240000 - 0x00007ffe8c5c6000 	C:\windows\System32\combase.dll
0x00007ffe8d0d0000 - 0x00007ffe8d1a7000 	C:\windows\System32\OLEAUT32.dll
0x00007ffe74110000 - 0x00007ffe7414b000 	C:\windows\SYSTEM32\dbgcore.DLL
0x00007ffe8bf80000 - 0x00007ffe8c025000 	C:\windows\System32\bcryptPrimitives.dll
0x00007ffe827f0000 - 0x00007ffe827ff000 	c:\Users\Deeksha Kharvi\.vscode\extensions\redhat.java-1.52.0-win32-x64\jre\21.0.9-win32-x86_64\bin\instrument.dll
0x00007ffe7b1e0000 - 0x00007ffe7b200000 	c:\Users\Deeksha Kharvi\.vscode\extensions\redhat.java-1.52.0-win32-x64\jre\21.0.9-win32-x86_64\bin\java.dll
0x00007ffe8db00000 - 0x00007ffe8e252000 	C:\windows\System32\SHELL32.dll
0x00007ffe8be10000 - 0x00007ffe8bf7a000 	C:\windows\System32\wintypes.dll
0x00007ffe8b5a0000 - 0x00007ffe8be03000 	C:\windows\System32\windows.storage.dll
0x00007ffe8c5d0000 - 0x00007ffe8c6c6000 	C:\windows\System32\SHCORE.dll
0x00007ffe8c150000 - 0x00007ffe8c1b7000 	C:\windows\System32\shlwapi.dll
0x00007ffe8ab40000 - 0x00007ffe8ab69000 	C:\windows\SYSTEM32\profapi.dll
0x00007ffe7b070000 - 0x00007ffe7b088000 	c:\Users\Deeksha Kharvi\.vscode\extensions\redhat.java-1.52.0-win32-x64\jre\21.0.9-win32-x86_64\bin\zip.dll
0x00007ffe81bd0000 - 0x00007ffe81be0000 	C:\Users\Deeksha Kharvi\.vscode\extensions\redhat.java-1.52.0-win32-x64\jre\21.0.9-win32-x86_64\bin\net.dll
0x00007ffe849d0000 - 0x00007ffe84af7000 	C:\windows\SYSTEM32\WINHTTP.dll
0x00007ffe89f30000 - 0x00007ffe89f9b000 	C:\windows\system32\mswsock.dll
0x00007ffe7b050000 - 0x00007ffe7b066000 	C:\Users\Deeksha Kharvi\.vscode\extensions\redhat.java-1.52.0-win32-x64\jre\21.0.9-win32-x86_64\bin\nio.dll
0x00007ffe81b60000 - 0x00007ffe81b70000 	c:\Users\Deeksha Kharvi\.vscode\extensions\redhat.java-1.52.0-win32-x64\jre\21.0.9-win32-x86_64\bin\verify.dll
0x00007ffe5e860000 - 0x00007ffe5e8a5000 	C:\Users\Deeksha Kharvi\AppData\Roaming\Code\User\globalStorage\redhat.java\1.52.0\config_win\org.eclipse.equinox.launcher\org.eclipse.equinox.launcher.win32.win32.x86_64_1.2.1500.v20260121-1430\eclipse_11919.dll
0x00007ffe8d760000 - 0x00007ffe8d8f7000 	C:\windows\System32\ole32.dll
0x00007ffe8a200000 - 0x00007ffe8a21b000 	C:\windows\SYSTEM32\CRYPTSP.dll
0x00007ffe89920000 - 0x00007ffe89959000 	C:\windows\system32\rsaenh.dll
0x00007ffe89fe0000 - 0x00007ffe8a00b000 	C:\windows\SYSTEM32\USERENV.dll
0x00007ffe8ab10000 - 0x00007ffe8ab3a000 	C:\windows\SYSTEM32\bcrypt.dll
0x00007ffe8a220000 - 0x00007ffe8a22c000 	C:\windows\SYSTEM32\CRYPTBASE.dll
0x00007ffe89410000 - 0x00007ffe89444000 	C:\windows\SYSTEM32\IPHLPAPI.DLL
0x00007ffe8c9d0000 - 0x00007ffe8c9da000 	C:\windows\System32\NSI.dll
0x00007ffe5c6d0000 - 0x00007ffe5c719000 	C:\Users\Deeksha Kharvi\AppData\Local\Temp\jna--720421924\jna14532112966208415841.dll
0x00007ffe8c140000 - 0x00007ffe8c148000 	C:\windows\System32\PSAPI.DLL
0x00007ffe84ba0000 - 0x00007ffe84bbe000 	C:\windows\SYSTEM32\dhcpcsvc6.DLL
0x00007ffe84b00000 - 0x00007ffe84b23000 	C:\windows\SYSTEM32\dhcpcsvc.DLL
0x00007ffe7c670000 - 0x00007ffe7c67e000 	C:\Users\Deeksha Kharvi\.vscode\extensions\redhat.java-1.52.0-win32-x64\jre\21.0.9-win32-x86_64\bin\sunmscapi.dll
0x00007ffe8b420000 - 0x00007ffe8b597000 	C:\windows\System32\CRYPT32.dll
0x00007ffe8a420000 - 0x00007ffe8a450000 	C:\windows\SYSTEM32\ncrypt.dll
0x00007ffe8a3d0000 - 0x00007ffe8a40f000 	C:\windows\SYSTEM32\NTASN1.dll
0x00007ffe894b0000 - 0x00007ffe895dc000 	C:\windows\SYSTEM32\DNSAPI.dll
0x00007ffe82d90000 - 0x00007ffe82d9b000 	C:\Windows\System32\rasadhlp.dll
0x00007ffe84cf0000 - 0x00007ffe84d76000 	C:\windows\System32\fwpuclnt.dll
0x00007ffe7b520000 - 0x00007ffe7b529000 	C:\Users\Deeksha Kharvi\.vscode\extensions\redhat.java-1.52.0-win32-x64\jre\21.0.9-win32-x86_64\bin\extnet.dll

JVMTI agents:
c:\Users\Deeksha Kharvi\.vscode\extensions\redhat.java-1.52.0-win32-x64\lombok\lombok-1.18.39-4050.jar path:c:\Users\Deeksha Kharvi\.vscode\extensions\redhat.java-1.52.0-win32-x64\jre\21.0.9-win32-x86_64\bin\instrument.dll, loaded, initialized, instrumentlib options:none

dbghelp: loaded successfully - version: 4.0.5 - missing functions: none
symbol engine: initialized successfully - sym options: 0x614 - pdb path: .;c:\Users\Deeksha Kharvi\.vscode\extensions\redhat.java-1.52.0-win32-x64\jre\21.0.9-win32-x86_64\bin;C:\windows\SYSTEM32;C:\windows\WinSxS\amd64_microsoft.windows.common-controls_6595b64144ccf1df_6.0.26100.7824_none_3e0870b2e3345462;c:\Users\Deeksha Kharvi\.vscode\extensions\redhat.java-1.52.0-win32-x64\jre\21.0.9-win32-x86_64\bin\server;C:\Users\Deeksha Kharvi\AppData\Roaming\Code\User\globalStorage\redhat.java\1.52.0\config_win\org.eclipse.equinox.launcher\org.eclipse.equinox.launcher.win32.win32.x86_64_1.2.1500.v20260121-1430;C:\Users\Deeksha Kharvi\AppData\Local\Temp\jna--720421924

VM Arguments:
jvm_args: --add-modules=ALL-SYSTEM --add-opens=java.base/java.util=ALL-UNNAMED --add-opens=java.base/java.lang=ALL-UNNAMED --add-opens=java.base/sun.nio.fs=ALL-UNNAMED -Declipse.application=org.eclipse.jdt.ls.core.id1 -Dosgi.bundles.defaultStartLevel=4 -Declipse.product=org.eclipse.jdt.ls.core.product -Djava.import.generatesMetadataFilesAtProjectRoot=false -DDetectVMInstallationsJob.disabled=true -Dfile.encoding=utf8 -XX:+UseParallelGC -XX:GCTimeRatio=4 -XX:AdaptiveSizePolicyWeight=90 -Dsun.zip.disableMemoryMapping=true -Xmx2G -Xms100m -Xlog:disable -javaagent:c:\Users\Deeksha Kharvi\.vscode\extensions\redhat.java-1.52.0-win32-x64\lombok\lombok-1.18.39-4050.jar -XX:+HeapDumpOnOutOfMemoryError -XX:HeapDumpPath=c:\Users\Deeksha Kharvi\AppData\Roaming\Code\User\workspaceStorage\c8007df1e31359e12aba15357e731800\redhat.java -Daether.dependencyCollector.impl=bf 
java_command: c:\Users\Deeksha Kharvi\.vscode\extensions\redhat.java-1.52.0-win32-x64\server\plugins\org.eclipse.equinox.launcher_1.7.100.v20251111-0406.jar -configuration c:\Users\Deeksha Kharvi\AppData\Roaming\Code\User\globalStorage\redhat.java\1.52.0\config_win -data c:\Users\Deeksha Kharvi\AppData\Roaming\Code\User\workspaceStorage\c8007df1e31359e12aba15357e731800\redhat.java\jdt_ws --pipe=\\.\pipe\lsp-f1dc2c608d390da87041fa4b8e9d7e0c-sock
java_class_path (initial): c:\Users\Deeksha Kharvi\.vscode\extensions\redhat.java-1.52.0-win32-x64\server\plugins\org.eclipse.equinox.launcher_1.7.100.v20251111-0406.jar
Launcher Type: SUN_STANDARD

[Global flags]
    uintx AdaptiveSizePolicyWeight                 = 90                                        {product} {command line}
     intx CICompilerCount                          = 4                                         {product} {ergonomic}
    uintx GCTimeRatio                              = 4                                         {product} {command line}
     bool HeapDumpOnOutOfMemoryError               = true                                   {manageable} {command line}
    ccstr HeapDumpPath                             = c:\Users\Deeksha Kharvi\AppData\Roaming\Code\User\workspaceStorage\c8007df1e31359e12aba15357e731800\redhat.java         {manageable} {command line}
   size_t InitialHeapSize                          = 104857600                                 {product} {command line}
   size_t MaxHeapSize                              = 2147483648                                {product} {command line}
   size_t MaxNewSize                               = 715653120                                 {product} {ergonomic}
   size_t MinHeapDeltaBytes                        = 524288                                    {product} {ergonomic}
   size_t MinHeapSize                              = 104857600                                 {product} {command line}
   size_t NewSize                                  = 34603008                                  {product} {ergonomic}
    uintx NonNMethodCodeHeapSize                   = 5839372                                {pd product} {ergonomic}
    uintx NonProfiledCodeHeapSize                  = 122909434                              {pd product} {ergonomic}
   size_t OldSize                                  = 70254592                                  {product} {ergonomic}
    uintx ProfiledCodeHeapSize                     = 122909434                              {pd product} {ergonomic}
    uintx ReservedCodeCacheSize                    = 251658240                              {pd product} {ergonomic}
     bool SegmentedCodeCache                       = true                                      {product} {ergonomic}
   size_t SoftMaxHeapSize                          = 2147483648                             {manageable} {ergonomic}
     bool UseCompressedOops                        = true                           {product lp64_product} {ergonomic}
     bool UseLargePagesIndividualAllocation        = false                                  {pd product} {ergonomic}
     bool UseParallelGC                            = true                                      {product} {command line}

Logging:
Log output configuration:
 #0: stdout all=off uptime,level,tags foldmultilines=false
 #1: stderr all=off uptime,level,tags foldmultilines=false

Release file:
JAVA_VERSION="21.0.9" 
MODULES="java.base java.compiler java.datatransfer java.xml java.prefs java.desktop java.instrument java.logging java.management java.security.sasl java.naming java.rmi java.management.rmi java.net.http java.scripting java.security.jgss java.transaction.xa java.sql java.sql.rowset java.xml.crypto java.se java.smartcardio jdk.accessibility jdk.internal.jvmstat jdk.attach jdk.charsets jdk.internal.opt jdk.zipfs jdk.compiler jdk.crypto.ec jdk.crypto.cryptoki jdk.crypto.mscapi jdk.dynalink jdk.internal.ed jdk.editpad jdk.hotspot.agent jdk.httpserver jdk.internal.le jdk.internal.vm.ci jdk.internal.vm.compiler jdk.internal.vm.compiler.management jdk.jartool jdk.javadoc jdk.jcmd jdk.management jdk.management.agent jdk.jconsole jdk.jdeps jdk.jdwp.agent jdk.jdi jdk.jfr jdk.jshell jdk.jsobject jdk.jstatd jdk.localedata jdk.management.jfr jdk.naming.dns jdk.naming.rmi jdk.net jdk.nio.mapmode jdk.random jdk.sctp jdk.security.auth jdk.security.jgss jdk.unsupported jdk.unsupported.desktop jdk.xml.dom" 

Environment Variables:
PATH=C:\Program Files (x86)\VMware\VMware Workstation\bin\;C:\Program Files\Eclipse Adoptium\jdk-21.0.9.10-hotspot\bin;C:\windows\system32;C:\windows;C:\windows\System32\Wbem;C:\windows\System32\WindowsPowerShell\v1.0\;C:\windows\System32\OpenSSH\;C:\Program Files\dotnet\;C:\Program Files\MySQL\MySQL Server 8.0\bin;C:\Program Files\Apache\Maven\apache-maven-3.9.12-bin\bin;C:\Program Files\nodejs\;C:\Program Files\MySQL\MySQL Shell 8.0\bin\;C:\Users\Deeksha Kharvi\AppData\Local\Microsoft\WindowsApps;C:\Users\Deeksha Kharvi\AppData\Roaming\npm;C:\Users\Deeksha Kharvi\AppData\Local\Programs\Microsoft VS Code\bin
USERNAME=Deeksha Kharvi
OS=Windows_NT
PROCESSOR_IDENTIFIER=AMD64 Family 23 Model 160 Stepping 0, AuthenticAMD
TMP=C:\Users\DEEKSH~1\AppData\Local\Temp
TEMP=C:\Users\DEEKSH~1\AppData\Local\Temp




Periodic native trim disabled

---------------  S Y S T E M  ---------------

OS:
 Windows 11 , 64 bit Build 26100 (10.0.26100.7705)
OS uptime: 4 days 4:19 hours
Hyper-V role detected

CPU: total 8 (initial active 8) (8 cores per cpu, 2 threads per core) family 23 model 160 stepping 0 microcode 0x8a0000a, cx8, cmov, fxsr, ht, mmx, 3dnowpref, sse, sse2, sse3, ssse3, sse4a, sse4.1, sse4.2, popcnt, lzcnt, tsc, tscinvbit, avx, avx2, aes, clmul, bmi1, bmi2, adx, sha, fma, vzeroupper, clflush, clflushopt, hv, rdtscp, rdpid, f16c
Processor Information for processor 0
  Max Mhz: 2801, Current Mhz: 2483, Mhz Limit: 2801
Processor Information for processor 1
  Max Mhz: 2801, Current Mhz: 2483, Mhz Limit: 2801
Processor Information for processor 2
  Max Mhz: 2801, Current Mhz: 2483, Mhz Limit: 2801
Processor Information for processor 3
  Max Mhz: 2801, Current Mhz: 2801, Mhz Limit: 2801
Processor Information for processor 4
  Max Mhz: 2801, Current Mhz: 2801, Mhz Limit: 2801
Processor Information for processor 5
  Max Mhz: 2801, Current Mhz: 2483, Mhz Limit: 2801
Processor Information for processor 6
  Max Mhz: 2801, Current Mhz: 2483, Mhz Limit: 2801
Processor Information for processor 7
  Max Mhz: 2801, Current Mhz: 2483, Mhz Limit: 2801

Memory: 4k page, system-wide physical 7379M (713M free)
TotalPageFile size 29907M (AvailPageFile size 2M)
current process WorkingSet (physical memory assigned to process): 542M, peak: 1340M
current process commit charge ("private bytes"): 1434M, peak: 1806M

vm_info: OpenJDK 64-Bit Server VM (21.0.9+10-LTS) for windows-amd64 JRE (21.0.9+10-LTS), built on 2025-10-21T00:00:00Z by "admin" with unknown MS VC++:1942

END.
