#
# There is insufficient memory for the Java Runtime Environment to continue.
# Native memory allocation (malloc) failed to allocate 1048576 bytes. Error detail: AllocateHeap
# Possible reasons:
#   The system is out of physical RAM or swap space
#   This process is running with CompressedOops enabled, and the Java Heap may be blocking the growth of the native heap
# Possible solutions:
#   Reduce memory load on the system
#   Increase physical memory or swap space
#   Check if swap backing store is full
#   Decrease Java heap size (-Xmx/-Xms)
#   Decrease number of Java threads
#   Decrease Java thread stack sizes (-Xss)
#   Set larger code cache with -XX:ReservedCodeCacheSize=
#   JVM is running with Unscaled Compressed Oops mode in which the Java heap is
#     placed in the first 4GB address space. The Java Heap base address is the
#     maximum limit for the native heap growth. Please use -XX:HeapBaseMinAddress
#     to set the Java Heap base and to place the Java Heap above 4GB virtual address.
# This output file may be truncated or incomplete.
#
#  Out of Memory Error (allocation.cpp:44), pid=1284, tid=4176
#
# JRE version: OpenJDK Runtime Environment Temurin-21.0.9+10 (21.0.9+10) (build 21.0.9+10-LTS)
# Java VM: OpenJDK 64-Bit Server VM Temurin-21.0.9+10 (21.0.9+10-LTS, mixed mode, emulated-client, sharing, tiered, compressed oops, compressed class ptrs, g1 gc, windows-amd64)
# No core dump will be written. Minidumps are not enabled by default on client versions of Windows
#

---------------  S U M M A R Y ------------

Command Line: -XX:TieredStopAtLevel=1 com.ecommerce.product_service.ProductServiceApplication

Host: AMD Ryzen 5 7520U with Radeon Graphics         , 8 cores, 7G,  Windows 11 , 64 bit Build 26100 (10.0.26100.7705)
Time: Fri Feb 20 12:33:12 2026 India Standard Time elapsed time: 588.466940 seconds (0d 0h 9m 48s)

---------------  T H R E A D  ---------------

Current thread (0x00000173533958a0):  VMThread "VM Thread"          [id=4176, stack(0x0000003579c00000,0x0000003579d00000) (1024K)]

Stack: [0x0000003579c00000,0x0000003579d00000]
Native frames: (J=compiled Java code, j=interpreted, Vv=VM code, C=native code)
V  [jvm.dll+0x6d6e29]
V  [jvm.dll+0x8b4b76]
V  [jvm.dll+0x8b712e]
V  [jvm.dll+0x8b7813]
V  [jvm.dll+0x283d86]
V  [jvm.dll+0xc1277]
V  [jvm.dll+0x34f262]
V  [jvm.dll+0x349b4e]
V  [jvm.dll+0x332487]
V  [jvm.dll+0x3746f4]
V  [jvm.dll+0x8bd500]
V  [jvm.dll+0x8be8a4]
V  [jvm.dll+0x8bede0]
V  [jvm.dll+0x8bf083]
V  [jvm.dll+0x85e9ad]
V  [jvm.dll+0x6d565d]
C  [ucrtbase.dll+0x37b0]
C  [KERNEL32.DLL+0x2e8d7]
C  [ntdll.dll+0x8c40c]

VM_Operation (0x00000035792fef80): G1CollectFull, mode: safepoint, requested by thread 0x00000173a1190e60


---------------  P R O C E S S  ---------------

Threads class SMR info:
_java_thread_list=0x000001739a9770f0, length=14, elements={
0x00000173533b3780, 0x00000173533b61e0, 0x00000173533baea0, 0x00000173533bbc80,
0x00000173533beb70, 0x00000173533c9710, 0x00000173533ed8d0, 0x0000017353520800,
0x0000017353525030, 0x0000017353bf7d30, 0x000001739a98f500, 0x00000173a1190140,
0x00000173a1190e60, 0x00000173a11914f0
}

Java Threads: ( => current thread )
  0x00000173533b3780 JavaThread "Reference Handler"          daemon [_thread_blocked, id=11076, stack(0x0000003579d00000,0x0000003579e00000) (1024K)]
  0x00000173533b61e0 JavaThread "Finalizer"                  daemon [_thread_blocked, id=27972, stack(0x0000003579e00000,0x0000003579f00000) (1024K)]
  0x00000173533baea0 JavaThread "Signal Dispatcher"          daemon [_thread_blocked, id=19200, stack(0x0000003579f00000,0x000000357a000000) (1024K)]
  0x00000173533bbc80 JavaThread "Attach Listener"            daemon [_thread_blocked, id=28016, stack(0x000000357a000000,0x000000357a100000) (1024K)]
  0x00000173533beb70 JavaThread "Service Thread"             daemon [_thread_blocked, id=19668, stack(0x000000357a100000,0x000000357a200000) (1024K)]
  0x00000173533c9710 JavaThread "Monitor Deflation Thread"   daemon [_thread_blocked, id=34652, stack(0x000000357a200000,0x000000357a300000) (1024K)]
  0x00000173533ed8d0 JavaThread "C1 CompilerThread0"         daemon [_thread_blocked, id=28404, stack(0x000000357a300000,0x000000357a400000) (1024K)]
  0x0000017353520800 JavaThread "Notification Thread"        daemon [_thread_blocked, id=10984, stack(0x000000357a500000,0x000000357a600000) (1024K)]
  0x0000017353525030 JavaThread "Common-Cleaner"             daemon [_thread_blocked, id=28120, stack(0x000000357a600000,0x000000357a700000) (1024K)]
  0x0000017353bf7d30 JavaThread "mysql-cj-abandoned-connection-cleanup" daemon [_thread_blocked, id=35072, stack(0x000000357b600000,0x000000357b700000) (1024K)]
  0x000001739a98f500 JavaThread "Jndi-Dns-address-change-listener" daemon [_thread_in_native, id=26380, stack(0x000000357ba00000,0x000000357bb00000) (1024K)]
  0x00000173a1190140 JavaThread "DestroyJavaVM"                     [_thread_blocked, id=22340, stack(0x0000003579500000,0x0000003579600000) (1024K)]
  0x00000173a1190e60 JavaThread "Thread-1"                          [_thread_blocked, id=15812, stack(0x0000003579200000,0x0000003579300000) (1024K)]
  0x00000173a11914f0 JavaThread "globalEventExecutor-2-2"           [_thread_blocked, id=34776, stack(0x0000003579300000,0x0000003579400000) (1024K)]
Total: 14

Other Threads:
=>0x00000173533958a0 VMThread "VM Thread"                           [id=4176, stack(0x0000003579c00000,0x0000003579d00000) (1024K)]
  0x0000017353383fd0 WatcherThread "VM Periodic Task Thread"        [id=28948, stack(0x0000003579b00000,0x0000003579c00000) (1024K)]
  0x0000017342d0bce0 WorkerThread "GC Thread#0"                     [id=11768, stack(0x0000003579600000,0x0000003579700000) (1024K)]
  0x0000017353e56480 WorkerThread "GC Thread#1"                     [id=29820, stack(0x000000357a800000,0x000000357a900000) (1024K)]
  0x0000017353e0ac50 WorkerThread "GC Thread#2"                     [id=9288, stack(0x000000357a900000,0x000000357aa00000) (1024K)]
  0x0000017353e0aff0 WorkerThread "GC Thread#3"                     [id=5532, stack(0x000000357aa00000,0x000000357ab00000) (1024K)]
  0x0000017353e99270 WorkerThread "GC Thread#4"                     [id=7244, stack(0x000000357ab00000,0x000000357ac00000) (1024K)]
  0x0000017353e9b620 WorkerThread "GC Thread#5"                     [id=5640, stack(0x000000357ac00000,0x000000357ad00000) (1024K)]
  0x0000017399126800 WorkerThread "GC Thread#6"                     [id=34804, stack(0x000000357b000000,0x000000357b100000) (1024K)]
  0x00000173991ee0f0 WorkerThread "GC Thread#7"                     [id=28212, stack(0x000000357b100000,0x000000357b200000) (1024K)]
  0x0000017342d1cba0 ConcurrentGCThread "G1 Main Marker"            [id=27268, stack(0x0000003579700000,0x0000003579800000) (1024K)]
  0x0000017342d1e520 WorkerThread "G1 Conc#0"                       [id=9636, stack(0x0000003579800000,0x0000003579900000) (1024K)]
  0x0000017399642060 WorkerThread "G1 Conc#1"                       [id=28996, stack(0x000000357b200000,0x000000357b300000) (1024K)]
  0x000001735324b1a0 ConcurrentGCThread "G1 Refine#0"               [id=144, stack(0x0000003579900000,0x0000003579a00000) (1024K)]
  0x000001735324b9c0 ConcurrentGCThread "G1 Service"                [id=34172, stack(0x0000003579a00000,0x0000003579b00000) (1024K)]
Total: 15

Threads with active compile tasks:
C1 CompilerThread0  588512 6599  s    1       org.apache.catalina.util.LifecycleBase::setStateInternal (144 bytes)
Total: 1

VM state: at safepoint (normal execution)

VM Mutex/Monitor currently owned by a thread:  ([mutex/lock_event])
[0x00007ffe0cfdd570] Threads_lock - owner thread: 0x00000173533958a0
[0x00007ffe0cfdd670] Heap_lock - owner thread: 0x00000173a1190e60

Heap address: 0x000000008ca00000, size: 1846 MB, Compressed Oops mode: 32-bit

CDS archive(s) mapped at: [0x0000017354000000-0x0000017354c80000-0x0000017354c80000), size 13107200, SharedBaseAddress: 0x0000017354000000, ArchiveRelocationMode: 1.
Compressed class space mapped at: 0x0000017355000000-0x0000017395000000, reserved size: 1073741824
Narrow klass base: 0x0000017354000000, Narrow klass shift: 0, Narrow klass range: 0x100000000

GC Precious Log:
 CardTable entry size: 512
 Card Set container configuration: InlinePtr #cards 5 size 8 Array Of Cards #cards 12 size 40 Howl #buckets 4 coarsen threshold 1843 Howl Bitmap #cards 512 size 80 coarsen threshold 460 Card regions per heap region 1 cards per card region 2048
 CPUs: 8 total, 8 available
 Memory: 7379M
 Large Page Support: Disabled
 NUMA Support: Disabled
 Compressed Oops: Enabled (32-bit)
 Heap Region Size: 1M
 Heap Min Capacity: 8M
 Heap Initial Capacity: 116M
 Heap Max Capacity: 1846M
 Pre-touch: Disabled
 Parallel Workers: 8
 Concurrent Workers: 2
 Concurrent Refinement Workers: 8
 Periodic GC: Disabled

Heap:
 garbage-first heap   total 61440K, used 39874K [0x000000008ca00000, 0x0000000100000000)
  region size 1024K, 4 young (4096K), 1 survivors (1024K)
 Metaspace       used 86038K, committed 86784K, reserved 1179648K
  class space    used 12379K, committed 12672K, reserved 1048576K

Heap Regions: E=young(eden), S=young(survivor), O=old, HS=humongous(starts), HC=humongous(continues), CS=collection set, F=free, TAMS=top-at-mark-start, PB=parsable bottom
|   0|0x000000008ca00000, 0x000000008cb00000, 0x000000008cb00000|100%|HS|  |TAMS 0x000000008ca00000| PB 0x000000008ca00000| Complete 
|   1|0x000000008cb00000, 0x000000008cc00000, 0x000000008cc00000|100%|HS|  |TAMS 0x000000008cb00000| PB 0x000000008cb00000| Complete 
|   2|0x000000008cc00000, 0x000000008cd00000, 0x000000008cd00000|100%| O|  |TAMS 0x000000008cc00000| PB 0x000000008cc00000| Untracked 
|   3|0x000000008cd00000, 0x000000008ce00000, 0x000000008ce00000|100%| O|  |TAMS 0x000000008cd00000| PB 0x000000008cd00000| Untracked 
|   4|0x000000008ce00000, 0x000000008cf00000, 0x000000008cf00000|100%| O|  |TAMS 0x000000008ce00000| PB 0x000000008ce00000| Untracked 
|   5|0x000000008cf00000, 0x000000008d000000, 0x000000008d000000|100%| O|  |TAMS 0x000000008cf00000| PB 0x000000008cf00000| Untracked 
|   6|0x000000008d000000, 0x000000008d100000, 0x000000008d100000|100%| O|  |TAMS 0x000000008d000000| PB 0x000000008d000000| Untracked 
|   7|0x000000008d100000, 0x000000008d200000, 0x000000008d200000|100%| O|  |TAMS 0x000000008d100000| PB 0x000000008d100000| Untracked 
|   8|0x000000008d200000, 0x000000008d300000, 0x000000008d300000|100%| O|  |TAMS 0x000000008d200000| PB 0x000000008d200000| Untracked 
|   9|0x000000008d300000, 0x000000008d400000, 0x000000008d400000|100%| O|  |TAMS 0x000000008d300000| PB 0x000000008d300000| Untracked 
|  10|0x000000008d400000, 0x000000008d500000, 0x000000008d500000|100%| O|  |TAMS 0x000000008d400000| PB 0x000000008d400000| Untracked 
|  11|0x000000008d500000, 0x000000008d600000, 0x000000008d600000|100%| O|  |TAMS 0x000000008d500000| PB 0x000000008d500000| Untracked 
|  12|0x000000008d600000, 0x000000008d700000, 0x000000008d700000|100%| O|  |TAMS 0x000000008d600000| PB 0x000000008d600000| Untracked 
|  13|0x000000008d700000, 0x000000008d800000, 0x000000008d800000|100%| O|  |TAMS 0x000000008d700000| PB 0x000000008d700000| Untracked 
|  14|0x000000008d800000, 0x000000008d900000, 0x000000008d900000|100%| O|  |TAMS 0x000000008d800000| PB 0x000000008d800000| Untracked 
|  15|0x000000008d900000, 0x000000008da00000, 0x000000008da00000|100%| O|  |TAMS 0x000000008d900000| PB 0x000000008d900000| Untracked 
|  16|0x000000008da00000, 0x000000008db00000, 0x000000008db00000|100%| O|  |TAMS 0x000000008da00000| PB 0x000000008da00000| Untracked 
|  17|0x000000008db00000, 0x000000008dc00000, 0x000000008dc00000|100%| O|  |TAMS 0x000000008db00000| PB 0x000000008db00000| Untracked 
|  18|0x000000008dc00000, 0x000000008dd00000, 0x000000008dd00000|100%| O|  |TAMS 0x000000008dc00000| PB 0x000000008dc00000| Untracked 
|  19|0x000000008dd00000, 0x000000008de00000, 0x000000008de00000|100%| O|  |TAMS 0x000000008dd00000| PB 0x000000008dd00000| Untracked 
|  20|0x000000008de00000, 0x000000008df00000, 0x000000008df00000|100%| O|  |TAMS 0x000000008de00000| PB 0x000000008de00000| Untracked 
|  21|0x000000008df00000, 0x000000008e000000, 0x000000008e000000|100%| O|  |TAMS 0x000000008df00000| PB 0x000000008df00000| Untracked 
|  22|0x000000008e000000, 0x000000008e000000, 0x000000008e100000|  0%| F|  |TAMS 0x000000008e000000| PB 0x000000008e000000| Untracked 
|  23|0x000000008e100000, 0x000000008e200000, 0x000000008e200000|100%| O|  |TAMS 0x000000008e100000| PB 0x000000008e100000| Untracked 
|  24|0x000000008e200000, 0x000000008e300000, 0x000000008e300000|100%| O|  |TAMS 0x000000008e200000| PB 0x000000008e200000| Untracked 
|  25|0x000000008e300000, 0x000000008e400000, 0x000000008e400000|100%| O|  |TAMS 0x000000008e300000| PB 0x000000008e300000| Untracked 
|  26|0x000000008e400000, 0x000000008e500000, 0x000000008e500000|100%| O|  |TAMS 0x000000008e400000| PB 0x000000008e400000| Untracked 
|  27|0x000000008e500000, 0x000000008e600000, 0x000000008e600000|100%| O|  |TAMS 0x000000008e500000| PB 0x000000008e500000| Untracked 
|  28|0x000000008e600000, 0x000000008e700000, 0x000000008e700000|100%| O|  |TAMS 0x000000008e600000| PB 0x000000008e600000| Untracked 
|  29|0x000000008e700000, 0x000000008e800000, 0x000000008e800000|100%| O|  |TAMS 0x000000008e700000| PB 0x000000008e700000| Untracked 
|  30|0x000000008e800000, 0x000000008e900000, 0x000000008e900000|100%| O|  |TAMS 0x000000008e800000| PB 0x000000008e800000| Untracked 
|  31|0x000000008e900000, 0x000000008ea00000, 0x000000008ea00000|100%| O|  |TAMS 0x000000008e900000| PB 0x000000008e900000| Untracked 
|  32|0x000000008ea00000, 0x000000008eb00000, 0x000000008eb00000|100%| O|  |TAMS 0x000000008ea00000| PB 0x000000008ea00000| Untracked 
|  33|0x000000008eb00000, 0x000000008eb00000, 0x000000008ec00000|  0%| F|  |TAMS 0x000000008eb00000| PB 0x000000008eb00000| Untracked 
|  34|0x000000008ec00000, 0x000000008ed00000, 0x000000008ed00000|100%| O|  |TAMS 0x000000008ec00000| PB 0x000000008ec00000| Untracked 
|  35|0x000000008ed00000, 0x000000008ed00000, 0x000000008ee00000|  0%| F|  |TAMS 0x000000008ed00000| PB 0x000000008ed00000| Untracked 
|  36|0x000000008ee00000, 0x000000008ee00000, 0x000000008ef00000|  0%| F|  |TAMS 0x000000008ee00000| PB 0x000000008ee00000| Untracked 
|  37|0x000000008ef00000, 0x000000008ef00000, 0x000000008f000000|  0%| F|  |TAMS 0x000000008ef00000| PB 0x000000008ef00000| Untracked 
|  38|0x000000008f000000, 0x000000008f000000, 0x000000008f100000|  0%| F|  |TAMS 0x000000008f000000| PB 0x000000008f000000| Untracked 
|  39|0x000000008f100000, 0x000000008f1f0948, 0x000000008f200000| 93%| S|CS|TAMS 0x000000008f100000| PB 0x000000008f100000| Complete 
|  40|0x000000008f200000, 0x000000008f200000, 0x000000008f300000|  0%| F|  |TAMS 0x000000008f200000| PB 0x000000008f200000| Untracked 
|  41|0x000000008f300000, 0x000000008f300000, 0x000000008f400000|  0%| F|  |TAMS 0x000000008f300000| PB 0x000000008f300000| Untracked 
|  42|0x000000008f400000, 0x000000008f400000, 0x000000008f500000|  0%| F|  |TAMS 0x000000008f400000| PB 0x000000008f400000| Untracked 
|  43|0x000000008f500000, 0x000000008f500000, 0x000000008f600000|  0%| F|  |TAMS 0x000000008f500000| PB 0x000000008f500000| Untracked 
|  44|0x000000008f600000, 0x000000008f600000, 0x000000008f700000|  0%| F|  |TAMS 0x000000008f600000| PB 0x000000008f600000| Untracked 
|  45|0x000000008f700000, 0x000000008f700000, 0x000000008f800000|  0%| F|  |TAMS 0x000000008f700000| PB 0x000000008f700000| Untracked 
|  46|0x000000008f800000, 0x000000008f800000, 0x000000008f900000|  0%| F|  |TAMS 0x000000008f800000| PB 0x000000008f800000| Untracked 
|  47|0x000000008f900000, 0x000000008f900000, 0x000000008fa00000|  0%| F|  |TAMS 0x000000008f900000| PB 0x000000008f900000| Untracked 
|  48|0x000000008fa00000, 0x000000008fa00000, 0x000000008fb00000|  0%| F|  |TAMS 0x000000008fa00000| PB 0x000000008fa00000| Untracked 
|  56|0x0000000090200000, 0x0000000090200000, 0x0000000090300000|  0%| F|  |TAMS 0x0000000090200000| PB 0x0000000090200000| Untracked 
|  57|0x0000000090300000, 0x0000000090300000, 0x0000000090400000|  0%| F|  |TAMS 0x0000000090300000| PB 0x0000000090300000| Untracked 
|  58|0x0000000090400000, 0x0000000090400000, 0x0000000090500000|  0%| F|  |TAMS 0x0000000090400000| PB 0x0000000090400000| Untracked 
|  59|0x0000000090500000, 0x0000000090500000, 0x0000000090600000|  0%| F|  |TAMS 0x0000000090500000| PB 0x0000000090500000| Untracked 
|  60|0x0000000090600000, 0x0000000090600000, 0x0000000090700000|  0%| F|  |TAMS 0x0000000090600000| PB 0x0000000090600000| Untracked 
|  61|0x0000000090700000, 0x000000009071bdc0, 0x0000000090800000| 10%| E|  |TAMS 0x0000000090700000| PB 0x0000000090700000| Complete 
|  62|0x0000000090800000, 0x0000000090900000, 0x0000000090900000|100%| E|CS|TAMS 0x0000000090800000| PB 0x0000000090800000| Complete 
| 115|0x0000000093d00000, 0x0000000093e00000, 0x0000000093e00000|100%| E|CS|TAMS 0x0000000093d00000| PB 0x0000000093d00000| Complete 
|1843|0x00000000ffd00000, 0x00000000ffe00000, 0x00000000ffe00000|100%| O|  |TAMS 0x00000000ffd00000| PB 0x00000000ffd00000| Untracked 
|1844|0x00000000ffe00000, 0x00000000fff00000, 0x00000000fff00000|100%| O|  |TAMS 0x00000000ffe00000| PB 0x00000000ffe00000| Untracked 
|1845|0x00000000fff00000, 0x0000000100000000, 0x0000000100000000|100%| O|  |TAMS 0x00000000fff00000| PB 0x00000000fff00000| Untracked 

Card table byte_map: [0x000001734e860000,0x000001734ec00000] _byte_map_base: 0x000001734e3fb000

Marking Bits: (CMBitMap*) 0x0000017342d0dc00
 Bits: [0x000001734ec00000, 0x00000173508d8000)

Polling page: 0x0000017340b10000

Metaspace:

Usage:
  Non-class:     71.93 MB used.
      Class:     12.09 MB used.
       Both:     84.02 MB used.

Virtual space:
  Non-class space:      128.00 MB reserved,      72.38 MB ( 57%) committed,  2 nodes.
      Class space:        1.00 GB reserved,      12.38 MB (  1%) committed,  1 nodes.
             Both:        1.12 GB reserved,      84.75 MB (  7%) committed. 

Chunk freelists:
   Non-Class:  7.04 MB
       Class:  3.44 MB
        Both:  10.49 MB

MaxMetaspaceSize: unlimited
CompressedClassSpaceSize: 1.00 GB
Initial GC threshold: 21.00 MB
Current GC threshold: 136.50 MB
CDS: on
 - commit_granule_bytes: 65536.
 - commit_granule_words: 8192.
 - virtual_space_node_default_size: 8388608.
 - enlarge_chunks_in_place: 1.
 - use_allocation_guard: 0.


Internal statistics:

num_allocs_failed_limit: 9.
num_arena_births: 1018.
num_arena_deaths: 0.
num_vsnodes_births: 3.
num_vsnodes_deaths: 0.
num_space_committed: 1356.
num_space_uncommitted: 0.
num_chunks_returned_to_freelist: 9.
num_chunks_taken_from_freelist: 4061.
num_chunk_merges: 6.
num_chunk_splits: 2987.
num_chunks_enlarged: 2412.
num_inconsistent_stats: 0.

CodeCache: size=49152Kb used=11390Kb max_used=12655Kb free=37761Kb
 bounds [0x000001734b3b0000, 0x000001734c010000, 0x000001734e3b0000]
 total_blobs=7270, nmethods=6504, adapters=690, full_count=0
Compilation: enabled, stopped_count=0, restarted_count=0

Compilation events (20 events):
Event: 587.259 Thread 0x00000173533ed8d0 6590       1       io.netty.util.concurrent.DefaultPromise::isDone0 (17 bytes)
Event: 587.260 Thread 0x00000173533ed8d0 nmethod 6590 0x000001734bae4f90 code [0x000001734bae5120, 0x000001734bae51f8]
Event: 587.260 Thread 0x00000173533ed8d0 6591       1       io.netty.util.concurrent.DefaultPromise::executor (5 bytes)
Event: 587.260 Thread 0x00000173533ed8d0 nmethod 6591 0x000001734bae4c90 code [0x000001734bae4e20, 0x000001734bae4ee8]
Event: 587.293 Thread 0x00000173533ed8d0 6592       1       org.hibernate.service.spi.ServiceBinding::getLifecycleOwner (5 bytes)
Event: 587.294 Thread 0x00000173533ed8d0 nmethod 6592 0x000001734bae4990 code [0x000001734bae4b20, 0x000001734bae4be8]
Event: 587.328 Thread 0x00000173533ed8d0 6593       1       java.util.concurrent.atomic.AtomicBoolean::getAndSet (25 bytes)
Event: 587.329 Thread 0x00000173533ed8d0 nmethod 6593 0x000001734bae4490 code [0x000001734bae4640, 0x000001734bae4850]
Event: 587.376 Thread 0x00000173533ed8d0 6594       1       sun.nio.ch.SocketDispatcher::write (8 bytes)
Event: 587.377 Thread 0x00000173533ed8d0 nmethod 6594 0x000001734bae4190 code [0x000001734bae4340, 0x000001734bae4428]
Event: 587.377 Thread 0x00000173533ed8d0 6596       1       com.mysql.cj.protocol.a.PacketSplitter::nextPacket (99 bytes)
Event: 587.378 Thread 0x00000173533ed8d0 nmethod 6596 0x000001734bae3d90 code [0x000001734bae3f40, 0x000001734bae40d0]
Event: 587.378 Thread 0x00000173533ed8d0 6595       1       com.mysql.cj.protocol.a.PacketSplitter::getOffset (5 bytes)
Event: 587.378 Thread 0x00000173533ed8d0 nmethod 6595 0x000001734bae3a90 code [0x000001734bae3c20, 0x000001734bae3ce8]
Event: 587.383 Thread 0x00000173533ed8d0 6597       1       java.io.BufferedOutputStream::flushBuffer (29 bytes)
Event: 587.383 Thread 0x00000173533ed8d0 nmethod 6597 0x000001734bae3710 code [0x000001734bae38c0, 0x000001734bae39d8]
Event: 587.435 Thread 0x00000173533ed8d0 6598       1       org.apache.juli.logging.DirectJDKLog::isDebugEnabled (11 bytes)
Event: 587.436 Thread 0x00000173533ed8d0 nmethod 6598 0x000001734bae3390 code [0x000001734bae3520, 0x000001734bae3630]
Event: 587.436 Thread 0x00000173533ed8d0 6599  s    1       org.apache.catalina.util.LifecycleBase::setStateInternal (144 bytes)
Event: 587.437 Thread 0x00000173533ed8d0 nmethod 6599 0x000001734bae2710 code [0x000001734bae2940, 0x000001734bae3070]

GC Heap History (20 events):
Event: 6.641 GC heap after
{Heap after GC invocations=7 (full 0):
 garbage-first heap   total 61440K, used 22257K [0x000000008ca00000, 0x0000000100000000)
  region size 1024K, 3 young (3072K), 3 survivors (3072K)
 Metaspace       used 35534K, committed 36096K, reserved 1114112K
  class space    used 5099K, committed 5376K, reserved 1048576K
}
Event: 7.667 GC heap before
{Heap before GC invocations=8 (full 0):
 garbage-first heap   total 61440K, used 50929K [0x000000008ca00000, 0x0000000100000000)
  region size 1024K, 31 young (31744K), 3 survivors (3072K)
 Metaspace       used 41584K, committed 42176K, reserved 1114112K
  class space    used 6278K, committed 6528K, reserved 1048576K
}
Event: 7.670 GC heap after
{Heap after GC invocations=9 (full 0):
 garbage-first heap   total 61440K, used 23874K [0x000000008ca00000, 0x0000000100000000)
  region size 1024K, 4 young (4096K), 4 survivors (4096K)
 Metaspace       used 41584K, committed 42176K, reserved 1114112K
  class space    used 6278K, committed 6528K, reserved 1048576K
}
Event: 9.243 GC heap before
{Heap before GC invocations=9 (full 0):
 garbage-first heap   total 61440K, used 50498K [0x000000008ca00000, 0x0000000100000000)
  region size 1024K, 31 young (31744K), 4 survivors (4096K)
 Metaspace       used 52531K, committed 53120K, reserved 1114112K
  class space    used 7605K, committed 7872K, reserved 1048576K
}
Event: 9.248 GC heap after
{Heap after GC invocations=10 (full 0):
 garbage-first heap   total 61440K, used 26200K [0x000000008ca00000, 0x0000000100000000)
  region size 1024K, 4 young (4096K), 4 survivors (4096K)
 Metaspace       used 52531K, committed 53120K, reserved 1114112K
  class space    used 7605K, committed 7872K, reserved 1048576K
}
Event: 10.082 GC heap before
{Heap before GC invocations=10 (full 0):
 garbage-first heap   total 61440K, used 49752K [0x000000008ca00000, 0x0000000100000000)
  region size 1024K, 29 young (29696K), 4 survivors (4096K)
 Metaspace       used 59776K, committed 60416K, reserved 1114112K
  class space    used 8589K, committed 8896K, reserved 1048576K
}
Event: 10.086 GC heap after
{Heap after GC invocations=11 (full 0):
 garbage-first heap   total 61440K, used 27794K [0x000000008ca00000, 0x0000000100000000)
  region size 1024K, 2 young (2048K), 2 survivors (2048K)
 Metaspace       used 59776K, committed 60416K, reserved 1114112K
  class space    used 8589K, committed 8896K, reserved 1048576K
}
Event: 11.203 GC heap before
{Heap before GC invocations=12 (full 0):
 garbage-first heap   total 61440K, used 53394K [0x000000008ca00000, 0x0000000100000000)
  region size 1024K, 27 young (27648K), 2 survivors (2048K)
 Metaspace       used 65740K, committed 66368K, reserved 1114112K
  class space    used 9592K, committed 9856K, reserved 1048576K
}
Event: 11.206 GC heap after
{Heap after GC invocations=13 (full 0):
 garbage-first heap   total 61440K, used 28929K [0x000000008ca00000, 0x0000000100000000)
  region size 1024K, 3 young (3072K), 3 survivors (3072K)
 Metaspace       used 65740K, committed 66368K, reserved 1114112K
  class space    used 9592K, committed 9856K, reserved 1048576K
}
Event: 12.236 GC heap before
{Heap before GC invocations=13 (full 0):
 garbage-first heap   total 61440K, used 53505K [0x000000008ca00000, 0x0000000100000000)
  region size 1024K, 28 young (28672K), 3 survivors (3072K)
 Metaspace       used 71856K, committed 72512K, reserved 1114112K
  class space    used 10389K, committed 10688K, reserved 1048576K
}
Event: 12.241 GC heap after
{Heap after GC invocations=14 (full 0):
 garbage-first heap   total 61440K, used 30716K [0x000000008ca00000, 0x0000000100000000)
  region size 1024K, 4 young (4096K), 4 survivors (4096K)
 Metaspace       used 71856K, committed 72512K, reserved 1114112K
  class space    used 10389K, committed 10688K, reserved 1048576K
}
Event: 13.249 GC heap before
{Heap before GC invocations=14 (full 0):
 garbage-first heap   total 61440K, used 53244K [0x000000008ca00000, 0x0000000100000000)
  region size 1024K, 27 young (27648K), 4 survivors (4096K)
 Metaspace       used 78202K, committed 78912K, reserved 1179648K
  class space    used 11284K, committed 11584K, reserved 1048576K
}
Event: 13.257 GC heap after
{Heap after GC invocations=15 (full 0):
 garbage-first heap   total 61440K, used 32590K [0x000000008ca00000, 0x0000000100000000)
  region size 1024K, 3 young (3072K), 3 survivors (3072K)
 Metaspace       used 78202K, committed 78912K, reserved 1179648K
  class space    used 11284K, committed 11584K, reserved 1048576K
}
Event: 14.304 GC heap before
{Heap before GC invocations=15 (full 0):
 garbage-first heap   total 61440K, used 53070K [0x000000008ca00000, 0x0000000100000000)
  region size 1024K, 24 young (24576K), 3 survivors (3072K)
 Metaspace       used 83028K, committed 83712K, reserved 1179648K
  class space    used 11856K, committed 12160K, reserved 1048576K
}
Event: 14.309 GC heap after
{Heap after GC invocations=16 (full 0):
 garbage-first heap   total 61440K, used 34883K [0x000000008ca00000, 0x0000000100000000)
  region size 1024K, 3 young (3072K), 3 survivors (3072K)
 Metaspace       used 83028K, committed 83712K, reserved 1179648K
  class space    used 11856K, committed 12160K, reserved 1048576K
}
Event: 15.173 GC heap before
{Heap before GC invocations=17 (full 0):
 garbage-first heap   total 61440K, used 54339K [0x000000008ca00000, 0x0000000100000000)
  region size 1024K, 22 young (22528K), 3 survivors (3072K)
 Metaspace       used 85140K, committed 85888K, reserved 1179648K
  class space    used 12212K, committed 12544K, reserved 1048576K
}
Event: 15.177 GC heap after
{Heap after GC invocations=18 (full 0):
 garbage-first heap   total 61440K, used 37217K [0x000000008ca00000, 0x0000000100000000)
  region size 1024K, 3 young (3072K), 3 survivors (3072K)
 Metaspace       used 85140K, committed 85888K, reserved 1179648K
  class space    used 12212K, committed 12544K, reserved 1048576K
}
Event: 587.081 GC heap before
{Heap before GC invocations=18 (full 0):
 garbage-first heap   total 61440K, used 54625K [0x000000008ca00000, 0x0000000100000000)
  region size 1024K, 20 young (20480K), 3 survivors (3072K)
 Metaspace       used 85938K, committed 86720K, reserved 1179648K
  class space    used 12359K, committed 12672K, reserved 1048576K
}
Event: 587.122 GC heap after
{Heap after GC invocations=19 (full 0):
 garbage-first heap   total 61440K, used 37826K [0x000000008ca00000, 0x0000000100000000)
  region size 1024K, 1 young (1024K), 1 survivors (1024K)
 Metaspace       used 85938K, committed 86720K, reserved 1179648K
  class space    used 12359K, committed 12672K, reserved 1048576K
}
Event: 587.438 GC heap before
{Heap before GC invocations=19 (full 0):
 garbage-first heap   total 61440K, used 39874K [0x000000008ca00000, 0x0000000100000000)
  region size 1024K, 4 young (4096K), 1 survivors (1024K)
 Metaspace       used 86038K, committed 86784K, reserved 1179648K
  class space    used 12379K, committed 12672K, reserved 1048576K
}

Dll operation events (9 events):
Event: 0.032 Loaded shared library C:\Program Files\Eclipse Adoptium\jdk-21.0.9.10-hotspot\bin\java.dll
Event: 0.274 Loaded shared library C:\Program Files\Eclipse Adoptium\jdk-21.0.9.10-hotspot\bin\net.dll
Event: 0.277 Loaded shared library C:\Program Files\Eclipse Adoptium\jdk-21.0.9.10-hotspot\bin\nio.dll
Event: 0.282 Loaded shared library C:\Program Files\Eclipse Adoptium\jdk-21.0.9.10-hotspot\bin\zip.dll
Event: 0.439 Loaded shared library C:\Program Files\Eclipse Adoptium\jdk-21.0.9.10-hotspot\bin\jimage.dll
Event: 1.118 Loaded shared library C:\Program Files\Eclipse Adoptium\jdk-21.0.9.10-hotspot\bin\management.dll
Event: 1.131 Loaded shared library C:\Program Files\Eclipse Adoptium\jdk-21.0.9.10-hotspot\bin\management_ext.dll
Event: 2.701 Loaded shared library C:\Program Files\Eclipse Adoptium\jdk-21.0.9.10-hotspot\bin\sunmscapi.dll
Event: 7.971 Loaded shared library C:\Program Files\Eclipse Adoptium\jdk-21.0.9.10-hotspot\bin\extnet.dll

Deoptimization events (0 events):
No events

Classes loaded (20 events):
Event: 15.438 Loading class com/sun/beans/util/Cache done
Event: 15.439 Loading class com/sun/beans/introspect/ClassInfo$1 done
Event: 15.439 Loading class com/sun/beans/util/Cache$Kind
Event: 15.439 Loading class com/sun/beans/util/Cache$Kind done
Event: 15.439 Loading class com/sun/beans/util/Cache$Kind$1
Event: 15.440 Loading class com/sun/beans/util/Cache$Kind$1 done
Event: 15.440 Loading class com/sun/beans/util/Cache$Kind$2
Event: 15.440 Loading class com/sun/beans/util/Cache$Kind$2 done
Event: 15.440 Loading class com/sun/beans/util/Cache$Kind$3
Event: 15.440 Loading class com/sun/beans/util/Cache$Kind$3 done
Event: 15.441 Loading class com/sun/beans/util/Cache$CacheEntry
Event: 15.441 Loading class com/sun/beans/util/Cache$CacheEntry done
Event: 587.344 Loading class sun/security/ssl/Alert
Event: 587.353 Loading class sun/security/ssl/Alert done
Event: 587.360 Loading class sun/security/ssl/Alert$AlertConsumer
Event: 587.367 Loading class sun/security/ssl/Alert$AlertConsumer done
Event: 587.367 Loading class sun/security/ssl/Alert$Level
Event: 587.368 Loading class sun/security/ssl/Alert$Level done
Event: 587.370 Loading class sun/net/ConnectionResetException
Event: 587.373 Loading class sun/net/ConnectionResetException done

Classes unloaded (0 events):
No events

Classes redefined (0 events):
No events

Internal exceptions (20 events):
Event: 13.850 Thread 0x000001739a9908b0 Exception <a 'java/lang/NoSuchMethodError'{0x000000008f121b30}: 'java.lang.Object java.lang.invoke.DirectMethodHandle$Holder.invokeStaticInit(java.lang.Object, java.lang.Object, java.lang.Object, java.lang.Object, java.lang.Object, java.lang.Object)'> (0x000000008f121b30) 
thrown [s\src\hotspot\share\interpreter\linkResolver.cpp, line 773]
Event: 14.017 Thread 0x0000017353e9d9d0 Exception <a 'java/lang/NoSuchMethodError'{0x000000008efa6d90}: 'java.lang.Object java.lang.invoke.DirectMethodHandle$Holder.newInvokeSpecial(java.lang.Object, java.lang.Object, java.lang.Object, java.lang.Object, long)'> (0x000000008efa6d90) 
thrown [s\src\hotspot\share\interpreter\linkResolver.cpp, line 773]
Event: 14.017 Thread 0x0000017353e9d9d0 Exception <a 'java/lang/NoSuchMethodError'{0x000000008efab270}: 'java.lang.Object java.lang.invoke.DirectMethodHandle$Holder.invokeSpecial(java.lang.Object, java.lang.Object, java.lang.Object, java.lang.Object, java.lang.Object, long)'> (0x000000008efab270) 
thrown [s\src\hotspot\share\interpreter\linkResolver.cpp, line 773]
Event: 14.017 Thread 0x0000017353e9d9d0 Exception <a 'java/lang/NoSuchMethodError'{0x000000008efaefb0}: 'java.lang.Object java.lang.invoke.Invokers$Holder.linkToTargetMethod(java.lang.Object, java.lang.Object, java.lang.Object, long, java.lang.Object)'> (0x000000008efaefb0) 
thrown [s\src\hotspot\share\interpreter\linkResolver.cpp, line 773]
Event: 14.430 Thread 0x0000017353e9d9d0 Exception <a 'java/lang/NoSuchMethodError'{0x00000000907572c0}: 'java.lang.Object java.lang.invoke.DirectMethodHandle$Holder.newInvokeSpecial(java.lang.Object, java.lang.Object, java.lang.Object, java.lang.Object, java.lang.Object, java.lang.Object, java.lang.Object, java.lang.Object, java.lang.Object, java.lang.Object, java.lang.Object)'> (0x00000000907572c0) 
thrown [s\src\hotspot\share\interpreter\linkResolver.cpp, line 773]
Event: 14.615 Thread 0x0000017353e9d9d0 Exception <a 'java/lang/NoSuchMethodError'{0x000000009039a268}: 'java.lang.Object java.lang.invoke.DirectMethodHandle$Holder.invokeVirtual(java.lang.Object, java.lang.Object, java.lang.Object, int)'> (0x000000009039a268) 
thrown [s\src\hotspot\share\interpreter\linkResolver.cpp, line 773]
Event: 14.667 Thread 0x0000017353e9d9d0 Exception <a 'java/lang/NoSuchMethodError'{0x000000008fa618f8}: 'java.lang.Object java.lang.invoke.DirectMethodHandle$Holder.invokeVirtual(java.lang.Object, java.lang.Object, int)'> (0x000000008fa618f8) 
thrown [s\src\hotspot\share\interpreter\linkResolver.cpp, line 773]
Event: 14.818 Thread 0x0000017353e9d9d0 Exception <a 'java/lang/IncompatibleClassChangeError'{0x000000008f607018}: Found class java.lang.Object, but interface was expected> (0x000000008f607018) 
thrown [s\src\hotspot\share\interpreter\linkResolver.cpp, line 840]
Event: 15.025 Thread 0x0000017353e9d9d0 Exception <a 'java/lang/NoSuchMethodError'{0x000000008f3c8fe0}: 'int java.lang.invoke.DirectMethodHandle$Holder.invokeStaticInit(java.lang.Object, java.lang.Object, java.lang.Object, java.lang.Object)'> (0x000000008f3c8fe0) 
thrown [s\src\hotspot\share\interpreter\linkResolver.cpp, line 773]
Event: 15.320 Thread 0x0000017353e9d9d0 Exception <a 'java/lang/NoSuchMethodError'{0x00000000906bb870}: 'int java.lang.invoke.DirectMethodHandle$Holder.invokeStatic(java.lang.Object, java.lang.Object, java.lang.Object, java.lang.Object, java.lang.Object)'> (0x00000000906bb870) 
thrown [s\src\hotspot\share\interpreter\linkResolver.cpp, line 773]
Event: 15.359 Thread 0x0000017353e9d9d0 Exception <a 'java/lang/NoSuchMethodError'{0x00000000905b9da8}: 'java.lang.Object java.lang.invoke.DirectMethodHandle$Holder.newInvokeSpecial(java.lang.Object, java.lang.Object, int, java.lang.Object, java.lang.Object)'> (0x00000000905b9da8) 
thrown [s\src\hotspot\share\interpreter\linkResolver.cpp, line 773]
Event: 586.774 Thread 0x00000173a1190e60 Exception <a 'java/lang/NoSuchMethodError'{0x000000008f22dd98}: 'java.lang.Object java.lang.invoke.DirectMethodHandle$Holder.newInvokeSpecial(java.lang.Object, java.lang.Object, java.lang.Object, java.lang.Object, int)'> (0x000000008f22dd98) 
thrown [s\src\hotspot\share\interpreter\linkResolver.cpp, line 773]
Event: 586.777 Thread 0x00000173a1190e60 Exception <a 'java/lang/NoSuchMethodError'{0x000000008f231b28}: 'java.lang.Object java.lang.invoke.DirectMethodHandle$Holder.invokeSpecial(java.lang.Object, java.lang.Object, java.lang.Object, java.lang.Object, java.lang.Object, int)'> (0x000000008f231b28) 
thrown [s\src\hotspot\share\interpreter\linkResolver.cpp, line 773]
Event: 586.779 Thread 0x00000173a1190e60 Exception <a 'java/lang/NoSuchMethodError'{0x000000008f235118}: 'java.lang.Object java.lang.invoke.Invokers$Holder.linkToTargetMethod(java.lang.Object, java.lang.Object, java.lang.Object, int, java.lang.Object)'> (0x000000008f235118) 
thrown [s\src\hotspot\share\interpreter\linkResolver.cpp, line 773]
Event: 587.071 Thread 0x000001739a990220 Exception <a 'java/lang/InterruptedException'{0x000000008f2f7c60}: sleep interrupted> (0x000000008f2f7c60) 
thrown [s\src\hotspot\share\prims\jvm.cpp, line 3087]
Event: 587.258 Thread 0x000001739a990f40 Exception <a 'java/lang/InterruptedException'{0x000000009080b268}: sleep interrupted> (0x000000009080b268) 
thrown [s\src\hotspot\share\prims\jvm.cpp, line 3087]
Event: 587.369 Thread 0x00000173a118fab0 Exception <a 'java/io/IOException'{0x00000000908d04c8}> (0x00000000908d04c8) 
thrown [s\src\hotspot\share\prims\jni.cpp, line 520]
Event: 587.370 Thread 0x00000173a118fab0 Exception <a 'java/io/IOException'{0x00000000908d1928}> (0x00000000908d1928) 
thrown [s\src\hotspot\share\prims\jni.cpp, line 520]
Event: 587.380 Thread 0x00000173a118fab0 Exception <a 'java/io/IOException'{0x00000000908dcd08}> (0x00000000908dcd08) 
thrown [s\src\hotspot\share\prims\jni.cpp, line 520]
Event: 587.435 Thread 0x0000017399fce8c0 Exception <a 'java/lang/InterruptedException'{0x0000000090711a20}: sleep interrupted> (0x0000000090711a20) 
thrown [s\src\hotspot\share\prims\jvm.cpp, line 3087]

ZGC Phase Switch (0 events):
No events

VM Operations (20 events):
Event: 195.589 Executing VM operation: Cleanup done
Event: 202.662 Executing VM operation: Cleanup
Event: 202.662 Executing VM operation: Cleanup done
Event: 205.702 Executing VM operation: Cleanup
Event: 205.702 Executing VM operation: Cleanup done
Event: 206.715 Executing VM operation: Cleanup
Event: 206.715 Executing VM operation: Cleanup done
Event: 216.843 Executing VM operation: Cleanup
Event: 216.844 Executing VM operation: Cleanup done
Event: 266.380 Executing VM operation: Cleanup
Event: 266.380 Executing VM operation: Cleanup done
Event: 577.877 Executing VM operation: Cleanup
Event: 577.887 Executing VM operation: Cleanup done
Event: 586.971 Executing VM operation: Cleanup
Event: 586.987 Executing VM operation: Cleanup done
Event: 587.055 Executing VM operation: HandshakeAllThreads (Deoptimize)
Event: 587.056 Executing VM operation: HandshakeAllThreads (Deoptimize) done
Event: 587.075 Executing VM operation: G1CollectForAllocation (G1 Evacuation Pause)
Event: 587.122 Executing VM operation: G1CollectForAllocation (G1 Evacuation Pause) done
Event: 587.436 Executing VM operation: G1CollectFull (System.gc())

Memory protections (0 events):
No events

Nmethod flushes (20 events):
Event: 14.354 Thread 0x00000173533958a0 flushing  nmethod 0x000001734ba5f890
Event: 14.354 Thread 0x00000173533958a0 flushing  nmethod 0x000001734b594090
Event: 14.354 Thread 0x00000173533958a0 flushing  nmethod 0x000001734bc32090
Event: 14.354 Thread 0x00000173533958a0 flushing  nmethod 0x000001734bc59b90
Event: 14.354 Thread 0x00000173533958a0 flushing  nmethod 0x000001734bc59f10
Event: 14.354 Thread 0x00000173533958a0 flushing  nmethod 0x000001734bcf2310
Event: 14.354 Thread 0x00000173533958a0 flushing  nmethod 0x000001734b559690
Event: 14.354 Thread 0x00000173533958a0 flushing  nmethod 0x000001734b721f90
Event: 14.354 Thread 0x00000173533958a0 flushing  nmethod 0x000001734b723e10
Event: 14.354 Thread 0x00000173533958a0 flushing  nmethod 0x000001734b7a0390
Event: 14.354 Thread 0x00000173533958a0 flushing  nmethod 0x000001734b9f0a10
Event: 14.354 Thread 0x00000173533958a0 flushing  nmethod 0x000001734bc3ec10
Event: 14.354 Thread 0x00000173533958a0 flushing  nmethod 0x000001734bd87210
Event: 14.354 Thread 0x00000173533958a0 flushing  nmethod 0x000001734ba97810
Event: 14.354 Thread 0x00000173533958a0 flushing  nmethod 0x000001734bde1f10
Event: 14.354 Thread 0x00000173533958a0 flushing  nmethod 0x000001734be25010
Event: 14.354 Thread 0x00000173533958a0 flushing  nmethod 0x000001734be29110
Event: 14.354 Thread 0x00000173533958a0 flushing  nmethod 0x000001734bcaad90
Event: 14.354 Thread 0x00000173533958a0 flushing  nmethod 0x000001734be2fc10
Event: 14.354 Thread 0x00000173533958a0 flushing  nmethod 0x000001734be31990

Events (20 events):
Event: 587.259 Thread 0x00000173a1190e60 Thread added: 0x00000173a118e070
Event: 587.259 Thread 0x00000173a1190e60 Thread added: 0x00000173a118e700
Event: 587.259 Thread 0x00000173a1190e60 Thread added: 0x00000173a1191b80
Event: 587.259 Thread 0x00000173a118fab0 Thread exited: 0x00000173a118fab0
Event: 587.259 Thread 0x00000173a1190e60 Thread added: 0x00000173a1192210
Event: 587.259 Thread 0x00000173a1190e60 Thread added: 0x00000173a118ed90
Event: 587.259 Thread 0x00000173a1190e60 Thread added: 0x00000173a118f420
Event: 587.259 Thread 0x00000173a118e070 Thread exited: 0x00000173a118e070
Event: 587.259 Thread 0x00000173a11907d0 Thread exited: 0x00000173a11907d0
Event: 587.260 Thread 0x00000173a118ed90 Thread exited: 0x00000173a118ed90
Event: 587.260 Thread 0x00000173a118e700 Thread exited: 0x00000173a118e700
Event: 587.260 Thread 0x00000173a1191b80 Thread exited: 0x00000173a1191b80
Event: 587.260 Thread 0x00000173a118f420 Thread exited: 0x00000173a118f420
Event: 587.260 Thread 0x00000173a1192210 Thread exited: 0x00000173a1192210
Event: 587.335 Thread 0x00000173a1190e60 Thread added: 0x00000173a118fab0
Event: 587.335 Thread 0x000001739a99b2b0 Thread exited: 0x000001739a99b2b0
Event: 587.382 Thread 0x00000173a118fab0 Thread exited: 0x00000173a118fab0
Event: 587.434 Thread 0x0000017353c90e10 Thread exited: 0x0000017353c90e10
Event: 587.435 Thread 0x0000017353c91470 Thread exited: 0x0000017353c91470
Event: 587.435 Thread 0x0000017399fce8c0 Thread exited: 0x0000017399fce8c0


Dynamic libraries:
0x00007ff70f3e0000 - 0x00007ff70f3ee000 	C:\Program Files\Eclipse Adoptium\jdk-21.0.9.10-hotspot\bin\java.exe
0x00007ffe8e340000 - 0x00007ffe8e5a8000 	C:\windows\SYSTEM32\ntdll.dll
0x00007ffe8d550000 - 0x00007ffe8d619000 	C:\windows\System32\KERNEL32.DLL
0x00007ffe8ace0000 - 0x00007ffe8b0d1000 	C:\windows\System32\KERNELBASE.dll
0x00007ffe87db0000 - 0x00007ffe87e4e000 	C:\windows\SYSTEM32\apphelp.dll
0x00007ffe8b2d0000 - 0x00007ffe8b41b000 	C:\windows\System32\ucrtbase.dll
0x00007ffe82db0000 - 0x00007ffe82dc8000 	C:\Program Files\Eclipse Adoptium\jdk-21.0.9.10-hotspot\bin\jli.dll
0x00007ffe80730000 - 0x00007ffe8074e000 	C:\Program Files\Eclipse Adoptium\jdk-21.0.9.10-hotspot\bin\VCRUNTIME140.dll
0x00007ffe8c6d0000 - 0x00007ffe8c896000 	C:\windows\System32\USER32.dll
0x00007ffe8b210000 - 0x00007ffe8b237000 	C:\windows\System32\win32u.dll
0x00007ffe8d2c0000 - 0x00007ffe8d2eb000 	C:\windows\System32\GDI32.dll
0x00007ffe697a0000 - 0x00007ffe69a33000 	C:\windows\WinSxS\amd64_microsoft.windows.common-controls_6595b64144ccf1df_6.0.26100.7824_none_3e0870b2e3345462\COMCTL32.dll
0x00007ffe8b0e0000 - 0x00007ffe8b20b000 	C:\windows\System32\gdi32full.dll
0x00007ffe8d020000 - 0x00007ffe8d0c9000 	C:\windows\System32\msvcrt.dll
0x00007ffe8c030000 - 0x00007ffe8c0d3000 	C:\windows\System32\msvcp_win.dll
0x00007ffe8d1c0000 - 0x00007ffe8d1f1000 	C:\windows\System32\IMM32.DLL
0x00007ffe87950000 - 0x00007ffe8795c000 	C:\Program Files\Eclipse Adoptium\jdk-21.0.9.10-hotspot\bin\vcruntime140_1.dll
0x00007ffe67650000 - 0x00007ffe676dd000 	C:\Program Files\Eclipse Adoptium\jdk-21.0.9.10-hotspot\bin\msvcp140.dll
0x00007ffe0c320000 - 0x00007ffe0d0c0000 	C:\Program Files\Eclipse Adoptium\jdk-21.0.9.10-hotspot\bin\server\jvm.dll
0x00007ffe8d6a0000 - 0x00007ffe8d754000 	C:\windows\System32\ADVAPI32.dll
0x00007ffe8ce70000 - 0x00007ffe8cf16000 	C:\windows\System32\sechost.dll
0x00007ffe8c8b0000 - 0x00007ffe8c9c8000 	C:\windows\System32\RPCRT4.dll
0x00007ffe8c1c0000 - 0x00007ffe8c234000 	C:\windows\System32\WS2_32.dll
0x00007ffe82d80000 - 0x00007ffe82d8b000 	C:\windows\SYSTEM32\VERSION.dll
0x00007ffe80270000 - 0x00007ffe802a5000 	C:\windows\SYSTEM32\WINMM.dll
0x00007ffe8aa80000 - 0x00007ffe8aade000 	C:\windows\SYSTEM32\POWRPROF.dll
0x00007ffe8aa60000 - 0x00007ffe8aa74000 	C:\windows\SYSTEM32\UMPDC.dll
0x00007ffe899c0000 - 0x00007ffe899db000 	C:\windows\SYSTEM32\kernel.appcore.dll
0x00007ffe86090000 - 0x00007ffe8609a000 	C:\Program Files\Eclipse Adoptium\jdk-21.0.9.10-hotspot\bin\jimage.dll
0x00007ffe88ad0000 - 0x00007ffe88d12000 	C:\windows\SYSTEM32\DBGHELP.DLL
0x00007ffe8c240000 - 0x00007ffe8c5c6000 	C:\windows\System32\combase.dll
0x00007ffe8d0d0000 - 0x00007ffe8d1a7000 	C:\windows\System32\OLEAUT32.dll
0x00007ffe74110000 - 0x00007ffe7414b000 	C:\windows\SYSTEM32\dbgcore.DLL
0x00007ffe8bf80000 - 0x00007ffe8c025000 	C:\windows\System32\bcryptPrimitives.dll
0x00007ffe806f0000 - 0x00007ffe80710000 	C:\Program Files\Eclipse Adoptium\jdk-21.0.9.10-hotspot\bin\java.dll
0x00007ffe8db00000 - 0x00007ffe8e252000 	C:\windows\System32\SHELL32.dll
0x00007ffe8be10000 - 0x00007ffe8bf7a000 	C:\windows\System32\wintypes.dll
0x00007ffe8b5a0000 - 0x00007ffe8be03000 	C:\windows\System32\windows.storage.dll
0x00007ffe8c5d0000 - 0x00007ffe8c6c6000 	C:\windows\System32\SHCORE.dll
0x00007ffe8c150000 - 0x00007ffe8c1b7000 	C:\windows\System32\shlwapi.dll
0x00007ffe8ab40000 - 0x00007ffe8ab69000 	C:\windows\SYSTEM32\profapi.dll
0x00007ffe85d90000 - 0x00007ffe85da0000 	C:\Program Files\Eclipse Adoptium\jdk-21.0.9.10-hotspot\bin\net.dll
0x00007ffe849d0000 - 0x00007ffe84af7000 	C:\windows\SYSTEM32\WINHTTP.dll
0x00007ffe89f30000 - 0x00007ffe89f9b000 	C:\windows\system32\mswsock.dll
0x00007ffe80570000 - 0x00007ffe80586000 	C:\Program Files\Eclipse Adoptium\jdk-21.0.9.10-hotspot\bin\nio.dll
0x00007ffe7f9c0000 - 0x00007ffe7f9d8000 	C:\Program Files\Eclipse Adoptium\jdk-21.0.9.10-hotspot\bin\zip.dll
0x00007ffe7fac0000 - 0x00007ffe7faca000 	C:\Program Files\Eclipse Adoptium\jdk-21.0.9.10-hotspot\bin\management.dll
0x00007ffe7f9b0000 - 0x00007ffe7f9bc000 	C:\Program Files\Eclipse Adoptium\jdk-21.0.9.10-hotspot\bin\management_ext.dll
0x00007ffe8c140000 - 0x00007ffe8c148000 	C:\windows\System32\PSAPI.DLL
0x00007ffe7f9a0000 - 0x00007ffe7f9ae000 	C:\Program Files\Eclipse Adoptium\jdk-21.0.9.10-hotspot\bin\sunmscapi.dll
0x00007ffe8b420000 - 0x00007ffe8b597000 	C:\windows\System32\CRYPT32.dll
0x00007ffe8a420000 - 0x00007ffe8a450000 	C:\windows\SYSTEM32\ncrypt.dll
0x00007ffe8a3d0000 - 0x00007ffe8a40f000 	C:\windows\SYSTEM32\NTASN1.dll
0x00007ffe8a200000 - 0x00007ffe8a21b000 	C:\windows\SYSTEM32\CRYPTSP.dll
0x00007ffe89920000 - 0x00007ffe89959000 	C:\windows\system32\rsaenh.dll
0x00007ffe89fe0000 - 0x00007ffe8a00b000 	C:\windows\SYSTEM32\USERENV.dll
0x00007ffe8ab10000 - 0x00007ffe8ab3a000 	C:\windows\SYSTEM32\bcrypt.dll
0x00007ffe8a220000 - 0x00007ffe8a22c000 	C:\windows\SYSTEM32\CRYPTBASE.dll
0x00007ffe89410000 - 0x00007ffe89444000 	C:\windows\SYSTEM32\IPHLPAPI.DLL
0x00007ffe8c9d0000 - 0x00007ffe8c9da000 	C:\windows\System32\NSI.dll
0x00007ffe894b0000 - 0x00007ffe895dc000 	C:\windows\SYSTEM32\DNSAPI.dll
0x00007ffe82d90000 - 0x00007ffe82d9b000 	C:\Windows\System32\rasadhlp.dll
0x00007ffe84cf0000 - 0x00007ffe84d76000 	C:\windows\System32\fwpuclnt.dll
0x00007ffe7c610000 - 0x00007ffe7c619000 	C:\Program Files\Eclipse Adoptium\jdk-21.0.9.10-hotspot\bin\extnet.dll
0x00007ffe6b5d0000 - 0x00007ffe6b5e8000 	C:\windows\system32\napinsp.dll
0x00007ffe6b580000 - 0x00007ffe6b592000 	C:\windows\System32\winrnr.dll
0x00007ffe6b550000 - 0x00007ffe6b572000 	C:\windows\system32\nlansp_c.dll
0x00007ffe81fb0000 - 0x00007ffe81fc6000 	C:\windows\system32\wshbth.dll
0x00007ffe84ba0000 - 0x00007ffe84bbe000 	C:\windows\SYSTEM32\dhcpcsvc6.DLL
0x00007ffe84b00000 - 0x00007ffe84b23000 	C:\windows\SYSTEM32\dhcpcsvc.DLL
0x00007ffe313b0000 - 0x00007ffe313b8000 	C:\windows\system32\wshunix.dll

JVMTI agents: none

dbghelp: loaded successfully - version: 4.0.5 - missing functions: none
symbol engine: initialized successfully - sym options: 0x614 - pdb path: .;C:\Program Files\Eclipse Adoptium\jdk-21.0.9.10-hotspot\bin;C:\windows\SYSTEM32;C:\windows\WinSxS\amd64_microsoft.windows.common-controls_6595b64144ccf1df_6.0.26100.7824_none_3e0870b2e3345462;C:\Program Files\Eclipse Adoptium\jdk-21.0.9.10-hotspot\bin\server

VM Arguments:
jvm_args: -XX:TieredStopAtLevel=1 
java_command: com.ecommerce.product_service.ProductServiceApplication
java_class_path (initial): C:\Users\Deeksha Kharvi\OneDrive\Documents\ECOMMERCE_USECASE\product_service\target\classes;C:\Users\Deeksha Kharvi\.m2\repository\ch\qos\logback\logback-classic\1.5.22\logback-classic-1.5.22.jar;C:\Users\Deeksha Kharvi\.m2\repository\ch\qos\logback\logback-core\1.5.22\logback-core-1.5.22.jar;C:\Users\Deeksha Kharvi\.m2\repository\org\apache\logging\log4j\log4j-to-slf4j\2.25.3\log4j-to-slf4j-2.25.3.jar;C:\Users\Deeksha Kharvi\.m2\repository\org\apache\logging\log4j\log4j-api\2.25.3\log4j-api-2.25.3.jar;C:\Users\Deeksha Kharvi\.m2\repository\org\slf4j\jul-to-slf4j\2.0.17\jul-to-slf4j-2.0.17.jar;C:\Users\Deeksha Kharvi\.m2\repository\jakarta\annotation\jakarta.annotation-api\3.0.0\jakarta.annotation-api-3.0.0.jar;C:\Users\Deeksha Kharvi\.m2\repository\org\yaml\snakeyaml\2.5\snakeyaml-2.5.jar;C:\Users\Deeksha Kharvi\.m2\repository\com\zaxxer\HikariCP\7.0.2\HikariCP-7.0.2.jar;C:\Users\Deeksha Kharvi\.m2\repository\org\springframework\boot\spring-boot-data-jpa\4.0.1\spring-boot-data-jpa-4.0.1.jar;C:\Users\Deeksha Kharvi\.m2\repository\org\springframework\boot\spring-boot-data-commons\4.0.1\spring-boot-data-commons-4.0.1.jar;C:\Users\Deeksha Kharvi\.m2\repository\org\springframework\boot\spring-boot-persistence\4.0.1\spring-boot-persistence-4.0.1.jar;C:\Users\Deeksha Kharvi\.m2\repository\org\springframework\data\spring-data-commons\4.0.1\spring-data-commons-4.0.1.jar;C:\Users\Deeksha Kharvi\.m2\repository\org\springframework\boot\spring-boot-hibernate\4.0.1\spring-boot-hibernate-4.0.1.jar;C:\Users\Deeksha Kharvi\.m2\repository\org\springframework\boot\spring-boot-jpa\4.0.1\spring-boot-jpa-4.0.1.jar;C:\Users\Deeksha Kharvi\.m2\repository\jakarta\persistence\jakarta.persistence-api\3.2.0\jakarta.persistence-api-3.2.0.jar;C:\Users\Deeksha Kharvi\.m2\repository\org\hibernate\orm\hibernate-core\7.2.0.Final\hibernate-core-7.2.0.Final.jar;C:\Users\Deeksha Kharvi\.m2\repository\jakarta\transaction\jakarta.transaction-api\2.0.1\jakarta.transaction-api-2.0.1.jar;C:\Users\Deeksha Kharvi\.m2\repository\org\hibernate\models\hibernate-models\1.0.1\hibernate-models-1.0.1.jar;C:\Users\Deeksha Kharvi\.m2\repository\org\glassfish\jaxb\jaxb-runtime\4.0.6\jaxb-runtime-4.0.6.jar;C:\Users\Deeksha Kharvi\.m2\repository\org\glassfish\jaxb\jaxb-core\4.0.6\jaxb-core-4.0.6.jar;C:\Users\Deeksha Kharvi\.m2\repository\org\eclipse\angus\angus-activation\2.0.3\angus-activation-2.0.3.jar;C:\Users\Deeksha Kharvi\.m2\repository\org\glassfish\jaxb\txw2\4.0.6\txw2-4.0.6.jar;C:\Users\Deeksha Kharvi\.m2\repository\com\sun\istack\istack-commons-runtime\4.1.2\istack-commons-runtime-4.1.2.jar;C:\Users\Deeksha Kharvi\.m2\repository\jakarta\inject\jakarta.inject-api\2.0.1\jakarta.inject-api-2.0.1.jar;C:\Users\Deeksha Kharvi\.m2\repository\org\springframework\spring-orm\7.0.2\spring-orm-7.0.2.jar;C:\Users\Deeksha Kharvi\.m2\repository\org\springframework\data\spring-data-jpa\4.0.1\spring-data-jpa-4.0.1.jar;C:\Users\Deeksha Kharvi\.m2\repository\org\springframework\spring-aop\7.0.2\spring-aop-7.0.2.jar;C:\Users\Deeksha Kharvi\.m2\repository\org\springframework\spring-tx\7.0.2\spring-tx-7.0.2.jar;C:\Users\Deeksha Kharvi\.m2\repository\org\springframework\spring-beans\7.0.2\spring-beans-7.0.2.jar;C:\Users\Deeksha Kharvi\.m2\repository\org\antlr\antlr4-runtime\4.13.2\antlr4-runtime-4.13.2.jar;C:\Users\Deeksha Kharvi\.m2\repository\org\springframework\spring-aspects\7.0.2\spring-aspects-7.0.2.jar;C:\Users\Deeksha Kharvi\.m2\repository\org\aspectj\aspectjweaver\1.9.25.1\aspectjweaver-1.9.25.1.jar;C:\Users\Deeksha Kharvi\.m2\repository\org\springframework\boot\spring-boot-jdbc\4.0.1\spring-boot-jdbc-4.0.1.jar;C:\Users\Deeksha Kharvi\.m2\repository\org\springframework\boot\spring-boot-sql\4.0.1\spring-boot-sql-4.0.1.jar;C:\Users\Deeksha Kharvi\.m2\repository\org\springframework\boot\spring-boot-transaction\4.0.1\spring-boot-transaction-4.0.1.jar;C:\Users\Deeksha Kharvi\.m2\repository\org\springframework\spring-jdbc\7.0.2\spring-jdbc-7.0.2.jar;C:\Users\Deeksha Kharvi\.m2\repository\org\springframework\boot\spring-boot-jackson\4.0.1\spring-boot-jackson-4.0.1.jar;C:\Users\Deeksha Kharvi\.m2\repository\tools\jackson\core\jackson-databind\3.0.3\jackson-databind-3.0.3.jar;C:\Users\Deeksha Kharvi\.m2\repository\com\fasterxml\jackson\core\jackson-annotations\2.20\jackson-annotations-2.20.jar;C:\Users\Deeksha Kharvi\.m2\repository\tools\jackson\core\jackson-core\3.0.3\jackson-core-3.0.3.jar;C:\Users\Deeksha Kharvi\.m2\repository\org\apache\tomcat\embed\tomcat-embed-core\11.0.15\tomcat-embed-core-11.0.15.jar;C:\Users\Deeksha Kharvi\.m2\repository\org\apache\tomcat\embed\tomcat-embed-websocket\11.0.15\tomcat-embed-websocket-11.0.15.jar;C:\Users\Deeksha Kharvi\.m2\repository\org\springframework\boot\spring-boot-tomcat\4.0.1\spring-boot-tomcat-4.0.1.jar;C:\Users\Deeksha Kharvi\.m2\repository\org\springframework\boot\spring-boot-http-converter\4.0.1\spring-boot-http-converter-4.0.1.jar;C:\Users\Deeksha Kharvi\.m2\repository\org\springframework\spring-web\7.0.2\spring-web-7.0.2.jar;C:\Users\Deeksha Kharvi\.m2\repository\io\micrometer\micrometer-observation\1.16.1\micrometer-observation-1.16.1.jar;C:\Users\Deeksha Kharvi\.m2\repository\io\micrometer\micrometer-commons\1.16.1\micrometer-commons-1.16.1.jar;C:\Users\Deeksha Kharvi\.m2\repository\org\springframework\boot\spring-boot-webmvc\4.0.1\spring-boot-webmvc-4.0.1.jar;C:\Users\Deeksha Kharvi\.m2\repository\org\springframework\boot\spring-boot-servlet\4.0.1\spring-boot-servlet-4.0.1.jar;C:\Users\Deeksha Kharvi\.m2\repository\org\springframework\spring-webmvc\7.0.2\spring-webmvc-7.0.2.jar;C:\Users\Deeksha Kharvi\.m2\repository\org\springframework\spring-expression\7.0.2\spring-expression-7.0.2.jar;C:\Users\Deeksha Kharvi\.m2\repository\org\springframework\boot\spring-boot-devtools\4.0.1\spring-boot-devtools-4.0.1.jar;C:\Users\Deeksha Kharvi\.m2\repository\org\springframework\boot\spring-boot\4.0.1\spring-boot-4.0.1.jar;C:\Users\Deeksha Kharvi\.m2\repository\org\springframework\spring-core\7.0.2\spring-core-7.0.2.jar;C:\Users\Deeksha Kharvi\.m2\repository\commons-logging\commons-logging\1.3.5\commons-logging-1.3.5.jar;C:\Users\Deeksha Kharvi\.m2\repository\org\springframework\spring-context\7.0.2\spring-context-7.0.2.jar;C:\Users\Deeksha Kharvi\.m2\repository\org\springframework\boot\spring-boot-autoconfigure\4.0.1\spring-boot-autoconfigure-4.0.1.jar;C:\Users\Deeksha Kharvi\.m2\repository\com\mysql\mysql-connector-j\9.5.0\mysql-connector-j-9.5.0.jar;C:\Users\Deeksha Kharvi\.m2\repository\org\springframework\boot\spring-boot-validation\4.0.1\spring-boot-validation-4.0.1.jar;C:\Users\Deeksha Kharvi\.m2\repository\org\apache\tomcat\embed\tomcat-embed-el\11.0.15\tomcat-embed-el-11.0.15.jar;C:\Users\Deeksha Kharvi\.m2\repository\org\hibernate\validator\hibernate-validator\9.0.1.Final\hibernate-validator-9.0.1.Final.jar;C:\Users\Deeksha Kharvi\.m2\repository\jakarta\validation\jakarta.validation-api\3.1.1\jakarta.validation-api-3.1.1.jar;C:\Users\Deeksha Kharvi\.m2\repository\org\jboss\logging\jboss-logging\3.6.1.Final\jboss-logging-3.6.1.Final.jar;C:\Users\Deeksha Kharvi\.m2\repository\com\fasterxml\classmate\1.7.1\classmate-1.7.1.jar;C:\Users\Deeksha Kharvi\.m2\repository\jakarta\xml\bind\jakarta.xml.bind-api\4.0.4\jakarta.xml.bind-api-4.0.4.jar;C:\Users\Deeksha Kharvi\.m2\repository\jakarta\activation\jakarta.activation-api\2.1.4\jakarta.activation-api-2.1.4.jar;C:\Users\Deeksha Kharvi\.m2\repository\net\bytebuddy\byte-buddy\1.17.8\byte-buddy-1.17.8.jar;C:\Users\Deeksha Kharvi\.m2\repository\org\springframework\boot\spring-boot-web-server\4.0.1\spring-boot-web-server-4.0.1.jar;C:\Users\Deeksha Kharvi\.m2\repository\org\springframework\boot\spring-boot-data-redis\4.0.1\spring-boot-data-redis-4.0.1.jar;C:\Users\Deeksha Kharvi\.m2\repository\org\springframework\data\spring-data-redis\4.0.1\spring-data-redis-4.0.1.jar;C:\Users\Deeksha Kharvi\.m2\repository\org\springframework\data\spring-data-keyvalue\4.0.1\spring-data-keyvalue-4.0.1.jar;C:\Users\Deeksha Kharvi\.m2\repository\org\springframework\spring-oxm\7.0.2\spring-oxm-7.0.2.jar;C:\Users\Deeksha Kharvi\.m2\repository\org\springframework\spring-context-support\7.0.2\spring-context-support-7.0.2.jar;C:\Users\Deeksha Kharvi\.m2\repository\org\springframework\boot\spring-boot-netty\4.0.1\spring-boot-netty-4.0.1.jar;C:\Users\Deeksha Kharvi\.m2\repository\io\lettuce\lettuce-core\6.8.1.RELEASE\lettuce-core-6.8.1.RELEASE.jar;C:\Users\Deeksha Kharvi\.m2\repository\redis\clients\authentication\redis-authx-core\0.1.1-beta2\redis-authx-core-0.1.1-beta2.jar;C:\Users\Deeksha Kharvi\.m2\repository\org\slf4j\slf4j-api\2.0.17\slf4j-api-2.0.17.jar;C:\Users\Deeksha Kharvi\.m2\repository\io\netty\netty-common\4.2.9.Final\netty-common-4.2.9.Final.jar;C:\Users\Deeksha Kharvi\.m2\repository\io\netty\netty-handler\4.2.9.Final\netty-handler-4.2.9.Final.jar;C:\Users\Deeksha Kharvi\.m2\repository\io\netty\netty-resolver\4.2.9.Final\netty-resolver-4.2.9.Final.jar;C:\Users\Deeksha Kharvi\.m2\repository\io\netty\netty-buffer\4.2.9.Final\netty-buffer-4.2.9.Final.jar;C:\Users\Deeksha Kharvi\.m2\repository\io\netty\netty-transport-native-unix-common\4.2.9.Final\netty-transport-native-unix-common-4.2.9.Final.jar;C:\Users\Deeksha Kharvi\.m2\repository\io\netty\netty-codec-base\4.2.9.Final\netty-codec-base-4.2.9.Final.jar;C:\Users\Deeksha Kharvi\.m2\repository\io\netty\netty-transport\4.2.9.Final\netty-transport-4.2.9.Final.jar;C:\Users\Deeksha Kharvi\.m2\repository\io\projectreactor\reactor-core\3.8.1\reactor-core-3.8.1.jar;C:\Users\Deeksha Kharvi\.m2\repository\org\reactivestreams\reactive-streams\1.0.4\reactive-streams-1.0.4.jar;C:\Users\Deeksha Kharvi\.m2\repository\org\jspecify\jspecify\1.0.0\jspecify-1.0.0.jar;C:\Users\Deeksha Kharvi\.m2\repository\io\netty\netty-resolver-dns\4.2.9.Final\netty-resolver-dns-4.2.9.Final.jar;C:\Users\Deeksha Kharvi\.m2\repository\io\netty\netty-codec-dns\4.2.9.Final\netty-codec-dns-4.2.9.Final.jar
Launcher Type: SUN_STANDARD

[Global flags]
     intx CICompilerCount                          = 4                                         {product} {ergonomic}
     uint ConcGCThreads                            = 2                                         {product} {ergonomic}
     uint G1ConcRefinementThreads                  = 8                                         {product} {ergonomic}
   size_t G1HeapRegionSize                         = 1048576                                   {product} {ergonomic}
    uintx GCDrainStackTargetSize                   = 64                                        {product} {ergonomic}
   size_t InitialHeapSize                          = 121634816                                 {product} {ergonomic}
   size_t MarkStackSize                            = 4194304                                   {product} {ergonomic}
   size_t MaxHeapSize                              = 1935671296                                {product} {ergonomic}
   size_t MaxNewSize                               = 1160773632                                {product} {ergonomic}
   size_t MinHeapDeltaBytes                        = 1048576                                   {product} {ergonomic}
   size_t MinHeapSize                              = 8388608                                   {product} {ergonomic}
    uintx NonNMethodCodeHeapSize                   = 4096                                   {pd product} {ergonomic}
    uintx NonProfiledCodeHeapSize                  = 0                                      {pd product} {ergonomic}
     bool ProfileInterpreter                       = false                                  {pd product} {command line}
    uintx ProfiledCodeHeapSize                     = 0                                      {pd product} {ergonomic}
   size_t SoftMaxHeapSize                          = 1935671296                             {manageable} {ergonomic}
     intx TieredStopAtLevel                        = 1                                         {product} {command line}
     bool UseCompressedOops                        = true                           {product lp64_product} {ergonomic}
     bool UseG1GC                                  = true                                      {product} {ergonomic}
     bool UseLargePagesIndividualAllocation        = false                                  {pd product} {ergonomic}

Logging:
Log output configuration:
 #0: stdout all=warning uptime,level,tags foldmultilines=false
 #1: stderr all=off uptime,level,tags foldmultilines=false

Release file:
IMPLEMENTOR="Eclipse Adoptium" 
IMPLEMENTOR_VERSION="Temurin-21.0.9+10" 
JAVA_RUNTIME_VERSION="21.0.9+10-LTS" 
JAVA_VERSION="21.0.9" 
JAVA_VERSION_DATE="2025-10-21" 
LIBC="default" 
MODULES="java.base java.compiler java.datatransfer java.xml java.prefs java.desktop java.instrument java.logging java.management java.security.sasl java.naming java.rmi java.management.rmi java.net.http java.scripting java.security.jgss java.transaction.xa java.sql java.sql.rowset java.xml.crypto java.se java.smartcardio jdk.accessibility jdk.internal.jvmstat jdk.attach jdk.charsets jdk.internal.opt jdk.zipfs jdk.compiler jdk.crypto.ec jdk.crypto.cryptoki jdk.crypto.mscapi jdk.dynalink jdk.internal.ed jdk.editpad jdk.hotspot.agent jdk.httpserver jdk.incubator.vector jdk.internal.le jdk.internal.vm.ci jdk.internal.vm.compiler jdk.internal.vm.compiler.management jdk.jartool jdk.javadoc jdk.jcmd jdk.management jdk.management.agent jdk.jconsole jdk.jdeps jdk.jdwp.agent jdk.jdi jdk.jfr jdk.jlink jdk.jpackage jdk.jshell jdk.jsobject jdk.jstatd jdk.localedata jdk.management.jfr jdk.naming.dns jdk.naming.rmi jdk.net jdk.nio.mapmode jdk.random jdk.sctp jdk.security.auth jdk.security.jgss jdk.unsupported jdk.unsupported.desktop jdk.xml.dom" 
OS_ARCH="x86_64" 
OS_NAME="Windows" 
SOURCE=".:git:759062135b07" 
BUILD_SOURCE="git:839fa0b45d809157cffd3dc8515aad262a4a1776"
BUILD_SOURCE_REPO="https://github.com/adoptium/temurin-build.git"
SOURCE_REPO="https://github.com/adoptium/jdk21u.git"
FULL_VERSION="21.0.9+10-LTS"
SEMANTIC_VERSION="21.0.9+10"
BUILD_INFO="OS: Windows Server 2022 Version: 10.0"
JVM_VARIANT="Hotspot"
JVM_VERSION="21.0.9+10-LTS"
IMAGE_TYPE="JDK"

Environment Variables:
PATH=C:\Program Files (x86)\VMware\VMware Workstation\bin\;C:\Program Files\Eclipse Adoptium\jdk-21.0.9.10-hotspot\bin;C:\windows\system32;C:\windows;C:\windows\System32\Wbem;C:\windows\System32\WindowsPowerShell\v1.0\;C:\windows\System32\OpenSSH\;C:\Program Files\dotnet\;C:\Program Files\MySQL\MySQL Server 8.0\bin;C:\Program Files\Apache\Maven\apache-maven-3.9.12-bin\bin;C:\Program Files\nodejs\;C:\Program Files\MySQL\MySQL Shell 8.0\bin\;C:\Users\Deeksha Kharvi\AppData\Local\Microsoft\WindowsApps;C:\Users\Deeksha Kharvi\AppData\Roaming\npm;C:\Users\Deeksha Kharvi\AppData\Local\Programs\Microsoft VS Code\bin;c:\Users\Deeksha Kharvi\.vscode\extensions\vscjava.vscode-java-debug-0.58.5\bundled\scripts\noConfigScripts
USERNAME=Deeksha Kharvi
LANG=en_US.UTF-8
OS=Windows_NT
PROCESSOR_IDENTIFIER=AMD64 Family 23 Model 160 Stepping 0, AuthenticAMD
TMP=C:\Users\DEEKSH~1\AppData\Local\Temp
TEMP=C:\Users\DEEKSH~1\AppData\Local\Temp




Periodic native trim disabled

---------------  S Y S T E M  ---------------

OS:
 Windows 11 , 64 bit Build 26100 (10.0.26100.7705)
OS uptime: 4 days 2:13 hours
Hyper-V role detected

CPU: total 8 (initial active 8) (8 cores per cpu, 2 threads per core) family 23 model 160 stepping 0 microcode 0x8a0000a, cx8, cmov, fxsr, ht, mmx, 3dnowpref, sse, sse2, sse3, ssse3, sse4a, sse4.1, sse4.2, popcnt, lzcnt, tsc, tscinvbit, avx, avx2, aes, clmul, bmi1, bmi2, adx, sha, fma, vzeroupper, clflush, clflushopt, hv, rdtscp, rdpid, f16c
Processor Information for processor 0
  Max Mhz: 2801, Current Mhz: 2801, Mhz Limit: 2801
Processor Information for processor 1
  Max Mhz: 2801, Current Mhz: 2801, Mhz Limit: 2801
Processor Information for processor 2
  Max Mhz: 2801, Current Mhz: 2801, Mhz Limit: 2801
Processor Information for processor 3
  Max Mhz: 2801, Current Mhz: 2483, Mhz Limit: 2801
Processor Information for processor 4
  Max Mhz: 2801, Current Mhz: 2483, Mhz Limit: 2801
Processor Information for processor 5
  Max Mhz: 2801, Current Mhz: 2483, Mhz Limit: 2801
Processor Information for processor 6
  Max Mhz: 2801, Current Mhz: 2483, Mhz Limit: 2801
Processor Information for processor 7
  Max Mhz: 2801, Current Mhz: 2483, Mhz Limit: 2801

Memory: 4k page, system-wide physical 7379M (608M free)
TotalPageFile size 29907M (AvailPageFile size 0M)
current process WorkingSet (physical memory assigned to process): 105M, peak: 255M
current process commit charge ("private bytes"): 297M, peak: 298M

vm_info: OpenJDK 64-Bit Server VM (21.0.9+10-LTS) for windows-amd64 JRE (21.0.9+10-LTS), built on 2025-10-21T00:00:00Z by "admin" with unknown MS VC++:1942

END.
